<?xml version="1.0" encoding="utf-8"?>
<outputLog>
  <ApplicationId>e52a0850-142f-406c-aa52-8c8bc5b261ed</ApplicationId>
  <FileLogs>
    <FileLog>
      <CorrelationId>Intent.VisualStudio.Projects.VisualStudioSolution#a582132f-d52c-4495-9063-43179063d374</CorrelationId>
      <OverwriteBehaviour>always</OverwriteBehaviour>
      <ApplicationRelativeFilePath>../Intent.Modules.sln</ApplicationRelativeFilePath>
      <IsIgnored>false</IsIgnored>
    </FileLog>
    <FileLog>
      <ProjectId>7cce6257-3f0d-4071-8828-282df7db3500</ProjectId>
      <CorrelationId>Intent.ModuleBuilder.IModSpecFile</CorrelationId>
      <OverwriteBehaviour>always</OverwriteBehaviour>
      <ApplicationRelativeFilePath>Intent.Common.Java.imodspec</ApplicationRelativeFilePath>
      <ProjectRelativeFilePath>Intent.Common.Java.imodspec</ProjectRelativeFilePath>
      <IsIgnored>false</IsIgnored>
    </FileLog>
    <FileLog>
      <ProjectId>7cce6257-3f0d-4071-8828-282df7db3500</ProjectId>
      <CorrelationId>Intent.VisualStudio.Projects.CoreLibrary.CSProject#7cce6257-3f0d-4071-8828-282df7db3500</CorrelationId>
      <OverwriteBehaviour>always</OverwriteBehaviour>
      <ApplicationRelativeFilePath>Intent.Modules.Common.Java.csproj</ApplicationRelativeFilePath>
      <ProjectRelativeFilePath>Intent.Modules.Common.Java.csproj</ProjectRelativeFilePath>
      <IsIgnored>false</IsIgnored>
    </FileLog>
  </FileLogs>
</outputLog>