<?xml version="1.0" encoding="utf-8"?>
<outputLog>
  <ApplicationId>34ab81e4-7133-42aa-a9ac-72dc515be606</ApplicationId>
  <FileLogs>
    <FileLog>
      <CorrelationId>Intent.VisualStudio.Projects.VisualStudioSolution#10246b27-d918-4690-90e1-6629a18bf7a7</CorrelationId>
      <OverwriteBehaviour>always</OverwriteBehaviour>
      <ApplicationRelativeFilePath>../Intent.Modules.sln</ApplicationRelativeFilePath>
      <IsIgnored>false</IsIgnored>
    </FileLog>
    <FileLog>
      <ProjectId>9ba4083b-ca3e-4813-8a51-ace7e6b40366</ProjectId>
      <CorrelationId>Intent.ModuleBuilder.IModSpecFile</CorrelationId>
      <OverwriteBehaviour>always</OverwriteBehaviour>
      <ApplicationRelativeFilePath>Intent.Java.Weaving.Annotations.imodspec</ApplicationRelativeFilePath>
      <ProjectRelativeFilePath>Intent.Java.Weaving.Annotations.imodspec</ProjectRelativeFilePath>
      <IsIgnored>false</IsIgnored>
    </FileLog>
    <FileLog>
      <ProjectId>9ba4083b-ca3e-4813-8a51-ace7e6b40366</ProjectId>
      <CorrelationId>Intent.VisualStudio.Projects.CoreLibrary.CSProject#9ba4083b-ca3e-4813-8a51-ace7e6b40366</CorrelationId>
      <OverwriteBehaviour>always</OverwriteBehaviour>
      <ApplicationRelativeFilePath>Intent.Modules.Java.Weaving.Annotations.csproj</ApplicationRelativeFilePath>
      <ProjectRelativeFilePath>Intent.Modules.Java.Weaving.Annotations.csproj</ProjectRelativeFilePath>
      <IsIgnored>false</IsIgnored>
    </FileLog>
    <FileLog>
      <ProjectId>631ccc2a-ef75-4dd2-8106-edc7337d1209</ProjectId>
      <CorrelationId>Intent.ModuleBuilder.Java.Templates.JavaTemplate.PreProcessT4#89933aaf-7faa-483b-b027-13b2944b4662</CorrelationId>
      <OverwriteBehaviour>always</OverwriteBehaviour>
      <ApplicationRelativeFilePath>Templates/IntentCanAdd/IntentCanAddTemplate.cs</ApplicationRelativeFilePath>
      <ProjectRelativeFilePath>IntentCanAdd/IntentCanAddTemplate.cs</ProjectRelativeFilePath>
      <IsIgnored>false</IsIgnored>
    </FileLog>
    <FileLog>
      <ProjectId>631ccc2a-ef75-4dd2-8106-edc7337d1209</ProjectId>
      <CorrelationId>Intent.ModuleBuilder.Java.Templates.JavaFileT4Template#89933aaf-7faa-483b-b027-13b2944b4662</CorrelationId>
      <OverwriteBehaviour>always</OverwriteBehaviour>
      <ApplicationRelativeFilePath>Templates/IntentCanAdd/IntentCanAddTemplate.tt</ApplicationRelativeFilePath>
      <ProjectRelativeFilePath>IntentCanAdd/IntentCanAddTemplate.tt</ProjectRelativeFilePath>
      <IsIgnored>false</IsIgnored>
    </FileLog>
    <FileLog>
      <ProjectId>631ccc2a-ef75-4dd2-8106-edc7337d1209</ProjectId>
      <CorrelationId>Intent.ModuleBuilder.Java.Templates.JavaFileTemplatePartial#89933aaf-7faa-483b-b027-13b2944b4662</CorrelationId>
      <OverwriteBehaviour>always</OverwriteBehaviour>
      <ApplicationRelativeFilePath>Templates/IntentCanAdd/IntentCanAddTemplatePartial.cs</ApplicationRelativeFilePath>
      <ProjectRelativeFilePath>IntentCanAdd/IntentCanAddTemplatePartial.cs</ProjectRelativeFilePath>
      <IsIgnored>false</IsIgnored>
    </FileLog>
    <FileLog>
      <ProjectId>631ccc2a-ef75-4dd2-8106-edc7337d1209</ProjectId>
      <CorrelationId>Intent.ModuleBuilder.TemplateRegistration.SingleFileNoModel#89933aaf-7faa-483b-b027-13b2944b4662</CorrelationId>
      <OverwriteBehaviour>always</OverwriteBehaviour>
      <ApplicationRelativeFilePath>Templates/IntentCanAdd/IntentCanAddTemplateRegistration.cs</ApplicationRelativeFilePath>
      <ProjectRelativeFilePath>IntentCanAdd/IntentCanAddTemplateRegistration.cs</ProjectRelativeFilePath>
      <IsIgnored>false</IsIgnored>
    </FileLog>
    <FileLog>
      <ProjectId>631ccc2a-ef75-4dd2-8106-edc7337d1209</ProjectId>
      <CorrelationId>Intent.ModuleBuilder.Java.Templates.JavaTemplate.PreProcessT4#834ca01f-9c60-4b63-a349-8725dbc6c050</CorrelationId>
      <OverwriteBehaviour>always</OverwriteBehaviour>
      <ApplicationRelativeFilePath>Templates/IntentCanRemove/IntentCanRemoveTemplate.cs</ApplicationRelativeFilePath>
      <ProjectRelativeFilePath>IntentCanRemove/IntentCanRemoveTemplate.cs</ProjectRelativeFilePath>
      <IsIgnored>false</IsIgnored>
    </FileLog>
    <FileLog>
      <ProjectId>631ccc2a-ef75-4dd2-8106-edc7337d1209</ProjectId>
      <CorrelationId>Intent.ModuleBuilder.Java.Templates.JavaFileT4Template#834ca01f-9c60-4b63-a349-8725dbc6c050</CorrelationId>
      <OverwriteBehaviour>always</OverwriteBehaviour>
      <ApplicationRelativeFilePath>Templates/IntentCanRemove/IntentCanRemoveTemplate.tt</ApplicationRelativeFilePath>
      <ProjectRelativeFilePath>IntentCanRemove/IntentCanRemoveTemplate.tt</ProjectRelativeFilePath>
      <IsIgnored>false</IsIgnored>
    </FileLog>
    <FileLog>
      <ProjectId>631ccc2a-ef75-4dd2-8106-edc7337d1209</ProjectId>
      <CorrelationId>Intent.ModuleBuilder.Java.Templates.JavaFileTemplatePartial#834ca01f-9c60-4b63-a349-8725dbc6c050</CorrelationId>
      <OverwriteBehaviour>always</OverwriteBehaviour>
      <ApplicationRelativeFilePath>Templates/IntentCanRemove/IntentCanRemoveTemplatePartial.cs</ApplicationRelativeFilePath>
      <ProjectRelativeFilePath>IntentCanRemove/IntentCanRemoveTemplatePartial.cs</ProjectRelativeFilePath>
      <IsIgnored>false</IsIgnored>
    </FileLog>
    <FileLog>
      <ProjectId>631ccc2a-ef75-4dd2-8106-edc7337d1209</ProjectId>
      <CorrelationId>Intent.ModuleBuilder.TemplateRegistration.SingleFileNoModel#834ca01f-9c60-4b63-a349-8725dbc6c050</CorrelationId>
      <OverwriteBehaviour>always</OverwriteBehaviour>
      <ApplicationRelativeFilePath>Templates/IntentCanRemove/IntentCanRemoveTemplateRegistration.cs</ApplicationRelativeFilePath>
      <ProjectRelativeFilePath>IntentCanRemove/IntentCanRemoveTemplateRegistration.cs</ProjectRelativeFilePath>
      <IsIgnored>false</IsIgnored>
    </FileLog>
    <FileLog>
      <ProjectId>631ccc2a-ef75-4dd2-8106-edc7337d1209</ProjectId>
      <CorrelationId>Intent.ModuleBuilder.Java.Templates.JavaTemplate.PreProcessT4#7a9d3e63-370b-4252-86c5-b7f4db3eee30</CorrelationId>
      <OverwriteBehaviour>always</OverwriteBehaviour>
      <ApplicationRelativeFilePath>Templates/IntentCanUpdate/IntentCanUpdateTemplate.cs</ApplicationRelativeFilePath>
      <ProjectRelativeFilePath>IntentCanUpdate/IntentCanUpdateTemplate.cs</ProjectRelativeFilePath>
      <IsIgnored>false</IsIgnored>
    </FileLog>
    <FileLog>
      <ProjectId>631ccc2a-ef75-4dd2-8106-edc7337d1209</ProjectId>
      <CorrelationId>Intent.ModuleBuilder.Java.Templates.JavaFileT4Template#7a9d3e63-370b-4252-86c5-b7f4db3eee30</CorrelationId>
      <OverwriteBehaviour>always</OverwriteBehaviour>
      <ApplicationRelativeFilePath>Templates/IntentCanUpdate/IntentCanUpdateTemplate.tt</ApplicationRelativeFilePath>
      <ProjectRelativeFilePath>IntentCanUpdate/IntentCanUpdateTemplate.tt</ProjectRelativeFilePath>
      <IsIgnored>false</IsIgnored>
    </FileLog>
    <FileLog>
      <ProjectId>631ccc2a-ef75-4dd2-8106-edc7337d1209</ProjectId>
      <CorrelationId>Intent.ModuleBuilder.Java.Templates.JavaFileTemplatePartial#7a9d3e63-370b-4252-86c5-b7f4db3eee30</CorrelationId>
      <OverwriteBehaviour>always</OverwriteBehaviour>
      <ApplicationRelativeFilePath>Templates/IntentCanUpdate/IntentCanUpdateTemplatePartial.cs</ApplicationRelativeFilePath>
      <ProjectRelativeFilePath>IntentCanUpdate/IntentCanUpdateTemplatePartial.cs</ProjectRelativeFilePath>
      <IsIgnored>false</IsIgnored>
    </FileLog>
    <FileLog>
      <ProjectId>631ccc2a-ef75-4dd2-8106-edc7337d1209</ProjectId>
      <CorrelationId>Intent.ModuleBuilder.TemplateRegistration.SingleFileNoModel#7a9d3e63-370b-4252-86c5-b7f4db3eee30</CorrelationId>
      <OverwriteBehaviour>always</OverwriteBehaviour>
      <ApplicationRelativeFilePath>Templates/IntentCanUpdate/IntentCanUpdateTemplateRegistration.cs</ApplicationRelativeFilePath>
      <ProjectRelativeFilePath>IntentCanUpdate/IntentCanUpdateTemplateRegistration.cs</ProjectRelativeFilePath>
      <IsIgnored>false</IsIgnored>
    </FileLog>
    <FileLog>
      <ProjectId>631ccc2a-ef75-4dd2-8106-edc7337d1209</ProjectId>
      <CorrelationId>Intent.ModuleBuilder.Java.Templates.JavaTemplate.PreProcessT4#382d6e66-ff63-4b28-a528-f252ff145032</CorrelationId>
      <OverwriteBehaviour>always</OverwriteBehaviour>
      <ApplicationRelativeFilePath>Templates/IntentIgnore/IntentIgnoreTemplate.cs</ApplicationRelativeFilePath>
      <ProjectRelativeFilePath>IntentIgnore/IntentIgnoreTemplate.cs</ProjectRelativeFilePath>
      <IsIgnored>false</IsIgnored>
    </FileLog>
    <FileLog>
      <ProjectId>631ccc2a-ef75-4dd2-8106-edc7337d1209</ProjectId>
      <CorrelationId>Intent.ModuleBuilder.Java.Templates.JavaFileT4Template#382d6e66-ff63-4b28-a528-f252ff145032</CorrelationId>
      <OverwriteBehaviour>always</OverwriteBehaviour>
      <ApplicationRelativeFilePath>Templates/IntentIgnore/IntentIgnoreTemplate.tt</ApplicationRelativeFilePath>
      <ProjectRelativeFilePath>IntentIgnore/IntentIgnoreTemplate.tt</ProjectRelativeFilePath>
      <IsIgnored>false</IsIgnored>
    </FileLog>
    <FileLog>
      <ProjectId>631ccc2a-ef75-4dd2-8106-edc7337d1209</ProjectId>
      <CorrelationId>Intent.ModuleBuilder.Java.Templates.JavaFileTemplatePartial#382d6e66-ff63-4b28-a528-f252ff145032</CorrelationId>
      <OverwriteBehaviour>always</OverwriteBehaviour>
      <ApplicationRelativeFilePath>Templates/IntentIgnore/IntentIgnoreTemplatePartial.cs</ApplicationRelativeFilePath>
      <ProjectRelativeFilePath>IntentIgnore/IntentIgnoreTemplatePartial.cs</ProjectRelativeFilePath>
      <IsIgnored>false</IsIgnored>
    </FileLog>
    <FileLog>
      <ProjectId>631ccc2a-ef75-4dd2-8106-edc7337d1209</ProjectId>
      <CorrelationId>Intent.ModuleBuilder.TemplateRegistration.SingleFileNoModel#382d6e66-ff63-4b28-a528-f252ff145032</CorrelationId>
      <OverwriteBehaviour>always</OverwriteBehaviour>
      <ApplicationRelativeFilePath>Templates/IntentIgnore/IntentIgnoreTemplateRegistration.cs</ApplicationRelativeFilePath>
      <ProjectRelativeFilePath>IntentIgnore/IntentIgnoreTemplateRegistration.cs</ProjectRelativeFilePath>
      <IsIgnored>false</IsIgnored>
    </FileLog>
    <FileLog>
      <ProjectId>631ccc2a-ef75-4dd2-8106-edc7337d1209</ProjectId>
      <CorrelationId>Intent.ModuleBuilder.Java.Templates.JavaTemplate.PreProcessT4#c0a50037-3948-4076-a7e0-27cfc15e548a</CorrelationId>
      <OverwriteBehaviour>always</OverwriteBehaviour>
      <ApplicationRelativeFilePath>Templates/IntentIgnoreBody/IntentIgnoreBodyTemplate.cs</ApplicationRelativeFilePath>
      <ProjectRelativeFilePath>IntentIgnoreBody/IntentIgnoreBodyTemplate.cs</ProjectRelativeFilePath>
      <IsIgnored>false</IsIgnored>
    </FileLog>
    <FileLog>
      <ProjectId>631ccc2a-ef75-4dd2-8106-edc7337d1209</ProjectId>
      <CorrelationId>Intent.ModuleBuilder.Java.Templates.JavaFileT4Template#c0a50037-3948-4076-a7e0-27cfc15e548a</CorrelationId>
      <OverwriteBehaviour>always</OverwriteBehaviour>
      <ApplicationRelativeFilePath>Templates/IntentIgnoreBody/IntentIgnoreBodyTemplate.tt</ApplicationRelativeFilePath>
      <ProjectRelativeFilePath>IntentIgnoreBody/IntentIgnoreBodyTemplate.tt</ProjectRelativeFilePath>
      <IsIgnored>false</IsIgnored>
    </FileLog>
    <FileLog>
      <ProjectId>631ccc2a-ef75-4dd2-8106-edc7337d1209</ProjectId>
      <CorrelationId>Intent.ModuleBuilder.Java.Templates.JavaFileTemplatePartial#c0a50037-3948-4076-a7e0-27cfc15e548a</CorrelationId>
      <OverwriteBehaviour>always</OverwriteBehaviour>
      <ApplicationRelativeFilePath>Templates/IntentIgnoreBody/IntentIgnoreBodyTemplatePartial.cs</ApplicationRelativeFilePath>
      <ProjectRelativeFilePath>IntentIgnoreBody/IntentIgnoreBodyTemplatePartial.cs</ProjectRelativeFilePath>
      <IsIgnored>false</IsIgnored>
    </FileLog>
    <FileLog>
      <ProjectId>631ccc2a-ef75-4dd2-8106-edc7337d1209</ProjectId>
      <CorrelationId>Intent.ModuleBuilder.TemplateRegistration.SingleFileNoModel#c0a50037-3948-4076-a7e0-27cfc15e548a</CorrelationId>
      <OverwriteBehaviour>always</OverwriteBehaviour>
      <ApplicationRelativeFilePath>Templates/IntentIgnoreBody/IntentIgnoreBodyTemplateRegistration.cs</ApplicationRelativeFilePath>
      <ProjectRelativeFilePath>IntentIgnoreBody/IntentIgnoreBodyTemplateRegistration.cs</ProjectRelativeFilePath>
      <IsIgnored>false</IsIgnored>
    </FileLog>
    <FileLog>
      <ProjectId>631ccc2a-ef75-4dd2-8106-edc7337d1209</ProjectId>
      <CorrelationId>Intent.ModuleBuilder.Java.Templates.JavaTemplate.PreProcessT4#e88d9b1f-b493-435e-97b6-e2a122d0e2fb</CorrelationId>
      <OverwriteBehaviour>always</OverwriteBehaviour>
      <ApplicationRelativeFilePath>Templates/IntentManage/IntentManageTemplate.cs</ApplicationRelativeFilePath>
      <ProjectRelativeFilePath>IntentManage/IntentManageTemplate.cs</ProjectRelativeFilePath>
      <IsIgnored>false</IsIgnored>
    </FileLog>
    <FileLog>
      <ProjectId>631ccc2a-ef75-4dd2-8106-edc7337d1209</ProjectId>
      <CorrelationId>Intent.ModuleBuilder.Java.Templates.JavaFileT4Template#e88d9b1f-b493-435e-97b6-e2a122d0e2fb</CorrelationId>
      <OverwriteBehaviour>always</OverwriteBehaviour>
      <ApplicationRelativeFilePath>Templates/IntentManage/IntentManageTemplate.tt</ApplicationRelativeFilePath>
      <ProjectRelativeFilePath>IntentManage/IntentManageTemplate.tt</ProjectRelativeFilePath>
      <IsIgnored>false</IsIgnored>
    </FileLog>
    <FileLog>
      <ProjectId>631ccc2a-ef75-4dd2-8106-edc7337d1209</ProjectId>
      <CorrelationId>Intent.ModuleBuilder.Java.Templates.JavaFileTemplatePartial#e88d9b1f-b493-435e-97b6-e2a122d0e2fb</CorrelationId>
      <OverwriteBehaviour>always</OverwriteBehaviour>
      <ApplicationRelativeFilePath>Templates/IntentManage/IntentManageTemplatePartial.cs</ApplicationRelativeFilePath>
      <ProjectRelativeFilePath>IntentManage/IntentManageTemplatePartial.cs</ProjectRelativeFilePath>
      <IsIgnored>false</IsIgnored>
    </FileLog>
    <FileLog>
      <ProjectId>631ccc2a-ef75-4dd2-8106-edc7337d1209</ProjectId>
      <CorrelationId>Intent.ModuleBuilder.TemplateRegistration.SingleFileNoModel#e88d9b1f-b493-435e-97b6-e2a122d0e2fb</CorrelationId>
      <OverwriteBehaviour>always</OverwriteBehaviour>
      <ApplicationRelativeFilePath>Templates/IntentManage/IntentManageTemplateRegistration.cs</ApplicationRelativeFilePath>
      <ProjectRelativeFilePath>IntentManage/IntentManageTemplateRegistration.cs</ProjectRelativeFilePath>
      <IsIgnored>false</IsIgnored>
    </FileLog>
    <FileLog>
      <ProjectId>631ccc2a-ef75-4dd2-8106-edc7337d1209</ProjectId>
      <CorrelationId>Intent.ModuleBuilder.Java.Templates.JavaTemplate.PreProcessT4#f1c2d62b-7d01-4e9c-967e-4377a2efc4b1</CorrelationId>
      <OverwriteBehaviour>always</OverwriteBehaviour>
      <ApplicationRelativeFilePath>Templates/IntentManageClass/IntentManageClassTemplate.cs</ApplicationRelativeFilePath>
      <ProjectRelativeFilePath>IntentManageClass/IntentManageClassTemplate.cs</ProjectRelativeFilePath>
      <IsIgnored>false</IsIgnored>
    </FileLog>
    <FileLog>
      <ProjectId>631ccc2a-ef75-4dd2-8106-edc7337d1209</ProjectId>
      <CorrelationId>Intent.ModuleBuilder.Java.Templates.JavaFileT4Template#f1c2d62b-7d01-4e9c-967e-4377a2efc4b1</CorrelationId>
      <OverwriteBehaviour>always</OverwriteBehaviour>
      <ApplicationRelativeFilePath>Templates/IntentManageClass/IntentManageClassTemplate.tt</ApplicationRelativeFilePath>
      <ProjectRelativeFilePath>IntentManageClass/IntentManageClassTemplate.tt</ProjectRelativeFilePath>
      <IsIgnored>false</IsIgnored>
    </FileLog>
    <FileLog>
      <ProjectId>631ccc2a-ef75-4dd2-8106-edc7337d1209</ProjectId>
      <CorrelationId>Intent.ModuleBuilder.Java.Templates.JavaFileTemplatePartial#f1c2d62b-7d01-4e9c-967e-4377a2efc4b1</CorrelationId>
      <OverwriteBehaviour>always</OverwriteBehaviour>
      <ApplicationRelativeFilePath>Templates/IntentManageClass/IntentManageClassTemplatePartial.cs</ApplicationRelativeFilePath>
      <ProjectRelativeFilePath>IntentManageClass/IntentManageClassTemplatePartial.cs</ProjectRelativeFilePath>
      <IsIgnored>false</IsIgnored>
    </FileLog>
    <FileLog>
      <ProjectId>631ccc2a-ef75-4dd2-8106-edc7337d1209</ProjectId>
      <CorrelationId>Intent.ModuleBuilder.TemplateRegistration.SingleFileNoModel#f1c2d62b-7d01-4e9c-967e-4377a2efc4b1</CorrelationId>
      <OverwriteBehaviour>always</OverwriteBehaviour>
      <ApplicationRelativeFilePath>Templates/IntentManageClass/IntentManageClassTemplateRegistration.cs</ApplicationRelativeFilePath>
      <ProjectRelativeFilePath>IntentManageClass/IntentManageClassTemplateRegistration.cs</ProjectRelativeFilePath>
      <IsIgnored>false</IsIgnored>
    </FileLog>
    <FileLog>
      <ProjectId>631ccc2a-ef75-4dd2-8106-edc7337d1209</ProjectId>
      <CorrelationId>Intent.ModuleBuilder.Java.Templates.JavaTemplate.PreProcessT4#7ac43274-c88a-406b-8cce-8a4900a47faf</CorrelationId>
      <OverwriteBehaviour>always</OverwriteBehaviour>
      <ApplicationRelativeFilePath>Templates/IntentMerge/IntentMergeTemplate.cs</ApplicationRelativeFilePath>
      <ProjectRelativeFilePath>IntentMerge/IntentMergeTemplate.cs</ProjectRelativeFilePath>
      <IsIgnored>false</IsIgnored>
    </FileLog>
    <FileLog>
      <ProjectId>631ccc2a-ef75-4dd2-8106-edc7337d1209</ProjectId>
      <CorrelationId>Intent.ModuleBuilder.Java.Templates.JavaFileT4Template#7ac43274-c88a-406b-8cce-8a4900a47faf</CorrelationId>
      <OverwriteBehaviour>always</OverwriteBehaviour>
      <ApplicationRelativeFilePath>Templates/IntentMerge/IntentMergeTemplate.tt</ApplicationRelativeFilePath>
      <ProjectRelativeFilePath>IntentMerge/IntentMergeTemplate.tt</ProjectRelativeFilePath>
      <IsIgnored>false</IsIgnored>
    </FileLog>
    <FileLog>
      <ProjectId>631ccc2a-ef75-4dd2-8106-edc7337d1209</ProjectId>
      <CorrelationId>Intent.ModuleBuilder.Java.Templates.JavaFileTemplatePartial#7ac43274-c88a-406b-8cce-8a4900a47faf</CorrelationId>
      <OverwriteBehaviour>always</OverwriteBehaviour>
      <ApplicationRelativeFilePath>Templates/IntentMerge/IntentMergeTemplatePartial.cs</ApplicationRelativeFilePath>
      <ProjectRelativeFilePath>IntentMerge/IntentMergeTemplatePartial.cs</ProjectRelativeFilePath>
      <IsIgnored>false</IsIgnored>
    </FileLog>
    <FileLog>
      <ProjectId>631ccc2a-ef75-4dd2-8106-edc7337d1209</ProjectId>
      <CorrelationId>Intent.ModuleBuilder.TemplateRegistration.SingleFileNoModel#7ac43274-c88a-406b-8cce-8a4900a47faf</CorrelationId>
      <OverwriteBehaviour>always</OverwriteBehaviour>
      <ApplicationRelativeFilePath>Templates/IntentMerge/IntentMergeTemplateRegistration.cs</ApplicationRelativeFilePath>
      <ProjectRelativeFilePath>IntentMerge/IntentMergeTemplateRegistration.cs</ProjectRelativeFilePath>
      <IsIgnored>false</IsIgnored>
    </FileLog>
    <FileLog>
      <ProjectId>631ccc2a-ef75-4dd2-8106-edc7337d1209</ProjectId>
      <CorrelationId>Intent.ModuleBuilder.Java.Templates.JavaTemplate.PreProcessT4#d65432d9-673e-4fc6-87c4-f9d481c706bd</CorrelationId>
      <OverwriteBehaviour>always</OverwriteBehaviour>
      <ApplicationRelativeFilePath>Templates/ModeEnum/ModeEnumTemplate.cs</ApplicationRelativeFilePath>
      <ProjectRelativeFilePath>ModeEnum/ModeEnumTemplate.cs</ProjectRelativeFilePath>
      <IsIgnored>false</IsIgnored>
    </FileLog>
    <FileLog>
      <ProjectId>631ccc2a-ef75-4dd2-8106-edc7337d1209</ProjectId>
      <CorrelationId>Intent.ModuleBuilder.Java.Templates.JavaFileT4Template#d65432d9-673e-4fc6-87c4-f9d481c706bd</CorrelationId>
      <OverwriteBehaviour>always</OverwriteBehaviour>
      <ApplicationRelativeFilePath>Templates/ModeEnum/ModeEnumTemplate.tt</ApplicationRelativeFilePath>
      <ProjectRelativeFilePath>ModeEnum/ModeEnumTemplate.tt</ProjectRelativeFilePath>
      <IsIgnored>false</IsIgnored>
    </FileLog>
    <FileLog>
      <ProjectId>631ccc2a-ef75-4dd2-8106-edc7337d1209</ProjectId>
      <CorrelationId>Intent.ModuleBuilder.Java.Templates.JavaFileTemplatePartial#d65432d9-673e-4fc6-87c4-f9d481c706bd</CorrelationId>
      <OverwriteBehaviour>always</OverwriteBehaviour>
      <ApplicationRelativeFilePath>Templates/ModeEnum/ModeEnumTemplatePartial.cs</ApplicationRelativeFilePath>
      <ProjectRelativeFilePath>ModeEnum/ModeEnumTemplatePartial.cs</ProjectRelativeFilePath>
      <IsIgnored>false</IsIgnored>
    </FileLog>
    <FileLog>
      <ProjectId>631ccc2a-ef75-4dd2-8106-edc7337d1209</ProjectId>
      <CorrelationId>Intent.ModuleBuilder.TemplateRegistration.SingleFileNoModel#d65432d9-673e-4fc6-87c4-f9d481c706bd</CorrelationId>
      <OverwriteBehaviour>always</OverwriteBehaviour>
      <ApplicationRelativeFilePath>Templates/ModeEnum/ModeEnumTemplateRegistration.cs</ApplicationRelativeFilePath>
      <ProjectRelativeFilePath>ModeEnum/ModeEnumTemplateRegistration.cs</ProjectRelativeFilePath>
      <IsIgnored>false</IsIgnored>
    </FileLog>
    <FileLog>
      <ProjectId>631ccc2a-ef75-4dd2-8106-edc7337d1209</ProjectId>
      <CorrelationId>Intent.ModuleBuilder.Templates.TemplateExtensions</CorrelationId>
      <OverwriteBehaviour>always</OverwriteBehaviour>
      <ApplicationRelativeFilePath>Templates/TemplateExtensions.cs</ApplicationRelativeFilePath>
      <ProjectRelativeFilePath>TemplateExtensions.cs</ProjectRelativeFilePath>
      <IsIgnored>false</IsIgnored>
    </FileLog>
  </FileLogs>
</outputLog>