<?xml version="1.0" encoding="utf-8"?>
<outputLog>
  <ApplicationId>cadb9a6b-2e9a-487f-8711-e756d006b63c</ApplicationId>
  <FileLogs>
    <FileLog>
      <CorrelationId>Intent.VisualStudio.Projects.VisualStudioSolution#54faf6e8-7aa1-407d-8455-da539fc355fe</CorrelationId>
      <OverwriteBehaviour>always</OverwriteBehaviour>
      <ApplicationRelativeFilePath>../Intent.Modules.sln</ApplicationRelativeFilePath>
      <IsIgnored>false</IsIgnored>
    </FileLog>
    <FileLog>
      <ProjectId>3e7c3578-2dc0-4da4-bb53-596dbf3dec06</ProjectId>
      <CorrelationId>Intent.ModuleBuilder.Templates.Api.ApiElementModelExtensions#ccf14eb6-3a55-4d81-b5b9-d27311c70cb9</CorrelationId>
      <OverwriteBehaviour>always</OverwriteBehaviour>
      <ApplicationRelativeFilePath>Api/CommandModelStereotypeExtensions.cs</ApplicationRelativeFilePath>
      <ProjectRelativeFilePath>CommandModelStereotypeExtensions.cs</ProjectRelativeFilePath>
      <IsIgnored>false</IsIgnored>
    </FileLog>
    <FileLog>
      <ProjectId>3e7c3578-2dc0-4da4-bb53-596dbf3dec06</ProjectId>
      <CorrelationId>Intent.ModuleBuilder.Templates.Api.ApiElementModelExtensions#e030c97a-e066-40a7-8188-808c275df3cb</CorrelationId>
      <OverwriteBehaviour>always</OverwriteBehaviour>
      <ApplicationRelativeFilePath>Api/OperationModelStereotypeExtensions.cs</ApplicationRelativeFilePath>
      <ProjectRelativeFilePath>OperationModelStereotypeExtensions.cs</ProjectRelativeFilePath>
      <IsIgnored>false</IsIgnored>
    </FileLog>
    <FileLog>
      <ProjectId>3e7c3578-2dc0-4da4-bb53-596dbf3dec06</ProjectId>
      <CorrelationId>Intent.ModuleBuilder.Templates.Api.ApiElementModel#9f37c60e-ad88-4484-98ca-6c9aa7ca3134</CorrelationId>
      <OverwriteBehaviour>always</OverwriteBehaviour>
      <ApplicationRelativeFilePath>Api/PolicyModel.cs</ApplicationRelativeFilePath>
      <ProjectRelativeFilePath>PolicyModel.cs</ProjectRelativeFilePath>
      <IsIgnored>false</IsIgnored>
    </FileLog>
    <FileLog>
      <ProjectId>3e7c3578-2dc0-4da4-bb53-596dbf3dec06</ProjectId>
      <CorrelationId>Intent.ModuleBuilder.Templates.Api.ApiElementModelExtensions#e71b0662-e29d-4db2-868b-8a12464b25d0</CorrelationId>
      <OverwriteBehaviour>always</OverwriteBehaviour>
      <ApplicationRelativeFilePath>Api/QueryModelStereotypeExtensions.cs</ApplicationRelativeFilePath>
      <ProjectRelativeFilePath>QueryModelStereotypeExtensions.cs</ProjectRelativeFilePath>
      <IsIgnored>false</IsIgnored>
    </FileLog>
    <FileLog>
      <ProjectId>3e7c3578-2dc0-4da4-bb53-596dbf3dec06</ProjectId>
      <CorrelationId>Intent.ModuleBuilder.Templates.Api.ApiElementModel#d6ce4e4c-fdd1-4fa1-82d8-f3405e114ec5</CorrelationId>
      <OverwriteBehaviour>always</OverwriteBehaviour>
      <ApplicationRelativeFilePath>Api/RoleModel.cs</ApplicationRelativeFilePath>
      <ProjectRelativeFilePath>RoleModel.cs</ProjectRelativeFilePath>
      <IsIgnored>false</IsIgnored>
    </FileLog>
    <FileLog>
      <ProjectId>3e7c3578-2dc0-4da4-bb53-596dbf3dec06</ProjectId>
      <CorrelationId>Intent.ModuleBuilder.Templates.Api.ApiElementModel#35a8b318-fd7e-40ec-b3b7-dd79cf26524a</CorrelationId>
      <OverwriteBehaviour>always</OverwriteBehaviour>
      <ApplicationRelativeFilePath>Api/SecurityConfigurationModel.cs</ApplicationRelativeFilePath>
      <ProjectRelativeFilePath>SecurityConfigurationModel.cs</ProjectRelativeFilePath>
      <IsIgnored>false</IsIgnored>
    </FileLog>
    <FileLog>
      <ProjectId>3e7c3578-2dc0-4da4-bb53-596dbf3dec06</ProjectId>
      <CorrelationId>Intent.ModuleBuilder.Templates.Api.ApiElementModelExtensions#b16578a5-27b1-4047-a8df-f0b783d706bd</CorrelationId>
      <OverwriteBehaviour>always</OverwriteBehaviour>
      <ApplicationRelativeFilePath>Api/ServiceModelStereotypeExtensions.cs</ApplicationRelativeFilePath>
      <ProjectRelativeFilePath>ServiceModelStereotypeExtensions.cs</ProjectRelativeFilePath>
      <IsIgnored>false</IsIgnored>
    </FileLog>
    <FileLog>
      <ProjectId>3e7c3578-2dc0-4da4-bb53-596dbf3dec06</ProjectId>
      <CorrelationId>Intent.ModuleBuilder.Templates.Api.ApiElementModelExtensions#df45eaf6-9202-4c25-8dd5-677e9ba1e906</CorrelationId>
      <OverwriteBehaviour>always</OverwriteBehaviour>
      <ApplicationRelativeFilePath>Api/ServicesPackageModelStereotypeExtensions.cs</ApplicationRelativeFilePath>
      <ProjectRelativeFilePath>ServicesPackageModelStereotypeExtensions.cs</ProjectRelativeFilePath>
      <IsIgnored>false</IsIgnored>
    </FileLog>
    <FileLog>
      <ProjectId>f105be41-3d25-4ecc-919c-0088afd099a4</ProjectId>
      <CorrelationId>Intent.ModuleBuilder.Templates.Api.ApiMetadataProviderExtensions</CorrelationId>
      <OverwriteBehaviour>always</OverwriteBehaviour>
      <ApplicationRelativeFilePath>ApiMetadataProviderExtensions.cs</ApplicationRelativeFilePath>
      <ProjectRelativeFilePath>ApiMetadataProviderExtensions.cs</ProjectRelativeFilePath>
      <IsIgnored>false</IsIgnored>
    </FileLog>
    <FileLog>
      <ProjectId>f105be41-3d25-4ecc-919c-0088afd099a4</ProjectId>
      <CorrelationId>Intent.ModuleBuilder.IModSpecFile</CorrelationId>
      <OverwriteBehaviour>always</OverwriteBehaviour>
      <ApplicationRelativeFilePath>Intent.Metadata.Security.imodspec</ApplicationRelativeFilePath>
      <ProjectRelativeFilePath>Intent.Metadata.Security.imodspec</ProjectRelativeFilePath>
      <IsIgnored>false</IsIgnored>
    </FileLog>
    <FileLog>
      <ProjectId>f105be41-3d25-4ecc-919c-0088afd099a4</ProjectId>
      <CorrelationId>Intent.VisualStudio.Projects.CSharpProject#f105be41-3d25-4ecc-919c-0088afd099a4</CorrelationId>
      <OverwriteBehaviour>always</OverwriteBehaviour>
      <ApplicationRelativeFilePath>Intent.Modules.Metadata.Security.csproj</ApplicationRelativeFilePath>
      <ProjectRelativeFilePath>Intent.Modules.Metadata.Security.csproj</ProjectRelativeFilePath>
      <IsIgnored>true</IsIgnored>
    </FileLog>
    <FileLog>
      <ProjectId>c0e51717-ec20-413f-aa8c-165ed2a07282</ProjectId>
      <CorrelationId>Intent.ModuleBuilder.DesignerSettings#cd3ea7d2-e3c2-4ce3-98e1-39b4dfe87d10</CorrelationId>
      <OverwriteBehaviour>always</OverwriteBehaviour>
      <ApplicationRelativeFilePath>modelers/Security Extensions.designer.settings</ApplicationRelativeFilePath>
      <ProjectRelativeFilePath>Security Extensions.designer.settings</ProjectRelativeFilePath>
      <IsIgnored>false</IsIgnored>
    </FileLog>
  </FileLogs>
</outputLog>