<?xml version="1.0" encoding="utf-8"?>
<outputLog>
  <ApplicationId>8091eea0-0ab6-48c1-9aef-0ec7ae2b5b0c</ApplicationId>
  <FileLogs>
    <FileLog>
      <CorrelationId>Intent.VisualStudio.Projects.VisualStudioSolution#453de584-0fce-42d7-a159-c15ce4caacc8</CorrelationId>
      <OverwriteBehaviour>always</OverwriteBehaviour>
      <ApplicationRelativeFilePath>../Intent.Modules.sln</ApplicationRelativeFilePath>
      <IsIgnored>false</IsIgnored>
    </FileLog>
    <FileLog>
      <ProjectId>45f9a5d2-1995-4fec-85a2-f06275e9a7e9</ProjectId>
      <CorrelationId>Intent.ModuleBuilder.Templates.Api.ApiPackageExtensionModel#2ef57fe6-13ab-44b9-a0a2-e046f885ab40</CorrelationId>
      <OverwriteBehaviour>always</OverwriteBehaviour>
      <ApplicationRelativeFilePath>Api/DomainPackageExtensionModel.cs</ApplicationRelativeFilePath>
      <ProjectRelativeFilePath>DomainPackageExtensionModel.cs</ProjectRelativeFilePath>
      <IsIgnored>false</IsIgnored>
    </FileLog>
    <FileLog>
      <ProjectId>45f9a5d2-1995-4fec-85a2-f06275e9a7e9</ProjectId>
      <CorrelationId>Intent.ModuleBuilder.Templates.Api.ApiElementModel#07f936ea-3756-48c8-babd-24ac7271daac</CorrelationId>
      <OverwriteBehaviour>always</OverwriteBehaviour>
      <ApplicationRelativeFilePath>Api/DomainServiceModel.cs</ApplicationRelativeFilePath>
      <ProjectRelativeFilePath>DomainServiceModel.cs</ProjectRelativeFilePath>
      <IsIgnored>false</IsIgnored>
    </FileLog>
    <FileLog>
      <ProjectId>45f9a5d2-1995-4fec-85a2-f06275e9a7e9</ProjectId>
      <CorrelationId>Intent.ModuleBuilder.Templates.Api.ApiElementExtensionModel#c0447503-031e-4389-bd49-b0c3b2dfcb5d</CorrelationId>
      <OverwriteBehaviour>always</OverwriteBehaviour>
      <ApplicationRelativeFilePath>Api/FolderExtensionModel.cs</ApplicationRelativeFilePath>
      <ProjectRelativeFilePath>FolderExtensionModel.cs</ProjectRelativeFilePath>
      <IsIgnored>false</IsIgnored>
    </FileLog>
    <FileLog>
      <ProjectId>6f056113-7488-444e-8752-ee5e6ac3de89</ProjectId>
      <CorrelationId>Intent.ModuleBuilder.Templates.Api.ApiMetadataProviderExtensions#aba2fb3d-33dc-44eb-a3f9-a3851cae0cc7</CorrelationId>
      <OverwriteBehaviour>always</OverwriteBehaviour>
      <ApplicationRelativeFilePath>ApiMetadataProviderExtensions.cs</ApplicationRelativeFilePath>
      <ProjectRelativeFilePath>ApiMetadataProviderExtensions.cs</ProjectRelativeFilePath>
      <IsIgnored>false</IsIgnored>
    </FileLog>
    <FileLog>
      <ProjectId>6f056113-7488-444e-8752-ee5e6ac3de89</ProjectId>
      <CorrelationId>Intent.ModuleBuilder.IModSpecFile#928f017a-b2c1-4f63-92e3-dd1063be85c4</CorrelationId>
      <OverwriteBehaviour>always</OverwriteBehaviour>
      <ApplicationRelativeFilePath>Intent.Modelers.Domain.Services.imodspec</ApplicationRelativeFilePath>
      <ProjectRelativeFilePath>Intent.Modelers.Domain.Services.imodspec</ProjectRelativeFilePath>
      <IsIgnored>false</IsIgnored>
    </FileLog>
    <FileLog>
      <ProjectId>6f056113-7488-444e-8752-ee5e6ac3de89</ProjectId>
      <CorrelationId>Intent.VisualStudio.Projects.CSharpProject#6f056113-7488-444e-8752-ee5e6ac3de89</CorrelationId>
      <OverwriteBehaviour>always</OverwriteBehaviour>
      <ApplicationRelativeFilePath>Intent.Modules.Modelers.Domain.Services.csproj</ApplicationRelativeFilePath>
      <ProjectRelativeFilePath>Intent.Modules.Modelers.Domain.Services.csproj</ProjectRelativeFilePath>
      <IsIgnored>false</IsIgnored>
    </FileLog>
    <FileLog>
      <ProjectId>01347041-9c92-4c7d-bd06-d493f711009c</ProjectId>
      <CorrelationId>Intent.ModuleBuilder.DesignerSettings#d2344dc2-0d3d-4fc2-88c5-1c999845711b</CorrelationId>
      <OverwriteBehaviour>always</OverwriteBehaviour>
      <ApplicationRelativeFilePath>modelers/Domain Service Types.designer.settings</ApplicationRelativeFilePath>
      <ProjectRelativeFilePath>Domain Service Types.designer.settings</ProjectRelativeFilePath>
      <IsIgnored>false</IsIgnored>
    </FileLog>
  </FileLogs>
</outputLog>