<?xml version="1.0" encoding="utf-8"?>
<outputLog>
  <ApplicationId>bdfd1bcb-c6d8-4e57-8797-909f72bc44db</ApplicationId>
  <FileLogs>
    <FileLog>
      <CorrelationId>Intent.VisualStudio.Projects.VisualStudio2015Solution#fdbdc593-2525-492b-a40b-aa1feed42149</CorrelationId>
      <OverwriteBehaviour>always</OverwriteBehaviour>
      <ApplicationRelativeFilePath>../Intent.Modules.sln</ApplicationRelativeFilePath>
      <IsIgnored>false</IsIgnored>
    </FileLog>
    <FileLog>
      <ProjectId>d461e52d-733b-4900-9171-aa89d5a8f7c3</ProjectId>
      <CorrelationId>Intent.ModuleBuilder.Templates.Api.ApiElementExtensionModel#de5928a5-c268-4770-9482-870cbb925163</CorrelationId>
      <OverwriteBehaviour>always</OverwriteBehaviour>
      <ApplicationRelativeFilePath>Api/AWSLambdaFunctionExtensionsModel.cs</ApplicationRelativeFilePath>
      <ProjectRelativeFilePath>AWSLambdaFunctionExtensionsModel.cs</ProjectRelativeFilePath>
      <IsIgnored>true</IsIgnored>
    </FileLog>
    <FileLog>
      <ProjectId>d461e52d-733b-4900-9171-aa89d5a8f7c3</ProjectId>
      <CorrelationId>Intent.ModuleBuilder.Templates.Api.ApiElementExtensionModel#2b478b3a-2bde-4c7c-bf93-29a12d2dcf51</CorrelationId>
      <OverwriteBehaviour>always</OverwriteBehaviour>
      <ApplicationRelativeFilePath>Api/AWSSQSDiagramExtensionsModel.cs</ApplicationRelativeFilePath>
      <ProjectRelativeFilePath>AWSSQSDiagramExtensionsModel.cs</ProjectRelativeFilePath>
      <IsIgnored>false</IsIgnored>
    </FileLog>
    <FileLog>
      <ProjectId>d461e52d-733b-4900-9171-aa89d5a8f7c3</ProjectId>
      <CorrelationId>Intent.ModuleBuilder.Templates.Api.ApiElementExtensionModel#7f4824f8-1545-432c-835d-97c7c486abc0</CorrelationId>
      <OverwriteBehaviour>always</OverwriteBehaviour>
      <ApplicationRelativeFilePath>Api/AWSSQSFolderExtensionsModel.cs</ApplicationRelativeFilePath>
      <ProjectRelativeFilePath>AWSSQSFolderExtensionsModel.cs</ProjectRelativeFilePath>
      <IsIgnored>false</IsIgnored>
    </FileLog>
    <FileLog>
      <ProjectId>d461e52d-733b-4900-9171-aa89d5a8f7c3</ProjectId>
      <CorrelationId>Intent.ModuleBuilder.Templates.Api.ApiPackageExtensionModel#9b4b0850-ab99-45d3-b1cb-7369e2f2f3dd</CorrelationId>
      <OverwriteBehaviour>always</OverwriteBehaviour>
      <ApplicationRelativeFilePath>Api/AWSSQSPackageExtensionsModel.cs</ApplicationRelativeFilePath>
      <ProjectRelativeFilePath>AWSSQSPackageExtensionsModel.cs</ProjectRelativeFilePath>
      <IsIgnored>false</IsIgnored>
    </FileLog>
    <FileLog>
      <ProjectId>d461e52d-733b-4900-9171-aa89d5a8f7c3</ProjectId>
      <CorrelationId>Intent.ModuleBuilder.Templates.Api.ApiElementModel#ed9035bc-31b0-4591-aac6-9a950099cbd5</CorrelationId>
      <OverwriteBehaviour>always</OverwriteBehaviour>
      <ApplicationRelativeFilePath>Api/SQSQueueModel.cs</ApplicationRelativeFilePath>
      <ProjectRelativeFilePath>SQSQueueModel.cs</ProjectRelativeFilePath>
      <IsIgnored>false</IsIgnored>
    </FileLog>
    <FileLog>
      <ProjectId>fd9c1e88-94cf-47c4-9b6c-259f8f3ca771</ProjectId>
      <CorrelationId>Intent.ModuleBuilder.Templates.Api.ApiMetadataProviderExtensions</CorrelationId>
      <OverwriteBehaviour>always</OverwriteBehaviour>
      <ApplicationRelativeFilePath>ApiMetadataProviderExtensions.cs</ApplicationRelativeFilePath>
      <ProjectRelativeFilePath>ApiMetadataProviderExtensions.cs</ProjectRelativeFilePath>
      <IsIgnored>false</IsIgnored>
    </FileLog>
    <FileLog>
      <ProjectId>fd9c1e88-94cf-47c4-9b6c-259f8f3ca771</ProjectId>
      <CorrelationId>Intent.ModuleBuilder.IModSpecFile</CorrelationId>
      <OverwriteBehaviour>always</OverwriteBehaviour>
      <ApplicationRelativeFilePath>Intent.Modelers.AWS.SQS.imodspec</ApplicationRelativeFilePath>
      <ProjectRelativeFilePath>Intent.Modelers.AWS.SQS.imodspec</ProjectRelativeFilePath>
      <IsIgnored>false</IsIgnored>
    </FileLog>
    <FileLog>
      <ProjectId>fd9c1e88-94cf-47c4-9b6c-259f8f3ca771</ProjectId>
      <CorrelationId>Intent.VisualStudio.Projects.CoreLibrary.CSProject#fd9c1e88-94cf-47c4-9b6c-259f8f3ca771</CorrelationId>
      <OverwriteBehaviour>always</OverwriteBehaviour>
      <ApplicationRelativeFilePath>Intent.Modules.Modelers.AWS.SQS.csproj</ApplicationRelativeFilePath>
      <ProjectRelativeFilePath>Intent.Modules.Modelers.AWS.SQS.csproj</ProjectRelativeFilePath>
      <IsIgnored>false</IsIgnored>
    </FileLog>
    <FileLog>
      <ProjectId>74a149ef-8305-4699-affb-622ac4d8cbe1</ProjectId>
      <CorrelationId>Intent.ModuleBuilder.DesignerSettings#4ea92208-18f3-4921-8cd7-2212f338b2ed</CorrelationId>
      <OverwriteBehaviour>always</OverwriteBehaviour>
      <ApplicationRelativeFilePath>modelers/AWS SQS Extensions.designer.settings</ApplicationRelativeFilePath>
      <ProjectRelativeFilePath>AWS SQS Extensions.designer.settings</ProjectRelativeFilePath>
      <IsIgnored>false</IsIgnored>
    </FileLog>
    <FileLog>
      <ProjectId>74a149ef-8305-4699-affb-622ac4d8cbe1</ProjectId>
      <CorrelationId>Intent.ModuleBuilder.DesignerSettings#9d1ae4d1-ea24-49d0-b882-16ce799b62bc</CorrelationId>
      <OverwriteBehaviour>always</OverwriteBehaviour>
      <ApplicationRelativeFilePath>modelers/AWS SQS Interoperability Extensions.designer.settings</ApplicationRelativeFilePath>
      <ProjectRelativeFilePath>AWS SQS Interoperability Extensions.designer.settings</ProjectRelativeFilePath>
      <IsIgnored>false</IsIgnored>
    </FileLog>
    <FileLog>
      <ProjectId>fd9c1e88-94cf-47c4-9b6c-259f8f3ca771</ProjectId>
      <CorrelationId>Intent.ModuleBuilder.ReadMe</CorrelationId>
      <OverwriteBehaviour>always</OverwriteBehaviour>
      <ApplicationRelativeFilePath>README.txt</ApplicationRelativeFilePath>
      <ProjectRelativeFilePath>README.txt</ProjectRelativeFilePath>
      <IsIgnored>false</IsIgnored>
    </FileLog>
  </FileLogs>
</outputLog>