<?xml version="1.0" encoding="utf-8"?>
<outputLog>
  <ApplicationId>898f4a2c-0f24-413b-bb8d-27240afe2ab5</ApplicationId>
  <FileLogs>
    <FileLog>
      <CorrelationId>Intent.VisualStudio.Projects.VisualStudio2015Solution#72daac64-af2c-4ef4-aeab-4c445372cfc8</CorrelationId>
      <OverwriteBehaviour>always</OverwriteBehaviour>
      <ApplicationRelativeFilePath>../Intent.Modules.sln</ApplicationRelativeFilePath>
      <IsIgnored>false</IsIgnored>
    </FileLog>
    <FileLog>
      <ProjectId>93a8b549-e15e-404d-a9d1-cc22c8bf7229</ProjectId>
      <CorrelationId>Intent.ModuleBuilder.Templates.Api.ApiElementExtensionModel#ef6e3cc3-768e-4db8-8060-42f24cfa340d</CorrelationId>
      <OverwriteBehaviour>always</OverwriteBehaviour>
      <ApplicationRelativeFilePath>Api/AWSAPIGatewayMethodExtensionsModel.cs</ApplicationRelativeFilePath>
      <ProjectRelativeFilePath>AWSAPIGatewayMethodExtensionsModel.cs</ProjectRelativeFilePath>
      <IsIgnored>true</IsIgnored>
    </FileLog>
    <FileLog>
      <ProjectId>93a8b549-e15e-404d-a9d1-cc22c8bf7229</ProjectId>
      <CorrelationId>Intent.ModuleBuilder.Templates.Api.ApiElementExtensionModel#245b872f-c67a-4640-916e-2345e21f3d39</CorrelationId>
      <OverwriteBehaviour>always</OverwriteBehaviour>
      <ApplicationRelativeFilePath>Api/AWSLambdaDiagramExtensionsModel.cs</ApplicationRelativeFilePath>
      <ProjectRelativeFilePath>AWSLambdaDiagramExtensionsModel.cs</ProjectRelativeFilePath>
      <IsIgnored>false</IsIgnored>
    </FileLog>
    <FileLog>
      <ProjectId>93a8b549-e15e-404d-a9d1-cc22c8bf7229</ProjectId>
      <CorrelationId>Intent.ModuleBuilder.Templates.Api.ApiElementExtensionModel#eeaedf59-86d1-4396-a37b-554ccf8588a8</CorrelationId>
      <OverwriteBehaviour>always</OverwriteBehaviour>
      <ApplicationRelativeFilePath>Api/AWSLambdaFolderExtensionsModel.cs</ApplicationRelativeFilePath>
      <ProjectRelativeFilePath>AWSLambdaFolderExtensionsModel.cs</ProjectRelativeFilePath>
      <IsIgnored>false</IsIgnored>
    </FileLog>
    <FileLog>
      <ProjectId>93a8b549-e15e-404d-a9d1-cc22c8bf7229</ProjectId>
      <CorrelationId>Intent.ModuleBuilder.Templates.Api.ApiPackageExtensionModel#c3d0fbf3-c2fc-4f29-978d-334ae0f80372</CorrelationId>
      <OverwriteBehaviour>always</OverwriteBehaviour>
      <ApplicationRelativeFilePath>Api/AWSLambdaPackageExtensionsModel.cs</ApplicationRelativeFilePath>
      <ProjectRelativeFilePath>AWSLambdaPackageExtensionsModel.cs</ProjectRelativeFilePath>
      <IsIgnored>false</IsIgnored>
    </FileLog>
    <FileLog>
      <ProjectId>93a8b549-e15e-404d-a9d1-cc22c8bf7229</ProjectId>
      <CorrelationId>Intent.ModuleBuilder.Templates.Api.ApiElementExtensionModel#f354e2bf-4210-41d5-b869-00fd8a497151</CorrelationId>
      <OverwriteBehaviour>always</OverwriteBehaviour>
      <ApplicationRelativeFilePath>Api/AWSSQSQueueExtensionsModel.cs</ApplicationRelativeFilePath>
      <ProjectRelativeFilePath>AWSSQSQueueExtensionsModel.cs</ProjectRelativeFilePath>
      <IsIgnored>true</IsIgnored>
    </FileLog>
    <FileLog>
      <ProjectId>93a8b549-e15e-404d-a9d1-cc22c8bf7229</ProjectId>
      <CorrelationId>Intent.ModuleBuilder.Templates.Api.ApiElementModel#de02db8b-e18f-423c-b4da-5f717a04075e</CorrelationId>
      <OverwriteBehaviour>always</OverwriteBehaviour>
      <ApplicationRelativeFilePath>Api/LambdaFunctionModel.cs</ApplicationRelativeFilePath>
      <ProjectRelativeFilePath>LambdaFunctionModel.cs</ProjectRelativeFilePath>
      <IsIgnored>false</IsIgnored>
    </FileLog>
    <FileLog>
      <ProjectId>93a8b549-e15e-404d-a9d1-cc22c8bf7229</ProjectId>
      <CorrelationId>Intent.ModuleBuilder.Templates.Api.ApiElementModelExtensions#de02db8b-e18f-423c-b4da-5f717a04075e</CorrelationId>
      <OverwriteBehaviour>always</OverwriteBehaviour>
      <ApplicationRelativeFilePath>Api/LambdaFunctionModelStereotypeExtensions.cs</ApplicationRelativeFilePath>
      <ProjectRelativeFilePath>LambdaFunctionModelStereotypeExtensions.cs</ProjectRelativeFilePath>
      <IsIgnored>false</IsIgnored>
    </FileLog>
    <FileLog>
      <ProjectId>93a8b549-e15e-404d-a9d1-cc22c8bf7229</ProjectId>
      <CorrelationId>Intent.ModuleBuilder.Templates.Api.ApiElementModel#a3555d86-f00e-451f-b9b6-2f0c06b2c79f</CorrelationId>
      <OverwriteBehaviour>always</OverwriteBehaviour>
      <ApplicationRelativeFilePath>Api/LambdaRuntimeModel.cs</ApplicationRelativeFilePath>
      <ProjectRelativeFilePath>LambdaRuntimeModel.cs</ProjectRelativeFilePath>
      <IsIgnored>false</IsIgnored>
    </FileLog>
    <FileLog>
      <ProjectId>93a8b549-e15e-404d-a9d1-cc22c8bf7229</ProjectId>
      <CorrelationId>Intent.ModuleBuilder.Templates.Api.ApiElementExtensionModel#2d631bd8-0dcb-4659-b4f3-887ed0cb9dbd</CorrelationId>
      <OverwriteBehaviour>always</OverwriteBehaviour>
      <ApplicationRelativeFilePath>Api/ModuleBuilderAWSLambdaFolderExtensionsModel.cs</ApplicationRelativeFilePath>
      <ProjectRelativeFilePath>ModuleBuilderAWSLambdaFolderExtensionsModel.cs</ProjectRelativeFilePath>
      <IsIgnored>false</IsIgnored>
    </FileLog>
    <FileLog>
      <ProjectId>93a8b549-e15e-404d-a9d1-cc22c8bf7229</ProjectId>
      <CorrelationId>Intent.ModuleBuilder.Templates.Api.ApiPackageExtensionModel#16a0ee22-f5a1-4507-8960-2bd6ddda3c4c</CorrelationId>
      <OverwriteBehaviour>always</OverwriteBehaviour>
      <ApplicationRelativeFilePath>Api/ModuleBuilderAWSLambdaPackageExtensionsModel.cs</ApplicationRelativeFilePath>
      <ProjectRelativeFilePath>ModuleBuilderAWSLambdaPackageExtensionsModel.cs</ProjectRelativeFilePath>
      <IsIgnored>false</IsIgnored>
    </FileLog>
    <FileLog>
      <ProjectId>93a8b549-e15e-404d-a9d1-cc22c8bf7229</ProjectId>
      <CorrelationId>Intent.ModuleBuilder.Templates.Api.ApiElementModel#2a1b4261-de0a-4dd2-ba19-bfe61dd17597</CorrelationId>
      <OverwriteBehaviour>always</OverwriteBehaviour>
      <ApplicationRelativeFilePath>Api/ParameterModel.cs</ApplicationRelativeFilePath>
      <ProjectRelativeFilePath>ParameterModel.cs</ProjectRelativeFilePath>
      <IsIgnored>false</IsIgnored>
    </FileLog>
    <FileLog>
      <ProjectId>07700ae5-978b-477f-be3b-6c33e6367f59</ProjectId>
      <CorrelationId>Intent.ModuleBuilder.Templates.Api.ApiMetadataProviderExtensions</CorrelationId>
      <OverwriteBehaviour>always</OverwriteBehaviour>
      <ApplicationRelativeFilePath>ApiMetadataProviderExtensions.cs</ApplicationRelativeFilePath>
      <ProjectRelativeFilePath>ApiMetadataProviderExtensions.cs</ProjectRelativeFilePath>
      <IsIgnored>false</IsIgnored>
    </FileLog>
    <FileLog>
      <ProjectId>07700ae5-978b-477f-be3b-6c33e6367f59</ProjectId>
      <CorrelationId>Intent.ModuleBuilder.IModSpecFile</CorrelationId>
      <OverwriteBehaviour>always</OverwriteBehaviour>
      <ApplicationRelativeFilePath>Intent.Modelers.AWS.Lambda.imodspec</ApplicationRelativeFilePath>
      <ProjectRelativeFilePath>Intent.Modelers.AWS.Lambda.imodspec</ProjectRelativeFilePath>
      <IsIgnored>false</IsIgnored>
    </FileLog>
    <FileLog>
      <ProjectId>07700ae5-978b-477f-be3b-6c33e6367f59</ProjectId>
      <CorrelationId>Intent.VisualStudio.Projects.CoreLibrary.CSProject#07700ae5-978b-477f-be3b-6c33e6367f59</CorrelationId>
      <OverwriteBehaviour>always</OverwriteBehaviour>
      <ApplicationRelativeFilePath>Intent.Modules.Modelers.AWS.Lambda.csproj</ApplicationRelativeFilePath>
      <ProjectRelativeFilePath>Intent.Modules.Modelers.AWS.Lambda.csproj</ProjectRelativeFilePath>
      <IsIgnored>false</IsIgnored>
    </FileLog>
    <FileLog>
      <ProjectId>97e3ce23-fc7a-407c-833e-7784267ba980</ProjectId>
      <CorrelationId>Intent.ModuleBuilder.DesignerSettings#42a1a259-57f8-4363-bdd2-9ed8daa72d1a</CorrelationId>
      <OverwriteBehaviour>always</OverwriteBehaviour>
      <ApplicationRelativeFilePath>modelers/AWS Lambda Extensions.designer.settings</ApplicationRelativeFilePath>
      <ProjectRelativeFilePath>AWS Lambda Extensions.designer.settings</ProjectRelativeFilePath>
      <IsIgnored>false</IsIgnored>
    </FileLog>
    <FileLog>
      <ProjectId>97e3ce23-fc7a-407c-833e-7784267ba980</ProjectId>
      <CorrelationId>Intent.ModuleBuilder.DesignerSettings#ca4e61fe-78a2-440e-9577-30e240ba9f44</CorrelationId>
      <OverwriteBehaviour>always</OverwriteBehaviour>
      <ApplicationRelativeFilePath>modelers/AWS Lambda Interoperability Extensions.designer.settings</ApplicationRelativeFilePath>
      <ProjectRelativeFilePath>AWS Lambda Interoperability Extensions.designer.settings</ProjectRelativeFilePath>
      <IsIgnored>false</IsIgnored>
    </FileLog>
    <FileLog>
      <ProjectId>97e3ce23-fc7a-407c-833e-7784267ba980</ProjectId>
      <CorrelationId>Intent.ModuleBuilder.DesignerSettings#49afdc39-c77f-4d0d-99b7-7924d6bd4f1e</CorrelationId>
      <OverwriteBehaviour>always</OverwriteBehaviour>
      <ApplicationRelativeFilePath>modelers/Module Builder AWS Lambda Extensions.designer.settings</ApplicationRelativeFilePath>
      <ProjectRelativeFilePath>Module Builder AWS Lambda Extensions.designer.settings</ProjectRelativeFilePath>
      <IsIgnored>false</IsIgnored>
    </FileLog>
    <FileLog>
      <ProjectId>07700ae5-978b-477f-be3b-6c33e6367f59</ProjectId>
      <CorrelationId>Intent.ModuleBuilder.ReadMe</CorrelationId>
      <OverwriteBehaviour>always</OverwriteBehaviour>
      <ApplicationRelativeFilePath>README.txt</ApplicationRelativeFilePath>
      <ProjectRelativeFilePath>README.txt</ProjectRelativeFilePath>
      <IsIgnored>false</IsIgnored>
    </FileLog>
  </FileLogs>
</outputLog>