<?xml version="1.0" encoding="utf-8"?>
<outputLog>
  <ApplicationId>15f6f6c5-bac3-414f-8dd2-f1474dbf94e2</ApplicationId>
  <FileLogs>
    <FileLog>
      <CorrelationId>Intent.VisualStudio.Projects.VisualStudioSolution#cf3d9c28-eb69-45fa-9dd4-32bf40f0f9f9</CorrelationId>
      <OverwriteBehaviour>always</OverwriteBehaviour>
      <ApplicationRelativeFilePath>../Intent.Modules.sln</ApplicationRelativeFilePath>
      <IsIgnored>false</IsIgnored>
    </FileLog>
    <FileLog>
      <ProjectId>b62f476a-6929-4c1a-8ea1-127593e18731</ProjectId>
      <CorrelationId>Intent.ModuleBuilder.Templates.Api.ApiElementExtensionModel#a81ce420-c177-4035-9d07-31bae2308a36</CorrelationId>
      <OverwriteBehaviour>always</OverwriteBehaviour>
      <ApplicationRelativeFilePath>Api/FolderExtensionsModel.cs</ApplicationRelativeFilePath>
      <ProjectRelativeFilePath>FolderExtensionsModel.cs</ProjectRelativeFilePath>
      <IsIgnored>false</IsIgnored>
    </FileLog>
    <FileLog>
      <ProjectId>b62f476a-6929-4c1a-8ea1-127593e18731</ProjectId>
      <CorrelationId>Intent.ModuleBuilder.Templates.Api.ApiPackageExtensionModel#eda2822c-8383-4382-9922-de0da997f73b</CorrelationId>
      <OverwriteBehaviour>always</OverwriteBehaviour>
      <ApplicationRelativeFilePath>Api/PackageExtensionsModel.cs</ApplicationRelativeFilePath>
      <ProjectRelativeFilePath>PackageExtensionsModel.cs</ProjectRelativeFilePath>
      <IsIgnored>false</IsIgnored>
    </FileLog>
    <FileLog>
      <ProjectId>b62f476a-6929-4c1a-8ea1-127593e18731</ProjectId>
      <CorrelationId>Intent.ModuleBuilder.Templates.Api.ApiElementModel#96ffceb2-a70a-4b69-869b-0df436c470c3</CorrelationId>
      <OverwriteBehaviour>always</OverwriteBehaviour>
      <ApplicationRelativeFilePath>Api/RepositoryModel.cs</ApplicationRelativeFilePath>
      <ProjectRelativeFilePath>RepositoryModel.cs</ProjectRelativeFilePath>
      <IsIgnored>false</IsIgnored>
    </FileLog>
    <FileLog>
      <ProjectId>4608b4e9-66a1-47ce-beea-2c155b3e43cc</ProjectId>
      <CorrelationId>Intent.ModuleBuilder.Templates.Api.ApiMetadataProviderExtensions</CorrelationId>
      <OverwriteBehaviour>always</OverwriteBehaviour>
      <ApplicationRelativeFilePath>ApiMetadataProviderExtensions.cs</ApplicationRelativeFilePath>
      <ProjectRelativeFilePath>ApiMetadataProviderExtensions.cs</ProjectRelativeFilePath>
      <IsIgnored>false</IsIgnored>
    </FileLog>
    <FileLog>
      <ProjectId>4608b4e9-66a1-47ce-beea-2c155b3e43cc</ProjectId>
      <CorrelationId>Intent.ModuleBuilder.IModSpecFile</CorrelationId>
      <OverwriteBehaviour>always</OverwriteBehaviour>
      <ApplicationRelativeFilePath>Intent.Modelers.Domain.Repositories.imodspec</ApplicationRelativeFilePath>
      <ProjectRelativeFilePath>Intent.Modelers.Domain.Repositories.imodspec</ProjectRelativeFilePath>
      <IsIgnored>false</IsIgnored>
    </FileLog>
    <FileLog>
      <ProjectId>4608b4e9-66a1-47ce-beea-2c155b3e43cc</ProjectId>
      <CorrelationId>Intent.VisualStudio.Projects.CoreLibrary.CSProject#4608b4e9-66a1-47ce-beea-2c155b3e43cc</CorrelationId>
      <OverwriteBehaviour>always</OverwriteBehaviour>
      <ApplicationRelativeFilePath>Intent.Modules.Modelers.Domain.Repositories.csproj</ApplicationRelativeFilePath>
      <ProjectRelativeFilePath>Intent.Modules.Modelers.Domain.Repositories.csproj</ProjectRelativeFilePath>
      <IsIgnored>false</IsIgnored>
    </FileLog>
    <FileLog>
      <ProjectId>8e03e014-4b05-4bdc-998a-70ca718b6f48</ProjectId>
      <CorrelationId>Intent.ModuleBuilder.Templates.Migrations.OnVersionMigration#b594a9bb-972c-41c0-83bf-1a74299d5a3d</CorrelationId>
      <OverwriteBehaviour>always</OverwriteBehaviour>
      <ApplicationRelativeFilePath>Migrations/Migration_03_06_00_Alpha_00.cs</ApplicationRelativeFilePath>
      <ProjectRelativeFilePath>Migration_03_06_00_Alpha_00.cs</ProjectRelativeFilePath>
      <IsIgnored>false</IsIgnored>
    </FileLog>
    <FileLog>
      <ProjectId>683d5bb1-d964-4705-9284-aa1704353c0b</ProjectId>
      <CorrelationId>Intent.ModuleBuilder.DesignerSettings#79735715-7042-41f3-bf1f-5dc9167efa2c</CorrelationId>
      <OverwriteBehaviour>always</OverwriteBehaviour>
      <ApplicationRelativeFilePath>modelers/Domain Extensions.designer.settings</ApplicationRelativeFilePath>
      <ProjectRelativeFilePath>Domain Extensions.designer.settings</ProjectRelativeFilePath>
      <IsIgnored>false</IsIgnored>
    </FileLog>
    <FileLog>
      <ProjectId>aabe27ca-0e9f-47f0-98e9-f55da1a17805</ProjectId>
      <CorrelationId>Intent.ModuleBuilder.Templates.DocumentationTemplate#df333e89-d72a-4fd3-be2e-5b9fa6287cdd</CorrelationId>
      <OverwriteBehaviour>always</OverwriteBehaviour>
      <ApplicationRelativeFilePath>resources/documentation.json</ApplicationRelativeFilePath>
      <ProjectRelativeFilePath>documentation.json</ProjectRelativeFilePath>
      <IsIgnored>false</IsIgnored>
    </FileLog>
  </FileLogs>
</outputLog>