<?xml version="1.0" encoding="utf-8"?>
<outputLog>
  <ApplicationId>ceb815c5-d710-40ef-b963-541979dc5597</ApplicationId>
  <FileLogs>
    <FileLog>
      <CorrelationId>Intent.VisualStudio.Projects.VisualStudio2015Solution#b7e7581d-9257-4915-8fa7-e37895091bbd</CorrelationId>
      <OverwriteBehaviour>always</OverwriteBehaviour>
      <ApplicationRelativeFilePath>../Intent.Modules.sln</ApplicationRelativeFilePath>
      <IsIgnored>false</IsIgnored>
    </FileLog>
    <FileLog>
      <ProjectId>5276f3a7-b5cc-41d9-942e-1f983f39d0d1</ProjectId>
      <CorrelationId>Intent.ModuleBuilder.Templates.Api.ApiAssociationModel#fe5a5cd8-aabd-472f-8d42-f5c233e658dc</CorrelationId>
      <OverwriteBehaviour>always</OverwriteBehaviour>
      <ApplicationRelativeFilePath>Api/CallServiceOperationActionModel.cs</ApplicationRelativeFilePath>
      <ProjectRelativeFilePath>CallServiceOperationActionModel.cs</ProjectRelativeFilePath>
      <IsIgnored>false</IsIgnored>
    </FileLog>
    <FileLog>
      <ProjectId>5276f3a7-b5cc-41d9-942e-1f983f39d0d1</ProjectId>
      <CorrelationId>Intent.ModuleBuilder.Templates.Api.ApiAssociationModelExtensions#fe5a5cd8-aabd-472f-8d42-f5c233e658dc</CorrelationId>
      <OverwriteBehaviour>always</OverwriteBehaviour>
      <ApplicationRelativeFilePath>Api/CallServiceOperationActionModelAssociationExtensions.cs</ApplicationRelativeFilePath>
      <ProjectRelativeFilePath>CallServiceOperationActionModelAssociationExtensions.cs</ProjectRelativeFilePath>
      <IsIgnored>false</IsIgnored>
    </FileLog>
    <FileLog>
      <ProjectId>5276f3a7-b5cc-41d9-942e-1f983f39d0d1</ProjectId>
      <CorrelationId>Intent.ModuleBuilder.Templates.Api.ApiElementModel#4a1ce2a9-e79f-4e93-96af-24b44728ecbc</CorrelationId>
      <OverwriteBehaviour>always</OverwriteBehaviour>
      <ApplicationRelativeFilePath>Api/CommandParameterModel.cs</ApplicationRelativeFilePath>
      <ProjectRelativeFilePath>CommandParameterModel.cs</ProjectRelativeFilePath>
      <IsIgnored>false</IsIgnored>
    </FileLog>
    <FileLog>
      <ProjectId>5276f3a7-b5cc-41d9-942e-1f983f39d0d1</ProjectId>
      <CorrelationId>Intent.ModuleBuilder.Templates.Api.ApiElementModel#d6739ffc-30e6-4170-a105-bf28e69aa578</CorrelationId>
      <OverwriteBehaviour>always</OverwriteBehaviour>
      <ApplicationRelativeFilePath>Api/ComponentCommandModel.cs</ApplicationRelativeFilePath>
      <ProjectRelativeFilePath>ComponentCommandModel.cs</ProjectRelativeFilePath>
      <IsIgnored>false</IsIgnored>
    </FileLog>
    <FileLog>
      <ProjectId>5276f3a7-b5cc-41d9-942e-1f983f39d0d1</ProjectId>
      <CorrelationId>Intent.ModuleBuilder.Templates.Api.ApiElementModel#807bc2cd-cdba-482d-a47e-d2aa546200fc</CorrelationId>
      <OverwriteBehaviour>always</OverwriteBehaviour>
      <ApplicationRelativeFilePath>Api/ComponentInputModel.cs</ApplicationRelativeFilePath>
      <ProjectRelativeFilePath>ComponentInputModel.cs</ProjectRelativeFilePath>
      <IsIgnored>false</IsIgnored>
    </FileLog>
    <FileLog>
      <ProjectId>5276f3a7-b5cc-41d9-942e-1f983f39d0d1</ProjectId>
      <CorrelationId>Intent.ModuleBuilder.Templates.Api.ApiElementModel#b1c481e1-e91e-4c29-9817-00ab9cad4b6b</CorrelationId>
      <OverwriteBehaviour>always</OverwriteBehaviour>
      <ApplicationRelativeFilePath>Api/ComponentModel.cs</ApplicationRelativeFilePath>
      <ProjectRelativeFilePath>ComponentModel.cs</ProjectRelativeFilePath>
      <IsIgnored>false</IsIgnored>
    </FileLog>
    <FileLog>
      <ProjectId>5276f3a7-b5cc-41d9-942e-1f983f39d0d1</ProjectId>
      <CorrelationId>Intent.ModuleBuilder.Templates.Api.ApiElementModelExtensions#b1c481e1-e91e-4c29-9817-00ab9cad4b6b</CorrelationId>
      <OverwriteBehaviour>always</OverwriteBehaviour>
      <ApplicationRelativeFilePath>Api/ComponentModelStereotypeExtensions.cs</ApplicationRelativeFilePath>
      <ProjectRelativeFilePath>ComponentModelStereotypeExtensions.cs</ProjectRelativeFilePath>
      <IsIgnored>false</IsIgnored>
    </FileLog>
    <FileLog>
      <ProjectId>5276f3a7-b5cc-41d9-942e-1f983f39d0d1</ProjectId>
      <CorrelationId>Intent.ModuleBuilder.Templates.Api.ApiElementModel#356fbe17-bc63-4e16-b915-feefbc063cbe</CorrelationId>
      <OverwriteBehaviour>always</OverwriteBehaviour>
      <ApplicationRelativeFilePath>Api/ComponentPropertyModel.cs</ApplicationRelativeFilePath>
      <ProjectRelativeFilePath>ComponentPropertyModel.cs</ProjectRelativeFilePath>
      <IsIgnored>false</IsIgnored>
    </FileLog>
    <FileLog>
      <ProjectId>5276f3a7-b5cc-41d9-942e-1f983f39d0d1</ProjectId>
      <CorrelationId>Intent.ModuleBuilder.Templates.Api.ApiElementModelExtensions#356fbe17-bc63-4e16-b915-feefbc063cbe</CorrelationId>
      <OverwriteBehaviour>always</OverwriteBehaviour>
      <ApplicationRelativeFilePath>Api/ComponentPropertyModelStereotypeExtensions.cs</ApplicationRelativeFilePath>
      <ProjectRelativeFilePath>ComponentPropertyModelStereotypeExtensions.cs</ProjectRelativeFilePath>
      <IsIgnored>false</IsIgnored>
    </FileLog>
    <FileLog>
      <ProjectId>5276f3a7-b5cc-41d9-942e-1f983f39d0d1</ProjectId>
      <CorrelationId>Intent.ModuleBuilder.Templates.Api.ApiElementModel#624513a6-cba8-4dde-8ebe-6b19f00f0364</CorrelationId>
      <OverwriteBehaviour>always</OverwriteBehaviour>
      <ApplicationRelativeFilePath>Api/ComponentViewModel.cs</ApplicationRelativeFilePath>
      <ProjectRelativeFilePath>ComponentViewModel.cs</ProjectRelativeFilePath>
      <IsIgnored>false</IsIgnored>
    </FileLog>
    <FileLog>
      <ProjectId>5276f3a7-b5cc-41d9-942e-1f983f39d0d1</ProjectId>
      <CorrelationId>Intent.ModuleBuilder.Templates.Api.ApiElementModel#866a90f7-4044-43b9-bb05-7270c7889796</CorrelationId>
      <OverwriteBehaviour>always</OverwriteBehaviour>
      <ApplicationRelativeFilePath>Api/DisplayComponentModel.cs</ApplicationRelativeFilePath>
      <ProjectRelativeFilePath>DisplayComponentModel.cs</ProjectRelativeFilePath>
      <IsIgnored>false</IsIgnored>
    </FileLog>
    <FileLog>
      <ProjectId>5276f3a7-b5cc-41d9-942e-1f983f39d0d1</ProjectId>
      <CorrelationId>Intent.ModuleBuilder.Templates.Api.ApiElementExtensionModel#249c9f23-6006-44ed-bb4a-8cd4b00605d8</CorrelationId>
      <OverwriteBehaviour>always</OverwriteBehaviour>
      <ApplicationRelativeFilePath>Api/FolderExtensionModel.cs</ApplicationRelativeFilePath>
      <ProjectRelativeFilePath>FolderExtensionModel.cs</ProjectRelativeFilePath>
      <IsIgnored>false</IsIgnored>
    </FileLog>
    <FileLog>
      <ProjectId>5276f3a7-b5cc-41d9-942e-1f983f39d0d1</ProjectId>
      <CorrelationId>Intent.ModuleBuilder.Templates.Api.ApiElementModel#0dfc489c-7456-4a3d-a28b-50a633631a48</CorrelationId>
      <OverwriteBehaviour>always</OverwriteBehaviour>
      <ApplicationRelativeFilePath>Api/ModelDefinitionFieldModel.cs</ApplicationRelativeFilePath>
      <ProjectRelativeFilePath>ModelDefinitionFieldModel.cs</ProjectRelativeFilePath>
      <IsIgnored>false</IsIgnored>
    </FileLog>
    <FileLog>
      <ProjectId>5276f3a7-b5cc-41d9-942e-1f983f39d0d1</ProjectId>
      <CorrelationId>Intent.ModuleBuilder.Templates.Api.ApiElementModel#bd3941b5-e3b3-4a40-96e6-b9c87cea0101</CorrelationId>
      <OverwriteBehaviour>always</OverwriteBehaviour>
      <ApplicationRelativeFilePath>Api/ModelDefinitionModel.cs</ApplicationRelativeFilePath>
      <ProjectRelativeFilePath>ModelDefinitionModel.cs</ProjectRelativeFilePath>
      <IsIgnored>false</IsIgnored>
    </FileLog>
    <FileLog>
      <ProjectId>5276f3a7-b5cc-41d9-942e-1f983f39d0d1</ProjectId>
      <CorrelationId>Intent.ModuleBuilder.Templates.Api.ApiAssociationModel#6d2b2070-c1cb-4cd2-88b4-4e5f8414bd9e</CorrelationId>
      <OverwriteBehaviour>always</OverwriteBehaviour>
      <ApplicationRelativeFilePath>Api/NavigationModel.cs</ApplicationRelativeFilePath>
      <ProjectRelativeFilePath>NavigationModel.cs</ProjectRelativeFilePath>
      <IsIgnored>false</IsIgnored>
    </FileLog>
    <FileLog>
      <ProjectId>5276f3a7-b5cc-41d9-942e-1f983f39d0d1</ProjectId>
      <CorrelationId>Intent.ModuleBuilder.Templates.Api.ApiAssociationModelExtensions#6d2b2070-c1cb-4cd2-88b4-4e5f8414bd9e</CorrelationId>
      <OverwriteBehaviour>always</OverwriteBehaviour>
      <ApplicationRelativeFilePath>Api/NavigationModelAssociationExtensions.cs</ApplicationRelativeFilePath>
      <ProjectRelativeFilePath>NavigationModelAssociationExtensions.cs</ProjectRelativeFilePath>
      <IsIgnored>false</IsIgnored>
    </FileLog>
    <FileLog>
      <ProjectId>5276f3a7-b5cc-41d9-942e-1f983f39d0d1</ProjectId>
      <CorrelationId>Intent.ModuleBuilder.Templates.Api.ApiElementModel#8379e759-b247-4c32-b75a-e5db20b80524</CorrelationId>
      <OverwriteBehaviour>always</OverwriteBehaviour>
      <ApplicationRelativeFilePath>Api/OperationModel.cs</ApplicationRelativeFilePath>
      <ProjectRelativeFilePath>OperationModel.cs</ProjectRelativeFilePath>
      <IsIgnored>false</IsIgnored>
    </FileLog>
    <FileLog>
      <ProjectId>5276f3a7-b5cc-41d9-942e-1f983f39d0d1</ProjectId>
      <CorrelationId>Intent.ModuleBuilder.Templates.Api.ApiElementModel#c0f79407-3da3-446c-8e49-0596fb0b7cc2</CorrelationId>
      <OverwriteBehaviour>always</OverwriteBehaviour>
      <ApplicationRelativeFilePath>Api/ParameterModel.cs</ApplicationRelativeFilePath>
      <ProjectRelativeFilePath>ParameterModel.cs</ProjectRelativeFilePath>
      <IsIgnored>false</IsIgnored>
    </FileLog>
    <FileLog>
      <ProjectId>5276f3a7-b5cc-41d9-942e-1f983f39d0d1</ProjectId>
      <CorrelationId>Intent.ModuleBuilder.Templates.Api.ApiElementModel#f5b24d76-cd89-4733-b62d-f2c5d4a8ea66</CorrelationId>
      <OverwriteBehaviour>always</OverwriteBehaviour>
      <ApplicationRelativeFilePath>Api/ServiceModel.cs</ApplicationRelativeFilePath>
      <ProjectRelativeFilePath>ServiceModel.cs</ProjectRelativeFilePath>
      <IsIgnored>false</IsIgnored>
    </FileLog>
    <FileLog>
      <ProjectId>5276f3a7-b5cc-41d9-942e-1f983f39d0d1</ProjectId>
      <CorrelationId>Intent.ModuleBuilder.Templates.Api.ApiPackageModel#68bcd9b7-51db-4d6b-996a-3f0ec6a5f6d6</CorrelationId>
      <OverwriteBehaviour>always</OverwriteBehaviour>
      <ApplicationRelativeFilePath>Api/UserInterfacePackageModel.cs</ApplicationRelativeFilePath>
      <ProjectRelativeFilePath>UserInterfacePackageModel.cs</ProjectRelativeFilePath>
      <IsIgnored>false</IsIgnored>
    </FileLog>
    <FileLog>
      <ProjectId>da913b66-e595-4227-bd2b-4cb5e537785e</ProjectId>
      <CorrelationId>Intent.ModuleBuilder.Templates.Api.ApiMetadataDesignerExtensions</CorrelationId>
      <OverwriteBehaviour>always</OverwriteBehaviour>
      <ApplicationRelativeFilePath>ApiMetadataDesignerExtensions.cs</ApplicationRelativeFilePath>
      <ProjectRelativeFilePath>ApiMetadataDesignerExtensions.cs</ProjectRelativeFilePath>
      <IsIgnored>false</IsIgnored>
    </FileLog>
    <FileLog>
      <ProjectId>da913b66-e595-4227-bd2b-4cb5e537785e</ProjectId>
      <CorrelationId>Intent.ModuleBuilder.Templates.Api.ApiMetadataPackageExtensions</CorrelationId>
      <OverwriteBehaviour>always</OverwriteBehaviour>
      <ApplicationRelativeFilePath>ApiMetadataPackageExtensions.cs</ApplicationRelativeFilePath>
      <ProjectRelativeFilePath>ApiMetadataPackageExtensions.cs</ProjectRelativeFilePath>
      <IsIgnored>false</IsIgnored>
    </FileLog>
    <FileLog>
      <ProjectId>da913b66-e595-4227-bd2b-4cb5e537785e</ProjectId>
      <CorrelationId>Intent.ModuleBuilder.Templates.Api.ApiMetadataProviderExtensions</CorrelationId>
      <OverwriteBehaviour>always</OverwriteBehaviour>
      <ApplicationRelativeFilePath>ApiMetadataProviderExtensions.cs</ApplicationRelativeFilePath>
      <ProjectRelativeFilePath>ApiMetadataProviderExtensions.cs</ProjectRelativeFilePath>
      <IsIgnored>false</IsIgnored>
    </FileLog>
    <FileLog>
      <ProjectId>da913b66-e595-4227-bd2b-4cb5e537785e</ProjectId>
      <CorrelationId>Intent.ModuleBuilder.IModSpecFile</CorrelationId>
      <OverwriteBehaviour>always</OverwriteBehaviour>
      <ApplicationRelativeFilePath>Intent.Modelers.UI.imodspec</ApplicationRelativeFilePath>
      <ProjectRelativeFilePath>Intent.Modelers.UI.imodspec</ProjectRelativeFilePath>
      <IsIgnored>false</IsIgnored>
    </FileLog>
    <FileLog>
      <ProjectId>da913b66-e595-4227-bd2b-4cb5e537785e</ProjectId>
      <CorrelationId>Intent.VisualStudio.Projects.CoreLibrary.CSProject#da913b66-e595-4227-bd2b-4cb5e537785e</CorrelationId>
      <OverwriteBehaviour>always</OverwriteBehaviour>
      <ApplicationRelativeFilePath>Intent.Modules.Modelers.UI.csproj</ApplicationRelativeFilePath>
      <ProjectRelativeFilePath>Intent.Modules.Modelers.UI.csproj</ProjectRelativeFilePath>
      <IsIgnored>false</IsIgnored>
    </FileLog>
    <FileLog>
      <ProjectId>1cf7c6ee-1399-4f11-b00f-719c44882e8c</ProjectId>
      <CorrelationId>Intent.ModuleBuilder.DesignerSettings#444f582b-b875-4c72-9671-697b47fa367c</CorrelationId>
      <OverwriteBehaviour>always</OverwriteBehaviour>
      <ApplicationRelativeFilePath>modelers/User Interface Core Types.designer.settings</ApplicationRelativeFilePath>
      <ProjectRelativeFilePath>User Interface Core Types.designer.settings</ProjectRelativeFilePath>
      <IsIgnored>false</IsIgnored>
    </FileLog>
    <FileLog>
      <ProjectId>1cf7c6ee-1399-4f11-b00f-719c44882e8c</ProjectId>
      <CorrelationId>Intent.ModuleBuilder.DesignerConfig#c3272f56-ac56-4ac1-a9d6-bcb8cd73eec2</CorrelationId>
      <OverwriteBehaviour>always</OverwriteBehaviour>
      <ApplicationRelativeFilePath>modelers/User Interface.designer.config</ApplicationRelativeFilePath>
      <ProjectRelativeFilePath>User Interface.designer.config</ProjectRelativeFilePath>
      <IsIgnored>false</IsIgnored>
    </FileLog>
  </FileLogs>
</outputLog>