<?xml version="1.0" encoding="utf-8"?>
<outputLog>
  <ApplicationId>854cb9ab-83bb-4cfa-8468-e72690f40c6b</ApplicationId>
  <FileLogs>
    <FileLog>
      <CorrelationId>Intent.VisualStudio.Projects.VisualStudioSolution#2a36f82e-357a-485e-bbe3-8d9a22c4a941</CorrelationId>
      <OverwriteBehaviour>always</OverwriteBehaviour>
      <ApplicationRelativeFilePath>../Intent.Modules.sln</ApplicationRelativeFilePath>
      <IsIgnored>false</IsIgnored>
    </FileLog>
    <FileLog>
      <ProjectId>30a4e6bb-5d5d-4fb2-bbbd-aa628b661ea2</ProjectId>
      <CorrelationId>Intent.ModuleBuilder.Templates.Api.ApiElementModel#ff1ddb80-16e4-4e63-ace3-4ef96a03b4b0</CorrelationId>
      <OverwriteBehaviour>always</OverwriteBehaviour>
      <ApplicationRelativeFilePath>Api/AutoCompleteModel.cs</ApplicationRelativeFilePath>
      <ProjectRelativeFilePath>AutoCompleteModel.cs</ProjectRelativeFilePath>
      <IsIgnored>false</IsIgnored>
    </FileLog>
    <FileLog>
      <ProjectId>30a4e6bb-5d5d-4fb2-bbbd-aa628b661ea2</ProjectId>
      <CorrelationId>Intent.ModuleBuilder.Templates.Api.ApiElementModelExtensions#ff1ddb80-16e4-4e63-ace3-4ef96a03b4b0</CorrelationId>
      <OverwriteBehaviour>always</OverwriteBehaviour>
      <ApplicationRelativeFilePath>Api/AutoCompleteModelStereotypeExtensions.cs</ApplicationRelativeFilePath>
      <ProjectRelativeFilePath>AutoCompleteModelStereotypeExtensions.cs</ProjectRelativeFilePath>
      <IsIgnored>false</IsIgnored>
    </FileLog>
    <FileLog>
      <ProjectId>30a4e6bb-5d5d-4fb2-bbbd-aa628b661ea2</ProjectId>
      <CorrelationId>Intent.ModuleBuilder.Templates.Api.ApiElementModel#4474d808-f6fd-405f-a9c7-6998cd000ede</CorrelationId>
      <OverwriteBehaviour>always</OverwriteBehaviour>
      <ApplicationRelativeFilePath>Api/ButtonModel.cs</ApplicationRelativeFilePath>
      <ProjectRelativeFilePath>ButtonModel.cs</ProjectRelativeFilePath>
      <IsIgnored>false</IsIgnored>
    </FileLog>
    <FileLog>
      <ProjectId>30a4e6bb-5d5d-4fb2-bbbd-aa628b661ea2</ProjectId>
      <CorrelationId>Intent.ModuleBuilder.Templates.Api.ApiElementModelExtensions#4474d808-f6fd-405f-a9c7-6998cd000ede</CorrelationId>
      <OverwriteBehaviour>always</OverwriteBehaviour>
      <ApplicationRelativeFilePath>Api/ButtonModelStereotypeExtensions.cs</ApplicationRelativeFilePath>
      <ProjectRelativeFilePath>ButtonModelStereotypeExtensions.cs</ProjectRelativeFilePath>
      <IsIgnored>false</IsIgnored>
    </FileLog>
    <FileLog>
      <ProjectId>30a4e6bb-5d5d-4fb2-bbbd-aa628b661ea2</ProjectId>
      <CorrelationId>Intent.ModuleBuilder.Templates.Api.ApiElementModel#8dd9e894-be78-41ec-89f2-d2bd2d26d8d6</CorrelationId>
      <OverwriteBehaviour>always</OverwriteBehaviour>
      <ApplicationRelativeFilePath>Api/CardActionsModel.cs</ApplicationRelativeFilePath>
      <ProjectRelativeFilePath>CardActionsModel.cs</ProjectRelativeFilePath>
      <IsIgnored>false</IsIgnored>
    </FileLog>
    <FileLog>
      <ProjectId>30a4e6bb-5d5d-4fb2-bbbd-aa628b661ea2</ProjectId>
      <CorrelationId>Intent.ModuleBuilder.Templates.Api.ApiElementModel#57319385-c7e0-43eb-a2d8-b7cb1ddce2e2</CorrelationId>
      <OverwriteBehaviour>always</OverwriteBehaviour>
      <ApplicationRelativeFilePath>Api/CardContentModel.cs</ApplicationRelativeFilePath>
      <ProjectRelativeFilePath>CardContentModel.cs</ProjectRelativeFilePath>
      <IsIgnored>false</IsIgnored>
    </FileLog>
    <FileLog>
      <ProjectId>30a4e6bb-5d5d-4fb2-bbbd-aa628b661ea2</ProjectId>
      <CorrelationId>Intent.ModuleBuilder.Templates.Api.ApiElementModel#61bd2c09-fb56-4f0a-9d45-7a04c649a965</CorrelationId>
      <OverwriteBehaviour>always</OverwriteBehaviour>
      <ApplicationRelativeFilePath>Api/CardHeaderModel.cs</ApplicationRelativeFilePath>
      <ProjectRelativeFilePath>CardHeaderModel.cs</ProjectRelativeFilePath>
      <IsIgnored>false</IsIgnored>
    </FileLog>
    <FileLog>
      <ProjectId>30a4e6bb-5d5d-4fb2-bbbd-aa628b661ea2</ProjectId>
      <CorrelationId>Intent.ModuleBuilder.Templates.Api.ApiElementModel#dfe420aa-426a-4517-bcd1-83cf5ec074fe</CorrelationId>
      <OverwriteBehaviour>always</OverwriteBehaviour>
      <ApplicationRelativeFilePath>Api/CardModel.cs</ApplicationRelativeFilePath>
      <ProjectRelativeFilePath>CardModel.cs</ProjectRelativeFilePath>
      <IsIgnored>false</IsIgnored>
    </FileLog>
    <FileLog>
      <ProjectId>30a4e6bb-5d5d-4fb2-bbbd-aa628b661ea2</ProjectId>
      <CorrelationId>Intent.ModuleBuilder.Templates.Api.ApiElementModel#be9ecdbd-6ded-4057-af76-1b09f3a6cea3</CorrelationId>
      <OverwriteBehaviour>always</OverwriteBehaviour>
      <ApplicationRelativeFilePath>Api/CheckboxModel.cs</ApplicationRelativeFilePath>
      <ProjectRelativeFilePath>CheckboxModel.cs</ProjectRelativeFilePath>
      <IsIgnored>false</IsIgnored>
    </FileLog>
    <FileLog>
      <ProjectId>30a4e6bb-5d5d-4fb2-bbbd-aa628b661ea2</ProjectId>
      <CorrelationId>Intent.ModuleBuilder.Templates.Api.ApiElementModelExtensions#be9ecdbd-6ded-4057-af76-1b09f3a6cea3</CorrelationId>
      <OverwriteBehaviour>always</OverwriteBehaviour>
      <ApplicationRelativeFilePath>Api/CheckboxModelStereotypeExtensions.cs</ApplicationRelativeFilePath>
      <ProjectRelativeFilePath>CheckboxModelStereotypeExtensions.cs</ProjectRelativeFilePath>
      <IsIgnored>false</IsIgnored>
    </FileLog>
    <FileLog>
      <ProjectId>30a4e6bb-5d5d-4fb2-bbbd-aa628b661ea2</ProjectId>
      <CorrelationId>Intent.ModuleBuilder.Templates.Api.ApiElementModel#d372c640-e649-4e67-84a8-4446f45288db</CorrelationId>
      <OverwriteBehaviour>always</OverwriteBehaviour>
      <ApplicationRelativeFilePath>Api/ColumnModel.cs</ApplicationRelativeFilePath>
      <ProjectRelativeFilePath>ColumnModel.cs</ProjectRelativeFilePath>
      <IsIgnored>false</IsIgnored>
    </FileLog>
    <FileLog>
      <ProjectId>30a4e6bb-5d5d-4fb2-bbbd-aa628b661ea2</ProjectId>
      <CorrelationId>Intent.ModuleBuilder.Templates.Api.ApiElementModel#b97ea181-2462-431f-8f62-f90f79509b9e</CorrelationId>
      <OverwriteBehaviour>always</OverwriteBehaviour>
      <ApplicationRelativeFilePath>Api/ContainerModel.cs</ApplicationRelativeFilePath>
      <ProjectRelativeFilePath>ContainerModel.cs</ProjectRelativeFilePath>
      <IsIgnored>false</IsIgnored>
    </FileLog>
    <FileLog>
      <ProjectId>30a4e6bb-5d5d-4fb2-bbbd-aa628b661ea2</ProjectId>
      <CorrelationId>Intent.ModuleBuilder.Templates.Api.ApiElementModel#9451fcdc-9406-4323-b354-2eaaabbf9ac5</CorrelationId>
      <OverwriteBehaviour>always</OverwriteBehaviour>
      <ApplicationRelativeFilePath>Api/DatePickerModel.cs</ApplicationRelativeFilePath>
      <ProjectRelativeFilePath>DatePickerModel.cs</ProjectRelativeFilePath>
      <IsIgnored>false</IsIgnored>
    </FileLog>
    <FileLog>
      <ProjectId>30a4e6bb-5d5d-4fb2-bbbd-aa628b661ea2</ProjectId>
      <CorrelationId>Intent.ModuleBuilder.Templates.Api.ApiElementModelExtensions#9451fcdc-9406-4323-b354-2eaaabbf9ac5</CorrelationId>
      <OverwriteBehaviour>always</OverwriteBehaviour>
      <ApplicationRelativeFilePath>Api/DatePickerModelStereotypeExtensions.cs</ApplicationRelativeFilePath>
      <ProjectRelativeFilePath>DatePickerModelStereotypeExtensions.cs</ProjectRelativeFilePath>
      <IsIgnored>false</IsIgnored>
    </FileLog>
    <FileLog>
      <ProjectId>30a4e6bb-5d5d-4fb2-bbbd-aa628b661ea2</ProjectId>
      <CorrelationId>Intent.ModuleBuilder.Templates.Api.ApiElementModel#247a4768-7c46-472c-b5ea-565b37194956</CorrelationId>
      <OverwriteBehaviour>always</OverwriteBehaviour>
      <ApplicationRelativeFilePath>Api/DialogActionsModel.cs</ApplicationRelativeFilePath>
      <ProjectRelativeFilePath>DialogActionsModel.cs</ProjectRelativeFilePath>
      <IsIgnored>false</IsIgnored>
    </FileLog>
    <FileLog>
      <ProjectId>30a4e6bb-5d5d-4fb2-bbbd-aa628b661ea2</ProjectId>
      <CorrelationId>Intent.ModuleBuilder.Templates.Api.ApiElementModel#69495016-6e72-4c18-bae5-2391e45cd234</CorrelationId>
      <OverwriteBehaviour>always</OverwriteBehaviour>
      <ApplicationRelativeFilePath>Api/DialogContentModel.cs</ApplicationRelativeFilePath>
      <ProjectRelativeFilePath>DialogContentModel.cs</ProjectRelativeFilePath>
      <IsIgnored>false</IsIgnored>
    </FileLog>
    <FileLog>
      <ProjectId>30a4e6bb-5d5d-4fb2-bbbd-aa628b661ea2</ProjectId>
      <CorrelationId>Intent.ModuleBuilder.Templates.Api.ApiElementModel#1260ae89-b0cc-4ae0-b21c-7e26d45f16a5</CorrelationId>
      <OverwriteBehaviour>always</OverwriteBehaviour>
      <ApplicationRelativeFilePath>Api/DialogModel.cs</ApplicationRelativeFilePath>
      <ProjectRelativeFilePath>DialogModel.cs</ProjectRelativeFilePath>
      <IsIgnored>false</IsIgnored>
    </FileLog>
    <FileLog>
      <ProjectId>30a4e6bb-5d5d-4fb2-bbbd-aa628b661ea2</ProjectId>
      <CorrelationId>Intent.ModuleBuilder.Templates.Api.ApiElementModel#c3a01bf4-20a8-4761-b62b-527d3005baff</CorrelationId>
      <OverwriteBehaviour>always</OverwriteBehaviour>
      <ApplicationRelativeFilePath>Api/DialogTitleModel.cs</ApplicationRelativeFilePath>
      <ProjectRelativeFilePath>DialogTitleModel.cs</ProjectRelativeFilePath>
      <IsIgnored>false</IsIgnored>
    </FileLog>
    <FileLog>
      <ProjectId>30a4e6bb-5d5d-4fb2-bbbd-aa628b661ea2</ProjectId>
      <CorrelationId>Intent.ModuleBuilder.Templates.Api.ApiElementModel#1cfd2d9d-1061-4c45-8b4e-074cfa8dacfd</CorrelationId>
      <OverwriteBehaviour>always</OverwriteBehaviour>
      <ApplicationRelativeFilePath>Api/FormModel.cs</ApplicationRelativeFilePath>
      <ProjectRelativeFilePath>FormModel.cs</ProjectRelativeFilePath>
      <IsIgnored>false</IsIgnored>
    </FileLog>
    <FileLog>
      <ProjectId>30a4e6bb-5d5d-4fb2-bbbd-aa628b661ea2</ProjectId>
      <CorrelationId>Intent.ModuleBuilder.Templates.Api.ApiElementModelExtensions#1cfd2d9d-1061-4c45-8b4e-074cfa8dacfd</CorrelationId>
      <OverwriteBehaviour>always</OverwriteBehaviour>
      <ApplicationRelativeFilePath>Api/FormModelStereotypeExtensions.cs</ApplicationRelativeFilePath>
      <ProjectRelativeFilePath>FormModelStereotypeExtensions.cs</ProjectRelativeFilePath>
      <IsIgnored>false</IsIgnored>
    </FileLog>
    <FileLog>
      <ProjectId>30a4e6bb-5d5d-4fb2-bbbd-aa628b661ea2</ProjectId>
      <CorrelationId>Intent.ModuleBuilder.Templates.Api.ApiElementModel#3c5f8ea8-061a-4e71-826f-59f9281abe71</CorrelationId>
      <OverwriteBehaviour>always</OverwriteBehaviour>
      <ApplicationRelativeFilePath>Api/IconModel.cs</ApplicationRelativeFilePath>
      <ProjectRelativeFilePath>IconModel.cs</ProjectRelativeFilePath>
      <IsIgnored>false</IsIgnored>
    </FileLog>
    <FileLog>
      <ProjectId>30a4e6bb-5d5d-4fb2-bbbd-aa628b661ea2</ProjectId>
      <CorrelationId>Intent.ModuleBuilder.Templates.Api.ApiElementModel#329f635b-a55c-465f-b966-fe8411a5f57c</CorrelationId>
      <OverwriteBehaviour>always</OverwriteBehaviour>
      <ApplicationRelativeFilePath>Api/ImageModel.cs</ApplicationRelativeFilePath>
      <ProjectRelativeFilePath>ImageModel.cs</ProjectRelativeFilePath>
      <IsIgnored>false</IsIgnored>
    </FileLog>
    <FileLog>
      <ProjectId>30a4e6bb-5d5d-4fb2-bbbd-aa628b661ea2</ProjectId>
      <CorrelationId>Intent.ModuleBuilder.Templates.Api.ApiElementModel#a274918b-72d1-4913-95de-0a801ac90ce4</CorrelationId>
      <OverwriteBehaviour>always</OverwriteBehaviour>
      <ApplicationRelativeFilePath>Api/LinkModel.cs</ApplicationRelativeFilePath>
      <ProjectRelativeFilePath>LinkModel.cs</ProjectRelativeFilePath>
      <IsIgnored>false</IsIgnored>
    </FileLog>
    <FileLog>
      <ProjectId>30a4e6bb-5d5d-4fb2-bbbd-aa628b661ea2</ProjectId>
      <CorrelationId>Intent.ModuleBuilder.Templates.Api.ApiElementModel#adbf2fa8-6833-4c24-960a-31d8a41fd1ed</CorrelationId>
      <OverwriteBehaviour>always</OverwriteBehaviour>
      <ApplicationRelativeFilePath>Api/MenuItemModel.cs</ApplicationRelativeFilePath>
      <ProjectRelativeFilePath>MenuItemModel.cs</ProjectRelativeFilePath>
      <IsIgnored>false</IsIgnored>
    </FileLog>
    <FileLog>
      <ProjectId>30a4e6bb-5d5d-4fb2-bbbd-aa628b661ea2</ProjectId>
      <CorrelationId>Intent.ModuleBuilder.Templates.Api.ApiElementModel#d7282bf2-1626-4b8b-9446-1d530527db06</CorrelationId>
      <OverwriteBehaviour>always</OverwriteBehaviour>
      <ApplicationRelativeFilePath>Api/NavigationMenuModel.cs</ApplicationRelativeFilePath>
      <ProjectRelativeFilePath>NavigationMenuModel.cs</ProjectRelativeFilePath>
      <IsIgnored>false</IsIgnored>
    </FileLog>
    <FileLog>
      <ProjectId>30a4e6bb-5d5d-4fb2-bbbd-aa628b661ea2</ProjectId>
      <CorrelationId>Intent.ModuleBuilder.Templates.Api.ApiElementModel#4af9a7f0-ca24-4681-8e32-2a8d3dacb6ed</CorrelationId>
      <OverwriteBehaviour>always</OverwriteBehaviour>
      <ApplicationRelativeFilePath>Api/RadioGroupModel.cs</ApplicationRelativeFilePath>
      <ProjectRelativeFilePath>RadioGroupModel.cs</ProjectRelativeFilePath>
      <IsIgnored>false</IsIgnored>
    </FileLog>
    <FileLog>
      <ProjectId>30a4e6bb-5d5d-4fb2-bbbd-aa628b661ea2</ProjectId>
      <CorrelationId>Intent.ModuleBuilder.Templates.Api.ApiElementModelExtensions#4af9a7f0-ca24-4681-8e32-2a8d3dacb6ed</CorrelationId>
      <OverwriteBehaviour>always</OverwriteBehaviour>
      <ApplicationRelativeFilePath>Api/RadioGroupModelStereotypeExtensions.cs</ApplicationRelativeFilePath>
      <ProjectRelativeFilePath>RadioGroupModelStereotypeExtensions.cs</ProjectRelativeFilePath>
      <IsIgnored>false</IsIgnored>
    </FileLog>
    <FileLog>
      <ProjectId>30a4e6bb-5d5d-4fb2-bbbd-aa628b661ea2</ProjectId>
      <CorrelationId>Intent.ModuleBuilder.Templates.Api.ApiElementModel#78e0bdf7-424f-4820-95d5-b756b0ebc87a</CorrelationId>
      <OverwriteBehaviour>always</OverwriteBehaviour>
      <ApplicationRelativeFilePath>Api/SelectModel.cs</ApplicationRelativeFilePath>
      <ProjectRelativeFilePath>SelectModel.cs</ProjectRelativeFilePath>
      <IsIgnored>false</IsIgnored>
    </FileLog>
    <FileLog>
      <ProjectId>30a4e6bb-5d5d-4fb2-bbbd-aa628b661ea2</ProjectId>
      <CorrelationId>Intent.ModuleBuilder.Templates.Api.ApiElementModelExtensions#78e0bdf7-424f-4820-95d5-b756b0ebc87a</CorrelationId>
      <OverwriteBehaviour>always</OverwriteBehaviour>
      <ApplicationRelativeFilePath>Api/SelectModelStereotypeExtensions.cs</ApplicationRelativeFilePath>
      <ProjectRelativeFilePath>SelectModelStereotypeExtensions.cs</ProjectRelativeFilePath>
      <IsIgnored>false</IsIgnored>
    </FileLog>
    <FileLog>
      <ProjectId>30a4e6bb-5d5d-4fb2-bbbd-aa628b661ea2</ProjectId>
      <CorrelationId>Intent.ModuleBuilder.Templates.Api.ApiAssociationModel#2a309fb2-c487-4c00-9462-16dac9824731</CorrelationId>
      <OverwriteBehaviour>always</OverwriteBehaviour>
      <ApplicationRelativeFilePath>Api/ShowDialogModel.cs</ApplicationRelativeFilePath>
      <ProjectRelativeFilePath>ShowDialogModel.cs</ProjectRelativeFilePath>
      <IsIgnored>false</IsIgnored>
    </FileLog>
    <FileLog>
      <ProjectId>30a4e6bb-5d5d-4fb2-bbbd-aa628b661ea2</ProjectId>
      <CorrelationId>Intent.ModuleBuilder.Templates.Api.ApiAssociationModelExtensions#2a309fb2-c487-4c00-9462-16dac9824731</CorrelationId>
      <OverwriteBehaviour>always</OverwriteBehaviour>
      <ApplicationRelativeFilePath>Api/ShowDialogModelAssociationExtensions.cs</ApplicationRelativeFilePath>
      <ProjectRelativeFilePath>ShowDialogModelAssociationExtensions.cs</ProjectRelativeFilePath>
      <IsIgnored>false</IsIgnored>
    </FileLog>
    <FileLog>
      <ProjectId>30a4e6bb-5d5d-4fb2-bbbd-aa628b661ea2</ProjectId>
      <CorrelationId>Intent.ModuleBuilder.Templates.Api.ApiElementModel#eee93c29-3d58-4e42-aea9-c00451d17469</CorrelationId>
      <OverwriteBehaviour>always</OverwriteBehaviour>
      <ApplicationRelativeFilePath>Api/TableModel.cs</ApplicationRelativeFilePath>
      <ProjectRelativeFilePath>TableModel.cs</ProjectRelativeFilePath>
      <IsIgnored>false</IsIgnored>
    </FileLog>
    <FileLog>
      <ProjectId>30a4e6bb-5d5d-4fb2-bbbd-aa628b661ea2</ProjectId>
      <CorrelationId>Intent.ModuleBuilder.Templates.Api.ApiElementModelExtensions#eee93c29-3d58-4e42-aea9-c00451d17469</CorrelationId>
      <OverwriteBehaviour>always</OverwriteBehaviour>
      <ApplicationRelativeFilePath>Api/TableModelStereotypeExtensions.cs</ApplicationRelativeFilePath>
      <ProjectRelativeFilePath>TableModelStereotypeExtensions.cs</ProjectRelativeFilePath>
      <IsIgnored>false</IsIgnored>
    </FileLog>
    <FileLog>
      <ProjectId>30a4e6bb-5d5d-4fb2-bbbd-aa628b661ea2</ProjectId>
      <CorrelationId>Intent.ModuleBuilder.Templates.Api.ApiElementModel#4803bf60-c626-4cbe-94ed-0f1eafff9fe3</CorrelationId>
      <OverwriteBehaviour>always</OverwriteBehaviour>
      <ApplicationRelativeFilePath>Api/TextInputModel.cs</ApplicationRelativeFilePath>
      <ProjectRelativeFilePath>TextInputModel.cs</ProjectRelativeFilePath>
      <IsIgnored>false</IsIgnored>
    </FileLog>
    <FileLog>
      <ProjectId>30a4e6bb-5d5d-4fb2-bbbd-aa628b661ea2</ProjectId>
      <CorrelationId>Intent.ModuleBuilder.Templates.Api.ApiElementModelExtensions#4803bf60-c626-4cbe-94ed-0f1eafff9fe3</CorrelationId>
      <OverwriteBehaviour>always</OverwriteBehaviour>
      <ApplicationRelativeFilePath>Api/TextInputModelStereotypeExtensions.cs</ApplicationRelativeFilePath>
      <ProjectRelativeFilePath>TextInputModelStereotypeExtensions.cs</ProjectRelativeFilePath>
      <IsIgnored>false</IsIgnored>
    </FileLog>
    <FileLog>
      <ProjectId>30a4e6bb-5d5d-4fb2-bbbd-aa628b661ea2</ProjectId>
      <CorrelationId>Intent.ModuleBuilder.Templates.Api.ApiElementModel#922150d2-42e6-4805-a002-f9580cdf7f6f</CorrelationId>
      <OverwriteBehaviour>always</OverwriteBehaviour>
      <ApplicationRelativeFilePath>Api/TextModel.cs</ApplicationRelativeFilePath>
      <ProjectRelativeFilePath>TextModel.cs</ProjectRelativeFilePath>
      <IsIgnored>false</IsIgnored>
    </FileLog>
    <FileLog>
      <ProjectId>40a4c944-a48a-4924-acce-8bc1b215a614</ProjectId>
      <CorrelationId>Intent.ModuleBuilder.IModSpecFile</CorrelationId>
      <OverwriteBehaviour>always</OverwriteBehaviour>
      <ApplicationRelativeFilePath>Intent.Modelers.UI.Core.imodspec</ApplicationRelativeFilePath>
      <ProjectRelativeFilePath>Intent.Modelers.UI.Core.imodspec</ProjectRelativeFilePath>
      <IsIgnored>false</IsIgnored>
    </FileLog>
    <FileLog>
      <ProjectId>40a4c944-a48a-4924-acce-8bc1b215a614</ProjectId>
      <CorrelationId>Intent.VisualStudio.Projects.CSharpProject#40a4c944-a48a-4924-acce-8bc1b215a614</CorrelationId>
      <OverwriteBehaviour>always</OverwriteBehaviour>
      <ApplicationRelativeFilePath>Intent.Modules.Modelers.UI.Core.csproj</ApplicationRelativeFilePath>
      <ProjectRelativeFilePath>Intent.Modules.Modelers.UI.Core.csproj</ProjectRelativeFilePath>
      <IsIgnored>false</IsIgnored>
    </FileLog>
    <FileLog>
      <ProjectId>9cdc2612-c2a0-4e28-aac5-e3d3fb9e4f0d</ProjectId>
      <CorrelationId>Intent.ModuleBuilder.DesignerSettings#3cd798f0-8cdf-42a4-b733-469632a86f27</CorrelationId>
      <OverwriteBehaviour>always</OverwriteBehaviour>
      <ApplicationRelativeFilePath>modelers/Common UI Components.designer.settings</ApplicationRelativeFilePath>
      <ProjectRelativeFilePath>Common UI Components.designer.settings</ProjectRelativeFilePath>
      <IsIgnored>false</IsIgnored>
    </FileLog>
  </FileLogs>
</outputLog>