<?xml version="1.0" encoding="utf-8"?>
<outputLog>
  <ApplicationId>fbb9e269-8250-4831-a2ec-f73b68658e77</ApplicationId>
  <FileLogs>
    <FileLog>
      <CorrelationId>Intent.VisualStudio.Projects.VisualStudio2015Solution#9b741307-a2fa-4da6-8894-1c184735b9b5</CorrelationId>
      <OverwriteBehaviour>always</OverwriteBehaviour>
      <ApplicationRelativeFilePath>../Intent.Modules.sln</ApplicationRelativeFilePath>
      <IsIgnored>false</IsIgnored>
    </FileLog>
    <FileLog>
      <ProjectId>9a011180-c7a8-4ae9-b83e-2d3f4a3938dc</ProjectId>
      <CorrelationId>Intent.ModuleBuilder.Templates.Api.ApiElementModelExtensions#e27af6dd-e69e-4e80-a2e1-0bbe9493cf7a</CorrelationId>
      <OverwriteBehaviour>always</OverwriteBehaviour>
      <ApplicationRelativeFilePath>Api/Extensions/JavaFileTemplateModelStereotypeExtensions.cs</ApplicationRelativeFilePath>
      <ProjectRelativeFilePath>JavaFileTemplateModelStereotypeExtensions.cs</ProjectRelativeFilePath>
      <IsIgnored>false</IsIgnored>
    </FileLog>
    <FileLog>
      <ProjectId>0a230b08-c19a-4aa2-9c08-a904a945b5fc</ProjectId>
      <CorrelationId>Intent.ModuleBuilder.Templates.Api.ApiElementExtensionModel#8b6e4792-63ad-47f6-8aa2-78e9f74411bd</CorrelationId>
      <OverwriteBehaviour>always</OverwriteBehaviour>
      <ApplicationRelativeFilePath>Api/FolderExtensionModel.cs</ApplicationRelativeFilePath>
      <ProjectRelativeFilePath>FolderExtensionModel.cs</ProjectRelativeFilePath>
      <IsIgnored>false</IsIgnored>
    </FileLog>
    <FileLog>
      <ProjectId>0a230b08-c19a-4aa2-9c08-a904a945b5fc</ProjectId>
      <CorrelationId>Intent.ModuleBuilder.Templates.Api.ApiPackageExtensionModel#b0785445-b91c-4198-ab06-8974fe97b42b</CorrelationId>
      <OverwriteBehaviour>always</OverwriteBehaviour>
      <ApplicationRelativeFilePath>Api/IntentModuleExtensionModel.cs</ApplicationRelativeFilePath>
      <ProjectRelativeFilePath>IntentModuleExtensionModel.cs</ProjectRelativeFilePath>
      <IsIgnored>false</IsIgnored>
    </FileLog>
    <FileLog>
      <ProjectId>0a230b08-c19a-4aa2-9c08-a904a945b5fc</ProjectId>
      <CorrelationId>Intent.ModuleBuilder.Templates.Api.ApiElementModel#e27af6dd-e69e-4e80-a2e1-0bbe9493cf7a</CorrelationId>
      <OverwriteBehaviour>always</OverwriteBehaviour>
      <ApplicationRelativeFilePath>Api/JavaFileTemplateModel.cs</ApplicationRelativeFilePath>
      <ProjectRelativeFilePath>JavaFileTemplateModel.cs</ProjectRelativeFilePath>
      <IsIgnored>false</IsIgnored>
    </FileLog>
    <FileLog>
      <ProjectId>9f8ea6a6-1bd6-4d87-aed3-913f7d651de6</ProjectId>
      <CorrelationId>Intent.ModuleBuilder.Templates.Api.ApiMetadataProviderExtensions</CorrelationId>
      <OverwriteBehaviour>always</OverwriteBehaviour>
      <ApplicationRelativeFilePath>ApiMetadataProviderExtensions.cs</ApplicationRelativeFilePath>
      <ProjectRelativeFilePath>ApiMetadataProviderExtensions.cs</ProjectRelativeFilePath>
      <IsIgnored>false</IsIgnored>
    </FileLog>
    <FileLog>
      <ProjectId>9f8ea6a6-1bd6-4d87-aed3-913f7d651de6</ProjectId>
      <CorrelationId>Intent.ModuleBuilder.IModSpecFile</CorrelationId>
      <OverwriteBehaviour>always</OverwriteBehaviour>
      <ApplicationRelativeFilePath>Intent.ModuleBuilder.Java.imodspec</ApplicationRelativeFilePath>
      <ProjectRelativeFilePath>Intent.ModuleBuilder.Java.imodspec</ProjectRelativeFilePath>
      <IsIgnored>false</IsIgnored>
    </FileLog>
    <FileLog>
      <ProjectId>9f8ea6a6-1bd6-4d87-aed3-913f7d651de6</ProjectId>
      <CorrelationId>Intent.VisualStudio.Projects.CoreLibrary.CSProject#9f8ea6a6-1bd6-4d87-aed3-913f7d651de6</CorrelationId>
      <OverwriteBehaviour>once-off</OverwriteBehaviour>
      <ApplicationRelativeFilePath>Intent.Modules.ModuleBuilder.Java.csproj</ApplicationRelativeFilePath>
      <ProjectRelativeFilePath>Intent.Modules.ModuleBuilder.Java.csproj</ProjectRelativeFilePath>
      <IsIgnored>false</IsIgnored>
    </FileLog>
    <FileLog>
      <ProjectId>bdaa5db3-cdd5-4572-9680-07a7262dd842</ProjectId>
      <CorrelationId>Intent.ModuleBuilder.DesignerSettings#f00bf9aa-2c87-45a2-932d-4b587198a092</CorrelationId>
      <OverwriteBehaviour>always</OverwriteBehaviour>
      <ApplicationRelativeFilePath>modelers/Java Types.designer.settings</ApplicationRelativeFilePath>
      <ProjectRelativeFilePath>Java Types.designer.settings</ProjectRelativeFilePath>
      <IsIgnored>false</IsIgnored>
    </FileLog>
    <FileLog>
      <ProjectId>9f8ea6a6-1bd6-4d87-aed3-913f7d651de6</ProjectId>
      <CorrelationId>Intent.ModuleBuilder.ReadMe</CorrelationId>
      <OverwriteBehaviour>always</OverwriteBehaviour>
      <ApplicationRelativeFilePath>README.txt</ApplicationRelativeFilePath>
      <ProjectRelativeFilePath>README.txt</ProjectRelativeFilePath>
      <IsIgnored>false</IsIgnored>
    </FileLog>
    <FileLog>
      <ProjectId>9f8ea6a6-1bd6-4d87-aed3-913f7d651de6</ProjectId>
      <CorrelationId>Intent.ModuleBuilder.CSharp.Templates.CSharpTemplate.T4Template.PreProcessed#219cf1bf-d9d3-4d51-9e18-1c51b9e128d6</CorrelationId>
      <OverwriteBehaviour>always</OverwriteBehaviour>
      <ApplicationRelativeFilePath>Templates/JavaFileStringInterpolation/JavaFileStringInterpolationTemplate.cs</ApplicationRelativeFilePath>
      <ProjectRelativeFilePath>Templates/JavaFileStringInterpolation/JavaFileStringInterpolationTemplate.cs</ProjectRelativeFilePath>
      <IsIgnored>false</IsIgnored>
    </FileLog>
    <FileLog>
      <ProjectId>9f8ea6a6-1bd6-4d87-aed3-913f7d651de6</ProjectId>
      <CorrelationId>Intent.ModuleBuilder.CSharp.Templates.CSharpT4Template#219cf1bf-d9d3-4d51-9e18-1c51b9e128d6</CorrelationId>
      <OverwriteBehaviour>always</OverwriteBehaviour>
      <ApplicationRelativeFilePath>Templates/JavaFileStringInterpolation/JavaFileStringInterpolationTemplate.tt</ApplicationRelativeFilePath>
      <ProjectRelativeFilePath>Templates/JavaFileStringInterpolation/JavaFileStringInterpolationTemplate.tt</ProjectRelativeFilePath>
      <IsIgnored>false</IsIgnored>
    </FileLog>
    <FileLog>
      <ProjectId>9f8ea6a6-1bd6-4d87-aed3-913f7d651de6</ProjectId>
      <CorrelationId>Intent.ModuleBuilder.CSharp.Templates.CSharpTemplatePartial#219cf1bf-d9d3-4d51-9e18-1c51b9e128d6</CorrelationId>
      <OverwriteBehaviour>always</OverwriteBehaviour>
      <ApplicationRelativeFilePath>Templates/JavaFileStringInterpolation/JavaFileStringInterpolationTemplatePartial.cs</ApplicationRelativeFilePath>
      <ProjectRelativeFilePath>Templates/JavaFileStringInterpolation/JavaFileStringInterpolationTemplatePartial.cs</ProjectRelativeFilePath>
      <IsIgnored>false</IsIgnored>
    </FileLog>
    <FileLog>
      <ProjectId>9f8ea6a6-1bd6-4d87-aed3-913f7d651de6</ProjectId>
      <CorrelationId>Intent.ModuleBuilder.TemplateRegistration.FilePerModel#219cf1bf-d9d3-4d51-9e18-1c51b9e128d6</CorrelationId>
      <OverwriteBehaviour>always</OverwriteBehaviour>
      <ApplicationRelativeFilePath>Templates/JavaFileStringInterpolation/JavaFileStringInterpolationTemplateRegistration.cs</ApplicationRelativeFilePath>
      <ProjectRelativeFilePath>Templates/JavaFileStringInterpolation/JavaFileStringInterpolationTemplateRegistration.cs</ProjectRelativeFilePath>
      <IsIgnored>false</IsIgnored>
    </FileLog>
    <FileLog>
      <ProjectId>9f8ea6a6-1bd6-4d87-aed3-913f7d651de6</ProjectId>
      <CorrelationId>Intent.ModuleBuilder.ProjectItemTemplate.Partial#cdbb1d18-782b-4d46-9b3a-42c6114187ec</CorrelationId>
      <OverwriteBehaviour>always</OverwriteBehaviour>
      <ApplicationRelativeFilePath>Templates/JavaFileT4/JavaFileT4TemplatePartial.cs</ApplicationRelativeFilePath>
      <ProjectRelativeFilePath>Templates/JavaFileT4/JavaFileT4TemplatePartial.cs</ProjectRelativeFilePath>
      <IsIgnored>false</IsIgnored>
    </FileLog>
    <FileLog>
      <ProjectId>9f8ea6a6-1bd6-4d87-aed3-913f7d651de6</ProjectId>
      <CorrelationId>Intent.ModuleBuilder.TemplateRegistration.FilePerModel#cdbb1d18-782b-4d46-9b3a-42c6114187ec</CorrelationId>
      <OverwriteBehaviour>always</OverwriteBehaviour>
      <ApplicationRelativeFilePath>Templates/JavaFileT4/JavaFileT4TemplateRegistration.cs</ApplicationRelativeFilePath>
      <ProjectRelativeFilePath>Templates/JavaFileT4/JavaFileT4TemplateRegistration.cs</ProjectRelativeFilePath>
      <IsIgnored>false</IsIgnored>
    </FileLog>
    <FileLog>
      <ProjectId>9f8ea6a6-1bd6-4d87-aed3-913f7d651de6</ProjectId>
      <CorrelationId>Intent.ModuleBuilder.CSharp.Templates.CSharpTemplate.T4Template.PreProcessed#70e44e1f-2fd8-4c61-a7aa-d622a7c08eac</CorrelationId>
      <OverwriteBehaviour>always</OverwriteBehaviour>
      <ApplicationRelativeFilePath>Templates/JavaFileTemplatePartial/JavaFileTemplatePartialTemplate.cs</ApplicationRelativeFilePath>
      <ProjectRelativeFilePath>Templates/JavaFileTemplatePartial/JavaFileTemplatePartialTemplate.cs</ProjectRelativeFilePath>
      <IsIgnored>false</IsIgnored>
    </FileLog>
    <FileLog>
      <ProjectId>9f8ea6a6-1bd6-4d87-aed3-913f7d651de6</ProjectId>
      <CorrelationId>Intent.ModuleBuilder.CSharp.Templates.CSharpT4Template#70e44e1f-2fd8-4c61-a7aa-d622a7c08eac</CorrelationId>
      <OverwriteBehaviour>always</OverwriteBehaviour>
      <ApplicationRelativeFilePath>Templates/JavaFileTemplatePartial/JavaFileTemplatePartialTemplate.tt</ApplicationRelativeFilePath>
      <ProjectRelativeFilePath>Templates/JavaFileTemplatePartial/JavaFileTemplatePartialTemplate.tt</ProjectRelativeFilePath>
      <IsIgnored>false</IsIgnored>
    </FileLog>
    <FileLog>
      <ProjectId>9f8ea6a6-1bd6-4d87-aed3-913f7d651de6</ProjectId>
      <CorrelationId>Intent.ModuleBuilder.CSharp.Templates.CSharpTemplatePartial#70e44e1f-2fd8-4c61-a7aa-d622a7c08eac</CorrelationId>
      <OverwriteBehaviour>always</OverwriteBehaviour>
      <ApplicationRelativeFilePath>Templates/JavaFileTemplatePartial/JavaFileTemplatePartialTemplatePartial.cs</ApplicationRelativeFilePath>
      <ProjectRelativeFilePath>Templates/JavaFileTemplatePartial/JavaFileTemplatePartialTemplatePartial.cs</ProjectRelativeFilePath>
      <IsIgnored>false</IsIgnored>
    </FileLog>
    <FileLog>
      <ProjectId>9f8ea6a6-1bd6-4d87-aed3-913f7d651de6</ProjectId>
      <CorrelationId>Intent.ModuleBuilder.TemplateRegistration.FilePerModel#70e44e1f-2fd8-4c61-a7aa-d622a7c08eac</CorrelationId>
      <OverwriteBehaviour>always</OverwriteBehaviour>
      <ApplicationRelativeFilePath>Templates/JavaFileTemplatePartial/JavaFileTemplatePartialTemplateRegistration.cs</ApplicationRelativeFilePath>
      <ProjectRelativeFilePath>Templates/JavaFileTemplatePartial/JavaFileTemplatePartialTemplateRegistration.cs</ProjectRelativeFilePath>
      <IsIgnored>false</IsIgnored>
    </FileLog>
    <FileLog>
      <ProjectId>0142a744-ee77-4742-9124-58d26ac838c7</ProjectId>
      <CorrelationId>Intent.ModuleBuilder.Templates.TemplateExtensions</CorrelationId>
      <OverwriteBehaviour>always</OverwriteBehaviour>
      <ApplicationRelativeFilePath>Templates/TemplateExtensions.cs</ApplicationRelativeFilePath>
      <ProjectRelativeFilePath>TemplateExtensions.cs</ProjectRelativeFilePath>
      <IsIgnored>true</IsIgnored>
    </FileLog>
  </FileLogs>
</outputLog>