<?xml version="1.0" encoding="utf-8"?>
<outputLog>
  <ApplicationId>7434cb26-b5cd-4500-a6af-416ddebbdb3b</ApplicationId>
  <FileLogs>
    <FileLog>
      <CorrelationId>Intent.VisualStudio.Projects.VisualStudio2015Solution#b77ba6cd-36db-42a2-b364-e0c1c70aeb77</CorrelationId>
      <OverwriteBehaviour>always</OverwriteBehaviour>
      <ApplicationRelativeFilePath>../Intent.Modules.sln</ApplicationRelativeFilePath>
      <IsIgnored>false</IsIgnored>
    </FileLog>
    <FileLog>
      <ProjectId>ab8fc3fd-c7ef-4382-b69e-143e69025a08</ProjectId>
      <CorrelationId>Intent.ModuleBuilder.Templates.Api.ApiElementModel#c0028dcd-38fd-42e4-b7d5-1c639d8899bd</CorrelationId>
      <OverwriteBehaviour>always</OverwriteBehaviour>
      <ApplicationRelativeFilePath>Api/APIGatewayModel.cs</ApplicationRelativeFilePath>
      <ProjectRelativeFilePath>APIGatewayModel.cs</ProjectRelativeFilePath>
      <IsIgnored>false</IsIgnored>
    </FileLog>
    <FileLog>
      <ProjectId>ab8fc3fd-c7ef-4382-b69e-143e69025a08</ProjectId>
      <CorrelationId>Intent.ModuleBuilder.Templates.Api.ApiElementModel#cb7ae7cf-cf9a-4950-83e4-83533d72cec0</CorrelationId>
      <OverwriteBehaviour>always</OverwriteBehaviour>
      <ApplicationRelativeFilePath>Api/APIMethodModel.cs</ApplicationRelativeFilePath>
      <ProjectRelativeFilePath>APIMethodModel.cs</ProjectRelativeFilePath>
      <IsIgnored>false</IsIgnored>
    </FileLog>
    <FileLog>
      <ProjectId>ab8fc3fd-c7ef-4382-b69e-143e69025a08</ProjectId>
      <CorrelationId>Intent.ModuleBuilder.Templates.Api.ApiElementModel#9068f9a7-015b-410c-9e9b-fe97a647ec8a</CorrelationId>
      <OverwriteBehaviour>always</OverwriteBehaviour>
      <ApplicationRelativeFilePath>Api/APIMethodTypeModel.cs</ApplicationRelativeFilePath>
      <ProjectRelativeFilePath>APIMethodTypeModel.cs</ProjectRelativeFilePath>
      <IsIgnored>false</IsIgnored>
    </FileLog>
    <FileLog>
      <ProjectId>ab8fc3fd-c7ef-4382-b69e-143e69025a08</ProjectId>
      <CorrelationId>Intent.ModuleBuilder.Templates.Api.ApiElementModelExtensions#9068f9a7-015b-410c-9e9b-fe97a647ec8a</CorrelationId>
      <OverwriteBehaviour>always</OverwriteBehaviour>
      <ApplicationRelativeFilePath>Api/APIMethodTypeModelStereotypeExtensions.cs</ApplicationRelativeFilePath>
      <ProjectRelativeFilePath>APIMethodTypeModelStereotypeExtensions.cs</ProjectRelativeFilePath>
      <IsIgnored>false</IsIgnored>
    </FileLog>
    <FileLog>
      <ProjectId>ab8fc3fd-c7ef-4382-b69e-143e69025a08</ProjectId>
      <CorrelationId>Intent.ModuleBuilder.Templates.Api.ApiElementModel#58fa3b8b-0ce2-40c1-9113-dcccfc8cae67</CorrelationId>
      <OverwriteBehaviour>always</OverwriteBehaviour>
      <ApplicationRelativeFilePath>Api/APIResourceModel.cs</ApplicationRelativeFilePath>
      <ProjectRelativeFilePath>APIResourceModel.cs</ProjectRelativeFilePath>
      <IsIgnored>false</IsIgnored>
    </FileLog>
    <FileLog>
      <ProjectId>ab8fc3fd-c7ef-4382-b69e-143e69025a08</ProjectId>
      <CorrelationId>Intent.ModuleBuilder.Templates.Api.ApiElementExtensionModel#5aabcc28-e47c-44da-b08e-147343fc55d2</CorrelationId>
      <OverwriteBehaviour>always</OverwriteBehaviour>
      <ApplicationRelativeFilePath>Api/AWSAPIGatewayDiagramExtensionsModel.cs</ApplicationRelativeFilePath>
      <ProjectRelativeFilePath>AWSAPIGatewayDiagramExtensionsModel.cs</ProjectRelativeFilePath>
      <IsIgnored>false</IsIgnored>
    </FileLog>
    <FileLog>
      <ProjectId>ab8fc3fd-c7ef-4382-b69e-143e69025a08</ProjectId>
      <CorrelationId>Intent.ModuleBuilder.Templates.Api.ApiElementExtensionModel#65cbc280-2833-4381-8ca2-4daaad0b94b3</CorrelationId>
      <OverwriteBehaviour>always</OverwriteBehaviour>
      <ApplicationRelativeFilePath>Api/AWSAPIGatewayFolderExtensionsModel.cs</ApplicationRelativeFilePath>
      <ProjectRelativeFilePath>AWSAPIGatewayFolderExtensionsModel.cs</ProjectRelativeFilePath>
      <IsIgnored>false</IsIgnored>
    </FileLog>
    <FileLog>
      <ProjectId>ab8fc3fd-c7ef-4382-b69e-143e69025a08</ProjectId>
      <CorrelationId>Intent.ModuleBuilder.Templates.Api.ApiElementExtensionModel#6ffe061e-6faa-4157-9ce4-ae492132d5dc</CorrelationId>
      <OverwriteBehaviour>always</OverwriteBehaviour>
      <ApplicationRelativeFilePath>Api/AWSAPIGatewayModuleBuilderFolderExtensionsModel.cs</ApplicationRelativeFilePath>
      <ProjectRelativeFilePath>AWSAPIGatewayModuleBuilderFolderExtensionsModel.cs</ProjectRelativeFilePath>
      <IsIgnored>false</IsIgnored>
    </FileLog>
    <FileLog>
      <ProjectId>ab8fc3fd-c7ef-4382-b69e-143e69025a08</ProjectId>
      <CorrelationId>Intent.ModuleBuilder.Templates.Api.ApiPackageExtensionModel#ce24c74b-d852-43fb-8a88-accc3e722ccc</CorrelationId>
      <OverwriteBehaviour>always</OverwriteBehaviour>
      <ApplicationRelativeFilePath>Api/AWSAPIGatewayPackageExtensionsModel.cs</ApplicationRelativeFilePath>
      <ProjectRelativeFilePath>AWSAPIGatewayPackageExtensionsModel.cs</ProjectRelativeFilePath>
      <IsIgnored>false</IsIgnored>
    </FileLog>
    <FileLog>
      <ProjectId>eadb5da2-b19f-4250-b897-66cdb03c7d43</ProjectId>
      <CorrelationId>Intent.ModuleBuilder.Templates.Api.ApiMetadataProviderExtensions</CorrelationId>
      <OverwriteBehaviour>always</OverwriteBehaviour>
      <ApplicationRelativeFilePath>ApiMetadataProviderExtensions.cs</ApplicationRelativeFilePath>
      <ProjectRelativeFilePath>ApiMetadataProviderExtensions.cs</ProjectRelativeFilePath>
      <IsIgnored>false</IsIgnored>
    </FileLog>
    <FileLog>
      <ProjectId>eadb5da2-b19f-4250-b897-66cdb03c7d43</ProjectId>
      <CorrelationId>Intent.ModuleBuilder.IModSpecFile</CorrelationId>
      <OverwriteBehaviour>always</OverwriteBehaviour>
      <ApplicationRelativeFilePath>Intent.Modelers.AWS.ApiGateway.imodspec</ApplicationRelativeFilePath>
      <ProjectRelativeFilePath>Intent.Modelers.AWS.ApiGateway.imodspec</ProjectRelativeFilePath>
      <IsIgnored>false</IsIgnored>
    </FileLog>
    <FileLog>
      <ProjectId>eadb5da2-b19f-4250-b897-66cdb03c7d43</ProjectId>
      <CorrelationId>Intent.VisualStudio.Projects.CoreLibrary.CSProject#eadb5da2-b19f-4250-b897-66cdb03c7d43</CorrelationId>
      <OverwriteBehaviour>always</OverwriteBehaviour>
      <ApplicationRelativeFilePath>Intent.Modules.Modelers.AWS.ApiGateway.csproj</ApplicationRelativeFilePath>
      <ProjectRelativeFilePath>Intent.Modules.Modelers.AWS.ApiGateway.csproj</ProjectRelativeFilePath>
      <IsIgnored>false</IsIgnored>
    </FileLog>
    <FileLog>
      <ProjectId>637bfac2-c8a0-4ffc-af87-d1819bcb7924</ProjectId>
      <CorrelationId>Intent.ModuleBuilder.DesignerSettings#077e87f4-cecf-4804-922d-172a1ef894f1</CorrelationId>
      <OverwriteBehaviour>always</OverwriteBehaviour>
      <ApplicationRelativeFilePath>modelers/AWS API Gateway Extensions.designer.settings</ApplicationRelativeFilePath>
      <ProjectRelativeFilePath>AWS API Gateway Extensions.designer.settings</ProjectRelativeFilePath>
      <IsIgnored>false</IsIgnored>
    </FileLog>
    <FileLog>
      <ProjectId>637bfac2-c8a0-4ffc-af87-d1819bcb7924</ProjectId>
      <CorrelationId>Intent.ModuleBuilder.DesignerSettings#60f15d6f-2fe5-4cfb-aed3-e9484130a439</CorrelationId>
      <OverwriteBehaviour>always</OverwriteBehaviour>
      <ApplicationRelativeFilePath>modelers/Module Builder Extensions.designer.settings</ApplicationRelativeFilePath>
      <ProjectRelativeFilePath>Module Builder Extensions.designer.settings</ProjectRelativeFilePath>
      <IsIgnored>false</IsIgnored>
    </FileLog>
    <FileLog>
      <ProjectId>eadb5da2-b19f-4250-b897-66cdb03c7d43</ProjectId>
      <CorrelationId>Intent.ModuleBuilder.ReadMe</CorrelationId>
      <OverwriteBehaviour>always</OverwriteBehaviour>
      <ApplicationRelativeFilePath>README.txt</ApplicationRelativeFilePath>
      <ProjectRelativeFilePath>README.txt</ProjectRelativeFilePath>
      <IsIgnored>false</IsIgnored>
    </FileLog>
  </FileLogs>
</outputLog>