<?xml version="1.0" encoding="utf-8"?>
<outputLog>
  <ApplicationId>3517d53b-f6f7-4d96-8315-efcc6d5622ec</ApplicationId>
  <FileLogs>
    <FileLog>
      <ProjectId>dbe0fab1-2720-40f2-9f2c-76719e833d59</ProjectId>
      <CorrelationId>Intent.ModuleBuilder.IModSpecFile</CorrelationId>
      <ApplicationRelativeFilePath>Intent.Common.CSharp.imodspec</ApplicationRelativeFilePath>
      <ProjectRelativeFilePath>Intent.Common.CSharp.imodspec</ProjectRelativeFilePath>
      <IsIgnored>false</IsIgnored>
    </FileLog>
    <FileLog>
      <ProjectId>dbe0fab1-2720-40f2-9f2c-76719e833d59</ProjectId>
      <CorrelationId>Intent.VisualStudio.Projects.CoreLibrary.CSProject#dbe0fab1-2720-40f2-9f2c-76719e833d59</CorrelationId>
      <ApplicationRelativeFilePath>Intent.Modules.Common.CSharp.csproj</ApplicationRelativeFilePath>
      <ProjectRelativeFilePath>Intent.Modules.Common.CSharp.csproj</ProjectRelativeFilePath>
      <IsIgnored>false</IsIgnored>
    </FileLog>
  </FileLogs>
</outputLog>