<?xml version="1.0" encoding="utf-8"?>
<outputLog xmlns:xsi="http://www.w3.org/2001/XMLSchema-instance" xmlns:xsd="http://www.w3.org/2001/XMLSchema">
  <ApplicationId>b980295a-75ce-48ac-9ef8-0368f8a1a174</ApplicationId>
  <FileLogs>
    <FileLog>
      <ProjectId>9a4ff5a0-d327-42a7-accb-f1d119f1fa4a</ProjectId>
      <ApplicationRelativeFilePath>Api/AssociationModel.cs</ApplicationRelativeFilePath>
      <ProjectRelativeFilePath>AssociationModel.cs</ProjectRelativeFilePath>
    </FileLog>
    <FileLog>
      <ProjectId>9a4ff5a0-d327-42a7-accb-f1d119f1fa4a</ProjectId>
      <ApplicationRelativeFilePath>Api/AttributeModel.cs</ApplicationRelativeFilePath>
      <ProjectRelativeFilePath>AttributeModel.cs</ProjectRelativeFilePath>
    </FileLog>
    <FileLog>
      <ProjectId>9a4ff5a0-d327-42a7-accb-f1d119f1fa4a</ProjectId>
      <ApplicationRelativeFilePath>Api/ClassConstructorModel.cs</ApplicationRelativeFilePath>
      <ProjectRelativeFilePath>ClassConstructorModel.cs</ProjectRelativeFilePath>
    </FileLog>
    <FileLog>
      <ProjectId>9a4ff5a0-d327-42a7-accb-f1d119f1fa4a</ProjectId>
      <ApplicationRelativeFilePath>Api/ClassModel.cs</ApplicationRelativeFilePath>
      <ProjectRelativeFilePath>ClassModel.cs</ProjectRelativeFilePath>
    </FileLog>
    <FileLog>
      <ProjectId>9a4ff5a0-d327-42a7-accb-f1d119f1fa4a</ProjectId>
      <ApplicationRelativeFilePath>Api/CommentAssociationModel.cs</ApplicationRelativeFilePath>
      <ProjectRelativeFilePath>CommentAssociationModel.cs</ProjectRelativeFilePath>
    </FileLog>
    <FileLog>
      <ProjectId>9a4ff5a0-d327-42a7-accb-f1d119f1fa4a</ProjectId>
      <ApplicationRelativeFilePath>Api/CommentModel.cs</ApplicationRelativeFilePath>
      <ProjectRelativeFilePath>CommentModel.cs</ProjectRelativeFilePath>
    </FileLog>
    <FileLog>
      <ProjectId>9a4ff5a0-d327-42a7-accb-f1d119f1fa4a</ProjectId>
      <ApplicationRelativeFilePath>Api/DiagramModel.cs</ApplicationRelativeFilePath>
      <ProjectRelativeFilePath>DiagramModel.cs</ProjectRelativeFilePath>
    </FileLog>
    <FileLog>
      <ProjectId>9a4ff5a0-d327-42a7-accb-f1d119f1fa4a</ProjectId>
      <ApplicationRelativeFilePath>Api/DomainPackageModel.cs</ApplicationRelativeFilePath>
      <ProjectRelativeFilePath>DomainPackageModel.cs</ProjectRelativeFilePath>
    </FileLog>
    <FileLog>
      <ProjectId>5313bf46-dda7-4531-860a-3ce63561db80</ProjectId>
      <ApplicationRelativeFilePath>Api/Extensions/AssociationModelAssociationExtensions.cs</ApplicationRelativeFilePath>
      <ProjectRelativeFilePath>AssociationModelAssociationExtensions.cs</ProjectRelativeFilePath>
    </FileLog>
    <FileLog>
      <ProjectId>5313bf46-dda7-4531-860a-3ce63561db80</ProjectId>
      <ApplicationRelativeFilePath>Api/Extensions/CommentAssociationModelAssociationExtensions.cs</ApplicationRelativeFilePath>
      <ProjectRelativeFilePath>CommentAssociationModelAssociationExtensions.cs</ProjectRelativeFilePath>
    </FileLog>
    <FileLog>
      <ProjectId>5313bf46-dda7-4531-860a-3ce63561db80</ProjectId>
      <ApplicationRelativeFilePath>Api/Extensions/GeneralizationModelAssociationExtensions.cs</ApplicationRelativeFilePath>
      <ProjectRelativeFilePath>GeneralizationModelAssociationExtensions.cs</ProjectRelativeFilePath>
    </FileLog>
    <FileLog>
      <ProjectId>9a4ff5a0-d327-42a7-accb-f1d119f1fa4a</ProjectId>
      <ApplicationRelativeFilePath>Api/FolderExtensionModel.cs</ApplicationRelativeFilePath>
      <ProjectRelativeFilePath>FolderExtensionModel.cs</ProjectRelativeFilePath>
    </FileLog>
    <FileLog>
      <ProjectId>9a4ff5a0-d327-42a7-accb-f1d119f1fa4a</ProjectId>
      <ApplicationRelativeFilePath>Api/GeneralizationModel.cs</ApplicationRelativeFilePath>
      <ProjectRelativeFilePath>GeneralizationModel.cs</ProjectRelativeFilePath>
    </FileLog>
    <FileLog>
      <ProjectId>9a4ff5a0-d327-42a7-accb-f1d119f1fa4a</ProjectId>
      <ApplicationRelativeFilePath>Api/OperationModel.cs</ApplicationRelativeFilePath>
      <ProjectRelativeFilePath>OperationModel.cs</ProjectRelativeFilePath>
    </FileLog>
    <FileLog>
      <ProjectId>9a4ff5a0-d327-42a7-accb-f1d119f1fa4a</ProjectId>
      <ApplicationRelativeFilePath>Api/ParameterModel.cs</ApplicationRelativeFilePath>
      <ProjectRelativeFilePath>ParameterModel.cs</ProjectRelativeFilePath>
    </FileLog>
    <FileLog>
      <ProjectId>9767fed7-a950-4ba5-81f4-98098705c830</ProjectId>
      <ApplicationRelativeFilePath>ApiMetadataDesignerExtensions.cs</ApplicationRelativeFilePath>
      <ProjectRelativeFilePath>ApiMetadataDesignerExtensions.cs</ProjectRelativeFilePath>
    </FileLog>
    <FileLog>
      <ProjectId>9767fed7-a950-4ba5-81f4-98098705c830</ProjectId>
      <ApplicationRelativeFilePath>ApiMetadataPackageExtensions.cs</ApplicationRelativeFilePath>
      <ProjectRelativeFilePath>ApiMetadataPackageExtensions.cs</ProjectRelativeFilePath>
    </FileLog>
    <FileLog>
      <ProjectId>9767fed7-a950-4ba5-81f4-98098705c830</ProjectId>
      <ApplicationRelativeFilePath>ApiMetadataProviderExtensions.cs</ApplicationRelativeFilePath>
      <ProjectRelativeFilePath>ApiMetadataProviderExtensions.cs</ProjectRelativeFilePath>
    </FileLog>
    <FileLog>
      <ProjectId>9767fed7-a950-4ba5-81f4-98098705c830</ProjectId>
      <ApplicationRelativeFilePath>Intent.Modelers.Domain.imodspec</ApplicationRelativeFilePath>
      <ProjectRelativeFilePath>Intent.Modelers.Domain.imodspec</ProjectRelativeFilePath>
    </FileLog>
    <FileLog>
      <ProjectId>9767fed7-a950-4ba5-81f4-98098705c830</ProjectId>
      <ApplicationRelativeFilePath>Intent.Modules.Modelers.Domain.csproj</ApplicationRelativeFilePath>
      <ProjectRelativeFilePath>Intent.Modules.Modelers.Domain.csproj</ProjectRelativeFilePath>
    </FileLog>
    <FileLog>
      <ProjectId>a3d2d01f-b6e2-4edd-8332-54920af009f7</ProjectId>
      <ApplicationRelativeFilePath>modelers/Domain Types.designer.settings</ApplicationRelativeFilePath>
      <ProjectRelativeFilePath>Domain Types.designer.settings</ProjectRelativeFilePath>
    </FileLog>
    <FileLog>
      <ProjectId>a3d2d01f-b6e2-4edd-8332-54920af009f7</ProjectId>
      <ApplicationRelativeFilePath>modelers/Domain.designer.config</ApplicationRelativeFilePath>
      <ProjectRelativeFilePath>Domain.designer.config</ProjectRelativeFilePath>
    </FileLog>
  </FileLogs>
</outputLog>