<?xml version="1.0" encoding="utf-8"?>
<outputLog>
  <ApplicationId>298790da-18e6-4f3a-9b63-1edaa8606bc8</ApplicationId>
  <FileLogs>
    <FileLog>
      <CorrelationId>Intent.VisualStudio.Projects.VisualStudio2015Solution#130289d2-37c6-48c5-bec9-9c2e2ec1ac2f</CorrelationId>
      <OverwriteBehaviour>always</OverwriteBehaviour>
      <ApplicationRelativeFilePath>../Intent.Modules.sln</ApplicationRelativeFilePath>
      <IsIgnored>false</IsIgnored>
    </FileLog>
    <FileLog>
      <ProjectId>87ad83a3-6c6a-46d4-979e-75d4f34b144c</ProjectId>
      <CorrelationId>Intent.ModuleBuilder.Templates.Api.ApiElementExtensionModel#60409092-3941-4286-b51a-76c6f8d569e7</CorrelationId>
      <OverwriteBehaviour>always</OverwriteBehaviour>
      <ApplicationRelativeFilePath>Api/CommandExtensionModel.cs</ApplicationRelativeFilePath>
      <ProjectRelativeFilePath>CommandExtensionModel.cs</ProjectRelativeFilePath>
      <IsIgnored>false</IsIgnored>
    </FileLog>
    <FileLog>
      <ProjectId>87ad83a3-6c6a-46d4-979e-75d4f34b144c</ProjectId>
      <CorrelationId>Intent.ModuleBuilder.Templates.Api.ApiAssociationModel#4147b194-bbaf-489e-a314-34948d186997</CorrelationId>
      <OverwriteBehaviour>always</OverwriteBehaviour>
      <ApplicationRelativeFilePath>Api/CreateActionMappingModel.cs</ApplicationRelativeFilePath>
      <ProjectRelativeFilePath>CreateActionMappingModel.cs</ProjectRelativeFilePath>
      <IsIgnored>false</IsIgnored>
    </FileLog>
    <FileLog>
      <ProjectId>87ad83a3-6c6a-46d4-979e-75d4f34b144c</ProjectId>
      <CorrelationId>Intent.ModuleBuilder.Templates.Api.ApiAssociationModelExtensions#4147b194-bbaf-489e-a314-34948d186997</CorrelationId>
      <OverwriteBehaviour>always</OverwriteBehaviour>
      <ApplicationRelativeFilePath>Api/CreateActionMappingModelAssociationExtensions.cs</ApplicationRelativeFilePath>
      <ProjectRelativeFilePath>CreateActionMappingModelAssociationExtensions.cs</ProjectRelativeFilePath>
      <IsIgnored>false</IsIgnored>
    </FileLog>
    <FileLog>
      <ProjectId>87ad83a3-6c6a-46d4-979e-75d4f34b144c</ProjectId>
      <CorrelationId>Intent.ModuleBuilder.Templates.Api.ApiElementModel#acd76ada-3ea6-4011-89f1-4320605dc78a</CorrelationId>
      <OverwriteBehaviour>always</OverwriteBehaviour>
      <ApplicationRelativeFilePath>Api/DiagramModel.cs</ApplicationRelativeFilePath>
      <ProjectRelativeFilePath>DiagramModel.cs</ProjectRelativeFilePath>
      <IsIgnored>false</IsIgnored>
    </FileLog>
    <FileLog>
      <ProjectId>87ad83a3-6c6a-46d4-979e-75d4f34b144c</ProjectId>
      <CorrelationId>Intent.ModuleBuilder.Templates.Api.ApiElementExtensionModel#0103459d-b08d-4d52-b15a-7c0befbe0858</CorrelationId>
      <OverwriteBehaviour>always</OverwriteBehaviour>
      <ApplicationRelativeFilePath>Api/QueryExtensionModel.cs</ApplicationRelativeFilePath>
      <ProjectRelativeFilePath>QueryExtensionModel.cs</ProjectRelativeFilePath>
      <IsIgnored>false</IsIgnored>
    </FileLog>
    <FileLog>
      <ProjectId>87ad83a3-6c6a-46d4-979e-75d4f34b144c</ProjectId>
      <CorrelationId>Intent.ModuleBuilder.Templates.Api.ApiAssociationModel#a47dadd1-9c18-42e9-935d-278355e85982</CorrelationId>
      <OverwriteBehaviour>always</OverwriteBehaviour>
      <ApplicationRelativeFilePath>Api/UpdateActionMappingModel.cs</ApplicationRelativeFilePath>
      <ProjectRelativeFilePath>UpdateActionMappingModel.cs</ProjectRelativeFilePath>
      <IsIgnored>false</IsIgnored>
    </FileLog>
    <FileLog>
      <ProjectId>87ad83a3-6c6a-46d4-979e-75d4f34b144c</ProjectId>
      <CorrelationId>Intent.ModuleBuilder.Templates.Api.ApiAssociationModelExtensions#a47dadd1-9c18-42e9-935d-278355e85982</CorrelationId>
      <OverwriteBehaviour>always</OverwriteBehaviour>
      <ApplicationRelativeFilePath>Api/UpdateActionMappingModelAssociationExtensions.cs</ApplicationRelativeFilePath>
      <ProjectRelativeFilePath>UpdateActionMappingModelAssociationExtensions.cs</ProjectRelativeFilePath>
      <IsIgnored>false</IsIgnored>
    </FileLog>
    <FileLog>
      <ProjectId>eaecf732-6a98-4d4f-9e18-02bd112c6e8e</ProjectId>
      <CorrelationId>Intent.ModuleBuilder.Templates.Api.ApiMetadataProviderExtensions</CorrelationId>
      <OverwriteBehaviour>always</OverwriteBehaviour>
      <ApplicationRelativeFilePath>ApiMetadataProviderExtensions.cs</ApplicationRelativeFilePath>
      <ProjectRelativeFilePath>ApiMetadataProviderExtensions.cs</ProjectRelativeFilePath>
      <IsIgnored>false</IsIgnored>
    </FileLog>
    <FileLog>
      <ProjectId>eaecf732-6a98-4d4f-9e18-02bd112c6e8e</ProjectId>
      <CorrelationId>Intent.VisualStudio.Projects.CoreLibrary.CSProject#eaecf732-6a98-4d4f-9e18-02bd112c6e8e</CorrelationId>
      <OverwriteBehaviour>always</OverwriteBehaviour>
      <ApplicationRelativeFilePath>Intent.Modules.Modelers.Services.DomainInteractions.csproj</ApplicationRelativeFilePath>
      <ProjectRelativeFilePath>Intent.Modules.Modelers.Services.DomainInteractions.csproj</ProjectRelativeFilePath>
      <IsIgnored>false</IsIgnored>
    </FileLog>
    <FileLog>
      <ProjectId>eaecf732-6a98-4d4f-9e18-02bd112c6e8e</ProjectId>
      <CorrelationId>Intent.ModuleBuilder.IModSpecFile</CorrelationId>
      <OverwriteBehaviour>always</OverwriteBehaviour>
      <ApplicationRelativeFilePath>Intent.Modules.Modelers.Services.DomainInteractions.imodspec</ApplicationRelativeFilePath>
      <ProjectRelativeFilePath>Intent.Modules.Modelers.Services.DomainInteractions.imodspec</ProjectRelativeFilePath>
      <IsIgnored>false</IsIgnored>
    </FileLog>
    <FileLog>
      <ProjectId>9b946305-94cd-455c-a9f0-c6c5c6be8d69</ProjectId>
      <CorrelationId>Intent.ModuleBuilder.DesignerSettings#c6f89538-ada2-43d7-aa2b-a7b2cd18c9dc</CorrelationId>
      <OverwriteBehaviour>always</OverwriteBehaviour>
      <ApplicationRelativeFilePath>modelers/CQRS Domain Interactions.designer.settings</ApplicationRelativeFilePath>
      <ProjectRelativeFilePath>CQRS Domain Interactions.designer.settings</ProjectRelativeFilePath>
      <IsIgnored>false</IsIgnored>
    </FileLog>
    <FileLog>
      <ProjectId>eaecf732-6a98-4d4f-9e18-02bd112c6e8e</ProjectId>
      <CorrelationId>Intent.ModuleBuilder.ReadMe</CorrelationId>
      <OverwriteBehaviour>always</OverwriteBehaviour>
      <ApplicationRelativeFilePath>README.txt</ApplicationRelativeFilePath>
      <ProjectRelativeFilePath>README.txt</ProjectRelativeFilePath>
      <IsIgnored>false</IsIgnored>
    </FileLog>
    <FileLog>
      <ProjectId>eaecf732-6a98-4d4f-9e18-02bd112c6e8e</ProjectId>
      <CorrelationId>Intent.ModuleBuilder.Templates.ReleaseNotes</CorrelationId>
      <OverwriteBehaviour>once-off</OverwriteBehaviour>
      <ApplicationRelativeFilePath>release-notes.md</ApplicationRelativeFilePath>
      <ProjectRelativeFilePath>release-notes.md</ProjectRelativeFilePath>
      <IsIgnored>false</IsIgnored>
    </FileLog>
  </FileLogs>
</outputLog>