<?xml version="1.0" encoding="utf-8"?>
<outputLog>
  <ApplicationId>0961b73a-4137-44db-98a8-530e1dbe2528</ApplicationId>
  <FileLogs>
    <FileLog>
      <CorrelationId>Intent.VisualStudio.Projects.VisualStudioSolution#bbf70e2e-c85c-4165-a5c7-fe6be3cfc787</CorrelationId>
      <OverwriteBehaviour>always</OverwriteBehaviour>
      <ApplicationRelativeFilePath>../Intent.Modules.sln</ApplicationRelativeFilePath>
      <IsIgnored>false</IsIgnored>
    </FileLog>
    <FileLog>
      <ProjectId>42e4db05-30c9-4c92-9b49-4df0e660875e</ProjectId>
      <CorrelationId>Intent.ModuleBuilder.Templates.Api.ApiElementExtensionModel#ea99ef37-8536-47b2-b2ab-efc14b9569a9</CorrelationId>
      <OverwriteBehaviour>always</OverwriteBehaviour>
      <ApplicationRelativeFilePath>Api/FolderElementExtensionModel.cs</ApplicationRelativeFilePath>
      <ProjectRelativeFilePath>FolderElementExtensionModel.cs</ProjectRelativeFilePath>
      <IsIgnored>false</IsIgnored>
    </FileLog>
    <FileLog>
      <ProjectId>42e4db05-30c9-4c92-9b49-4df0e660875e</ProjectId>
      <CorrelationId>Intent.ModuleBuilder.Templates.Api.ApiPackageExtensionModel#c560f66d-72d1-4abe-813a-9a3e9957ff04</CorrelationId>
      <OverwriteBehaviour>always</OverwriteBehaviour>
      <ApplicationRelativeFilePath>Api/PackageExtensionModel.cs</ApplicationRelativeFilePath>
      <ProjectRelativeFilePath>PackageExtensionModel.cs</ProjectRelativeFilePath>
      <IsIgnored>false</IsIgnored>
    </FileLog>
    <FileLog>
      <ProjectId>42e4db05-30c9-4c92-9b49-4df0e660875e</ProjectId>
      <CorrelationId>Intent.ModuleBuilder.Templates.Api.ApiAssociationModel#adf062ed-c0a4-421f-9940-318a91e9a52c</CorrelationId>
      <OverwriteBehaviour>always</OverwriteBehaviour>
      <ApplicationRelativeFilePath>Api/StoredProcedureInvocationModel.cs</ApplicationRelativeFilePath>
      <ProjectRelativeFilePath>StoredProcedureInvocationModel.cs</ProjectRelativeFilePath>
      <IsIgnored>false</IsIgnored>
    </FileLog>
    <FileLog>
      <ProjectId>42e4db05-30c9-4c92-9b49-4df0e660875e</ProjectId>
      <CorrelationId>Intent.ModuleBuilder.Templates.Api.ApiAssociationModelExtensions#adf062ed-c0a4-421f-9940-318a91e9a52c</CorrelationId>
      <OverwriteBehaviour>always</OverwriteBehaviour>
      <ApplicationRelativeFilePath>Api/StoredProcedureInvocationModelAssociationExtensions.cs</ApplicationRelativeFilePath>
      <ProjectRelativeFilePath>StoredProcedureInvocationModelAssociationExtensions.cs</ProjectRelativeFilePath>
      <IsIgnored>false</IsIgnored>
    </FileLog>
    <FileLog>
      <ProjectId>42e4db05-30c9-4c92-9b49-4df0e660875e</ProjectId>
      <CorrelationId>Intent.ModuleBuilder.Templates.Api.ApiElementModel#575edd35-9438-406d-b0a7-b99d6f29b560</CorrelationId>
      <OverwriteBehaviour>always</OverwriteBehaviour>
      <ApplicationRelativeFilePath>Api/StoredProcedureModel.cs</ApplicationRelativeFilePath>
      <ProjectRelativeFilePath>StoredProcedureModel.cs</ProjectRelativeFilePath>
      <IsIgnored>false</IsIgnored>
    </FileLog>
    <FileLog>
      <ProjectId>42e4db05-30c9-4c92-9b49-4df0e660875e</ProjectId>
      <CorrelationId>Intent.ModuleBuilder.Templates.Api.ApiElementModel#5823b192-eb03-47c8-90d8-5501c922e9a5</CorrelationId>
      <OverwriteBehaviour>always</OverwriteBehaviour>
      <ApplicationRelativeFilePath>Api/StoredProcedureParameterModel.cs</ApplicationRelativeFilePath>
      <ProjectRelativeFilePath>StoredProcedureParameterModel.cs</ProjectRelativeFilePath>
      <IsIgnored>false</IsIgnored>
    </FileLog>
    <FileLog>
      <ProjectId>9db519cc-52b4-4875-9a8f-1aaea9ad450b</ProjectId>
      <CorrelationId>Intent.VisualStudio.Projects.CSharpProject#9db519cc-52b4-4875-9a8f-1aaea9ad450b</CorrelationId>
      <OverwriteBehaviour>always</OverwriteBehaviour>
      <ApplicationRelativeFilePath>Intent.Modules.Modelers.Domain.StoredProcedures.csproj</ApplicationRelativeFilePath>
      <ProjectRelativeFilePath>Intent.Modules.Modelers.Domain.StoredProcedures.csproj</ProjectRelativeFilePath>
      <IsIgnored>false</IsIgnored>
    </FileLog>
    <FileLog>
      <ProjectId>9db519cc-52b4-4875-9a8f-1aaea9ad450b</ProjectId>
      <CorrelationId>Intent.ModuleBuilder.IModSpecFile</CorrelationId>
      <OverwriteBehaviour>always</OverwriteBehaviour>
      <ApplicationRelativeFilePath>Intent.Modules.Modelers.Domain.StoredProcedures.imodspec</ApplicationRelativeFilePath>
      <ProjectRelativeFilePath>Intent.Modules.Modelers.Domain.StoredProcedures.imodspec</ProjectRelativeFilePath>
      <IsIgnored>false</IsIgnored>
    </FileLog>
    <FileLog>
      <ProjectId>4907bbc9-4561-4b73-972e-d1efc0da41d0</ProjectId>
      <CorrelationId>Intent.ModuleBuilder.DesignerSettings#276019e5-fc1a-401e-9450-ef8468606781</CorrelationId>
      <OverwriteBehaviour>always</OverwriteBehaviour>
      <ApplicationRelativeFilePath>modelers/Domain Stored Procedure.designer.settings</ApplicationRelativeFilePath>
      <ProjectRelativeFilePath>Domain Stored Procedure.designer.settings</ProjectRelativeFilePath>
      <IsIgnored>false</IsIgnored>
    </FileLog>
    <FileLog>
      <ProjectId>9db519cc-52b4-4875-9a8f-1aaea9ad450b</ProjectId>
      <CorrelationId>Intent.ModuleBuilder.Templates.ReleaseNotes</CorrelationId>
      <OverwriteBehaviour>once-off</OverwriteBehaviour>
      <ApplicationRelativeFilePath>release-notes.md</ApplicationRelativeFilePath>
      <ProjectRelativeFilePath>release-notes.md</ProjectRelativeFilePath>
      <IsIgnored>false</IsIgnored>
    </FileLog>
    <FileLog>
      <ProjectId>38accd33-dceb-4a1c-82c1-d74ae14bfed5</ProjectId>
      <CorrelationId>Intent.ModuleBuilder.Templates.DocumentationTemplate#fdbe41a0-8944-4eef-889e-8a9a11377418</CorrelationId>
      <OverwriteBehaviour>always</OverwriteBehaviour>
      <ApplicationRelativeFilePath>resources/documentation.json</ApplicationRelativeFilePath>
      <ProjectRelativeFilePath>documentation.json</ProjectRelativeFilePath>
      <IsIgnored>false</IsIgnored>
    </FileLog>
  </FileLogs>
</outputLog>