<?xml version="1.0" encoding="utf-8"?>
<outputLog xmlns:xsi="http://www.w3.org/2001/XMLSchema-instance" xmlns:xsd="http://www.w3.org/2001/XMLSchema">
  <ApplicationId>4e2487dd-3fec-4611-95fb-d49687929743</ApplicationId>
  <FileLogs>
    <FileLog>
      <ProjectId>447ab5d3-6fc2-4598-bede-bc59e850cd34</ProjectId>
      <ApplicationRelativeFilePath>Api/FolderExtensionModel.cs</ApplicationRelativeFilePath>
      <ProjectRelativeFilePath>FolderExtensionModel.cs</ProjectRelativeFilePath>
    </FileLog>
    <FileLog>
      <ProjectId>447ab5d3-6fc2-4598-bede-bc59e850cd34</ProjectId>
      <ApplicationRelativeFilePath>Api/PackageExtensionModel.cs</ApplicationRelativeFilePath>
      <ProjectRelativeFilePath>PackageExtensionModel.cs</ProjectRelativeFilePath>
    </FileLog>
    <FileLog>
      <ProjectId>447ab5d3-6fc2-4598-bede-bc59e850cd34</ProjectId>
      <ApplicationRelativeFilePath>Api/TypescriptFileTemplateModel.cs</ApplicationRelativeFilePath>
      <ProjectRelativeFilePath>TypescriptFileTemplateModel.cs</ProjectRelativeFilePath>
    </FileLog>
    <FileLog>
      <ProjectId>653969db-6597-4b32-a1f6-029c69da6903</ProjectId>
      <ApplicationRelativeFilePath>ApiMetadataProviderExtensions.cs</ApplicationRelativeFilePath>
      <ProjectRelativeFilePath>ApiMetadataProviderExtensions.cs</ProjectRelativeFilePath>
    </FileLog>
    <FileLog>
      <ProjectId>653969db-6597-4b32-a1f6-029c69da6903</ProjectId>
      <ApplicationRelativeFilePath>Intent.ModuleBuilder.TypeScript.imodspec</ApplicationRelativeFilePath>
      <ProjectRelativeFilePath>Intent.ModuleBuilder.TypeScript.imodspec</ProjectRelativeFilePath>
    </FileLog>
    <FileLog>
      <ProjectId>653969db-6597-4b32-a1f6-029c69da6903</ProjectId>
      <ApplicationRelativeFilePath>Intent.Modules.ModuleBuilder.TypeScript.csproj</ApplicationRelativeFilePath>
      <ProjectRelativeFilePath>Intent.Modules.ModuleBuilder.TypeScript.csproj</ProjectRelativeFilePath>
    </FileLog>
    <FileLog>
      <ProjectId>32572de3-c0a7-4680-8ad3-8cbd5033b2b5</ProjectId>
      <ApplicationRelativeFilePath>modelers/Typescript.designer.settings</ApplicationRelativeFilePath>
      <ProjectRelativeFilePath>Typescript.designer.settings</ProjectRelativeFilePath>
    </FileLog>
    <FileLog>
      <ProjectId>653969db-6597-4b32-a1f6-029c69da6903</ProjectId>
      <ApplicationRelativeFilePath>README.txt</ApplicationRelativeFilePath>
      <ProjectRelativeFilePath>README.txt</ProjectRelativeFilePath>
    </FileLog>
    <FileLog>
      <ProjectId>653969db-6597-4b32-a1f6-029c69da6903</ProjectId>
      <ApplicationRelativeFilePath>Templates/TypescriptTemplate/TypescriptTemplatePartial.cs</ApplicationRelativeFilePath>
      <ProjectRelativeFilePath>Templates/TypescriptTemplate/TypescriptTemplatePartial.cs</ProjectRelativeFilePath>
    </FileLog>
    <FileLog>
      <ProjectId>653969db-6597-4b32-a1f6-029c69da6903</ProjectId>
      <ApplicationRelativeFilePath>Templates/TypescriptTemplate/TypescriptTemplateRegistration.cs</ApplicationRelativeFilePath>
      <ProjectRelativeFilePath>Templates/TypescriptTemplate/TypescriptTemplateRegistration.cs</ProjectRelativeFilePath>
    </FileLog>
    <FileLog>
      <ProjectId>653969db-6597-4b32-a1f6-029c69da6903</ProjectId>
      <ApplicationRelativeFilePath>Templates/TypescriptTemplatePartial/TypescriptTemplatePartialTemplate.cs</ApplicationRelativeFilePath>
      <ProjectRelativeFilePath>Templates/TypescriptTemplatePartial/TypescriptTemplatePartialTemplate.cs</ProjectRelativeFilePath>
    </FileLog>
    <FileLog>
      <ProjectId>653969db-6597-4b32-a1f6-029c69da6903</ProjectId>
      <ApplicationRelativeFilePath>Templates/TypescriptTemplatePartial/TypescriptTemplatePartialTemplate.tt</ApplicationRelativeFilePath>
      <ProjectRelativeFilePath>Templates/TypescriptTemplatePartial/TypescriptTemplatePartialTemplate.tt</ProjectRelativeFilePath>
    </FileLog>
    <FileLog>
      <ProjectId>653969db-6597-4b32-a1f6-029c69da6903</ProjectId>
      <ApplicationRelativeFilePath>Templates/TypescriptTemplatePartial/TypescriptTemplatePartialTemplatePartial.cs</ApplicationRelativeFilePath>
      <ProjectRelativeFilePath>Templates/TypescriptTemplatePartial/TypescriptTemplatePartialTemplatePartial.cs</ProjectRelativeFilePath>
    </FileLog>
    <FileLog>
      <ProjectId>653969db-6597-4b32-a1f6-029c69da6903</ProjectId>
      <ApplicationRelativeFilePath>Templates/TypescriptTemplatePartial/TypescriptTemplatePartialTemplateRegistration.cs</ApplicationRelativeFilePath>
      <ProjectRelativeFilePath>Templates/TypescriptTemplatePartial/TypescriptTemplatePartialTemplateRegistration.cs</ProjectRelativeFilePath>
    </FileLog>
  </FileLogs>
</outputLog>