<?xml version="1.0" encoding="utf-8"?>
<outputLog>
  <ApplicationId>4e2487dd-3fec-4611-95fb-d49687929743</ApplicationId>
  <FileLogs>
    <FileLog>
      <CorrelationId>Intent.VisualStudio.Projects.VisualStudioSolution#f917caa4-f97b-43a2-9853-5c5dfa533768</CorrelationId>
      <OverwriteBehaviour>always</OverwriteBehaviour>
      <ApplicationRelativeFilePath>../Intent.Modules.sln</ApplicationRelativeFilePath>
      <IsIgnored>false</IsIgnored>
    </FileLog>
    <FileLog>
      <ProjectId>3dd92b59-d497-48cc-9329-0e29c1bfb2e2</ProjectId>
      <CorrelationId>Intent.ModuleBuilder.Templates.Api.ApiElementModelExtensions#e6e41d88-2829-41b6-a791-065d2bb44eb3</CorrelationId>
      <OverwriteBehaviour>always</OverwriteBehaviour>
      <ApplicationRelativeFilePath>Api/Extensions/TypescriptFileTemplateModelStereotypeExtensions.cs</ApplicationRelativeFilePath>
      <ProjectRelativeFilePath>TypescriptFileTemplateModelStereotypeExtensions.cs</ProjectRelativeFilePath>
      <IsIgnored>false</IsIgnored>
    </FileLog>
    <FileLog>
      <ProjectId>447ab5d3-6fc2-4598-bede-bc59e850cd34</ProjectId>
      <CorrelationId>Intent.ModuleBuilder.Templates.Api.ApiElementExtensionModel#ba880228-ad4a-4f38-a1a4-0d3fb87e4d89</CorrelationId>
      <OverwriteBehaviour>always</OverwriteBehaviour>
      <ApplicationRelativeFilePath>Api/FolderExtensionModel.cs</ApplicationRelativeFilePath>
      <ProjectRelativeFilePath>FolderExtensionModel.cs</ProjectRelativeFilePath>
      <IsIgnored>false</IsIgnored>
    </FileLog>
    <FileLog>
      <ProjectId>447ab5d3-6fc2-4598-bede-bc59e850cd34</ProjectId>
      <CorrelationId>Intent.ModuleBuilder.Templates.Api.ApiPackageExtensionModel#5e929cc8-2e93-47e9-beb7-b84a81f08b53</CorrelationId>
      <OverwriteBehaviour>always</OverwriteBehaviour>
      <ApplicationRelativeFilePath>Api/PackageExtensionModel.cs</ApplicationRelativeFilePath>
      <ProjectRelativeFilePath>PackageExtensionModel.cs</ProjectRelativeFilePath>
      <IsIgnored>false</IsIgnored>
    </FileLog>
    <FileLog>
      <ProjectId>447ab5d3-6fc2-4598-bede-bc59e850cd34</ProjectId>
      <CorrelationId>Intent.ModuleBuilder.Templates.Api.ApiElementModel#e6e41d88-2829-41b6-a791-065d2bb44eb3</CorrelationId>
      <OverwriteBehaviour>always</OverwriteBehaviour>
      <ApplicationRelativeFilePath>Api/TypescriptFileTemplateModel.cs</ApplicationRelativeFilePath>
      <ProjectRelativeFilePath>TypescriptFileTemplateModel.cs</ProjectRelativeFilePath>
      <IsIgnored>false</IsIgnored>
    </FileLog>
    <FileLog>
      <ProjectId>3bf8e2a0-149b-494e-bff6-1fde99c12570</ProjectId>
      <CorrelationId>Intent.ModuleBuilder.Templates.Api.ApiMetadataProviderExtensions#dc032f77-8239-4aa7-b8e8-e05bf941b2bb</CorrelationId>
      <OverwriteBehaviour>always</OverwriteBehaviour>
      <ApplicationRelativeFilePath>ApiMetadataProviderExtensions.cs</ApplicationRelativeFilePath>
      <ProjectRelativeFilePath>ApiMetadataProviderExtensions.cs</ProjectRelativeFilePath>
      <IsIgnored>false</IsIgnored>
    </FileLog>
    <FileLog>
      <ProjectId>3bf8e2a0-149b-494e-bff6-1fde99c12570</ProjectId>
      <CorrelationId>Intent.ModuleBuilder.IModSpecFile#78367870-8923-4260-b6ac-901c5d7d6714</CorrelationId>
      <OverwriteBehaviour>always</OverwriteBehaviour>
      <ApplicationRelativeFilePath>Intent.ModuleBuilder.TypeScript.imodspec</ApplicationRelativeFilePath>
      <ProjectRelativeFilePath>Intent.ModuleBuilder.TypeScript.imodspec</ProjectRelativeFilePath>
      <IsIgnored>false</IsIgnored>
    </FileLog>
    <FileLog>
      <ProjectId>3bf8e2a0-149b-494e-bff6-1fde99c12570</ProjectId>
      <CorrelationId>Intent.VisualStudio.Projects.CSharpProject#3bf8e2a0-149b-494e-bff6-1fde99c12570</CorrelationId>
      <OverwriteBehaviour>always</OverwriteBehaviour>
      <ApplicationRelativeFilePath>Intent.Modules.ModuleBuilder.TypeScript.csproj</ApplicationRelativeFilePath>
      <ProjectRelativeFilePath>Intent.Modules.ModuleBuilder.TypeScript.csproj</ProjectRelativeFilePath>
      <IsIgnored>false</IsIgnored>
    </FileLog>
    <FileLog>
      <ProjectId>32572de3-c0a7-4680-8ad3-8cbd5033b2b5</ProjectId>
      <CorrelationId>Intent.ModuleBuilder.DesignerSettings#ac7fa580-f66f-4257-a160-0bb82b56f4f9</CorrelationId>
      <OverwriteBehaviour>always</OverwriteBehaviour>
      <ApplicationRelativeFilePath>modelers/Typescript.designer.settings</ApplicationRelativeFilePath>
      <ProjectRelativeFilePath>Typescript.designer.settings</ProjectRelativeFilePath>
      <IsIgnored>false</IsIgnored>
    </FileLog>
    <FileLog>
      <ProjectId>4020fdfa-9a4d-47a0-a428-224fe8bcf03e</ProjectId>
      <CorrelationId>Intent.ModuleBuilder.Templates.TemplateExtensions#0b384fde-caaf-4edc-973e-40c3cbc7c762</CorrelationId>
      <OverwriteBehaviour>always</OverwriteBehaviour>
      <ApplicationRelativeFilePath>Templates/TemplateExtensions.cs</ApplicationRelativeFilePath>
      <ProjectRelativeFilePath>TemplateExtensions.cs</ProjectRelativeFilePath>
      <IsIgnored>false</IsIgnored>
    </FileLog>
    <FileLog>
      <ProjectId>3bf8e2a0-149b-494e-bff6-1fde99c12570</ProjectId>
      <CorrelationId>Intent.ModuleBuilder.CSharp.Templates.CSharpTemplatePartial#f3b2cfd1-4214-4dd0-bec6-71cb2f47318c</CorrelationId>
      <OverwriteBehaviour>always</OverwriteBehaviour>
      <ApplicationRelativeFilePath>Templates/TypescriptTemplatePartial/TypescriptTemplatePartialTemplatePartial.cs</ApplicationRelativeFilePath>
      <ProjectRelativeFilePath>Templates/TypescriptTemplatePartial/TypescriptTemplatePartialTemplatePartial.cs</ProjectRelativeFilePath>
      <IsIgnored>false</IsIgnored>
    </FileLog>
    <FileLog>
      <ProjectId>3bf8e2a0-149b-494e-bff6-1fde99c12570</ProjectId>
      <CorrelationId>Intent.ModuleBuilder.TemplateRegistration.FilePerModel#f3b2cfd1-4214-4dd0-bec6-71cb2f47318c</CorrelationId>
      <OverwriteBehaviour>always</OverwriteBehaviour>
      <ApplicationRelativeFilePath>Templates/TypescriptTemplatePartial/TypescriptTemplatePartialTemplateRegistration.cs</ApplicationRelativeFilePath>
      <ProjectRelativeFilePath>Templates/TypescriptTemplatePartial/TypescriptTemplatePartialTemplateRegistration.cs</ProjectRelativeFilePath>
      <IsIgnored>false</IsIgnored>
    </FileLog>
    <FileLog>
      <ProjectId>3bf8e2a0-149b-494e-bff6-1fde99c12570</ProjectId>
      <CorrelationId>Intent.ModuleBuilder.CSharp.Templates.CSharpStringInterpolationTemplate#8f29246d-415f-4f8f-8026-5bb177caa609</CorrelationId>
      <OverwriteBehaviour>always</OverwriteBehaviour>
      <ApplicationRelativeFilePath>Templates/TypescriptTemplateStringInterpolation/TypescriptTemplateStringInterpolationTemplate.cs</ApplicationRelativeFilePath>
      <ProjectRelativeFilePath>Templates/TypescriptTemplateStringInterpolation/TypescriptTemplateStringInterpolationTemplate.cs</ProjectRelativeFilePath>
      <IsIgnored>false</IsIgnored>
    </FileLog>
    <FileLog>
      <ProjectId>3bf8e2a0-149b-494e-bff6-1fde99c12570</ProjectId>
      <CorrelationId>Intent.ModuleBuilder.CSharp.Templates.CSharpTemplatePartial#8f29246d-415f-4f8f-8026-5bb177caa609</CorrelationId>
      <OverwriteBehaviour>always</OverwriteBehaviour>
      <ApplicationRelativeFilePath>Templates/TypescriptTemplateStringInterpolation/TypescriptTemplateStringInterpolationTemplatePartial.cs</ApplicationRelativeFilePath>
      <ProjectRelativeFilePath>Templates/TypescriptTemplateStringInterpolation/TypescriptTemplateStringInterpolationTemplatePartial.cs</ProjectRelativeFilePath>
      <IsIgnored>false</IsIgnored>
    </FileLog>
    <FileLog>
      <ProjectId>3bf8e2a0-149b-494e-bff6-1fde99c12570</ProjectId>
      <CorrelationId>Intent.ModuleBuilder.TemplateRegistration.FilePerModel#8f29246d-415f-4f8f-8026-5bb177caa609</CorrelationId>
      <OverwriteBehaviour>always</OverwriteBehaviour>
      <ApplicationRelativeFilePath>Templates/TypescriptTemplateStringInterpolation/TypescriptTemplateStringInterpolationTemplateRegistration.cs</ApplicationRelativeFilePath>
      <ProjectRelativeFilePath>Templates/TypescriptTemplateStringInterpolation/TypescriptTemplateStringInterpolationTemplateRegistration.cs</ProjectRelativeFilePath>
      <IsIgnored>false</IsIgnored>
    </FileLog>
    <FileLog>
      <ProjectId>3bf8e2a0-149b-494e-bff6-1fde99c12570</ProjectId>
      <CorrelationId>Intent.ModuleBuilder.ProjectItemTemplate.Partial#17b9a627-3b97-4cdb-86a2-93686d20150e</CorrelationId>
      <OverwriteBehaviour>always</OverwriteBehaviour>
      <ApplicationRelativeFilePath>Templates/TypescriptTemplateT4/TypescriptTemplateT4TemplatePartial.cs</ApplicationRelativeFilePath>
      <ProjectRelativeFilePath>Templates/TypescriptTemplateT4/TypescriptTemplateT4TemplatePartial.cs</ProjectRelativeFilePath>
      <IsIgnored>false</IsIgnored>
    </FileLog>
    <FileLog>
      <ProjectId>3bf8e2a0-149b-494e-bff6-1fde99c12570</ProjectId>
      <CorrelationId>Intent.ModuleBuilder.TemplateRegistration.FilePerModel#17b9a627-3b97-4cdb-86a2-93686d20150e</CorrelationId>
      <OverwriteBehaviour>always</OverwriteBehaviour>
      <ApplicationRelativeFilePath>Templates/TypescriptTemplateT4/TypescriptTemplateT4TemplateRegistration.cs</ApplicationRelativeFilePath>
      <ProjectRelativeFilePath>Templates/TypescriptTemplateT4/TypescriptTemplateT4TemplateRegistration.cs</ProjectRelativeFilePath>
      <IsIgnored>false</IsIgnored>
    </FileLog>
  </FileLogs>
</outputLog>