<?xml version="1.0" encoding="utf-8"?>
<outputLog>
  <ApplicationId>0f9ab3ec-dfce-4320-ac37-19c5b8d05528</ApplicationId>
  <FileLogs>
    <FileLog>
      <CorrelationId>Intent.VisualStudio.Projects.VisualStudioSolution#9ce150c8-2497-4ab1-93c3-b2edc624196c</CorrelationId>
      <OverwriteBehaviour>always</OverwriteBehaviour>
      <ApplicationRelativeFilePath>../Intent.Modules.sln</ApplicationRelativeFilePath>
      <IsIgnored>false</IsIgnored>
    </FileLog>
    <FileLog>
      <ProjectId>fbde00d1-ec0f-4fbb-b2df-0164f70a7aef</ProjectId>
      <CorrelationId>Intent.ModuleBuilder.Templates.Api.ApiElementModel#0ec760ae-98d8-4e8e-953c-d00691ff7e28</CorrelationId>
      <OverwriteBehaviour>always</OverwriteBehaviour>
      <ApplicationRelativeFilePath>Api/ApiVersionModel.cs</ApplicationRelativeFilePath>
      <ProjectRelativeFilePath>ApiVersionModel.cs</ProjectRelativeFilePath>
      <IsIgnored>false</IsIgnored>
    </FileLog>
    <FileLog>
      <ProjectId>5fef08fe-d35e-4360-a7b1-942720f55bd4</ProjectId>
      <CorrelationId>Intent.ModuleBuilder.Templates.Api.ApiElementModelExtensions#b09d7684-5dde-4d4b-9cb5-0707bfd8578f</CorrelationId>
      <OverwriteBehaviour>always</OverwriteBehaviour>
      <ApplicationRelativeFilePath>Api/Extensions/ApiGatewayRouteModelStereotypeExtensions.cs</ApplicationRelativeFilePath>
      <ProjectRelativeFilePath>ApiGatewayRouteModelStereotypeExtensions.cs</ProjectRelativeFilePath>
      <IsIgnored>true</IsIgnored>
    </FileLog>
    <FileLog>
      <ProjectId>5fef08fe-d35e-4360-a7b1-942720f55bd4</ProjectId>
      <CorrelationId>Intent.ModuleBuilder.Templates.Api.ApiElementModelExtensions#702f57ca-3b5a-413b-a084-9f2d154154e7</CorrelationId>
      <OverwriteBehaviour>always</OverwriteBehaviour>
      <ApplicationRelativeFilePath>Api/Extensions/AzureFunctionModelStereotypeExtensions.cs</ApplicationRelativeFilePath>
      <ProjectRelativeFilePath>AzureFunctionModelStereotypeExtensions.cs</ProjectRelativeFilePath>
      <IsIgnored>true</IsIgnored>
    </FileLog>
    <FileLog>
      <ProjectId>5fef08fe-d35e-4360-a7b1-942720f55bd4</ProjectId>
      <CorrelationId>Intent.ModuleBuilder.Templates.Api.ApiElementModelExtensions#ccf14eb6-3a55-4d81-b5b9-d27311c70cb9</CorrelationId>
      <OverwriteBehaviour>always</OverwriteBehaviour>
      <ApplicationRelativeFilePath>Api/Extensions/CommandModelStereotypeExtensions.cs</ApplicationRelativeFilePath>
      <ProjectRelativeFilePath>CommandModelStereotypeExtensions.cs</ProjectRelativeFilePath>
      <IsIgnored>false</IsIgnored>
    </FileLog>
    <FileLog>
      <ProjectId>5fef08fe-d35e-4360-a7b1-942720f55bd4</ProjectId>
      <CorrelationId>Intent.ModuleBuilder.Templates.Api.ApiElementModelExtensions#7baed1fd-469b-4980-8fd9-4cefb8331eb2</CorrelationId>
      <OverwriteBehaviour>always</OverwriteBehaviour>
      <ApplicationRelativeFilePath>Api/Extensions/DTOFieldModelStereotypeExtensions.cs</ApplicationRelativeFilePath>
      <ProjectRelativeFilePath>DTOFieldModelStereotypeExtensions.cs</ProjectRelativeFilePath>
      <IsIgnored>false</IsIgnored>
    </FileLog>
    <FileLog>
      <ProjectId>5fef08fe-d35e-4360-a7b1-942720f55bd4</ProjectId>
      <CorrelationId>Intent.ModuleBuilder.Templates.Api.ApiElementModelExtensions#fee0edca-4aa0-4f77-a524-6bbd84e78734</CorrelationId>
      <OverwriteBehaviour>always</OverwriteBehaviour>
      <ApplicationRelativeFilePath>Api/Extensions/DTOModelStereotypeExtensions.cs</ApplicationRelativeFilePath>
      <ProjectRelativeFilePath>DTOModelStereotypeExtensions.cs</ProjectRelativeFilePath>
      <IsIgnored>false</IsIgnored>
    </FileLog>
    <FileLog>
      <ProjectId>5fef08fe-d35e-4360-a7b1-942720f55bd4</ProjectId>
      <CorrelationId>Intent.ModuleBuilder.Templates.Api.ApiElementModelExtensions#e030c97a-e066-40a7-8188-808c275df3cb</CorrelationId>
      <OverwriteBehaviour>always</OverwriteBehaviour>
      <ApplicationRelativeFilePath>Api/Extensions/OperationModelStereotypeExtensions.cs</ApplicationRelativeFilePath>
      <ProjectRelativeFilePath>OperationModelStereotypeExtensions.cs</ProjectRelativeFilePath>
      <IsIgnored>false</IsIgnored>
    </FileLog>
    <FileLog>
      <ProjectId>5fef08fe-d35e-4360-a7b1-942720f55bd4</ProjectId>
      <CorrelationId>Intent.ModuleBuilder.Templates.Api.ApiElementModelExtensions#00208d20-469d-41cb-8501-768fd5eb796b</CorrelationId>
      <OverwriteBehaviour>always</OverwriteBehaviour>
      <ApplicationRelativeFilePath>Api/Extensions/ParameterModelStereotypeExtensions.cs</ApplicationRelativeFilePath>
      <ProjectRelativeFilePath>ParameterModelStereotypeExtensions.cs</ProjectRelativeFilePath>
      <IsIgnored>false</IsIgnored>
    </FileLog>
    <FileLog>
      <ProjectId>5fef08fe-d35e-4360-a7b1-942720f55bd4</ProjectId>
      <CorrelationId>Intent.ModuleBuilder.Templates.Api.ApiElementModelExtensions#e71b0662-e29d-4db2-868b-8a12464b25d0</CorrelationId>
      <OverwriteBehaviour>always</OverwriteBehaviour>
      <ApplicationRelativeFilePath>Api/Extensions/QueryModelStereotypeExtensions.cs</ApplicationRelativeFilePath>
      <ProjectRelativeFilePath>QueryModelStereotypeExtensions.cs</ProjectRelativeFilePath>
      <IsIgnored>false</IsIgnored>
    </FileLog>
    <FileLog>
      <ProjectId>5fef08fe-d35e-4360-a7b1-942720f55bd4</ProjectId>
      <CorrelationId>Intent.ModuleBuilder.Templates.Api.ApiElementModelExtensions#b16578a5-27b1-4047-a8df-f0b783d706bd</CorrelationId>
      <OverwriteBehaviour>always</OverwriteBehaviour>
      <ApplicationRelativeFilePath>Api/Extensions/ServiceModelStereotypeExtensions.cs</ApplicationRelativeFilePath>
      <ProjectRelativeFilePath>ServiceModelStereotypeExtensions.cs</ProjectRelativeFilePath>
      <IsIgnored>false</IsIgnored>
    </FileLog>
    <FileLog>
      <ProjectId>5fef08fe-d35e-4360-a7b1-942720f55bd4</ProjectId>
      <CorrelationId>Intent.ModuleBuilder.Templates.Api.ApiElementModelExtensions#df45eaf6-9202-4c25-8dd5-677e9ba1e906</CorrelationId>
      <OverwriteBehaviour>always</OverwriteBehaviour>
      <ApplicationRelativeFilePath>Api/Extensions/ServicesPackageModelStereotypeExtensions.cs</ApplicationRelativeFilePath>
      <ProjectRelativeFilePath>ServicesPackageModelStereotypeExtensions.cs</ProjectRelativeFilePath>
      <IsIgnored>false</IsIgnored>
    </FileLog>
    <FileLog>
      <ProjectId>5fef08fe-d35e-4360-a7b1-942720f55bd4</ProjectId>
      <CorrelationId>Intent.ModuleBuilder.Templates.Api.ApiElementModelExtensions#95f4362b-8193-41cb-bd65-c17d6be3f96b</CorrelationId>
      <OverwriteBehaviour>always</OverwriteBehaviour>
      <ApplicationRelativeFilePath>Api/Extensions/VersionModelStereotypeExtensions.cs</ApplicationRelativeFilePath>
      <ProjectRelativeFilePath>VersionModelStereotypeExtensions.cs</ProjectRelativeFilePath>
      <IsIgnored>false</IsIgnored>
    </FileLog>
    <FileLog>
      <ProjectId>fbde00d1-ec0f-4fbb-b2df-0164f70a7aef</ProjectId>
      <CorrelationId>Intent.ModuleBuilder.Templates.Api.ApiElementModel#95f4362b-8193-41cb-bd65-c17d6be3f96b</CorrelationId>
      <OverwriteBehaviour>always</OverwriteBehaviour>
      <ApplicationRelativeFilePath>Api/VersionModel.cs</ApplicationRelativeFilePath>
      <ProjectRelativeFilePath>VersionModel.cs</ProjectRelativeFilePath>
      <IsIgnored>false</IsIgnored>
    </FileLog>
    <FileLog>
      <ProjectId>edbd016c-f4b3-4bd8-8f1b-577e39de8c59</ProjectId>
      <CorrelationId>Intent.ModuleBuilder.Templates.Api.ApiMetadataProviderExtensions#a65af509-412b-4eac-af19-5008c31f862e</CorrelationId>
      <OverwriteBehaviour>always</OverwriteBehaviour>
      <ApplicationRelativeFilePath>ApiMetadataProviderExtensions.cs</ApplicationRelativeFilePath>
      <ProjectRelativeFilePath>ApiMetadataProviderExtensions.cs</ProjectRelativeFilePath>
      <IsIgnored>false</IsIgnored>
    </FileLog>
    <FileLog>
      <ProjectId>edbd016c-f4b3-4bd8-8f1b-577e39de8c59</ProjectId>
      <CorrelationId>Intent.ModuleBuilder.IModSpecFile#6085068c-4489-4d5e-984d-5c46977f5707</CorrelationId>
      <OverwriteBehaviour>always</OverwriteBehaviour>
      <ApplicationRelativeFilePath>Intent.Metadata.WebApi.imodspec</ApplicationRelativeFilePath>
      <ProjectRelativeFilePath>Intent.Metadata.WebApi.imodspec</ProjectRelativeFilePath>
      <IsIgnored>true</IsIgnored>
    </FileLog>
    <FileLog>
      <ProjectId>edbd016c-f4b3-4bd8-8f1b-577e39de8c59</ProjectId>
      <CorrelationId>Intent.VisualStudio.Projects.CSharpProject#edbd016c-f4b3-4bd8-8f1b-577e39de8c59</CorrelationId>
      <OverwriteBehaviour>always</OverwriteBehaviour>
      <ApplicationRelativeFilePath>Intent.Modules.Metadata.WebApi.csproj</ApplicationRelativeFilePath>
      <ProjectRelativeFilePath>Intent.Modules.Metadata.WebApi.csproj</ProjectRelativeFilePath>
      <IsIgnored>true</IsIgnored>
    </FileLog>
    <FileLog>
      <ProjectId>171b1b81-c5f2-47b1-a6c0-4920ac069484</ProjectId>
      <CorrelationId>Intent.ModuleBuilder.Templates.Migrations.OnVersionMigration#eeadd564-b439-40e9-991b-cdd34c2d0977</CorrelationId>
      <OverwriteBehaviour>always</OverwriteBehaviour>
      <ApplicationRelativeFilePath>Migrations/Migration_04_05_05_Pre_04.cs</ApplicationRelativeFilePath>
      <ProjectRelativeFilePath>Migration_04_05_05_Pre_04.cs</ProjectRelativeFilePath>
      <IsIgnored>false</IsIgnored>
    </FileLog>
    <FileLog>
      <ProjectId>171b1b81-c5f2-47b1-a6c0-4920ac069484</ProjectId>
      <CorrelationId>Intent.ModuleBuilder.Templates.Migrations.OnVersionMigration#f78ec643-0c87-42e3-a9a9-940b6ce15529</CorrelationId>
      <OverwriteBehaviour>always</OverwriteBehaviour>
      <ApplicationRelativeFilePath>Migrations/Migration_04_06_00_Pre_03.cs</ApplicationRelativeFilePath>
      <ProjectRelativeFilePath>Migration_04_06_00_Pre_03.cs</ProjectRelativeFilePath>
      <IsIgnored>false</IsIgnored>
    </FileLog>
    <FileLog>
      <ProjectId>fbbe3c09-70f6-47d7-af27-c18d9712d6a7</ProjectId>
      <CorrelationId>Intent.ModuleBuilder.DesignerSettings#03bfccb7-d845-411f-ba08-4fddb01bbbda</CorrelationId>
      <OverwriteBehaviour>always</OverwriteBehaviour>
      <ApplicationRelativeFilePath>modelers/WebApi CQRS Extensions.designer.settings</ApplicationRelativeFilePath>
      <ProjectRelativeFilePath>WebApi CQRS Extensions.designer.settings</ProjectRelativeFilePath>
      <IsIgnored>false</IsIgnored>
    </FileLog>
    <FileLog>
      <ProjectId>fbbe3c09-70f6-47d7-af27-c18d9712d6a7</ProjectId>
      <CorrelationId>Intent.ModuleBuilder.DesignerSettings#ffcc65bb-8e84-43f2-a025-777a000d245d</CorrelationId>
      <OverwriteBehaviour>always</OverwriteBehaviour>
      <ApplicationRelativeFilePath>modelers/WebApi OpenApi Extensions.designer.settings</ApplicationRelativeFilePath>
      <ProjectRelativeFilePath>WebApi OpenApi Extensions.designer.settings</ProjectRelativeFilePath>
      <IsIgnored>false</IsIgnored>
    </FileLog>
    <FileLog>
      <ProjectId>fbbe3c09-70f6-47d7-af27-c18d9712d6a7</ProjectId>
      <CorrelationId>Intent.ModuleBuilder.DesignerSettings#35553b8d-e014-46ef-88d4-429dbeba18ed</CorrelationId>
      <OverwriteBehaviour>always</OverwriteBehaviour>
      <ApplicationRelativeFilePath>modelers/WebApi Services Extensions.designer.settings</ApplicationRelativeFilePath>
      <ProjectRelativeFilePath>WebApi Services Extensions.designer.settings</ProjectRelativeFilePath>
      <IsIgnored>false</IsIgnored>
    </FileLog>
    <FileLog>
      <ProjectId>edbd016c-f4b3-4bd8-8f1b-577e39de8c59</ProjectId>
      <CorrelationId>Intent.ModuleBuilder.Templates.Api.ApiPackageExtensionModel#3dda4a3e-fc58-4953-9916-3720ea64f80d</CorrelationId>
      <OverwriteBehaviour>always</OverwriteBehaviour>
      <ApplicationRelativeFilePath>PackageExtensionModel.cs</ApplicationRelativeFilePath>
      <ProjectRelativeFilePath>PackageExtensionModel.cs</ProjectRelativeFilePath>
      <IsIgnored>false</IsIgnored>
    </FileLog>
    <FileLog>
      <ProjectId>edbd016c-f4b3-4bd8-8f1b-577e39de8c59</ProjectId>
      <CorrelationId>Intent.ModuleBuilder.Templates.ReleaseNotes#3971db20-d917-43c4-ae32-1a4e99fb60ea</CorrelationId>
      <OverwriteBehaviour>once-off</OverwriteBehaviour>
      <ApplicationRelativeFilePath>release-notes.md</ApplicationRelativeFilePath>
      <ProjectRelativeFilePath>release-notes.md</ProjectRelativeFilePath>
      <IsIgnored>false</IsIgnored>
    </FileLog>
    <FileLog>
      <ProjectId>68e948c9-880f-4b3b-8bd2-05cb416ebc00</ProjectId>
      <CorrelationId>Intent.ModuleBuilder.Templates.DocumentationTemplate#877ebb80-8291-4b2c-9440-a54f6946acfa</CorrelationId>
      <OverwriteBehaviour>always</OverwriteBehaviour>
      <ApplicationRelativeFilePath>resources/documentation.json</ApplicationRelativeFilePath>
      <ProjectRelativeFilePath>documentation.json</ProjectRelativeFilePath>
      <IsIgnored>false</IsIgnored>
    </FileLog>
  </FileLogs>
</outputLog>