<?xml version="1.0" encoding="utf-8"?>
<outputLog xmlns:xsi="http://www.w3.org/2001/XMLSchema-instance" xmlns:xsd="http://www.w3.org/2001/XMLSchema">
  <ApplicationId>765236f6-13a2-40be-90d3-38674e01f4a7</ApplicationId>
  <FileLogs>
    <FileLog>
      <ProjectId>8a3cfb30-6525-40fa-b07e-d734b362f444</ProjectId>
      <ApplicationRelativeFilePath>Api/Extensions/AssociationSourceEndModelExtensions.cs</ApplicationRelativeFilePath>
      <ProjectRelativeFilePath>AssociationSourceEndModelExtensions.cs</ProjectRelativeFilePath>
    </FileLog>
    <FileLog>
      <ProjectId>8a3cfb30-6525-40fa-b07e-d734b362f444</ProjectId>
      <ApplicationRelativeFilePath>Api/Extensions/AssociationTargetEndModelExtensions.cs</ApplicationRelativeFilePath>
      <ProjectRelativeFilePath>AssociationTargetEndModelExtensions.cs</ProjectRelativeFilePath>
    </FileLog>
    <FileLog>
      <ProjectId>8a3cfb30-6525-40fa-b07e-d734b362f444</ProjectId>
      <ApplicationRelativeFilePath>Api/Extensions/AttributeModelExtensions.cs</ApplicationRelativeFilePath>
      <ProjectRelativeFilePath>AttributeModelExtensions.cs</ProjectRelativeFilePath>
    </FileLog>
    <FileLog>
      <ProjectId>8a3cfb30-6525-40fa-b07e-d734b362f444</ProjectId>
      <ApplicationRelativeFilePath>Api/Extensions/ClassModelExtensions.cs</ApplicationRelativeFilePath>
      <ProjectRelativeFilePath>ClassModelExtensions.cs</ProjectRelativeFilePath>
    </FileLog>
    <FileLog>
      <ProjectId>c84fa137-4d52-451f-aba4-8ec00d1525f6</ProjectId>
      <ApplicationRelativeFilePath>Intent.Metadata.RDBMS.imodspec</ApplicationRelativeFilePath>
      <ProjectRelativeFilePath>Intent.Metadata.RDBMS.imodspec</ProjectRelativeFilePath>
    </FileLog>
    <FileLog>
      <ProjectId>c84fa137-4d52-451f-aba4-8ec00d1525f6</ProjectId>
      <ApplicationRelativeFilePath>Intent.Modules.Metadata.RDBMS.csproj</ApplicationRelativeFilePath>
      <ProjectRelativeFilePath>Intent.Modules.Metadata.RDBMS.csproj</ProjectRelativeFilePath>
    </FileLog>
    <FileLog>
      <ProjectId>c84fa137-4d52-451f-aba4-8ec00d1525f6</ProjectId>
      <ApplicationRelativeFilePath>README.txt</ApplicationRelativeFilePath>
      <ProjectRelativeFilePath>README.txt</ProjectRelativeFilePath>
    </FileLog>
    <FileLog>
      <ApplicationRelativeFilePath>../Intent.Modules.sln</ApplicationRelativeFilePath>
    </FileLog>
  </FileLogs>
</outputLog>