<?xml version="1.0" encoding="utf-8"?>
<outputLog xmlns:xsi="http://www.w3.org/2001/XMLSchema-instance" xmlns:xsd="http://www.w3.org/2001/XMLSchema">
  <ApplicationId>89b15292-077f-46aa-8f8b-76072be30ccc</ApplicationId>
  <FileLogs>
    <FileLog>
      <ProjectId>6994427e-45de-4d7d-b0f6-73454dfa9229</ProjectId>
      <ApplicationRelativeFilePath>Api/CSharpTemplateModel.cs</ApplicationRelativeFilePath>
      <ProjectRelativeFilePath>CSharpTemplateModel.cs</ProjectRelativeFilePath>
    </FileLog>
    <FileLog>
      <ProjectId>6994427e-45de-4d7d-b0f6-73454dfa9229</ProjectId>
      <ApplicationRelativeFilePath>Api/FolderExtensionModel.cs</ApplicationRelativeFilePath>
      <ProjectRelativeFilePath>FolderExtensionModel.cs</ProjectRelativeFilePath>
    </FileLog>
    <FileLog>
      <ProjectId>6994427e-45de-4d7d-b0f6-73454dfa9229</ProjectId>
      <ApplicationRelativeFilePath>Api/PackageSettingsModel.cs</ApplicationRelativeFilePath>
      <ProjectRelativeFilePath>PackageSettingsModel.cs</ProjectRelativeFilePath>
    </FileLog>
    <FileLog>
      <ProjectId>823b06dd-dc3f-47f4-9e85-81da6304659c</ProjectId>
      <ApplicationRelativeFilePath>ApiMetadataProviderExtensions.cs</ApplicationRelativeFilePath>
      <ProjectRelativeFilePath>ApiMetadataProviderExtensions.cs</ProjectRelativeFilePath>
    </FileLog>
    <FileLog>
      <ProjectId>823b06dd-dc3f-47f4-9e85-81da6304659c</ProjectId>
      <ApplicationRelativeFilePath>Intent.ModuleBuilder.CSharp.imodspec</ApplicationRelativeFilePath>
      <ProjectRelativeFilePath>Intent.ModuleBuilder.CSharp.imodspec</ProjectRelativeFilePath>
    </FileLog>
    <FileLog>
      <ProjectId>823b06dd-dc3f-47f4-9e85-81da6304659c</ProjectId>
      <ApplicationRelativeFilePath>Intent.Modules.ModuleBuilder.CSharp.csproj</ApplicationRelativeFilePath>
      <ProjectRelativeFilePath>Intent.Modules.ModuleBuilder.CSharp.csproj</ProjectRelativeFilePath>
    </FileLog>
    <FileLog>
      <ProjectId>38637844-346d-4a83-81ad-a2e1c6be1fe5</ProjectId>
      <ApplicationRelativeFilePath>modelers/CSharp.designer.settings</ApplicationRelativeFilePath>
      <ProjectRelativeFilePath>CSharp.designer.settings</ProjectRelativeFilePath>
    </FileLog>
    <FileLog>
      <ProjectId>823b06dd-dc3f-47f4-9e85-81da6304659c</ProjectId>
      <ApplicationRelativeFilePath>README.txt</ApplicationRelativeFilePath>
      <ProjectRelativeFilePath>README.txt</ProjectRelativeFilePath>
    </FileLog>
    <FileLog>
      <ProjectId>823b06dd-dc3f-47f4-9e85-81da6304659c</ProjectId>
      <ApplicationRelativeFilePath>Templates/CSharpTemplate/CSharpTemplatePartial.cs</ApplicationRelativeFilePath>
      <ProjectRelativeFilePath>Templates/CSharpTemplate/CSharpTemplatePartial.cs</ProjectRelativeFilePath>
    </FileLog>
    <FileLog>
      <ProjectId>823b06dd-dc3f-47f4-9e85-81da6304659c</ProjectId>
      <ApplicationRelativeFilePath>Templates/CSharpTemplate/CSharpTemplateRegistration.cs</ApplicationRelativeFilePath>
      <ProjectRelativeFilePath>Templates/CSharpTemplate/CSharpTemplateRegistration.cs</ProjectRelativeFilePath>
    </FileLog>
    <FileLog>
      <ProjectId>823b06dd-dc3f-47f4-9e85-81da6304659c</ProjectId>
      <ApplicationRelativeFilePath>Templates/CSharpTemplatePartial/CSharpTemplatePartialTemplate.cs</ApplicationRelativeFilePath>
      <ProjectRelativeFilePath>Templates/CSharpTemplatePartial/CSharpTemplatePartialTemplate.cs</ProjectRelativeFilePath>
    </FileLog>
    <FileLog>
      <ProjectId>823b06dd-dc3f-47f4-9e85-81da6304659c</ProjectId>
      <ApplicationRelativeFilePath>Templates/CSharpTemplatePartial/CSharpTemplatePartialTemplate.tt</ApplicationRelativeFilePath>
      <ProjectRelativeFilePath>Templates/CSharpTemplatePartial/CSharpTemplatePartialTemplate.tt</ProjectRelativeFilePath>
    </FileLog>
    <FileLog>
      <ProjectId>823b06dd-dc3f-47f4-9e85-81da6304659c</ProjectId>
      <ApplicationRelativeFilePath>Templates/CSharpTemplatePartial/CSharpTemplatePartialTemplatePartial.cs</ApplicationRelativeFilePath>
      <ProjectRelativeFilePath>Templates/CSharpTemplatePartial/CSharpTemplatePartialTemplatePartial.cs</ProjectRelativeFilePath>
    </FileLog>
    <FileLog>
      <ProjectId>823b06dd-dc3f-47f4-9e85-81da6304659c</ProjectId>
      <ApplicationRelativeFilePath>Templates/CSharpTemplatePartial/CSharpTemplatePartialTemplateRegistration.cs</ApplicationRelativeFilePath>
      <ProjectRelativeFilePath>Templates/CSharpTemplatePartial/CSharpTemplatePartialTemplateRegistration.cs</ProjectRelativeFilePath>
    </FileLog>
  </FileLogs>
</outputLog>