<?xml version="1.0" encoding="utf-8"?>
<outputLog>
  <ApplicationId>dccc22e4-34e6-4e1f-ad4b-82142275715f</ApplicationId>
  <FileLogs>
    <FileLog>
      <CorrelationId>Intent.VisualStudio.Projects.VisualStudio2015Solution#69cdf4c0-c274-4585-9544-9e626f71cf9b</CorrelationId>
      <OverwriteBehaviour>always</OverwriteBehaviour>
      <ApplicationRelativeFilePath>../Intent.Modules.sln</ApplicationRelativeFilePath>
      <IsIgnored>false</IsIgnored>
    </FileLog>
    <FileLog>
      <ProjectId>33cbe321-9ea4-4773-a8c2-d6c8c4f33045</ProjectId>
      <CorrelationId>Intent.ModuleBuilder.Templates.Api.ApiAssociationModel#605bfe10-c345-4493-a2aa-f0605e45d2ed</CorrelationId>
      <OverwriteBehaviour>always</OverwriteBehaviour>
      <ApplicationRelativeFilePath>Api/DynamoDBItemAssociationModel.cs</ApplicationRelativeFilePath>
      <ProjectRelativeFilePath>DynamoDBItemAssociationModel.cs</ProjectRelativeFilePath>
      <IsIgnored>false</IsIgnored>
    </FileLog>
    <FileLog>
      <ProjectId>33cbe321-9ea4-4773-a8c2-d6c8c4f33045</ProjectId>
      <CorrelationId>Intent.ModuleBuilder.Templates.Api.ApiAssociationModelExtensions#605bfe10-c345-4493-a2aa-f0605e45d2ed</CorrelationId>
      <OverwriteBehaviour>always</OverwriteBehaviour>
      <ApplicationRelativeFilePath>Api/DynamoDBItemAssociationModelAssociationExtensions.cs</ApplicationRelativeFilePath>
      <ProjectRelativeFilePath>DynamoDBItemAssociationModelAssociationExtensions.cs</ProjectRelativeFilePath>
      <IsIgnored>false</IsIgnored>
    </FileLog>
    <FileLog>
      <ProjectId>33cbe321-9ea4-4773-a8c2-d6c8c4f33045</ProjectId>
      <CorrelationId>Intent.ModuleBuilder.Templates.Api.ApiElementModel#83f50394-05f3-422d-b33f-ad2b4a2a4008</CorrelationId>
      <OverwriteBehaviour>always</OverwriteBehaviour>
      <ApplicationRelativeFilePath>Api/DynamoDBItemModel.cs</ApplicationRelativeFilePath>
      <ProjectRelativeFilePath>DynamoDBItemModel.cs</ProjectRelativeFilePath>
      <IsIgnored>false</IsIgnored>
    </FileLog>
    <FileLog>
      <ProjectId>33cbe321-9ea4-4773-a8c2-d6c8c4f33045</ProjectId>
      <CorrelationId>Intent.ModuleBuilder.Templates.Api.ApiElementModel#4b5f63fc-2019-4ec0-8f1a-4f47f397a60c</CorrelationId>
      <OverwriteBehaviour>always</OverwriteBehaviour>
      <ApplicationRelativeFilePath>Api/DynamoDBMapAttributeModel.cs</ApplicationRelativeFilePath>
      <ProjectRelativeFilePath>DynamoDBMapAttributeModel.cs</ProjectRelativeFilePath>
      <IsIgnored>false</IsIgnored>
    </FileLog>
    <FileLog>
      <ProjectId>33cbe321-9ea4-4773-a8c2-d6c8c4f33045</ProjectId>
      <CorrelationId>Intent.ModuleBuilder.Templates.Api.ApiElementModel#a7dae3ec-2063-434b-be58-3f86434f2340</CorrelationId>
      <OverwriteBehaviour>always</OverwriteBehaviour>
      <ApplicationRelativeFilePath>Api/DynamoDBModel.cs</ApplicationRelativeFilePath>
      <ProjectRelativeFilePath>DynamoDBModel.cs</ProjectRelativeFilePath>
      <IsIgnored>false</IsIgnored>
    </FileLog>
    <FileLog>
      <ProjectId>33cbe321-9ea4-4773-a8c2-d6c8c4f33045</ProjectId>
      <CorrelationId>Intent.ModuleBuilder.Templates.Api.ApiElementModel#a39e6629-9daf-418b-a5ec-25f05d26753e</CorrelationId>
      <OverwriteBehaviour>always</OverwriteBehaviour>
      <ApplicationRelativeFilePath>Api/DynamoDBScalarValueAttributeModel.cs</ApplicationRelativeFilePath>
      <ProjectRelativeFilePath>DynamoDBScalarValueAttributeModel.cs</ProjectRelativeFilePath>
      <IsIgnored>false</IsIgnored>
    </FileLog>
    <FileLog>
      <ProjectId>33cbe321-9ea4-4773-a8c2-d6c8c4f33045</ProjectId>
      <CorrelationId>Intent.ModuleBuilder.Templates.Api.ApiElementModel#b45fcd71-d5a3-48c7-9dd5-e6a138080bcf</CorrelationId>
      <OverwriteBehaviour>always</OverwriteBehaviour>
      <ApplicationRelativeFilePath>Api/DynamoDBTableModel.cs</ApplicationRelativeFilePath>
      <ProjectRelativeFilePath>DynamoDBTableModel.cs</ProjectRelativeFilePath>
      <IsIgnored>false</IsIgnored>
    </FileLog>
    <FileLog>
      <ProjectId>33cbe321-9ea4-4773-a8c2-d6c8c4f33045</ProjectId>
      <CorrelationId>Intent.ModuleBuilder.Templates.Api.ApiElementExtensionModel#6668bfcb-0022-4e23-b4cd-ffc3e98d623a</CorrelationId>
      <OverwriteBehaviour>always</OverwriteBehaviour>
      <ApplicationRelativeFilePath>Api/ServerlessAWSDynamoDBFolderExtensionsModel.cs</ApplicationRelativeFilePath>
      <ProjectRelativeFilePath>ServerlessAWSDynamoDBFolderExtensionsModel.cs</ProjectRelativeFilePath>
      <IsIgnored>false</IsIgnored>
    </FileLog>
    <FileLog>
      <ProjectId>33cbe321-9ea4-4773-a8c2-d6c8c4f33045</ProjectId>
      <CorrelationId>Intent.ModuleBuilder.Templates.Api.ApiPackageExtensionModel#90f0d89d-563d-4084-8bf6-0631c96f6243</CorrelationId>
      <OverwriteBehaviour>always</OverwriteBehaviour>
      <ApplicationRelativeFilePath>Api/ServerlessAWSDynamoDBPackageExtensionsModel.cs</ApplicationRelativeFilePath>
      <ProjectRelativeFilePath>ServerlessAWSDynamoDBPackageExtensionsModel.cs</ProjectRelativeFilePath>
      <IsIgnored>false</IsIgnored>
    </FileLog>
    <FileLog>
      <ProjectId>c2d6ca92-c1cd-4dca-8f29-ea2843303d60</ProjectId>
      <CorrelationId>Intent.ModuleBuilder.Templates.Api.ApiMetadataProviderExtensions</CorrelationId>
      <OverwriteBehaviour>always</OverwriteBehaviour>
      <ApplicationRelativeFilePath>ApiMetadataProviderExtensions.cs</ApplicationRelativeFilePath>
      <ProjectRelativeFilePath>ApiMetadataProviderExtensions.cs</ProjectRelativeFilePath>
      <IsIgnored>false</IsIgnored>
    </FileLog>
    <FileLog>
      <ProjectId>c2d6ca92-c1cd-4dca-8f29-ea2843303d60</ProjectId>
      <CorrelationId>Intent.VisualStudio.Projects.CoreLibrary.CSProject#c2d6ca92-c1cd-4dca-8f29-ea2843303d60</CorrelationId>
      <OverwriteBehaviour>always</OverwriteBehaviour>
      <ApplicationRelativeFilePath>Intent.Modules.Modelers.Serverless.AWS.DynamoDB.csproj</ApplicationRelativeFilePath>
      <ProjectRelativeFilePath>Intent.Modules.Modelers.Serverless.AWS.DynamoDB.csproj</ProjectRelativeFilePath>
      <IsIgnored>false</IsIgnored>
    </FileLog>
    <FileLog>
      <ProjectId>c2d6ca92-c1cd-4dca-8f29-ea2843303d60</ProjectId>
      <CorrelationId>Intent.ModuleBuilder.IModSpecFile</CorrelationId>
      <OverwriteBehaviour>always</OverwriteBehaviour>
      <ApplicationRelativeFilePath>Intent.Modules.Modelers.Serverless.AWS.DynamoDB.imodspec</ApplicationRelativeFilePath>
      <ProjectRelativeFilePath>Intent.Modules.Modelers.Serverless.AWS.DynamoDB.imodspec</ProjectRelativeFilePath>
      <IsIgnored>false</IsIgnored>
    </FileLog>
    <FileLog>
      <ProjectId>6b902e3a-6a25-4567-949c-12984c1043e8</ProjectId>
      <CorrelationId>Intent.ModuleBuilder.DesignerSettings#f997dbf2-68b1-426f-9721-5c914a54fd34</CorrelationId>
      <OverwriteBehaviour>always</OverwriteBehaviour>
      <ApplicationRelativeFilePath>modelers/Serverless AWS DynamoDB Extensions.designer.settings</ApplicationRelativeFilePath>
      <ProjectRelativeFilePath>Serverless AWS DynamoDB Extensions.designer.settings</ProjectRelativeFilePath>
      <IsIgnored>false</IsIgnored>
    </FileLog>
    <FileLog>
      <ProjectId>c2d6ca92-c1cd-4dca-8f29-ea2843303d60</ProjectId>
      <CorrelationId>Intent.ModuleBuilder.ReadMe</CorrelationId>
      <OverwriteBehaviour>always</OverwriteBehaviour>
      <ApplicationRelativeFilePath>README.txt</ApplicationRelativeFilePath>
      <ProjectRelativeFilePath>README.txt</ProjectRelativeFilePath>
      <IsIgnored>false</IsIgnored>
    </FileLog>
  </FileLogs>
</outputLog>