<?xml version="1.0" encoding="utf-8"?>
<outputLog>
  <ApplicationId>0dd467e5-63fe-41f9-8a0a-f4454ff6cca9</ApplicationId>
  <FileLogs>
    <FileLog>
      <CorrelationId>Intent.VisualStudio.Projects.VisualStudioSolution#939a5b8b-6d71-4711-aa91-5bcb304a8833</CorrelationId>
      <OverwriteBehaviour>always</OverwriteBehaviour>
      <ApplicationRelativeFilePath>../Intent.Modules.sln</ApplicationRelativeFilePath>
      <IsIgnored>false</IsIgnored>
    </FileLog>
    <FileLog>
      <ProjectId>83ee3232-9bb5-41b0-86e2-fe4dc5a7dd76</ProjectId>
      <CorrelationId>Intent.ModuleBuilder.Templates.Api.ApiPackageExtensionModel#3974d48b-4ae6-447a-8cca-eddd3140128d</CorrelationId>
      <OverwriteBehaviour>always</OverwriteBehaviour>
      <ApplicationRelativeFilePath>Api/DomainPackageExtensionModel.cs</ApplicationRelativeFilePath>
      <ProjectRelativeFilePath>DomainPackageExtensionModel.cs</ProjectRelativeFilePath>
      <IsIgnored>false</IsIgnored>
    </FileLog>
    <FileLog>
      <ProjectId>83ee3232-9bb5-41b0-86e2-fe4dc5a7dd76</ProjectId>
      <CorrelationId>Intent.ModuleBuilder.Templates.Api.ApiElementExtensionModel#f4664bd2-118c-4393-8389-661a5fc4799a</CorrelationId>
      <OverwriteBehaviour>always</OverwriteBehaviour>
      <ApplicationRelativeFilePath>Api/FolderExtensionModel.cs</ApplicationRelativeFilePath>
      <ProjectRelativeFilePath>FolderExtensionModel.cs</ProjectRelativeFilePath>
      <IsIgnored>false</IsIgnored>
    </FileLog>
    <FileLog>
      <ProjectId>83ee3232-9bb5-41b0-86e2-fe4dc5a7dd76</ProjectId>
      <CorrelationId>Intent.ModuleBuilder.Templates.Api.ApiElementModel#5fe6bb0a-7fc3-42ae-a351-d9188f5b8bc5</CorrelationId>
      <OverwriteBehaviour>always</OverwriteBehaviour>
      <ApplicationRelativeFilePath>Api/ValueObjectModel.cs</ApplicationRelativeFilePath>
      <ProjectRelativeFilePath>ValueObjectModel.cs</ProjectRelativeFilePath>
      <IsIgnored>false</IsIgnored>
    </FileLog>
    <FileLog>
      <ProjectId>83ee3232-9bb5-41b0-86e2-fe4dc5a7dd76</ProjectId>
      <CorrelationId>Intent.ModuleBuilder.Templates.Api.ApiElementModelExtensions#5fe6bb0a-7fc3-42ae-a351-d9188f5b8bc5</CorrelationId>
      <OverwriteBehaviour>always</OverwriteBehaviour>
      <ApplicationRelativeFilePath>Api/ValueObjectModelStereotypeExtensions.cs</ApplicationRelativeFilePath>
      <ProjectRelativeFilePath>ValueObjectModelStereotypeExtensions.cs</ProjectRelativeFilePath>
      <IsIgnored>false</IsIgnored>
    </FileLog>
    <FileLog>
      <ProjectId>2c4e1b36-3037-4892-9d61-630ebe12d423</ProjectId>
      <CorrelationId>Intent.ModuleBuilder.Templates.Api.ApiMetadataProviderExtensions#f8bd9c9d-220a-476e-aebb-7ddf8d865b1d</CorrelationId>
      <OverwriteBehaviour>always</OverwriteBehaviour>
      <ApplicationRelativeFilePath>ApiMetadataProviderExtensions.cs</ApplicationRelativeFilePath>
      <ProjectRelativeFilePath>ApiMetadataProviderExtensions.cs</ProjectRelativeFilePath>
      <IsIgnored>false</IsIgnored>
    </FileLog>
    <FileLog>
      <ProjectId>2c4e1b36-3037-4892-9d61-630ebe12d423</ProjectId>
      <CorrelationId>Intent.ModuleBuilder.IModSpecFile#7070aee5-17a6-4a60-a551-882a821766c9</CorrelationId>
      <OverwriteBehaviour>always</OverwriteBehaviour>
      <ApplicationRelativeFilePath>Intent.Modelers.Domain.ValueObjects.imodspec</ApplicationRelativeFilePath>
      <ProjectRelativeFilePath>Intent.Modelers.Domain.ValueObjects.imodspec</ProjectRelativeFilePath>
      <IsIgnored>false</IsIgnored>
    </FileLog>
    <FileLog>
      <ProjectId>2c4e1b36-3037-4892-9d61-630ebe12d423</ProjectId>
      <CorrelationId>Intent.VisualStudio.Projects.CSharpProject#2c4e1b36-3037-4892-9d61-630ebe12d423</CorrelationId>
      <OverwriteBehaviour>always</OverwriteBehaviour>
      <ApplicationRelativeFilePath>Intent.Modules.Modelers.Domain.ValueObjects.csproj</ApplicationRelativeFilePath>
      <ProjectRelativeFilePath>Intent.Modules.Modelers.Domain.ValueObjects.csproj</ProjectRelativeFilePath>
      <IsIgnored>false</IsIgnored>
    </FileLog>
    <FileLog>
      <ProjectId>54179999-119b-4403-aed3-ec58ff02ed38</ProjectId>
      <CorrelationId>Intent.ModuleBuilder.DesignerSettings#da1d4420-70d8-408b-b8d3-f1def412d14c</CorrelationId>
      <OverwriteBehaviour>always</OverwriteBehaviour>
      <ApplicationRelativeFilePath>modelers/Domain Value Objects.designer.settings</ApplicationRelativeFilePath>
      <ProjectRelativeFilePath>Domain Value Objects.designer.settings</ProjectRelativeFilePath>
      <IsIgnored>false</IsIgnored>
    </FileLog>
  </FileLogs>
</outputLog>