<?xml version="1.0" encoding="utf-8"?>
<outputLog>
  <ApplicationId>c6135b48-c5cb-4f08-b06e-dc189c0d8b9b</ApplicationId>
  <FileLogs>
    <FileLog>
      <CorrelationId>Intent.VisualStudio.Projects.VisualStudio2015Solution#5b66daa7-fd9f-406c-a251-c15a6c6f4114</CorrelationId>
      <OverwriteBehaviour>always</OverwriteBehaviour>
      <ApplicationRelativeFilePath>../Intent.Modules.sln</ApplicationRelativeFilePath>
      <IsIgnored>false</IsIgnored>
    </FileLog>
    <FileLog>
      <ProjectId>488523ac-c261-4370-83ca-1f9737e8d51b</ProjectId>
      <CorrelationId>Intent.ModuleBuilder.Templates.Api.ApiElementExtensionModel#4037c725-ce00-4df5-aebf-32f53077e37d</CorrelationId>
      <OverwriteBehaviour>always</OverwriteBehaviour>
      <ApplicationRelativeFilePath>Api/AWSS3DiagramExtensionsModel.cs</ApplicationRelativeFilePath>
      <ProjectRelativeFilePath>AWSS3DiagramExtensionsModel.cs</ProjectRelativeFilePath>
      <IsIgnored>false</IsIgnored>
    </FileLog>
    <FileLog>
      <ProjectId>488523ac-c261-4370-83ca-1f9737e8d51b</ProjectId>
      <CorrelationId>Intent.ModuleBuilder.Templates.Api.ApiElementExtensionModel#7c2b8b01-43d7-4466-b8b4-82c4383bf0dd</CorrelationId>
      <OverwriteBehaviour>always</OverwriteBehaviour>
      <ApplicationRelativeFilePath>Api/AWSS3ExtensionModel.cs</ApplicationRelativeFilePath>
      <ProjectRelativeFilePath>AWSS3ExtensionModel.cs</ProjectRelativeFilePath>
      <IsIgnored>false</IsIgnored>
    </FileLog>
    <FileLog>
      <ProjectId>488523ac-c261-4370-83ca-1f9737e8d51b</ProjectId>
      <CorrelationId>Intent.ModuleBuilder.Templates.Api.ApiElementExtensionModel#77b0eab2-6b88-4a9e-a86b-1a70739f5782</CorrelationId>
      <OverwriteBehaviour>always</OverwriteBehaviour>
      <ApplicationRelativeFilePath>Api/AWSS3FolderExtensionsModel.cs</ApplicationRelativeFilePath>
      <ProjectRelativeFilePath>AWSS3FolderExtensionsModel.cs</ProjectRelativeFilePath>
      <IsIgnored>false</IsIgnored>
    </FileLog>
    <FileLog>
      <ProjectId>488523ac-c261-4370-83ca-1f9737e8d51b</ProjectId>
      <CorrelationId>Intent.ModuleBuilder.Templates.Api.ApiPackageExtensionModel#1c63021f-6dab-4c5b-9fc5-0bf42a2f6fd0</CorrelationId>
      <OverwriteBehaviour>always</OverwriteBehaviour>
      <ApplicationRelativeFilePath>Api/AWSS3PackageExtensionsModel.cs</ApplicationRelativeFilePath>
      <ProjectRelativeFilePath>AWSS3PackageExtensionsModel.cs</ProjectRelativeFilePath>
      <IsIgnored>false</IsIgnored>
    </FileLog>
    <FileLog>
      <ProjectId>488523ac-c261-4370-83ca-1f9737e8d51b</ProjectId>
      <CorrelationId>Intent.ModuleBuilder.Templates.Api.ApiElementModel#70001417-b109-4c5a-987a-0d53724a4709</CorrelationId>
      <OverwriteBehaviour>always</OverwriteBehaviour>
      <ApplicationRelativeFilePath>Api/S3BucketModel.cs</ApplicationRelativeFilePath>
      <ProjectRelativeFilePath>S3BucketModel.cs</ProjectRelativeFilePath>
      <IsIgnored>false</IsIgnored>
    </FileLog>
    <FileLog>
      <ProjectId>26c183d7-7aaf-40d0-8b8c-eed59f66e4c4</ProjectId>
      <CorrelationId>Intent.ModuleBuilder.Templates.Api.ApiMetadataProviderExtensions</CorrelationId>
      <OverwriteBehaviour>always</OverwriteBehaviour>
      <ApplicationRelativeFilePath>ApiMetadataProviderExtensions.cs</ApplicationRelativeFilePath>
      <ProjectRelativeFilePath>ApiMetadataProviderExtensions.cs</ProjectRelativeFilePath>
      <IsIgnored>false</IsIgnored>
    </FileLog>
    <FileLog>
      <ProjectId>26c183d7-7aaf-40d0-8b8c-eed59f66e4c4</ProjectId>
      <CorrelationId>Intent.ModuleBuilder.IModSpecFile</CorrelationId>
      <OverwriteBehaviour>always</OverwriteBehaviour>
      <ApplicationRelativeFilePath>Intent.Modelers.AWS.S3.imodspec</ApplicationRelativeFilePath>
      <ProjectRelativeFilePath>Intent.Modelers.AWS.S3.imodspec</ProjectRelativeFilePath>
      <IsIgnored>false</IsIgnored>
    </FileLog>
    <FileLog>
      <ProjectId>26c183d7-7aaf-40d0-8b8c-eed59f66e4c4</ProjectId>
      <CorrelationId>Intent.VisualStudio.Projects.CoreLibrary.CSProject#26c183d7-7aaf-40d0-8b8c-eed59f66e4c4</CorrelationId>
      <OverwriteBehaviour>always</OverwriteBehaviour>
      <ApplicationRelativeFilePath>Intent.Modules.Modelers.AWS.S3.csproj</ApplicationRelativeFilePath>
      <ProjectRelativeFilePath>Intent.Modules.Modelers.AWS.S3.csproj</ProjectRelativeFilePath>
      <IsIgnored>false</IsIgnored>
    </FileLog>
    <FileLog>
      <ProjectId>deba9bd4-d843-4ea7-8e08-856f47af4cfc</ProjectId>
      <CorrelationId>Intent.ModuleBuilder.DesignerSettings#45325aa6-a5da-4600-b4c5-15747cfeff18</CorrelationId>
      <OverwriteBehaviour>always</OverwriteBehaviour>
      <ApplicationRelativeFilePath>modelers/AWS S3 Extensions.designer.settings</ApplicationRelativeFilePath>
      <ProjectRelativeFilePath>AWS S3 Extensions.designer.settings</ProjectRelativeFilePath>
      <IsIgnored>false</IsIgnored>
    </FileLog>
    <FileLog>
      <ProjectId>26c183d7-7aaf-40d0-8b8c-eed59f66e4c4</ProjectId>
      <CorrelationId>Intent.ModuleBuilder.ReadMe</CorrelationId>
      <OverwriteBehaviour>always</OverwriteBehaviour>
      <ApplicationRelativeFilePath>README.txt</ApplicationRelativeFilePath>
      <ProjectRelativeFilePath>README.txt</ProjectRelativeFilePath>
      <IsIgnored>false</IsIgnored>
    </FileLog>
  </FileLogs>
</outputLog>