<?xml version="1.0" encoding="utf-8"?>
<outputLog>
  <ApplicationId>372a17c5-5856-470c-b3ae-0ea381a0a3d6</ApplicationId>
  <FileLogs>
    <FileLog>
      <CorrelationId>Intent.VisualStudio.Projects.VisualStudioSolution#73adf50b-6fa1-48c2-8310-d39b5938f708</CorrelationId>
      <OverwriteBehaviour>always</OverwriteBehaviour>
      <ApplicationRelativeFilePath>../Intent.Modules.sln</ApplicationRelativeFilePath>
      <IsIgnored>false</IsIgnored>
    </FileLog>
    <FileLog>
      <ProjectId>81ae7f80-ff93-4c7d-8cac-08ff0249991b</ProjectId>
      <CorrelationId>Intent.ModuleBuilder.IModSpecFile</CorrelationId>
      <OverwriteBehaviour>always</OverwriteBehaviour>
      <ApplicationRelativeFilePath>Intent.Common.AI.imodspec</ApplicationRelativeFilePath>
      <ProjectRelativeFilePath>Intent.Common.AI.imodspec</ProjectRelativeFilePath>
      <IsIgnored>false</IsIgnored>
    </FileLog>
    <FileLog>
      <ProjectId>81ae7f80-ff93-4c7d-8cac-08ff0249991b</ProjectId>
      <CorrelationId>Intent.VisualStudio.Projects.CSharpProject#81ae7f80-ff93-4c7d-8cac-08ff0249991b</CorrelationId>
      <OverwriteBehaviour>always</OverwriteBehaviour>
      <ApplicationRelativeFilePath>Intent.Modules.Common.AI.csproj</ApplicationRelativeFilePath>
      <ProjectRelativeFilePath>Intent.Modules.Common.AI.csproj</ProjectRelativeFilePath>
      <IsIgnored>false</IsIgnored>
    </FileLog>
    <FileLog>
      <ProjectId>d13df794-2efc-4294-8e15-bff5814b16e7</ProjectId>
      <CorrelationId>Intent.ModuleBuilder.Templates.Settings.ModuleSettingsExtensions#3d488031-cdd1-4987-8d07-427d7cbc605e</CorrelationId>
      <OverwriteBehaviour>always</OverwriteBehaviour>
      <ApplicationRelativeFilePath>Settings/ModuleSettingsExtensions.cs</ApplicationRelativeFilePath>
      <ProjectRelativeFilePath>ModuleSettingsExtensions.cs</ProjectRelativeFilePath>
      <IsIgnored>false</IsIgnored>
    </FileLog>
  </FileLogs>
</outputLog>