<?xml version="1.0" encoding="utf-8"?>
<outputLog xmlns:xsi="http://www.w3.org/2001/XMLSchema-instance" xmlns:xsd="http://www.w3.org/2001/XMLSchema">
  <ApplicationId>a08d31d9-4b5c-47e0-aad6-906e5a9e1bcb</ApplicationId>
  <FileLogs>
    <FileLog>
      <ProjectId>3043ab47-170b-4d78-ba2d-3673f8381213</ProjectId>
      <ApplicationRelativeFilePath>Api/DTOFieldModel.cs</ApplicationRelativeFilePath>
      <ProjectRelativeFilePath>DTOFieldModel.cs</ProjectRelativeFilePath>
    </FileLog>
    <FileLog>
      <ProjectId>3043ab47-170b-4d78-ba2d-3673f8381213</ProjectId>
      <ApplicationRelativeFilePath>Api/DTOModel.cs</ApplicationRelativeFilePath>
      <ProjectRelativeFilePath>DTOModel.cs</ProjectRelativeFilePath>
    </FileLog>
    <FileLog>
      <ProjectId>3043ab47-170b-4d78-ba2d-3673f8381213</ProjectId>
      <ApplicationRelativeFilePath>Api/FolderExtensionModel.cs</ApplicationRelativeFilePath>
      <ProjectRelativeFilePath>FolderExtensionModel.cs</ProjectRelativeFilePath>
    </FileLog>
    <FileLog>
      <ProjectId>3043ab47-170b-4d78-ba2d-3673f8381213</ProjectId>
      <ApplicationRelativeFilePath>Api/OperationModel.cs</ApplicationRelativeFilePath>
      <ProjectRelativeFilePath>OperationModel.cs</ProjectRelativeFilePath>
    </FileLog>
    <FileLog>
      <ProjectId>3043ab47-170b-4d78-ba2d-3673f8381213</ProjectId>
      <ApplicationRelativeFilePath>Api/ParameterModel.cs</ApplicationRelativeFilePath>
      <ProjectRelativeFilePath>ParameterModel.cs</ProjectRelativeFilePath>
    </FileLog>
    <FileLog>
      <ProjectId>3043ab47-170b-4d78-ba2d-3673f8381213</ProjectId>
      <ApplicationRelativeFilePath>Api/ServiceModel.cs</ApplicationRelativeFilePath>
      <ProjectRelativeFilePath>ServiceModel.cs</ProjectRelativeFilePath>
    </FileLog>
    <FileLog>
      <ProjectId>3043ab47-170b-4d78-ba2d-3673f8381213</ProjectId>
      <ApplicationRelativeFilePath>Api/ServicesPackageModel.cs</ApplicationRelativeFilePath>
      <ProjectRelativeFilePath>ServicesPackageModel.cs</ProjectRelativeFilePath>
    </FileLog>
    <FileLog>
      <ProjectId>d1f174a3-f159-4dc9-83c2-d6ef92e11c70</ProjectId>
      <ApplicationRelativeFilePath>ApiMetadataDesignerExtensions.cs</ApplicationRelativeFilePath>
      <ProjectRelativeFilePath>ApiMetadataDesignerExtensions.cs</ProjectRelativeFilePath>
    </FileLog>
    <FileLog>
      <ProjectId>d1f174a3-f159-4dc9-83c2-d6ef92e11c70</ProjectId>
      <ApplicationRelativeFilePath>ApiMetadataPackageExtensions.cs</ApplicationRelativeFilePath>
      <ProjectRelativeFilePath>ApiMetadataPackageExtensions.cs</ProjectRelativeFilePath>
    </FileLog>
    <FileLog>
      <ProjectId>d1f174a3-f159-4dc9-83c2-d6ef92e11c70</ProjectId>
      <ApplicationRelativeFilePath>ApiMetadataProviderExtensions.cs</ApplicationRelativeFilePath>
      <ProjectRelativeFilePath>ApiMetadataProviderExtensions.cs</ProjectRelativeFilePath>
    </FileLog>
    <FileLog>
      <ProjectId>d1f174a3-f159-4dc9-83c2-d6ef92e11c70</ProjectId>
      <ApplicationRelativeFilePath>Intent.Modelers.Services.imodspec</ApplicationRelativeFilePath>
      <ProjectRelativeFilePath>Intent.Modelers.Services.imodspec</ProjectRelativeFilePath>
    </FileLog>
    <FileLog>
      <ProjectId>d1f174a3-f159-4dc9-83c2-d6ef92e11c70</ProjectId>
      <ApplicationRelativeFilePath>Intent.Modules.Modelers.Services.csproj</ApplicationRelativeFilePath>
      <ProjectRelativeFilePath>Intent.Modules.Modelers.Services.csproj</ProjectRelativeFilePath>
    </FileLog>
    <FileLog>
      <ProjectId>4ae770a3-14b1-48ff-b4f7-be2652e65462</ProjectId>
      <ApplicationRelativeFilePath>modelers/Services Types.designer.settings</ApplicationRelativeFilePath>
      <ProjectRelativeFilePath>Services Types.designer.settings</ProjectRelativeFilePath>
    </FileLog>
    <FileLog>
      <ProjectId>4ae770a3-14b1-48ff-b4f7-be2652e65462</ProjectId>
      <ApplicationRelativeFilePath>modelers/Services.designer.config</ApplicationRelativeFilePath>
      <ProjectRelativeFilePath>Services.designer.config</ProjectRelativeFilePath>
    </FileLog>
    <FileLog>
      <ProjectId>d1f174a3-f159-4dc9-83c2-d6ef92e11c70</ProjectId>
      <ApplicationRelativeFilePath>README.txt</ApplicationRelativeFilePath>
      <ProjectRelativeFilePath>README.txt</ProjectRelativeFilePath>
    </FileLog>
  </FileLogs>
</outputLog>