<?xml version="1.0" encoding="utf-8"?>
<outputLog>
  <ApplicationId>ff9288ff-0806-4d3d-9084-5c5ab8eebcaa</ApplicationId>
  <FileLogs>
    <FileLog>
      <CorrelationId>Intent.VisualStudio.Projects.VisualStudioSolution#be66850b-7cb9-4b15-bcfd-3f3d4e23a3db</CorrelationId>
      <OverwriteBehaviour>always</OverwriteBehaviour>
      <ApplicationRelativeFilePath>../Intent.Modules.sln</ApplicationRelativeFilePath>
      <IsIgnored>false</IsIgnored>
    </FileLog>
    <FileLog>
      <ProjectId>64d3295d-fca7-45ca-838c-3a6be45c54e9</ProjectId>
      <CorrelationId>Intent.ModuleBuilder.Templates.Api.ApiElementExtensionModel#b4b4f505-b846-476e-98c3-db116ff837b7</CorrelationId>
      <OverwriteBehaviour>always</OverwriteBehaviour>
      <ApplicationRelativeFilePath>Api/DTOExtensionModel.cs</ApplicationRelativeFilePath>
      <ProjectRelativeFilePath>DTOExtensionModel.cs</ProjectRelativeFilePath>
      <IsIgnored>false</IsIgnored>
    </FileLog>
    <FileLog>
      <ProjectId>64d3295d-fca7-45ca-838c-3a6be45c54e9</ProjectId>
      <CorrelationId>Intent.ModuleBuilder.Templates.Api.ApiElementModel#e68932de-3dcf-4b2f-8796-59ff28a81efa</CorrelationId>
      <OverwriteBehaviour>always</OverwriteBehaviour>
      <ApplicationRelativeFilePath>Api/GraphQLEventMessageModel.cs</ApplicationRelativeFilePath>
      <ProjectRelativeFilePath>GraphQLEventMessageModel.cs</ProjectRelativeFilePath>
      <IsIgnored>false</IsIgnored>
    </FileLog>
    <FileLog>
      <ProjectId>64d3295d-fca7-45ca-838c-3a6be45c54e9</ProjectId>
      <CorrelationId>Intent.ModuleBuilder.Templates.Api.ApiElementModel#66cca984-b1dc-445c-9685-e3abb4e5795a</CorrelationId>
      <OverwriteBehaviour>always</OverwriteBehaviour>
      <ApplicationRelativeFilePath>Api/GraphQLMutationModel.cs</ApplicationRelativeFilePath>
      <ProjectRelativeFilePath>GraphQLMutationModel.cs</ProjectRelativeFilePath>
      <IsIgnored>false</IsIgnored>
    </FileLog>
    <FileLog>
      <ProjectId>64d3295d-fca7-45ca-838c-3a6be45c54e9</ProjectId>
      <CorrelationId>Intent.ModuleBuilder.Templates.Api.ApiElementModel#02864de4-afe0-42a1-a655-1eeb68c8a098</CorrelationId>
      <OverwriteBehaviour>always</OverwriteBehaviour>
      <ApplicationRelativeFilePath>Api/GraphQLMutationTypeModel.cs</ApplicationRelativeFilePath>
      <ProjectRelativeFilePath>GraphQLMutationTypeModel.cs</ProjectRelativeFilePath>
      <IsIgnored>false</IsIgnored>
    </FileLog>
    <FileLog>
      <ProjectId>64d3295d-fca7-45ca-838c-3a6be45c54e9</ProjectId>
      <CorrelationId>Intent.ModuleBuilder.Templates.Api.ApiElementModel#22565fd3-564a-4406-a502-81d2b6b0691f</CorrelationId>
      <OverwriteBehaviour>always</OverwriteBehaviour>
      <ApplicationRelativeFilePath>Api/GraphQLParameterModel.cs</ApplicationRelativeFilePath>
      <ProjectRelativeFilePath>GraphQLParameterModel.cs</ProjectRelativeFilePath>
      <IsIgnored>false</IsIgnored>
    </FileLog>
    <FileLog>
      <ProjectId>64d3295d-fca7-45ca-838c-3a6be45c54e9</ProjectId>
      <CorrelationId>Intent.ModuleBuilder.Templates.Api.ApiElementModel#4504e87f-d092-46d6-bbb9-2b39c7307d41</CorrelationId>
      <OverwriteBehaviour>always</OverwriteBehaviour>
      <ApplicationRelativeFilePath>Api/GraphQLQueryTypeModel.cs</ApplicationRelativeFilePath>
      <ProjectRelativeFilePath>GraphQLQueryTypeModel.cs</ProjectRelativeFilePath>
      <IsIgnored>false</IsIgnored>
    </FileLog>
    <FileLog>
      <ProjectId>64d3295d-fca7-45ca-838c-3a6be45c54e9</ProjectId>
      <CorrelationId>Intent.ModuleBuilder.Templates.Api.ApiElementModel#150aa241-479b-442e-9962-21b79de85648</CorrelationId>
      <OverwriteBehaviour>always</OverwriteBehaviour>
      <ApplicationRelativeFilePath>Api/GraphQLSchemaFieldModel.cs</ApplicationRelativeFilePath>
      <ProjectRelativeFilePath>GraphQLSchemaFieldModel.cs</ProjectRelativeFilePath>
      <IsIgnored>false</IsIgnored>
    </FileLog>
    <FileLog>
      <ProjectId>64d3295d-fca7-45ca-838c-3a6be45c54e9</ProjectId>
      <CorrelationId>Intent.ModuleBuilder.Templates.Api.ApiPackageModel#4aeae542-361b-4c38-b575-10f0224b17d5</CorrelationId>
      <OverwriteBehaviour>always</OverwriteBehaviour>
      <ApplicationRelativeFilePath>Api/GraphQLServicesPackageModel.cs</ApplicationRelativeFilePath>
      <ProjectRelativeFilePath>GraphQLServicesPackageModel.cs</ProjectRelativeFilePath>
      <IsIgnored>false</IsIgnored>
    </FileLog>
    <FileLog>
      <ProjectId>64d3295d-fca7-45ca-838c-3a6be45c54e9</ProjectId>
      <CorrelationId>Intent.ModuleBuilder.Templates.Api.ApiElementModel#37e9cf40-ac8e-4880-9a4a-92b540a4fea7</CorrelationId>
      <OverwriteBehaviour>always</OverwriteBehaviour>
      <ApplicationRelativeFilePath>Api/GraphQLSubscriptionModel.cs</ApplicationRelativeFilePath>
      <ProjectRelativeFilePath>GraphQLSubscriptionModel.cs</ProjectRelativeFilePath>
      <IsIgnored>false</IsIgnored>
    </FileLog>
    <FileLog>
      <ProjectId>64d3295d-fca7-45ca-838c-3a6be45c54e9</ProjectId>
      <CorrelationId>Intent.ModuleBuilder.Templates.Api.ApiElementModel#b09d3b7f-63ad-4518-9a6a-5c7401c57c1b</CorrelationId>
      <OverwriteBehaviour>always</OverwriteBehaviour>
      <ApplicationRelativeFilePath>Api/GraphQLSubscriptionTypeModel.cs</ApplicationRelativeFilePath>
      <ProjectRelativeFilePath>GraphQLSubscriptionTypeModel.cs</ProjectRelativeFilePath>
      <IsIgnored>false</IsIgnored>
    </FileLog>
    <FileLog>
      <ProjectId>03d4bce3-6dc9-4429-b9cf-f8ce7e4f6832</ProjectId>
      <CorrelationId>Intent.ModuleBuilder.Templates.Api.ApiMetadataPackageExtensions#2271c21e-2819-46ee-bb87-975efcd61a1a</CorrelationId>
      <OverwriteBehaviour>always</OverwriteBehaviour>
      <ApplicationRelativeFilePath>ApiMetadataPackageExtensions.cs</ApplicationRelativeFilePath>
      <ProjectRelativeFilePath>ApiMetadataPackageExtensions.cs</ProjectRelativeFilePath>
      <IsIgnored>false</IsIgnored>
    </FileLog>
    <FileLog>
      <ProjectId>03d4bce3-6dc9-4429-b9cf-f8ce7e4f6832</ProjectId>
      <CorrelationId>Intent.ModuleBuilder.Templates.Api.ApiMetadataProviderExtensions#e4640d05-ecdf-4cd2-ac59-79d402ed390e</CorrelationId>
      <OverwriteBehaviour>always</OverwriteBehaviour>
      <ApplicationRelativeFilePath>ApiMetadataProviderExtensions.cs</ApplicationRelativeFilePath>
      <ProjectRelativeFilePath>ApiMetadataProviderExtensions.cs</ProjectRelativeFilePath>
      <IsIgnored>false</IsIgnored>
    </FileLog>
    <FileLog>
      <ProjectId>03d4bce3-6dc9-4429-b9cf-f8ce7e4f6832</ProjectId>
      <CorrelationId>Intent.ModuleBuilder.IModSpecFile#c91b2b45-c071-4758-9d6b-18e6790037d1</CorrelationId>
      <OverwriteBehaviour>always</OverwriteBehaviour>
      <ApplicationRelativeFilePath>Intent.Modelers.Services.GraphQL.imodspec</ApplicationRelativeFilePath>
      <ProjectRelativeFilePath>Intent.Modelers.Services.GraphQL.imodspec</ProjectRelativeFilePath>
      <IsIgnored>false</IsIgnored>
    </FileLog>
    <FileLog>
      <ProjectId>03d4bce3-6dc9-4429-b9cf-f8ce7e4f6832</ProjectId>
      <CorrelationId>Intent.VisualStudio.Projects.CSharpProject#03d4bce3-6dc9-4429-b9cf-f8ce7e4f6832</CorrelationId>
      <OverwriteBehaviour>always</OverwriteBehaviour>
      <ApplicationRelativeFilePath>Intent.Modules.Modelers.Services.GraphQL.csproj</ApplicationRelativeFilePath>
      <ProjectRelativeFilePath>Intent.Modules.Modelers.Services.GraphQL.csproj</ProjectRelativeFilePath>
      <IsIgnored>false</IsIgnored>
    </FileLog>
    <FileLog>
      <ProjectId>77516a91-4ae7-4148-b07d-1ef52f488cb1</ProjectId>
      <CorrelationId>Intent.ModuleBuilder.DesignerSettings#e8920bed-bd85-4fde-bbb9-fb142fb77364</CorrelationId>
      <OverwriteBehaviour>always</OverwriteBehaviour>
      <ApplicationRelativeFilePath>modelers/GraphQL DTO Extensions.designer.settings</ApplicationRelativeFilePath>
      <ProjectRelativeFilePath>GraphQL DTO Extensions.designer.settings</ProjectRelativeFilePath>
      <IsIgnored>false</IsIgnored>
    </FileLog>
    <FileLog>
      <ProjectId>77516a91-4ae7-4148-b07d-1ef52f488cb1</ProjectId>
      <CorrelationId>Intent.ModuleBuilder.DesignerSettings#5cd6c2a9-036c-4ab2-b4e0-1400608a2f6f</CorrelationId>
      <OverwriteBehaviour>always</OverwriteBehaviour>
      <ApplicationRelativeFilePath>modelers/GraphQL Types.designer.settings</ApplicationRelativeFilePath>
      <ProjectRelativeFilePath>GraphQL Types.designer.settings</ProjectRelativeFilePath>
      <IsIgnored>false</IsIgnored>
    </FileLog>
  </FileLogs>
</outputLog>