<?xml version="1.0" encoding="utf-8"?>
<outputLog>
  <ApplicationId>d80e91fc-ff6c-4960-b18c-7fb30c4e81e3</ApplicationId>
  <FileLogs>
    <FileLog>
      <CorrelationId>Intent.VisualStudio.Projects.VisualStudio2015Solution#f917caa4-f97b-43a2-9853-5c5dfa533768</CorrelationId>
      <ApplicationRelativeFilePath>../Intent.Modules.sln</ApplicationRelativeFilePath>
      <IsIgnored>false</IsIgnored>
    </FileLog>
    <FileLog>
      <ProjectId>447ab5d3-6fc2-4598-bede-bc59e850cd34</ProjectId>
      <CorrelationId>Intent.ModuleBuilder.Templates.Api.ApiPackageModel#cf385bd9-e92f-453d-a3e1-00b9922b57b3</CorrelationId>
      <ApplicationRelativeFilePath>Api/ApplicationTemplateModel.cs</ApplicationRelativeFilePath>
      <ProjectRelativeFilePath>ApplicationTemplateModel.cs</ProjectRelativeFilePath>
      <IsIgnored>false</IsIgnored>
    </FileLog>
    <FileLog>
      <ProjectId>447ab5d3-6fc2-4598-bede-bc59e850cd34</ProjectId>
      <CorrelationId>Intent.ModuleBuilder.Templates.Api.ApiElementModel#027f8bb9-9b28-4c1d-a516-8c3daa70e46d</CorrelationId>
      <ApplicationRelativeFilePath>Api/ComponentGroupModel.cs</ApplicationRelativeFilePath>
      <ProjectRelativeFilePath>ComponentGroupModel.cs</ProjectRelativeFilePath>
      <IsIgnored>false</IsIgnored>
    </FileLog>
    <FileLog>
      <ProjectId>447ab5d3-6fc2-4598-bede-bc59e850cd34</ProjectId>
      <CorrelationId>Intent.ModuleBuilder.Templates.Api.ApiElementModel#47064ef1-2295-4287-8301-c446910a1b1e</CorrelationId>
      <ApplicationRelativeFilePath>Api/ComponentModel.cs</ApplicationRelativeFilePath>
      <ProjectRelativeFilePath>ComponentModel.cs</ProjectRelativeFilePath>
      <IsIgnored>false</IsIgnored>
    </FileLog>
    <FileLog>
      <ProjectId>447ab5d3-6fc2-4598-bede-bc59e850cd34</ProjectId>
      <CorrelationId>Intent.ModuleBuilder.Templates.Api.ApiElementModel#08725da5-d0cf-4ec8-ad65-a58d9927d32f</CorrelationId>
      <ApplicationRelativeFilePath>Api/ContentFolderModel.cs</ApplicationRelativeFilePath>
      <ProjectRelativeFilePath>ContentFolderModel.cs</ProjectRelativeFilePath>
      <IsIgnored>false</IsIgnored>
    </FileLog>
    <FileLog>
      <ProjectId>3dd92b59-d497-48cc-9329-0e29c1bfb2e2</ProjectId>
      <CorrelationId>Intent.ModuleBuilder.Templates.Api.ApiElementModelExtensions#cf385bd9-e92f-453d-a3e1-00b9922b57b3</CorrelationId>
      <ApplicationRelativeFilePath>Api/Extensions/ApplicationTemplateModelStereotypeExtensions.cs</ApplicationRelativeFilePath>
      <ProjectRelativeFilePath>ApplicationTemplateModelStereotypeExtensions.cs</ProjectRelativeFilePath>
      <IsIgnored>false</IsIgnored>
    </FileLog>
    <FileLog>
      <ProjectId>3dd92b59-d497-48cc-9329-0e29c1bfb2e2</ProjectId>
      <CorrelationId>Intent.ModuleBuilder.Templates.Api.ApiElementModelExtensions#47064ef1-2295-4287-8301-c446910a1b1e</CorrelationId>
      <ApplicationRelativeFilePath>Api/Extensions/ComponentModelStereotypeExtensions.cs</ApplicationRelativeFilePath>
      <ProjectRelativeFilePath>ComponentModelStereotypeExtensions.cs</ProjectRelativeFilePath>
      <IsIgnored>false</IsIgnored>
    </FileLog>
    <FileLog>
      <ProjectId>3dd92b59-d497-48cc-9329-0e29c1bfb2e2</ProjectId>
      <CorrelationId>Intent.ModuleBuilder.Templates.Api.ApiElementModelExtensions#ef75f8f0-520c-4ab8-814f-5e75f4877dd7</CorrelationId>
      <ApplicationRelativeFilePath>Api/Extensions/ModuleModelStereotypeExtensions.cs</ApplicationRelativeFilePath>
      <ProjectRelativeFilePath>ModuleModelStereotypeExtensions.cs</ProjectRelativeFilePath>
      <IsIgnored>false</IsIgnored>
    </FileLog>
    <FileLog>
      <ProjectId>447ab5d3-6fc2-4598-bede-bc59e850cd34</ProjectId>
      <CorrelationId>Intent.ModuleBuilder.Templates.Api.ApiElementModel#76db4fe8-5c95-4240-8f25-48b8079fa4ae</CorrelationId>
      <ApplicationRelativeFilePath>Api/InstallationSettingsModel.cs</ApplicationRelativeFilePath>
      <ProjectRelativeFilePath>InstallationSettingsModel.cs</ProjectRelativeFilePath>
      <IsIgnored>false</IsIgnored>
    </FileLog>
    <FileLog>
      <ProjectId>447ab5d3-6fc2-4598-bede-bc59e850cd34</ProjectId>
      <CorrelationId>Intent.ModuleBuilder.Templates.Api.ApiElementModel#ef75f8f0-520c-4ab8-814f-5e75f4877dd7</CorrelationId>
      <ApplicationRelativeFilePath>Api/ModuleModel.cs</ApplicationRelativeFilePath>
      <ProjectRelativeFilePath>ModuleModel.cs</ProjectRelativeFilePath>
      <IsIgnored>false</IsIgnored>
    </FileLog>
    <FileLog>
      <ProjectId>653969db-6597-4b32-a1f6-029c69da6903</ProjectId>
      <CorrelationId>Intent.ModuleBuilder.Templates.Api.ApiMetadataDesignerExtensions</CorrelationId>
      <ApplicationRelativeFilePath>ApiMetadataDesignerExtensions.cs</ApplicationRelativeFilePath>
      <ProjectRelativeFilePath>ApiMetadataDesignerExtensions.cs</ProjectRelativeFilePath>
      <IsIgnored>false</IsIgnored>
    </FileLog>
    <FileLog>
      <ProjectId>653969db-6597-4b32-a1f6-029c69da6903</ProjectId>
      <CorrelationId>Intent.ModuleBuilder.Templates.Api.ApiMetadataPackageExtensions</CorrelationId>
      <ApplicationRelativeFilePath>ApiMetadataPackageExtensions.cs</ApplicationRelativeFilePath>
      <ProjectRelativeFilePath>ApiMetadataPackageExtensions.cs</ProjectRelativeFilePath>
      <IsIgnored>false</IsIgnored>
    </FileLog>
    <FileLog>
      <ProjectId>653969db-6597-4b32-a1f6-029c69da6903</ProjectId>
      <CorrelationId>Intent.ModuleBuilder.Templates.Api.ApiMetadataProviderExtensions</CorrelationId>
      <ApplicationRelativeFilePath>ApiMetadataProviderExtensions.cs</ApplicationRelativeFilePath>
      <ProjectRelativeFilePath>ApiMetadataProviderExtensions.cs</ProjectRelativeFilePath>
      <IsIgnored>false</IsIgnored>
    </FileLog>
    <FileLog>
      <ProjectId>e8fd8ba8-2ad8-4262-aedb-be0d806778f4</ProjectId>
      <CorrelationId>Intent.ModuleBuilder.Templates.FactoryExtension#9fe606d5-0e61-4c7d-b849-cf0d7a9e17ae</CorrelationId>
      <ApplicationRelativeFilePath>FactoryExtensions/AutoBuild.cs</ApplicationRelativeFilePath>
      <ProjectRelativeFilePath>AutoBuild.cs</ProjectRelativeFilePath>
      <IsIgnored>false</IsIgnored>
    </FileLog>
    <FileLog>
      <ProjectId>653969db-6597-4b32-a1f6-029c69da6903</ProjectId>
      <CorrelationId>Intent.ModuleBuilder.IModSpecFile</CorrelationId>
      <ApplicationRelativeFilePath>Intent.ApplicationTemplate.Builder.imodspec</ApplicationRelativeFilePath>
      <ProjectRelativeFilePath>Intent.ApplicationTemplate.Builder.imodspec</ProjectRelativeFilePath>
      <IsIgnored>false</IsIgnored>
    </FileLog>
    <FileLog>
      <ProjectId>653969db-6597-4b32-a1f6-029c69da6903</ProjectId>
      <CorrelationId>Intent.VisualStudio.Projects.CoreLibrary.CSProject#653969db-6597-4b32-a1f6-029c69da6903</CorrelationId>
      <ApplicationRelativeFilePath>Intent.Modules.ApplicationTemplate.Builder.csproj</ApplicationRelativeFilePath>
      <ProjectRelativeFilePath>Intent.Modules.ApplicationTemplate.Builder.csproj</ProjectRelativeFilePath>
      <IsIgnored>false</IsIgnored>
    </FileLog>
    <FileLog>
      <ProjectId>32572de3-c0a7-4680-8ad3-8cbd5033b2b5</ProjectId>
      <CorrelationId>Intent.ModuleBuilder.DesignerConfig#22091d1e-a855-41af-ba7f-3f0b033c0fc3</CorrelationId>
      <ApplicationRelativeFilePath>modelers/App Templates.designer.config</ApplicationRelativeFilePath>
      <ProjectRelativeFilePath>App Templates.designer.config</ProjectRelativeFilePath>
      <IsIgnored>false</IsIgnored>
    </FileLog>
    <FileLog>
      <ProjectId>32572de3-c0a7-4680-8ad3-8cbd5033b2b5</ProjectId>
      <CorrelationId>Intent.ModuleBuilder.DesignerSettings#c75eea8b-43c3-477d-9bbf-83ada9809113</CorrelationId>
      <ApplicationRelativeFilePath>modelers/Application Template Builder.designer.settings</ApplicationRelativeFilePath>
      <ProjectRelativeFilePath>Application Template Builder.designer.settings</ProjectRelativeFilePath>
      <IsIgnored>false</IsIgnored>
    </FileLog>
    <FileLog>
      <ProjectId>653969db-6597-4b32-a1f6-029c69da6903</ProjectId>
      <CorrelationId>Intent.ModuleBuilder.ReadMe</CorrelationId>
      <ApplicationRelativeFilePath>README.txt</ApplicationRelativeFilePath>
      <ProjectRelativeFilePath>README.txt</ProjectRelativeFilePath>
      <IsIgnored>false</IsIgnored>
    </FileLog>
    <FileLog>
      <ProjectId>653969db-6597-4b32-a1f6-029c69da6903</ProjectId>
      <CorrelationId>Intent.ModuleBuilder.ProjectItemTemplate.T4Template.PreProcessed#a706c8ba-fe99-4eaf-9734-fc3fd07e901e</CorrelationId>
      <ApplicationRelativeFilePath>Templates/IatSpecFile/IatSpecFileTemplate.cs</ApplicationRelativeFilePath>
      <ProjectRelativeFilePath>Templates/IatSpecFile/IatSpecFileTemplate.cs</ProjectRelativeFilePath>
      <IsIgnored>false</IsIgnored>
    </FileLog>
    <FileLog>
      <ProjectId>653969db-6597-4b32-a1f6-029c69da6903</ProjectId>
      <CorrelationId>Intent.ModuleBuilder.ProjectItemTemplate.T4Template#a706c8ba-fe99-4eaf-9734-fc3fd07e901e</CorrelationId>
      <ApplicationRelativeFilePath>Templates/IatSpecFile/IatSpecFileTemplate.tt</ApplicationRelativeFilePath>
      <ProjectRelativeFilePath>Templates/IatSpecFile/IatSpecFileTemplate.tt</ProjectRelativeFilePath>
      <IsIgnored>false</IsIgnored>
    </FileLog>
    <FileLog>
      <ProjectId>653969db-6597-4b32-a1f6-029c69da6903</ProjectId>
      <CorrelationId>Intent.ModuleBuilder.ProjectItemTemplate.Partial#a706c8ba-fe99-4eaf-9734-fc3fd07e901e</CorrelationId>
      <ApplicationRelativeFilePath>Templates/IatSpecFile/IatSpecFileTemplatePartial.cs</ApplicationRelativeFilePath>
      <ProjectRelativeFilePath>Templates/IatSpecFile/IatSpecFileTemplatePartial.cs</ProjectRelativeFilePath>
      <IsIgnored>false</IsIgnored>
    </FileLog>
    <FileLog>
      <ProjectId>653969db-6597-4b32-a1f6-029c69da6903</ProjectId>
      <CorrelationId>Intent.ModuleBuilder.TemplateRegistration.FilePerModel#a706c8ba-fe99-4eaf-9734-fc3fd07e901e</CorrelationId>
      <ApplicationRelativeFilePath>Templates/IatSpecFile/IatSpecFileTemplateRegistration.cs</ApplicationRelativeFilePath>
      <ProjectRelativeFilePath>Templates/IatSpecFile/IatSpecFileTemplateRegistration.cs</ProjectRelativeFilePath>
      <IsIgnored>false</IsIgnored>
    </FileLog>
    <FileLog>
      <ProjectId>653969db-6597-4b32-a1f6-029c69da6903</ProjectId>
      <CorrelationId>Intent.ModuleBuilder.ProjectItemTemplate.T4Template.PreProcessed#7e47a281-6adb-41e2-b399-4e9835ecc4f7</CorrelationId>
      <ApplicationRelativeFilePath>Templates/InstallationSettingsFile/InstallationSettingsFileTemplate.cs</ApplicationRelativeFilePath>
      <ProjectRelativeFilePath>Templates/InstallationSettingsFile/InstallationSettingsFileTemplate.cs</ProjectRelativeFilePath>
      <IsIgnored>false</IsIgnored>
    </FileLog>
    <FileLog>
      <ProjectId>653969db-6597-4b32-a1f6-029c69da6903</ProjectId>
      <CorrelationId>Intent.ModuleBuilder.ProjectItemTemplate.T4Template#7e47a281-6adb-41e2-b399-4e9835ecc4f7</CorrelationId>
      <ApplicationRelativeFilePath>Templates/InstallationSettingsFile/InstallationSettingsFileTemplate.tt</ApplicationRelativeFilePath>
      <ProjectRelativeFilePath>Templates/InstallationSettingsFile/InstallationSettingsFileTemplate.tt</ProjectRelativeFilePath>
      <IsIgnored>false</IsIgnored>
    </FileLog>
    <FileLog>
      <ProjectId>653969db-6597-4b32-a1f6-029c69da6903</ProjectId>
      <CorrelationId>Intent.ModuleBuilder.ProjectItemTemplate.Partial#7e47a281-6adb-41e2-b399-4e9835ecc4f7</CorrelationId>
      <ApplicationRelativeFilePath>Templates/InstallationSettingsFile/InstallationSettingsFileTemplatePartial.cs</ApplicationRelativeFilePath>
      <ProjectRelativeFilePath>Templates/InstallationSettingsFile/InstallationSettingsFileTemplatePartial.cs</ProjectRelativeFilePath>
      <IsIgnored>false</IsIgnored>
    </FileLog>
    <FileLog>
      <ProjectId>653969db-6597-4b32-a1f6-029c69da6903</ProjectId>
      <CorrelationId>Intent.ModuleBuilder.TemplateRegistration.FilePerModel#7e47a281-6adb-41e2-b399-4e9835ecc4f7</CorrelationId>
      <ApplicationRelativeFilePath>Templates/InstallationSettingsFile/InstallationSettingsFileTemplateRegistration.cs</ApplicationRelativeFilePath>
      <ProjectRelativeFilePath>Templates/InstallationSettingsFile/InstallationSettingsFileTemplateRegistration.cs</ProjectRelativeFilePath>
      <IsIgnored>false</IsIgnored>
    </FileLog>
  </FileLogs>
</outputLog>