<?xml version="1.0" encoding="utf-8"?>
<outputLog xmlns:xsi="http://www.w3.org/2001/XMLSchema-instance" xmlns:xsd="http://www.w3.org/2001/XMLSchema">
  <ApplicationId>c5d9d6eb-8953-4b30-8e4d-a8d2890d31b4</ApplicationId>
  <FileLogs>
    <FileLog>
      <ProjectId>6bc95a70-83a2-40e8-bcdc-176d231beb7d</ProjectId>
      <ApplicationRelativeFilePath>Api/FolderExtensionModel.cs</ApplicationRelativeFilePath>
      <ProjectRelativeFilePath>FolderExtensionModel.cs</ProjectRelativeFilePath>
    </FileLog>
    <FileLog>
      <ProjectId>6bc95a70-83a2-40e8-bcdc-176d231beb7d</ProjectId>
      <ApplicationRelativeFilePath>Api/IntentModuleExtensionModel.cs</ApplicationRelativeFilePath>
      <ProjectRelativeFilePath>IntentModuleExtensionModel.cs</ProjectRelativeFilePath>
    </FileLog>
    <FileLog>
      <ProjectId>6bc95a70-83a2-40e8-bcdc-176d231beb7d</ProjectId>
      <ApplicationRelativeFilePath>Api/SqlTemplateModel.cs</ApplicationRelativeFilePath>
      <ProjectRelativeFilePath>SqlTemplateModel.cs</ProjectRelativeFilePath>
    </FileLog>
    <FileLog>
      <ProjectId>d2d4fd91-e669-4bc0-a558-78d334492481</ProjectId>
      <ApplicationRelativeFilePath>ApiMetadataProviderExtensions.cs</ApplicationRelativeFilePath>
      <ProjectRelativeFilePath>ApiMetadataProviderExtensions.cs</ProjectRelativeFilePath>
    </FileLog>
    <FileLog>
      <ProjectId>d2d4fd91-e669-4bc0-a558-78d334492481</ProjectId>
      <ApplicationRelativeFilePath>Intent.ModuleBuilder.Sql.imodspec</ApplicationRelativeFilePath>
      <ProjectRelativeFilePath>Intent.ModuleBuilder.Sql.imodspec</ProjectRelativeFilePath>
    </FileLog>
    <FileLog>
      <ProjectId>d2d4fd91-e669-4bc0-a558-78d334492481</ProjectId>
      <ApplicationRelativeFilePath>Intent.Modules.ModuleBuilder.Sql.csproj</ApplicationRelativeFilePath>
      <ProjectRelativeFilePath>Intent.Modules.ModuleBuilder.Sql.csproj</ProjectRelativeFilePath>
    </FileLog>
    <FileLog>
      <ProjectId>d62c7c10-ba5c-44c6-9ed8-5adc01662e84</ProjectId>
      <ApplicationRelativeFilePath>modelers/Sql Extension.designer.settings</ApplicationRelativeFilePath>
      <ProjectRelativeFilePath>Sql Extension.designer.settings</ProjectRelativeFilePath>
    </FileLog>
    <FileLog>
      <ProjectId>d2d4fd91-e669-4bc0-a558-78d334492481</ProjectId>
      <ApplicationRelativeFilePath>Templates/SqlFileTemplate/SqlFileTemplatePartial.cs</ApplicationRelativeFilePath>
      <ProjectRelativeFilePath>Templates/SqlFileTemplate/SqlFileTemplatePartial.cs</ProjectRelativeFilePath>
    </FileLog>
    <FileLog>
      <ProjectId>d2d4fd91-e669-4bc0-a558-78d334492481</ProjectId>
      <ApplicationRelativeFilePath>Templates/SqlFileTemplate/SqlFileTemplateRegistration.cs</ApplicationRelativeFilePath>
      <ProjectRelativeFilePath>Templates/SqlFileTemplate/SqlFileTemplateRegistration.cs</ProjectRelativeFilePath>
    </FileLog>
    <FileLog>
      <ProjectId>d2d4fd91-e669-4bc0-a558-78d334492481</ProjectId>
      <ApplicationRelativeFilePath>Templates/SqlFileTemplatePartial/SqlFileTemplatePartialTemplate.cs</ApplicationRelativeFilePath>
      <ProjectRelativeFilePath>Templates/SqlFileTemplatePartial/SqlFileTemplatePartialTemplate.cs</ProjectRelativeFilePath>
    </FileLog>
    <FileLog>
      <ProjectId>d2d4fd91-e669-4bc0-a558-78d334492481</ProjectId>
      <ApplicationRelativeFilePath>Templates/SqlFileTemplatePartial/SqlFileTemplatePartialTemplate.tt</ApplicationRelativeFilePath>
      <ProjectRelativeFilePath>Templates/SqlFileTemplatePartial/SqlFileTemplatePartialTemplate.tt</ProjectRelativeFilePath>
    </FileLog>
    <FileLog>
      <ProjectId>d2d4fd91-e669-4bc0-a558-78d334492481</ProjectId>
      <ApplicationRelativeFilePath>Templates/SqlFileTemplatePartial/SqlFileTemplatePartialTemplatePartial.cs</ApplicationRelativeFilePath>
      <ProjectRelativeFilePath>Templates/SqlFileTemplatePartial/SqlFileTemplatePartialTemplatePartial.cs</ProjectRelativeFilePath>
    </FileLog>
    <FileLog>
      <ProjectId>d2d4fd91-e669-4bc0-a558-78d334492481</ProjectId>
      <ApplicationRelativeFilePath>Templates/SqlFileTemplatePartial/SqlFileTemplatePartialTemplateRegistration.cs</ApplicationRelativeFilePath>
      <ProjectRelativeFilePath>Templates/SqlFileTemplatePartial/SqlFileTemplatePartialTemplateRegistration.cs</ProjectRelativeFilePath>
    </FileLog>
  </FileLogs>
</outputLog>