<?xml version="1.0" encoding="utf-8"?>
<outputLog>
  <ApplicationId>1978d2c0-d825-4045-9df7-e453eae64401</ApplicationId>
  <FileLogs>
    <FileLog>
      <CorrelationId>Intent.VisualStudio.Projects.VisualStudio2015Solution#ecfa7b2e-5c7b-4cbb-bc74-208b8e0970e2</CorrelationId>
      <OverwriteBehaviour>always</OverwriteBehaviour>
      <ApplicationRelativeFilePath>../Intent.Modules.sln</ApplicationRelativeFilePath>
      <IsIgnored>false</IsIgnored>
    </FileLog>
    <FileLog>
      <ProjectId>2c987401-40a9-449d-bcdb-7e66c2f86398</ProjectId>
      <CorrelationId>Intent.ModuleBuilder.Templates.Api.ApiElementModel#0b11ac7c-b3d2-4651-9983-417423cda4fd</CorrelationId>
      <OverwriteBehaviour>always</OverwriteBehaviour>
      <ApplicationRelativeFilePath>Api/AndConditionModel.cs</ApplicationRelativeFilePath>
      <ProjectRelativeFilePath>AndConditionModel.cs</ProjectRelativeFilePath>
      <IsIgnored>false</IsIgnored>
    </FileLog>
    <FileLog>
      <ProjectId>2c987401-40a9-449d-bcdb-7e66c2f86398</ProjectId>
      <CorrelationId>Intent.ModuleBuilder.Templates.Api.ApiElementExtensionModel#00d98ed0-8ce1-4505-9859-f53cf2458837</CorrelationId>
      <OverwriteBehaviour>always</OverwriteBehaviour>
      <ApplicationRelativeFilePath>Api/AWSStepFunctionsDiagramExtensionsModel.cs</ApplicationRelativeFilePath>
      <ProjectRelativeFilePath>AWSStepFunctionsDiagramExtensionsModel.cs</ProjectRelativeFilePath>
      <IsIgnored>false</IsIgnored>
    </FileLog>
    <FileLog>
      <ProjectId>2c987401-40a9-449d-bcdb-7e66c2f86398</ProjectId>
      <CorrelationId>Intent.ModuleBuilder.Templates.Api.ApiElementExtensionModel#8b0fd865-7989-45c5-9869-fbceee1fc58f</CorrelationId>
      <OverwriteBehaviour>always</OverwriteBehaviour>
      <ApplicationRelativeFilePath>Api/AWSStepFunctionsFolderExtensionsModel.cs</ApplicationRelativeFilePath>
      <ProjectRelativeFilePath>AWSStepFunctionsFolderExtensionsModel.cs</ProjectRelativeFilePath>
      <IsIgnored>false</IsIgnored>
    </FileLog>
    <FileLog>
      <ProjectId>2c987401-40a9-449d-bcdb-7e66c2f86398</ProjectId>
      <CorrelationId>Intent.ModuleBuilder.Templates.Api.ApiPackageExtensionModel#d0405d11-0f77-4364-97b8-1092e69ec533</CorrelationId>
      <OverwriteBehaviour>always</OverwriteBehaviour>
      <ApplicationRelativeFilePath>Api/AWSStepFunctionsPackageExtensionsModel.cs</ApplicationRelativeFilePath>
      <ProjectRelativeFilePath>AWSStepFunctionsPackageExtensionsModel.cs</ProjectRelativeFilePath>
      <IsIgnored>false</IsIgnored>
    </FileLog>
    <FileLog>
      <ProjectId>2c987401-40a9-449d-bcdb-7e66c2f86398</ProjectId>
      <CorrelationId>Intent.ModuleBuilder.Templates.Api.ApiElementModel#aeefe262-149c-45eb-ae54-97792a0d00b4</CorrelationId>
      <OverwriteBehaviour>always</OverwriteBehaviour>
      <ApplicationRelativeFilePath>Api/ChoiceModel.cs</ApplicationRelativeFilePath>
      <ProjectRelativeFilePath>ChoiceModel.cs</ProjectRelativeFilePath>
      <IsIgnored>false</IsIgnored>
    </FileLog>
    <FileLog>
      <ProjectId>2c987401-40a9-449d-bcdb-7e66c2f86398</ProjectId>
      <CorrelationId>Intent.ModuleBuilder.Templates.Api.ApiAssociationModel#40ba8d81-0ea4-4934-a36e-fbb2daab8e2e</CorrelationId>
      <OverwriteBehaviour>always</OverwriteBehaviour>
      <ApplicationRelativeFilePath>Api/ChoiceTransitionModel.cs</ApplicationRelativeFilePath>
      <ProjectRelativeFilePath>ChoiceTransitionModel.cs</ProjectRelativeFilePath>
      <IsIgnored>false</IsIgnored>
    </FileLog>
    <FileLog>
      <ProjectId>2c987401-40a9-449d-bcdb-7e66c2f86398</ProjectId>
      <CorrelationId>Intent.ModuleBuilder.Templates.Api.ApiAssociationModelExtensions#40ba8d81-0ea4-4934-a36e-fbb2daab8e2e</CorrelationId>
      <OverwriteBehaviour>always</OverwriteBehaviour>
      <ApplicationRelativeFilePath>Api/ChoiceTransitionModelAssociationExtensions.cs</ApplicationRelativeFilePath>
      <ProjectRelativeFilePath>ChoiceTransitionModelAssociationExtensions.cs</ProjectRelativeFilePath>
      <IsIgnored>false</IsIgnored>
    </FileLog>
    <FileLog>
      <ProjectId>2c987401-40a9-449d-bcdb-7e66c2f86398</ProjectId>
      <CorrelationId>Intent.ModuleBuilder.Templates.Api.ApiElementModel#dd8e7718-6d79-4593-afba-c67ffd7a4dba</CorrelationId>
      <OverwriteBehaviour>always</OverwriteBehaviour>
      <ApplicationRelativeFilePath>Api/EndModel.cs</ApplicationRelativeFilePath>
      <ProjectRelativeFilePath>EndModel.cs</ProjectRelativeFilePath>
      <IsIgnored>false</IsIgnored>
    </FileLog>
    <FileLog>
      <ProjectId>2c987401-40a9-449d-bcdb-7e66c2f86398</ProjectId>
      <CorrelationId>Intent.ModuleBuilder.Templates.Api.ApiElementModel#19397f3f-726d-4ed3-9a64-210350c0390c</CorrelationId>
      <OverwriteBehaviour>always</OverwriteBehaviour>
      <ApplicationRelativeFilePath>Api/FailModel.cs</ApplicationRelativeFilePath>
      <ProjectRelativeFilePath>FailModel.cs</ProjectRelativeFilePath>
      <IsIgnored>false</IsIgnored>
    </FileLog>
    <FileLog>
      <ProjectId>2c987401-40a9-449d-bcdb-7e66c2f86398</ProjectId>
      <CorrelationId>Intent.ModuleBuilder.Templates.Api.ApiElementModel#35f8005e-f858-407f-a9c5-cf0f6ca57f49</CorrelationId>
      <OverwriteBehaviour>always</OverwriteBehaviour>
      <ApplicationRelativeFilePath>Api/IsNotPresentConditionModel.cs</ApplicationRelativeFilePath>
      <ProjectRelativeFilePath>IsNotPresentConditionModel.cs</ProjectRelativeFilePath>
      <IsIgnored>false</IsIgnored>
    </FileLog>
    <FileLog>
      <ProjectId>2c987401-40a9-449d-bcdb-7e66c2f86398</ProjectId>
      <CorrelationId>Intent.ModuleBuilder.Templates.Api.ApiElementModel#0a3668ff-c732-4682-a1f9-39aba8c7acb0</CorrelationId>
      <OverwriteBehaviour>always</OverwriteBehaviour>
      <ApplicationRelativeFilePath>Api/IsPresentConditionModel.cs</ApplicationRelativeFilePath>
      <ProjectRelativeFilePath>IsPresentConditionModel.cs</ProjectRelativeFilePath>
      <IsIgnored>false</IsIgnored>
    </FileLog>
    <FileLog>
      <ProjectId>2c987401-40a9-449d-bcdb-7e66c2f86398</ProjectId>
      <CorrelationId>Intent.ModuleBuilder.Templates.Api.ApiElementModel#41771c97-eaaf-4ede-97fa-66f83edd49d2</CorrelationId>
      <OverwriteBehaviour>always</OverwriteBehaviour>
      <ApplicationRelativeFilePath>Api/LambdaInvokeModel.cs</ApplicationRelativeFilePath>
      <ProjectRelativeFilePath>LambdaInvokeModel.cs</ProjectRelativeFilePath>
      <IsIgnored>false</IsIgnored>
    </FileLog>
    <FileLog>
      <ProjectId>2c987401-40a9-449d-bcdb-7e66c2f86398</ProjectId>
      <CorrelationId>Intent.ModuleBuilder.Templates.Api.ApiElementModel#320f2349-d58c-4692-9cf0-717ecb996c93</CorrelationId>
      <OverwriteBehaviour>always</OverwriteBehaviour>
      <ApplicationRelativeFilePath>Api/ParallelModel.cs</ApplicationRelativeFilePath>
      <ProjectRelativeFilePath>ParallelModel.cs</ProjectRelativeFilePath>
      <IsIgnored>false</IsIgnored>
    </FileLog>
    <FileLog>
      <ProjectId>2c987401-40a9-449d-bcdb-7e66c2f86398</ProjectId>
      <CorrelationId>Intent.ModuleBuilder.Templates.Api.ApiElementModel#698d3e50-7c80-4930-abcd-c65feabe5ed5</CorrelationId>
      <OverwriteBehaviour>always</OverwriteBehaviour>
      <ApplicationRelativeFilePath>Api/PassModel.cs</ApplicationRelativeFilePath>
      <ProjectRelativeFilePath>PassModel.cs</ProjectRelativeFilePath>
      <IsIgnored>false</IsIgnored>
    </FileLog>
    <FileLog>
      <ProjectId>2c987401-40a9-449d-bcdb-7e66c2f86398</ProjectId>
      <CorrelationId>Intent.ModuleBuilder.Templates.Api.ApiElementModel#c73e7930-a77c-49a3-aed6-1519a148ce3c</CorrelationId>
      <OverwriteBehaviour>always</OverwriteBehaviour>
      <ApplicationRelativeFilePath>Api/SQSSendMessageModel.cs</ApplicationRelativeFilePath>
      <ProjectRelativeFilePath>SQSSendMessageModel.cs</ProjectRelativeFilePath>
      <IsIgnored>false</IsIgnored>
    </FileLog>
    <FileLog>
      <ProjectId>2c987401-40a9-449d-bcdb-7e66c2f86398</ProjectId>
      <CorrelationId>Intent.ModuleBuilder.Templates.Api.ApiElementModel#30d23d82-2dbf-4a9c-9b62-8e65e8f3652c</CorrelationId>
      <OverwriteBehaviour>always</OverwriteBehaviour>
      <ApplicationRelativeFilePath>Api/StartModel.cs</ApplicationRelativeFilePath>
      <ProjectRelativeFilePath>StartModel.cs</ProjectRelativeFilePath>
      <IsIgnored>false</IsIgnored>
    </FileLog>
    <FileLog>
      <ProjectId>2c987401-40a9-449d-bcdb-7e66c2f86398</ProjectId>
      <CorrelationId>Intent.ModuleBuilder.Templates.Api.ApiElementModel#0fed6f31-391c-4402-a9e9-532ca4b11e23</CorrelationId>
      <OverwriteBehaviour>always</OverwriteBehaviour>
      <ApplicationRelativeFilePath>Api/StateMachineModel.cs</ApplicationRelativeFilePath>
      <ProjectRelativeFilePath>StateMachineModel.cs</ProjectRelativeFilePath>
      <IsIgnored>false</IsIgnored>
    </FileLog>
    <FileLog>
      <ProjectId>2c987401-40a9-449d-bcdb-7e66c2f86398</ProjectId>
      <CorrelationId>Intent.ModuleBuilder.Templates.Api.ApiAssociationModel#995e8812-4510-45b4-9a24-8ad57f01dea9</CorrelationId>
      <OverwriteBehaviour>always</OverwriteBehaviour>
      <ApplicationRelativeFilePath>Api/StateTransitionModel.cs</ApplicationRelativeFilePath>
      <ProjectRelativeFilePath>StateTransitionModel.cs</ProjectRelativeFilePath>
      <IsIgnored>false</IsIgnored>
    </FileLog>
    <FileLog>
      <ProjectId>2c987401-40a9-449d-bcdb-7e66c2f86398</ProjectId>
      <CorrelationId>Intent.ModuleBuilder.Templates.Api.ApiAssociationModelExtensions#995e8812-4510-45b4-9a24-8ad57f01dea9</CorrelationId>
      <OverwriteBehaviour>always</OverwriteBehaviour>
      <ApplicationRelativeFilePath>Api/StateTransitionModelAssociationExtensions.cs</ApplicationRelativeFilePath>
      <ProjectRelativeFilePath>StateTransitionModelAssociationExtensions.cs</ProjectRelativeFilePath>
      <IsIgnored>false</IsIgnored>
    </FileLog>
    <FileLog>
      <ProjectId>2c987401-40a9-449d-bcdb-7e66c2f86398</ProjectId>
      <CorrelationId>Intent.ModuleBuilder.Templates.Api.ApiElementModel#3b11a26d-290c-4a13-aedb-516a6d6b173f</CorrelationId>
      <OverwriteBehaviour>always</OverwriteBehaviour>
      <ApplicationRelativeFilePath>Api/StringEqualsConditionModel.cs</ApplicationRelativeFilePath>
      <ProjectRelativeFilePath>StringEqualsConditionModel.cs</ProjectRelativeFilePath>
      <IsIgnored>false</IsIgnored>
    </FileLog>
    <FileLog>
      <ProjectId>2c987401-40a9-449d-bcdb-7e66c2f86398</ProjectId>
      <CorrelationId>Intent.ModuleBuilder.Templates.Api.ApiElementModel#3b12caab-9c7b-4e23-be35-7cdf53c45e61</CorrelationId>
      <OverwriteBehaviour>always</OverwriteBehaviour>
      <ApplicationRelativeFilePath>Api/SuccessModel.cs</ApplicationRelativeFilePath>
      <ProjectRelativeFilePath>SuccessModel.cs</ProjectRelativeFilePath>
      <IsIgnored>false</IsIgnored>
    </FileLog>
    <FileLog>
      <ProjectId>2c987401-40a9-449d-bcdb-7e66c2f86398</ProjectId>
      <CorrelationId>Intent.ModuleBuilder.Templates.Api.ApiElementModel#5cd79db1-d94a-4110-97ac-f4af07ea2330</CorrelationId>
      <OverwriteBehaviour>always</OverwriteBehaviour>
      <ApplicationRelativeFilePath>Api/WaitModel.cs</ApplicationRelativeFilePath>
      <ProjectRelativeFilePath>WaitModel.cs</ProjectRelativeFilePath>
      <IsIgnored>false</IsIgnored>
    </FileLog>
    <FileLog>
      <ProjectId>521c24cb-6873-444d-a4fd-d585a196e547</ProjectId>
      <CorrelationId>Intent.ModuleBuilder.Templates.Api.ApiMetadataProviderExtensions</CorrelationId>
      <OverwriteBehaviour>always</OverwriteBehaviour>
      <ApplicationRelativeFilePath>ApiMetadataProviderExtensions.cs</ApplicationRelativeFilePath>
      <ProjectRelativeFilePath>ApiMetadataProviderExtensions.cs</ProjectRelativeFilePath>
      <IsIgnored>false</IsIgnored>
    </FileLog>
    <FileLog>
      <ProjectId>521c24cb-6873-444d-a4fd-d585a196e547</ProjectId>
      <CorrelationId>Intent.ModuleBuilder.IModSpecFile</CorrelationId>
      <OverwriteBehaviour>always</OverwriteBehaviour>
      <ApplicationRelativeFilePath>Intent.Modelers.AWS.StepFunctions.imodspec</ApplicationRelativeFilePath>
      <ProjectRelativeFilePath>Intent.Modelers.AWS.StepFunctions.imodspec</ProjectRelativeFilePath>
      <IsIgnored>false</IsIgnored>
    </FileLog>
    <FileLog>
      <ProjectId>521c24cb-6873-444d-a4fd-d585a196e547</ProjectId>
      <CorrelationId>Intent.VisualStudio.Projects.CoreLibrary.CSProject#521c24cb-6873-444d-a4fd-d585a196e547</CorrelationId>
      <OverwriteBehaviour>always</OverwriteBehaviour>
      <ApplicationRelativeFilePath>Intent.Modules.Modelers.AWS.StepFunctions.csproj</ApplicationRelativeFilePath>
      <ProjectRelativeFilePath>Intent.Modules.Modelers.AWS.StepFunctions.csproj</ProjectRelativeFilePath>
      <IsIgnored>false</IsIgnored>
    </FileLog>
    <FileLog>
      <ProjectId>aa78e179-f088-4a3c-afc7-170779238106</ProjectId>
      <CorrelationId>Intent.ModuleBuilder.DesignerSettings#aa9832d1-2bdb-4422-b688-fa9cf33fbc44</CorrelationId>
      <OverwriteBehaviour>always</OverwriteBehaviour>
      <ApplicationRelativeFilePath>modelers/AWS Step Functions Extensions.designer.settings</ApplicationRelativeFilePath>
      <ProjectRelativeFilePath>AWS Step Functions Extensions.designer.settings</ProjectRelativeFilePath>
      <IsIgnored>false</IsIgnored>
    </FileLog>
    <FileLog>
      <ProjectId>521c24cb-6873-444d-a4fd-d585a196e547</ProjectId>
      <CorrelationId>Intent.ModuleBuilder.ReadMe</CorrelationId>
      <OverwriteBehaviour>always</OverwriteBehaviour>
      <ApplicationRelativeFilePath>README.txt</ApplicationRelativeFilePath>
      <ProjectRelativeFilePath>README.txt</ProjectRelativeFilePath>
      <IsIgnored>false</IsIgnored>
    </FileLog>
  </FileLogs>
</outputLog>