<?xml version="1.0" encoding="utf-8"?>
<outputLog>
  <ApplicationId>ec72e814-e39a-47e3-9570-17eab35420ce</ApplicationId>
  <FileLogs>
    <FileLog>
      <CorrelationId>Intent.VisualStudio.Projects.VisualStudio2015Solution#cb37d4f3-6ce3-4f58-b35a-dce55d321b48</CorrelationId>
      <OverwriteBehaviour>always</OverwriteBehaviour>
      <ApplicationRelativeFilePath>../Intent.Modules.sln</ApplicationRelativeFilePath>
      <IsIgnored>false</IsIgnored>
    </FileLog>
    <FileLog>
      <ProjectId>d13b7ff1-3a04-45f3-b0d6-765c365ccae3</ProjectId>
      <CorrelationId>Intent.ModuleBuilder.Templates.Api.ApiElementExtensionModel#086b0d85-82a7-4055-9ae9-2d80bd61a796</CorrelationId>
      <OverwriteBehaviour>always</OverwriteBehaviour>
      <ApplicationRelativeFilePath>Api/CommandExtensionModel.cs</ApplicationRelativeFilePath>
      <ProjectRelativeFilePath>CommandExtensionModel.cs</ProjectRelativeFilePath>
      <IsIgnored>true</IsIgnored>
    </FileLog>
    <FileLog>
      <ProjectId>d13b7ff1-3a04-45f3-b0d6-765c365ccae3</ProjectId>
      <CorrelationId>Intent.ModuleBuilder.Templates.Api.ApiElementExtensionModel#d4722836-ee02-48c4-b7e6-df117b7dc16b</CorrelationId>
      <OverwriteBehaviour>always</OverwriteBehaviour>
      <ApplicationRelativeFilePath>Api/DiagramExtensionModel.cs</ApplicationRelativeFilePath>
      <ProjectRelativeFilePath>DiagramExtensionModel.cs</ProjectRelativeFilePath>
      <IsIgnored>true</IsIgnored>
    </FileLog>
    <FileLog>
      <ProjectId>d13b7ff1-3a04-45f3-b0d6-765c365ccae3</ProjectId>
      <CorrelationId>Intent.ModuleBuilder.Templates.Api.ApiAssociationModel#580b6b26-eab5-4602-a408-e76e2d292d2c</CorrelationId>
      <OverwriteBehaviour>always</OverwriteBehaviour>
      <ApplicationRelativeFilePath>Api/PublishIntegrationEventModel.cs</ApplicationRelativeFilePath>
      <ProjectRelativeFilePath>PublishIntegrationEventModel.cs</ProjectRelativeFilePath>
      <IsIgnored>false</IsIgnored>
    </FileLog>
    <FileLog>
      <ProjectId>d13b7ff1-3a04-45f3-b0d6-765c365ccae3</ProjectId>
      <CorrelationId>Intent.ModuleBuilder.Templates.Api.ApiAssociationModelExtensions#580b6b26-eab5-4602-a408-e76e2d292d2c</CorrelationId>
      <OverwriteBehaviour>always</OverwriteBehaviour>
      <ApplicationRelativeFilePath>Api/PublishIntegrationEventModelAssociationExtensions.cs</ApplicationRelativeFilePath>
      <ProjectRelativeFilePath>PublishIntegrationEventModelAssociationExtensions.cs</ProjectRelativeFilePath>
      <IsIgnored>false</IsIgnored>
    </FileLog>
    <FileLog>
      <ProjectId>d13b7ff1-3a04-45f3-b0d6-765c365ccae3</ProjectId>
      <CorrelationId>Intent.ModuleBuilder.Templates.Api.ApiElementExtensionModel#0c67c396-2273-4d9c-b6dc-9bc0962ab422</CorrelationId>
      <OverwriteBehaviour>always</OverwriteBehaviour>
      <ApplicationRelativeFilePath>Api/QueryExtensionModel.cs</ApplicationRelativeFilePath>
      <ProjectRelativeFilePath>QueryExtensionModel.cs</ProjectRelativeFilePath>
      <IsIgnored>true</IsIgnored>
    </FileLog>
    <FileLog>
      <ProjectId>9bcd766f-1590-471f-ae5c-9f958aca7130</ProjectId>
      <CorrelationId>Intent.ModuleBuilder.IModSpecFile</CorrelationId>
      <OverwriteBehaviour>always</OverwriteBehaviour>
      <ApplicationRelativeFilePath>Intent.Modelers.Services.EventInteractions.imodspec</ApplicationRelativeFilePath>
      <ProjectRelativeFilePath>Intent.Modelers.Services.EventInteractions.imodspec</ProjectRelativeFilePath>
      <IsIgnored>false</IsIgnored>
    </FileLog>
    <FileLog>
      <ProjectId>9bcd766f-1590-471f-ae5c-9f958aca7130</ProjectId>
      <CorrelationId>Intent.VisualStudio.Projects.CoreLibrary.CSProject#9bcd766f-1590-471f-ae5c-9f958aca7130</CorrelationId>
      <OverwriteBehaviour>always</OverwriteBehaviour>
      <ApplicationRelativeFilePath>Intent.Modules.Modelers.Services.EventInteractions.csproj</ApplicationRelativeFilePath>
      <ProjectRelativeFilePath>Intent.Modules.Modelers.Services.EventInteractions.csproj</ProjectRelativeFilePath>
      <IsIgnored>false</IsIgnored>
    </FileLog>
    <FileLog>
      <ProjectId>351c541f-0060-4a6d-ad47-8adc3723a575</ProjectId>
      <CorrelationId>Intent.ModuleBuilder.DesignerSettings#bcc2079b-d8d7-4d7a-a3b5-79ebd687a02e</CorrelationId>
      <OverwriteBehaviour>always</OverwriteBehaviour>
      <ApplicationRelativeFilePath>modelers/Services CQRS Domain Interactions.designer.settings</ApplicationRelativeFilePath>
      <ProjectRelativeFilePath>Services CQRS Domain Interactions.designer.settings</ProjectRelativeFilePath>
      <IsIgnored>false</IsIgnored>
    </FileLog>
    <FileLog>
      <ProjectId>9bcd766f-1590-471f-ae5c-9f958aca7130</ProjectId>
      <CorrelationId>Intent.ModuleBuilder.ReadMe</CorrelationId>
      <OverwriteBehaviour>always</OverwriteBehaviour>
      <ApplicationRelativeFilePath>README.txt</ApplicationRelativeFilePath>
      <ProjectRelativeFilePath>README.txt</ProjectRelativeFilePath>
      <IsIgnored>false</IsIgnored>
    </FileLog>
    <FileLog>
      <ProjectId>9bcd766f-1590-471f-ae5c-9f958aca7130</ProjectId>
      <CorrelationId>Intent.ModuleBuilder.Templates.ReleaseNotes</CorrelationId>
      <OverwriteBehaviour>once-off</OverwriteBehaviour>
      <ApplicationRelativeFilePath>release-notes.md</ApplicationRelativeFilePath>
      <ProjectRelativeFilePath>release-notes.md</ProjectRelativeFilePath>
      <IsIgnored>false</IsIgnored>
    </FileLog>
  </FileLogs>
</outputLog>