<?xml version="1.0" encoding="utf-8"?>
<outputLog>
  <ApplicationId>873914d6-cfd5-4ee7-9272-771babac5e60</ApplicationId>
  <FileLogs>
    <FileLog>
      <CorrelationId>Intent.VisualStudio.Projects.VisualStudio2015Solution#6f6dd7d3-9d1b-4c75-b6ca-498d4cf20abe</CorrelationId>
      <OverwriteBehaviour>always</OverwriteBehaviour>
      <ApplicationRelativeFilePath>../Intent.Modules.sln</ApplicationRelativeFilePath>
      <IsIgnored>false</IsIgnored>
    </FileLog>
    <FileLog>
      <ProjectId>47ef3f4a-95f5-4d0d-9da0-078f6ebc753e</ProjectId>
      <CorrelationId>Intent.ModuleBuilder.Templates.Api.ApiPackageModel#317ea0aa-0713-4bc0-bbd1-f2980b75f6a0</CorrelationId>
      <OverwriteBehaviour>always</OverwriteBehaviour>
      <ApplicationRelativeFilePath>Api/ServerlessPackageModel.cs</ApplicationRelativeFilePath>
      <ProjectRelativeFilePath>ServerlessPackageModel.cs</ProjectRelativeFilePath>
      <IsIgnored>false</IsIgnored>
    </FileLog>
    <FileLog>
      <ProjectId>99f7af8f-0f19-4408-81a5-d5a04a3ca154</ProjectId>
      <CorrelationId>Intent.ModuleBuilder.Templates.Api.ApiMetadataDesignerExtensions</CorrelationId>
      <OverwriteBehaviour>always</OverwriteBehaviour>
      <ApplicationRelativeFilePath>ApiMetadataDesignerExtensions.cs</ApplicationRelativeFilePath>
      <ProjectRelativeFilePath>ApiMetadataDesignerExtensions.cs</ProjectRelativeFilePath>
      <IsIgnored>false</IsIgnored>
    </FileLog>
    <FileLog>
      <ProjectId>99f7af8f-0f19-4408-81a5-d5a04a3ca154</ProjectId>
      <CorrelationId>Intent.ModuleBuilder.Templates.Api.ApiMetadataPackageExtensions</CorrelationId>
      <OverwriteBehaviour>always</OverwriteBehaviour>
      <ApplicationRelativeFilePath>ApiMetadataPackageExtensions.cs</ApplicationRelativeFilePath>
      <ProjectRelativeFilePath>ApiMetadataPackageExtensions.cs</ProjectRelativeFilePath>
      <IsIgnored>false</IsIgnored>
    </FileLog>
    <FileLog>
      <ProjectId>99f7af8f-0f19-4408-81a5-d5a04a3ca154</ProjectId>
      <CorrelationId>Intent.VisualStudio.Projects.CoreLibrary.CSProject#99f7af8f-0f19-4408-81a5-d5a04a3ca154</CorrelationId>
      <OverwriteBehaviour>always</OverwriteBehaviour>
      <ApplicationRelativeFilePath>Intent.Modules.Modelers.Serverless.csproj</ApplicationRelativeFilePath>
      <ProjectRelativeFilePath>Intent.Modules.Modelers.Serverless.csproj</ProjectRelativeFilePath>
      <IsIgnored>false</IsIgnored>
    </FileLog>
    <FileLog>
      <ProjectId>99f7af8f-0f19-4408-81a5-d5a04a3ca154</ProjectId>
      <CorrelationId>Intent.ModuleBuilder.IModSpecFile</CorrelationId>
      <OverwriteBehaviour>always</OverwriteBehaviour>
      <ApplicationRelativeFilePath>Intent.Modules.Modelers.Serverless.imodspec</ApplicationRelativeFilePath>
      <ProjectRelativeFilePath>Intent.Modules.Modelers.Serverless.imodspec</ProjectRelativeFilePath>
      <IsIgnored>false</IsIgnored>
    </FileLog>
    <FileLog>
      <ProjectId>d4f27536-4bf9-4f79-a81f-e1630ce13232</ProjectId>
      <CorrelationId>Intent.ModuleBuilder.DesignerSettings#92b6d5d7-0d8b-4997-876d-7cc1dcb06ade</CorrelationId>
      <OverwriteBehaviour>always</OverwriteBehaviour>
      <ApplicationRelativeFilePath>modelers/Serverless Types.designer.settings</ApplicationRelativeFilePath>
      <ProjectRelativeFilePath>Serverless Types.designer.settings</ProjectRelativeFilePath>
      <IsIgnored>false</IsIgnored>
    </FileLog>
    <FileLog>
      <ProjectId>d4f27536-4bf9-4f79-a81f-e1630ce13232</ProjectId>
      <CorrelationId>Intent.ModuleBuilder.DesignerConfig#c0f08698-9c2d-4a38-9db5-660795733374</CorrelationId>
      <OverwriteBehaviour>always</OverwriteBehaviour>
      <ApplicationRelativeFilePath>modelers/Serverless.designer.config</ApplicationRelativeFilePath>
      <ProjectRelativeFilePath>Serverless.designer.config</ProjectRelativeFilePath>
      <IsIgnored>false</IsIgnored>
    </FileLog>
    <FileLog>
      <ProjectId>99f7af8f-0f19-4408-81a5-d5a04a3ca154</ProjectId>
      <CorrelationId>Intent.ModuleBuilder.ReadMe</CorrelationId>
      <OverwriteBehaviour>always</OverwriteBehaviour>
      <ApplicationRelativeFilePath>README.txt</ApplicationRelativeFilePath>
      <ProjectRelativeFilePath>README.txt</ProjectRelativeFilePath>
      <IsIgnored>false</IsIgnored>
    </FileLog>
  </FileLogs>
</outputLog>