<?xml version="1.0" encoding="utf-8"?>
<outputLog>
  <ApplicationId>f87115d4-a7b2-4b55-9e86-7a6e86548703</ApplicationId>
  <FileLogs>
    <FileLog>
      <CorrelationId>Intent.VisualStudio.Projects.VisualStudioSolution#4aa97e11-44cf-4f3c-a11d-4d4cbe14a09d</CorrelationId>
      <OverwriteBehaviour>always</OverwriteBehaviour>
      <ApplicationRelativeFilePath>../Intent.Modules.sln</ApplicationRelativeFilePath>
      <IsIgnored>false</IsIgnored>
    </FileLog>
    <FileLog>
      <ProjectId>44057e52-d484-47f2-a541-707bb9df48a9</ProjectId>
      <CorrelationId>Intent.ModuleBuilder.Templates.Api.ApiElementModelExtensions#0a66489f-30aa-417b-a75d-b945863366fd</CorrelationId>
      <OverwriteBehaviour>always</OverwriteBehaviour>
      <ApplicationRelativeFilePath>Api/AssociationTargetEndModelStereotypeExtensions.cs</ApplicationRelativeFilePath>
      <ProjectRelativeFilePath>AssociationTargetEndModelStereotypeExtensions.cs</ProjectRelativeFilePath>
      <IsIgnored>false</IsIgnored>
    </FileLog>
    <FileLog>
      <ProjectId>44057e52-d484-47f2-a541-707bb9df48a9</ProjectId>
      <CorrelationId>Intent.ModuleBuilder.Templates.Api.ApiElementModelExtensions#0090fb93-483e-41af-a11d-5ad2dc796adf</CorrelationId>
      <OverwriteBehaviour>always</OverwriteBehaviour>
      <ApplicationRelativeFilePath>Api/AttributeModelStereotypeExtensions.cs</ApplicationRelativeFilePath>
      <ProjectRelativeFilePath>AttributeModelStereotypeExtensions.cs</ProjectRelativeFilePath>
      <IsIgnored>false</IsIgnored>
    </FileLog>
    <FileLog>
      <ProjectId>44057e52-d484-47f2-a541-707bb9df48a9</ProjectId>
      <CorrelationId>Intent.ModuleBuilder.Templates.Api.ApiElementModel#fcfbd83f-a3eb-4eff-b341-5a812b016d31</CorrelationId>
      <OverwriteBehaviour>always</OverwriteBehaviour>
      <ApplicationRelativeFilePath>Api/DocumentDbProviderModel.cs</ApplicationRelativeFilePath>
      <ProjectRelativeFilePath>DocumentDbProviderModel.cs</ProjectRelativeFilePath>
      <IsIgnored>false</IsIgnored>
    </FileLog>
    <FileLog>
      <ProjectId>44057e52-d484-47f2-a541-707bb9df48a9</ProjectId>
      <CorrelationId>Intent.ModuleBuilder.Templates.Api.ApiElementModelExtensions#fcfbd83f-a3eb-4eff-b341-5a812b016d31</CorrelationId>
      <OverwriteBehaviour>always</OverwriteBehaviour>
      <ApplicationRelativeFilePath>Api/DocumentDbProviderModelStereotypeExtensions.cs</ApplicationRelativeFilePath>
      <ProjectRelativeFilePath>DocumentDbProviderModelStereotypeExtensions.cs</ProjectRelativeFilePath>
      <IsIgnored>false</IsIgnored>
    </FileLog>
    <FileLog>
      <ProjectId>44057e52-d484-47f2-a541-707bb9df48a9</ProjectId>
      <CorrelationId>Intent.ModuleBuilder.Templates.Api.ApiElementModelExtensions#1a824508-4623-45d9-accc-f572091ade5a</CorrelationId>
      <OverwriteBehaviour>always</OverwriteBehaviour>
      <ApplicationRelativeFilePath>Api/DomainPackageModelStereotypeExtensions.cs</ApplicationRelativeFilePath>
      <ProjectRelativeFilePath>DomainPackageModelStereotypeExtensions.cs</ProjectRelativeFilePath>
      <IsIgnored>false</IsIgnored>
    </FileLog>
    <FileLog>
      <ProjectId>44057e52-d484-47f2-a541-707bb9df48a9</ProjectId>
      <CorrelationId>Intent.ModuleBuilder.Templates.Api.ApiElementExtensionModel#19ca8955-0076-4f0a-9287-0ae6f1bcf72c</CorrelationId>
      <OverwriteBehaviour>always</OverwriteBehaviour>
      <ApplicationRelativeFilePath>Api/FolderExtensionsModel.cs</ApplicationRelativeFilePath>
      <ProjectRelativeFilePath>FolderExtensionsModel.cs</ProjectRelativeFilePath>
      <IsIgnored>true</IsIgnored>
    </FileLog>
    <FileLog>
      <ProjectId>44057e52-d484-47f2-a541-707bb9df48a9</ProjectId>
      <CorrelationId>Intent.ModuleBuilder.Templates.Api.ApiPackageExtensionModel#f6730f7a-4ff0-49e4-a334-d7ade76b7ab1</CorrelationId>
      <OverwriteBehaviour>always</OverwriteBehaviour>
      <ApplicationRelativeFilePath>Api/ModuleBuilderExtensionsModel.cs</ApplicationRelativeFilePath>
      <ProjectRelativeFilePath>ModuleBuilderExtensionsModel.cs</ProjectRelativeFilePath>
      <IsIgnored>true</IsIgnored>
    </FileLog>
    <FileLog>
      <ProjectId>4209fd9c-6643-44c9-9c45-e115ab394ee0</ProjectId>
      <CorrelationId>Intent.ModuleBuilder.Templates.Api.ApiMetadataProviderExtensions#1fd88913-015c-45e8-98cb-c0b1e75675ee</CorrelationId>
      <OverwriteBehaviour>always</OverwriteBehaviour>
      <ApplicationRelativeFilePath>ApiMetadataProviderExtensions.cs</ApplicationRelativeFilePath>
      <ProjectRelativeFilePath>ApiMetadataProviderExtensions.cs</ProjectRelativeFilePath>
      <IsIgnored>false</IsIgnored>
    </FileLog>
    <FileLog>
      <ProjectId>4209fd9c-6643-44c9-9c45-e115ab394ee0</ProjectId>
      <CorrelationId>Intent.ModuleBuilder.IModSpecFile#f9a2ce55-8bd4-4454-8453-bd6eb309a0bd</CorrelationId>
      <OverwriteBehaviour>always</OverwriteBehaviour>
      <ApplicationRelativeFilePath>Intent.Metadata.DocumentDB.imodspec</ApplicationRelativeFilePath>
      <ProjectRelativeFilePath>Intent.Metadata.DocumentDB.imodspec</ProjectRelativeFilePath>
      <IsIgnored>false</IsIgnored>
    </FileLog>
    <FileLog>
      <ProjectId>4209fd9c-6643-44c9-9c45-e115ab394ee0</ProjectId>
      <CorrelationId>Intent.VisualStudio.Projects.CSharpProject#4209fd9c-6643-44c9-9c45-e115ab394ee0</CorrelationId>
      <OverwriteBehaviour>always</OverwriteBehaviour>
      <ApplicationRelativeFilePath>Intent.Modules.Metadata.DocumentDB.csproj</ApplicationRelativeFilePath>
      <ProjectRelativeFilePath>Intent.Modules.Metadata.DocumentDB.csproj</ProjectRelativeFilePath>
      <IsIgnored>false</IsIgnored>
    </FileLog>
    <FileLog>
      <ProjectId>1873edee-d26f-41d7-87a0-b30c1aabc79c</ProjectId>
      <CorrelationId>Intent.ModuleBuilder.DesignerSettings#4652d8dc-eea5-49cb-8c08-93ac1972962c</CorrelationId>
      <OverwriteBehaviour>always</OverwriteBehaviour>
      <ApplicationRelativeFilePath>modelers/Document Db Key Automation Extensions.designer.settings</ApplicationRelativeFilePath>
      <ProjectRelativeFilePath>Document Db Key Automation Extensions.designer.settings</ProjectRelativeFilePath>
      <IsIgnored>false</IsIgnored>
    </FileLog>
    <FileLog>
      <ProjectId>1873edee-d26f-41d7-87a0-b30c1aabc79c</ProjectId>
      <CorrelationId>Intent.ModuleBuilder.DesignerSettings#9a392e6c-361e-450b-b543-43e34059fd2d</CorrelationId>
      <OverwriteBehaviour>always</OverwriteBehaviour>
      <ApplicationRelativeFilePath>modelers/Document Db Providers.designer.settings</ApplicationRelativeFilePath>
      <ProjectRelativeFilePath>Document Db Providers.designer.settings</ProjectRelativeFilePath>
      <IsIgnored>false</IsIgnored>
    </FileLog>
    <FileLog>
      <ProjectId>a6488b35-15e7-48a5-a5b6-0e3a3511e15a</ProjectId>
      <CorrelationId>Intent.ModuleBuilder.Templates.DocumentationTemplate#90c760f6-8623-4d56-b091-0f98a2fc5e4f</CorrelationId>
      <OverwriteBehaviour>always</OverwriteBehaviour>
      <ApplicationRelativeFilePath>resources/documentation.json</ApplicationRelativeFilePath>
      <ProjectRelativeFilePath>documentation.json</ProjectRelativeFilePath>
      <IsIgnored>false</IsIgnored>
    </FileLog>
    <FileLog>
      <ProjectId>fa00fa18-1b19-4ff9-943c-f0a6bf305269</ProjectId>
      <CorrelationId>Intent.ModuleBuilder.Templates.Settings.ModuleSettingsExtensions#1c7eab18-9482-4b4e-b61b-1fbd2d2427b6</CorrelationId>
      <OverwriteBehaviour>always</OverwriteBehaviour>
      <ApplicationRelativeFilePath>Settings/ModuleSettingsExtensions.cs</ApplicationRelativeFilePath>
      <ProjectRelativeFilePath>ModuleSettingsExtensions.cs</ProjectRelativeFilePath>
      <IsIgnored>false</IsIgnored>
    </FileLog>
  </FileLogs>
</outputLog>