<?xml version="1.0" encoding="utf-8"?>
<outputLog>
  <ApplicationId>ff3070c6-4626-4a8b-85ab-7d56887a1445</ApplicationId>
  <FileLogs>
    <FileLog>
      <CorrelationId>Intent.VisualStudio.Projects.VisualStudioSolution#eae2d6bc-9572-4814-8feb-43953ea41f6a</CorrelationId>
      <OverwriteBehaviour>always</OverwriteBehaviour>
      <ApplicationRelativeFilePath>../Intent.Modules.sln</ApplicationRelativeFilePath>
      <IsIgnored>false</IsIgnored>
    </FileLog>
    <FileLog>
      <ProjectId>d11b92cd-21a8-4496-9586-923945cc93c2</ProjectId>
      <CorrelationId>Intent.ModuleBuilder.Templates.Api.ApiElementModel#0090fb93-483e-41af-a11d-5ad2dc796adf</CorrelationId>
      <OverwriteBehaviour>always</OverwriteBehaviour>
      <ApplicationRelativeFilePath>Api/AttributeModel.cs</ApplicationRelativeFilePath>
      <ProjectRelativeFilePath>AttributeModel.cs</ProjectRelativeFilePath>
      <IsIgnored>false</IsIgnored>
    </FileLog>
    <FileLog>
      <ProjectId>d11b92cd-21a8-4496-9586-923945cc93c2</ProjectId>
      <CorrelationId>Intent.ModuleBuilder.Templates.Api.ApiElementModel#97265382-53bd-4490-889f-49ebd743ed50</CorrelationId>
      <OverwriteBehaviour>always</OverwriteBehaviour>
      <ApplicationRelativeFilePath>Api/ConstructorModel.cs</ApplicationRelativeFilePath>
      <ProjectRelativeFilePath>ConstructorModel.cs</ProjectRelativeFilePath>
      <IsIgnored>false</IsIgnored>
    </FileLog>
    <FileLog>
      <ProjectId>d11b92cd-21a8-4496-9586-923945cc93c2</ProjectId>
      <CorrelationId>Intent.ModuleBuilder.Templates.Api.ApiElementModel#4215f417-25d2-4509-9309-5076a1452eaa</CorrelationId>
      <OverwriteBehaviour>always</OverwriteBehaviour>
      <ApplicationRelativeFilePath>Api/EnumLiteralModel.cs</ApplicationRelativeFilePath>
      <ProjectRelativeFilePath>EnumLiteralModel.cs</ProjectRelativeFilePath>
      <IsIgnored>false</IsIgnored>
    </FileLog>
    <FileLog>
      <ProjectId>d11b92cd-21a8-4496-9586-923945cc93c2</ProjectId>
      <CorrelationId>Intent.ModuleBuilder.Templates.Api.ApiElementModel#85fba0e9-9161-4c85-a603-a229ef312beb</CorrelationId>
      <OverwriteBehaviour>always</OverwriteBehaviour>
      <ApplicationRelativeFilePath>Api/EnumModel.cs</ApplicationRelativeFilePath>
      <ProjectRelativeFilePath>EnumModel.cs</ProjectRelativeFilePath>
      <IsIgnored>false</IsIgnored>
    </FileLog>
    <FileLog>
      <ProjectId>d11b92cd-21a8-4496-9586-923945cc93c2</ProjectId>
      <CorrelationId>Intent.ModuleBuilder.Templates.Api.ApiElementModel#4d95d53a-8855-4f35-aa82-e312643f5c5f</CorrelationId>
      <OverwriteBehaviour>always</OverwriteBehaviour>
      <ApplicationRelativeFilePath>Api/FolderModel.cs</ApplicationRelativeFilePath>
      <ProjectRelativeFilePath>FolderModel.cs</ProjectRelativeFilePath>
      <IsIgnored>false</IsIgnored>
    </FileLog>
    <FileLog>
      <ProjectId>d11b92cd-21a8-4496-9586-923945cc93c2</ProjectId>
      <CorrelationId>Intent.ModuleBuilder.Templates.Api.ApiElementModel#e042bb67-a1df-480c-9935-b26210f78591</CorrelationId>
      <OverwriteBehaviour>always</OverwriteBehaviour>
      <ApplicationRelativeFilePath>Api/OperationModel.cs</ApplicationRelativeFilePath>
      <ProjectRelativeFilePath>OperationModel.cs</ProjectRelativeFilePath>
      <IsIgnored>false</IsIgnored>
    </FileLog>
    <FileLog>
      <ProjectId>d11b92cd-21a8-4496-9586-923945cc93c2</ProjectId>
      <CorrelationId>Intent.ModuleBuilder.Templates.Api.ApiElementModel#c26d8d0a-a26b-4b5f-b449-e9bdb60b3a4b</CorrelationId>
      <OverwriteBehaviour>always</OverwriteBehaviour>
      <ApplicationRelativeFilePath>Api/ParameterModel.cs</ApplicationRelativeFilePath>
      <ProjectRelativeFilePath>ParameterModel.cs</ProjectRelativeFilePath>
      <IsIgnored>false</IsIgnored>
    </FileLog>
    <FileLog>
      <ProjectId>d11b92cd-21a8-4496-9586-923945cc93c2</ProjectId>
      <CorrelationId>Intent.ModuleBuilder.Templates.Api.ApiElementExtensionModel#82e70b6c-0592-446c-bef7-c9c046157883</CorrelationId>
      <OverwriteBehaviour>always</OverwriteBehaviour>
      <ApplicationRelativeFilePath>Api/TypeDefinitionExtensionModel.cs</ApplicationRelativeFilePath>
      <ProjectRelativeFilePath>TypeDefinitionExtensionModel.cs</ProjectRelativeFilePath>
      <IsIgnored>false</IsIgnored>
    </FileLog>
    <FileLog>
      <ProjectId>d11b92cd-21a8-4496-9586-923945cc93c2</ProjectId>
      <CorrelationId>Intent.ModuleBuilder.Templates.Api.ApiElementModel#d4e577cd-ad05-4180-9a2e-fff4ddea0e1e</CorrelationId>
      <OverwriteBehaviour>always</OverwriteBehaviour>
      <ApplicationRelativeFilePath>Api/TypeDefinitionModel.cs</ApplicationRelativeFilePath>
      <ProjectRelativeFilePath>TypeDefinitionModel.cs</ProjectRelativeFilePath>
      <IsIgnored>false</IsIgnored>
    </FileLog>
    <FileLog>
      <ProjectId>8cc9168a-63e5-4b42-8c7e-fb8e12875801</ProjectId>
      <CorrelationId>Intent.ModuleBuilder.Templates.Api.ApiMetadataProviderExtensions</CorrelationId>
      <OverwriteBehaviour>always</OverwriteBehaviour>
      <ApplicationRelativeFilePath>ApiMetadataProviderExtensions.cs</ApplicationRelativeFilePath>
      <ProjectRelativeFilePath>ApiMetadataProviderExtensions.cs</ProjectRelativeFilePath>
      <IsIgnored>false</IsIgnored>
    </FileLog>
    <FileLog>
      <ProjectId>8cc9168a-63e5-4b42-8c7e-fb8e12875801</ProjectId>
      <CorrelationId>Intent.ModuleBuilder.IModSpecFile</CorrelationId>
      <OverwriteBehaviour>always</OverwriteBehaviour>
      <ApplicationRelativeFilePath>Intent.Common.Types.imodspec</ApplicationRelativeFilePath>
      <ProjectRelativeFilePath>Intent.Common.Types.imodspec</ProjectRelativeFilePath>
      <IsIgnored>false</IsIgnored>
    </FileLog>
    <FileLog>
      <ProjectId>8cc9168a-63e5-4b42-8c7e-fb8e12875801</ProjectId>
      <CorrelationId>Intent.VisualStudio.Projects.CoreLibrary.CSProject#8cc9168a-63e5-4b42-8c7e-fb8e12875801</CorrelationId>
      <OverwriteBehaviour>always</OverwriteBehaviour>
      <ApplicationRelativeFilePath>Intent.Modules.Common.Types.csproj</ApplicationRelativeFilePath>
      <ProjectRelativeFilePath>Intent.Modules.Common.Types.csproj</ProjectRelativeFilePath>
      <IsIgnored>false</IsIgnored>
    </FileLog>
    <FileLog>
      <ProjectId>17425481-e9c3-4b0a-aade-259fb47f4cc9</ProjectId>
      <CorrelationId>Intent.ModuleBuilder.DesignerSettings#314abc42-5b9a-42b3-8d6a-deb2eb7a5a7a</CorrelationId>
      <OverwriteBehaviour>always</OverwriteBehaviour>
      <ApplicationRelativeFilePath>modelers/Common Types Extensions.designer.settings</ApplicationRelativeFilePath>
      <ProjectRelativeFilePath>Common Types Extensions.designer.settings</ProjectRelativeFilePath>
      <IsIgnored>false</IsIgnored>
    </FileLog>
    <FileLog>
      <ProjectId>17425481-e9c3-4b0a-aade-259fb47f4cc9</ProjectId>
      <CorrelationId>Intent.ModuleBuilder.DesignerSettings#55d06096-83fe-4acf-86ef-586d254e5170</CorrelationId>
      <OverwriteBehaviour>always</OverwriteBehaviour>
      <ApplicationRelativeFilePath>modelers/Common Types.designer.settings</ApplicationRelativeFilePath>
      <ProjectRelativeFilePath>Common Types.designer.settings</ProjectRelativeFilePath>
      <IsIgnored>false</IsIgnored>
    </FileLog>
  </FileLogs>
</outputLog>