<?xml version="1.0" encoding="utf-8"?>
<outputLog>
  <ApplicationId>0211c9aa-70a9-49ee-94fb-1c537c72ed79</ApplicationId>
  <FileLogs>
    <FileLog>
      <CorrelationId>Intent.VisualStudio.Projects.VisualStudioSolution#9902cd5d-c634-47d6-a48c-de10732bf817</CorrelationId>
      <OverwriteBehaviour>always</OverwriteBehaviour>
      <ApplicationRelativeFilePath>../Intent.Modules.sln</ApplicationRelativeFilePath>
      <IsIgnored>false</IsIgnored>
    </FileLog>
    <FileLog>
      <ProjectId>113ccbc7-55f1-4647-be78-acb065a1ead4</ProjectId>
      <CorrelationId>Intent.ModuleBuilder.Templates.Api.ApiElementModelExtensions#c4c61fdc-464d-41d2-8e0e-5a734d588302</CorrelationId>
      <OverwriteBehaviour>always</OverwriteBehaviour>
      <ApplicationRelativeFilePath>Api/AssociationDestinationEndSettingsModelStereotypeExtensions.cs</ApplicationRelativeFilePath>
      <ProjectRelativeFilePath>AssociationDestinationEndSettingsModelStereotypeExtensions.cs</ProjectRelativeFilePath>
      <IsIgnored>true</IsIgnored>
    </FileLog>
    <FileLog>
      <ProjectId>113ccbc7-55f1-4647-be78-acb065a1ead4</ProjectId>
      <CorrelationId>Intent.ModuleBuilder.Templates.Api.ApiElementModelExtensions#e3c7b1ca-f080-45c1-b56f-8d44226c8e20</CorrelationId>
      <OverwriteBehaviour>always</OverwriteBehaviour>
      <ApplicationRelativeFilePath>Api/ElementExtensionModelStereotypeExtensions.cs</ApplicationRelativeFilePath>
      <ProjectRelativeFilePath>ElementExtensionModelStereotypeExtensions.cs</ProjectRelativeFilePath>
      <IsIgnored>true</IsIgnored>
    </FileLog>
    <FileLog>
      <ProjectId>113ccbc7-55f1-4647-be78-acb065a1ead4</ProjectId>
      <CorrelationId>Intent.ModuleBuilder.Templates.Api.ApiElementModelExtensions#727577aa-3e07-4b41-be7d-7359bb1e48c8</CorrelationId>
      <OverwriteBehaviour>always</OverwriteBehaviour>
      <ApplicationRelativeFilePath>Api/ElementSettingsModelStereotypeExtensions.cs</ApplicationRelativeFilePath>
      <ProjectRelativeFilePath>ElementSettingsModelStereotypeExtensions.cs</ProjectRelativeFilePath>
      <IsIgnored>true</IsIgnored>
    </FileLog>
    <FileLog>
      <ProjectId>2113920c-df52-4b20-8c2f-cc9df4b08fb8</ProjectId>
      <CorrelationId>Intent.ModuleBuilder.IModSpecFile</CorrelationId>
      <OverwriteBehaviour>always</OverwriteBehaviour>
      <ApplicationRelativeFilePath>Intent.Common.imodspec</ApplicationRelativeFilePath>
      <ProjectRelativeFilePath>Intent.Common.imodspec</ProjectRelativeFilePath>
      <IsIgnored>true</IsIgnored>
    </FileLog>
    <FileLog>
      <ProjectId>2113920c-df52-4b20-8c2f-cc9df4b08fb8</ProjectId>
      <CorrelationId>Intent.VisualStudio.Projects.CSharpProject#2113920c-df52-4b20-8c2f-cc9df4b08fb8</CorrelationId>
      <OverwriteBehaviour>always</OverwriteBehaviour>
      <ApplicationRelativeFilePath>Intent.Modules.Common.csproj</ApplicationRelativeFilePath>
      <ProjectRelativeFilePath>Intent.Modules.Common.csproj</ProjectRelativeFilePath>
      <IsIgnored>true</IsIgnored>
    </FileLog>
  </FileLogs>
</outputLog>