<?xml version="1.0" encoding="utf-8"?>
<outputLog>
  <ApplicationId>33d8ae8a-b8df-47c3-8c54-bf86b4221af7</ApplicationId>
  <FileLogs>
    <FileLog>
      <CorrelationId>Intent.VisualStudio.Projects.VisualStudio2015Solution#42f87ef7-65ef-4aaa-991d-0517b8cdca0d</CorrelationId>
      <OverwriteBehaviour>always</OverwriteBehaviour>
      <ApplicationRelativeFilePath>../Intent.Modules.sln</ApplicationRelativeFilePath>
      <IsIgnored>false</IsIgnored>
    </FileLog>
    <FileLog>
      <ProjectId>e9ae8815-393e-46e5-a534-8e1800c3f43d</ProjectId>
      <CorrelationId>Intent.ModuleBuilder.Templates.Api.ApiElementModel#c0028dcd-38fd-42e4-b7d5-1c639d8899bd</CorrelationId>
      <OverwriteBehaviour>always</OverwriteBehaviour>
      <ApplicationRelativeFilePath>Api/AWSAPIGatewayEndpointModel.cs</ApplicationRelativeFilePath>
      <ProjectRelativeFilePath>AWSAPIGatewayEndpointModel.cs</ProjectRelativeFilePath>
      <IsIgnored>false</IsIgnored>
    </FileLog>
    <FileLog>
      <ProjectId>e9ae8815-393e-46e5-a534-8e1800c3f43d</ProjectId>
      <CorrelationId>Intent.ModuleBuilder.Templates.Api.ApiElementModelExtensions#c0028dcd-38fd-42e4-b7d5-1c639d8899bd</CorrelationId>
      <OverwriteBehaviour>always</OverwriteBehaviour>
      <ApplicationRelativeFilePath>Api/AWSAPIGatewayEndpointModelStereotypeExtensions.cs</ApplicationRelativeFilePath>
      <ProjectRelativeFilePath>AWSAPIGatewayEndpointModelStereotypeExtensions.cs</ProjectRelativeFilePath>
      <IsIgnored>false</IsIgnored>
    </FileLog>
    <FileLog>
      <ProjectId>e9ae8815-393e-46e5-a534-8e1800c3f43d</ProjectId>
      <CorrelationId>Intent.ModuleBuilder.Templates.Api.ApiAssociationModel#59dc49b0-52e6-4066-a2d8-6678b9adee11</CorrelationId>
      <OverwriteBehaviour>always</OverwriteBehaviour>
      <ApplicationRelativeFilePath>Api/AWSAPIGatewayRouteIntegrationModel.cs</ApplicationRelativeFilePath>
      <ProjectRelativeFilePath>AWSAPIGatewayRouteIntegrationModel.cs</ProjectRelativeFilePath>
      <IsIgnored>false</IsIgnored>
    </FileLog>
    <FileLog>
      <ProjectId>e9ae8815-393e-46e5-a534-8e1800c3f43d</ProjectId>
      <CorrelationId>Intent.ModuleBuilder.Templates.Api.ApiAssociationModelExtensions#59dc49b0-52e6-4066-a2d8-6678b9adee11</CorrelationId>
      <OverwriteBehaviour>always</OverwriteBehaviour>
      <ApplicationRelativeFilePath>Api/AWSAPIGatewayRouteIntegrationModelAssociationExtensions.cs</ApplicationRelativeFilePath>
      <ProjectRelativeFilePath>AWSAPIGatewayRouteIntegrationModelAssociationExtensions.cs</ProjectRelativeFilePath>
      <IsIgnored>false</IsIgnored>
    </FileLog>
    <FileLog>
      <ProjectId>e9ae8815-393e-46e5-a534-8e1800c3f43d</ProjectId>
      <CorrelationId>Intent.ModuleBuilder.Templates.Api.ApiElementModel#de02db8b-e18f-423c-b4da-5f717a04075e</CorrelationId>
      <OverwriteBehaviour>always</OverwriteBehaviour>
      <ApplicationRelativeFilePath>Api/AWSLambdaFunctionModel.cs</ApplicationRelativeFilePath>
      <ProjectRelativeFilePath>AWSLambdaFunctionModel.cs</ProjectRelativeFilePath>
      <IsIgnored>false</IsIgnored>
    </FileLog>
    <FileLog>
      <ProjectId>e9ae8815-393e-46e5-a534-8e1800c3f43d</ProjectId>
      <CorrelationId>Intent.ModuleBuilder.Templates.Api.ApiElementModelExtensions#de02db8b-e18f-423c-b4da-5f717a04075e</CorrelationId>
      <OverwriteBehaviour>always</OverwriteBehaviour>
      <ApplicationRelativeFilePath>Api/AWSLambdaFunctionModelStereotypeExtensions.cs</ApplicationRelativeFilePath>
      <ProjectRelativeFilePath>AWSLambdaFunctionModelStereotypeExtensions.cs</ProjectRelativeFilePath>
      <IsIgnored>false</IsIgnored>
    </FileLog>
    <FileLog>
      <ProjectId>e9ae8815-393e-46e5-a534-8e1800c3f43d</ProjectId>
      <CorrelationId>Intent.ModuleBuilder.Templates.Api.ApiElementModel#f0627dc5-3d62-4504-a031-90a0a13dfa9d</CorrelationId>
      <OverwriteBehaviour>always</OverwriteBehaviour>
      <ApplicationRelativeFilePath>Api/AWSSimpleQueueServiceModel.cs</ApplicationRelativeFilePath>
      <ProjectRelativeFilePath>AWSSimpleQueueServiceModel.cs</ProjectRelativeFilePath>
      <IsIgnored>false</IsIgnored>
    </FileLog>
    <FileLog>
      <ProjectId>e9ae8815-393e-46e5-a534-8e1800c3f43d</ProjectId>
      <CorrelationId>Intent.ModuleBuilder.Templates.Api.ApiElementModel#ed9035bc-31b0-4591-aac6-9a950099cbd5</CorrelationId>
      <OverwriteBehaviour>always</OverwriteBehaviour>
      <ApplicationRelativeFilePath>Api/AWSSimpleQueueServiceQueueModel.cs</ApplicationRelativeFilePath>
      <ProjectRelativeFilePath>AWSSimpleQueueServiceQueueModel.cs</ProjectRelativeFilePath>
      <IsIgnored>false</IsIgnored>
    </FileLog>
    <FileLog>
      <ProjectId>e9ae8815-393e-46e5-a534-8e1800c3f43d</ProjectId>
      <CorrelationId>Intent.ModuleBuilder.Templates.Api.ApiElementModel#de1b0aac-1dcf-41e4-9d11-4bbf9a8cacc5</CorrelationId>
      <OverwriteBehaviour>always</OverwriteBehaviour>
      <ApplicationRelativeFilePath>Api/DiagramModel.cs</ApplicationRelativeFilePath>
      <ProjectRelativeFilePath>DiagramModel.cs</ProjectRelativeFilePath>
      <IsIgnored>false</IsIgnored>
    </FileLog>
    <FileLog>
      <ProjectId>e9ae8815-393e-46e5-a534-8e1800c3f43d</ProjectId>
      <CorrelationId>Intent.ModuleBuilder.Templates.Api.ApiElementModel#f0e1fb65-8724-42e6-ad88-149650277251</CorrelationId>
      <OverwriteBehaviour>always</OverwriteBehaviour>
      <ApplicationRelativeFilePath>Api/DTOModel.cs</ApplicationRelativeFilePath>
      <ProjectRelativeFilePath>DTOModel.cs</ProjectRelativeFilePath>
      <IsIgnored>false</IsIgnored>
    </FileLog>
    <FileLog>
      <ProjectId>e9ae8815-393e-46e5-a534-8e1800c3f43d</ProjectId>
      <CorrelationId>Intent.ModuleBuilder.Templates.Api.ApiElementModel#853c436b-3be8-419d-8a49-2962e117dd95</CorrelationId>
      <OverwriteBehaviour>always</OverwriteBehaviour>
      <ApplicationRelativeFilePath>Api/PayloadFieldModel.cs</ApplicationRelativeFilePath>
      <ProjectRelativeFilePath>PayloadFieldModel.cs</ProjectRelativeFilePath>
      <IsIgnored>false</IsIgnored>
    </FileLog>
    <FileLog>
      <ProjectId>e9ae8815-393e-46e5-a534-8e1800c3f43d</ProjectId>
      <CorrelationId>Intent.ModuleBuilder.Templates.Api.ApiElementModel#49294a7f-9300-4feb-99f3-22076efea411</CorrelationId>
      <OverwriteBehaviour>always</OverwriteBehaviour>
      <ApplicationRelativeFilePath>Api/RequestBodyModel.cs</ApplicationRelativeFilePath>
      <ProjectRelativeFilePath>RequestBodyModel.cs</ProjectRelativeFilePath>
      <IsIgnored>false</IsIgnored>
    </FileLog>
    <FileLog>
      <ProjectId>e9ae8815-393e-46e5-a534-8e1800c3f43d</ProjectId>
      <CorrelationId>Intent.ModuleBuilder.Templates.Api.ApiAssociationModel#eb4520aa-5fe2-4f03-a502-0489d1ac4177</CorrelationId>
      <OverwriteBehaviour>always</OverwriteBehaviour>
      <ApplicationRelativeFilePath>Api/ResourceAssociationModel.cs</ApplicationRelativeFilePath>
      <ProjectRelativeFilePath>ResourceAssociationModel.cs</ProjectRelativeFilePath>
      <IsIgnored>false</IsIgnored>
    </FileLog>
    <FileLog>
      <ProjectId>e9ae8815-393e-46e5-a534-8e1800c3f43d</ProjectId>
      <CorrelationId>Intent.ModuleBuilder.Templates.Api.ApiAssociationModelExtensions#eb4520aa-5fe2-4f03-a502-0489d1ac4177</CorrelationId>
      <OverwriteBehaviour>always</OverwriteBehaviour>
      <ApplicationRelativeFilePath>Api/ResourceAssociationModelAssociationExtensions.cs</ApplicationRelativeFilePath>
      <ProjectRelativeFilePath>ResourceAssociationModelAssociationExtensions.cs</ProjectRelativeFilePath>
      <IsIgnored>false</IsIgnored>
    </FileLog>
    <FileLog>
      <ProjectId>e9ae8815-393e-46e5-a534-8e1800c3f43d</ProjectId>
      <CorrelationId>Intent.ModuleBuilder.Templates.Api.ApiElementExtensionModel#3a3c1a75-c9be-4c57-8bea-0d9d259ef00c</CorrelationId>
      <OverwriteBehaviour>always</OverwriteBehaviour>
      <ApplicationRelativeFilePath>Api/ServerlessAWSFolderExtensionsModel.cs</ApplicationRelativeFilePath>
      <ProjectRelativeFilePath>ServerlessAWSFolderExtensionsModel.cs</ProjectRelativeFilePath>
      <IsIgnored>false</IsIgnored>
    </FileLog>
    <FileLog>
      <ProjectId>e9ae8815-393e-46e5-a534-8e1800c3f43d</ProjectId>
      <CorrelationId>Intent.ModuleBuilder.Templates.Api.ApiPackageExtensionModel#368a9e2a-d24d-4798-b24c-0e9694567d9f</CorrelationId>
      <OverwriteBehaviour>always</OverwriteBehaviour>
      <ApplicationRelativeFilePath>Api/ServerlessAWSPackageExtensionsModel.cs</ApplicationRelativeFilePath>
      <ProjectRelativeFilePath>ServerlessAWSPackageExtensionsModel.cs</ProjectRelativeFilePath>
      <IsIgnored>false</IsIgnored>
    </FileLog>
    <FileLog>
      <ProjectId>5fb83c5e-d7b9-4052-ba7e-f46a2a67a271</ProjectId>
      <CorrelationId>Intent.ModuleBuilder.Templates.Api.ApiMetadataProviderExtensions</CorrelationId>
      <OverwriteBehaviour>always</OverwriteBehaviour>
      <ApplicationRelativeFilePath>ApiMetadataProviderExtensions.cs</ApplicationRelativeFilePath>
      <ProjectRelativeFilePath>ApiMetadataProviderExtensions.cs</ProjectRelativeFilePath>
      <IsIgnored>false</IsIgnored>
    </FileLog>
    <FileLog>
      <ProjectId>5fb83c5e-d7b9-4052-ba7e-f46a2a67a271</ProjectId>
      <CorrelationId>Intent.VisualStudio.Projects.CoreLibrary.CSProject#5fb83c5e-d7b9-4052-ba7e-f46a2a67a271</CorrelationId>
      <OverwriteBehaviour>always</OverwriteBehaviour>
      <ApplicationRelativeFilePath>Intent.Modules.Modelers.Serverless.AWS.csproj</ApplicationRelativeFilePath>
      <ProjectRelativeFilePath>Intent.Modules.Modelers.Serverless.AWS.csproj</ProjectRelativeFilePath>
      <IsIgnored>false</IsIgnored>
    </FileLog>
    <FileLog>
      <ProjectId>5fb83c5e-d7b9-4052-ba7e-f46a2a67a271</ProjectId>
      <CorrelationId>Intent.ModuleBuilder.IModSpecFile</CorrelationId>
      <OverwriteBehaviour>always</OverwriteBehaviour>
      <ApplicationRelativeFilePath>Intent.Modules.Modelers.Serverless.AWS.imodspec</ApplicationRelativeFilePath>
      <ProjectRelativeFilePath>Intent.Modules.Modelers.Serverless.AWS.imodspec</ProjectRelativeFilePath>
      <IsIgnored>false</IsIgnored>
    </FileLog>
    <FileLog>
      <ProjectId>21f1007f-0109-4484-9660-4bc8a533f505</ProjectId>
      <CorrelationId>Intent.ModuleBuilder.DesignerSettings#561d0013-3b1a-404c-ba80-80d99690c746</CorrelationId>
      <OverwriteBehaviour>always</OverwriteBehaviour>
      <ApplicationRelativeFilePath>modelers/Serverless AWS Extensions.designer.settings</ApplicationRelativeFilePath>
      <ProjectRelativeFilePath>Serverless AWS Extensions.designer.settings</ProjectRelativeFilePath>
      <IsIgnored>false</IsIgnored>
    </FileLog>
    <FileLog>
      <ProjectId>5fb83c5e-d7b9-4052-ba7e-f46a2a67a271</ProjectId>
      <CorrelationId>Intent.ModuleBuilder.ReadMe</CorrelationId>
      <OverwriteBehaviour>always</OverwriteBehaviour>
      <ApplicationRelativeFilePath>README.txt</ApplicationRelativeFilePath>
      <ProjectRelativeFilePath>README.txt</ProjectRelativeFilePath>
      <IsIgnored>false</IsIgnored>
    </FileLog>
  </FileLogs>
</outputLog>