<?xml version="1.0" encoding="utf-8"?>
<outputLog xmlns:xsi="http://www.w3.org/2001/XMLSchema-instance" xmlns:xsd="http://www.w3.org/2001/XMLSchema">
  <ApplicationId>275030c0-f660-4c46-8156-ce592d267b38</ApplicationId>
  <FileLogs>
    <FileLog>
      <ProjectId>1ea44e7b-c146-478b-8549-23b1969fb10d</ProjectId>
      <ApplicationRelativeFilePath>Api/FolderExtensionsModel.cs</ApplicationRelativeFilePath>
      <ProjectRelativeFilePath>FolderExtensionsModel.cs</ProjectRelativeFilePath>
    </FileLog>
    <FileLog>
      <ProjectId>1ea44e7b-c146-478b-8549-23b1969fb10d</ProjectId>
      <ApplicationRelativeFilePath>Api/HtmlFileTemplateModel.cs</ApplicationRelativeFilePath>
      <ProjectRelativeFilePath>HtmlFileTemplateModel.cs</ProjectRelativeFilePath>
    </FileLog>
    <FileLog>
      <ProjectId>1ea44e7b-c146-478b-8549-23b1969fb10d</ProjectId>
      <ApplicationRelativeFilePath>Api/IntentModuleExtensionModel.cs</ApplicationRelativeFilePath>
      <ProjectRelativeFilePath>IntentModuleExtensionModel.cs</ProjectRelativeFilePath>
    </FileLog>
    <FileLog>
      <ProjectId>59b4ba79-7979-4102-ac26-426a9de6eb12</ProjectId>
      <ApplicationRelativeFilePath>ApiMetadataProviderExtensions.cs</ApplicationRelativeFilePath>
      <ProjectRelativeFilePath>ApiMetadataProviderExtensions.cs</ProjectRelativeFilePath>
    </FileLog>
    <FileLog>
      <ProjectId>59b4ba79-7979-4102-ac26-426a9de6eb12</ProjectId>
      <ApplicationRelativeFilePath>Intent.ModuleBuilder.Html.imodspec</ApplicationRelativeFilePath>
      <ProjectRelativeFilePath>Intent.ModuleBuilder.Html.imodspec</ProjectRelativeFilePath>
    </FileLog>
    <FileLog>
      <ProjectId>59b4ba79-7979-4102-ac26-426a9de6eb12</ProjectId>
      <ApplicationRelativeFilePath>Intent.Modules.ModuleBuilder.Html.csproj</ApplicationRelativeFilePath>
      <ProjectRelativeFilePath>Intent.Modules.ModuleBuilder.Html.csproj</ProjectRelativeFilePath>
    </FileLog>
    <FileLog>
      <ProjectId>0b5c7803-b049-406e-964f-050489bf41ab</ProjectId>
      <ApplicationRelativeFilePath>modelers/Html Types.designer.settings</ApplicationRelativeFilePath>
      <ProjectRelativeFilePath>Html Types.designer.settings</ProjectRelativeFilePath>
    </FileLog>
    <FileLog>
      <ProjectId>59b4ba79-7979-4102-ac26-426a9de6eb12</ProjectId>
      <ApplicationRelativeFilePath>README.txt</ApplicationRelativeFilePath>
      <ProjectRelativeFilePath>README.txt</ProjectRelativeFilePath>
    </FileLog>
    <FileLog>
      <ProjectId>59b4ba79-7979-4102-ac26-426a9de6eb12</ProjectId>
      <ApplicationRelativeFilePath>Templates/HtmlFileTemplate/HtmlFileTemplatePartial.cs</ApplicationRelativeFilePath>
      <ProjectRelativeFilePath>Templates/HtmlFileTemplate/HtmlFileTemplatePartial.cs</ProjectRelativeFilePath>
    </FileLog>
    <FileLog>
      <ProjectId>59b4ba79-7979-4102-ac26-426a9de6eb12</ProjectId>
      <ApplicationRelativeFilePath>Templates/HtmlFileTemplate/HtmlFileTemplateRegistration.cs</ApplicationRelativeFilePath>
      <ProjectRelativeFilePath>Templates/HtmlFileTemplate/HtmlFileTemplateRegistration.cs</ProjectRelativeFilePath>
    </FileLog>
    <FileLog>
      <ProjectId>59b4ba79-7979-4102-ac26-426a9de6eb12</ProjectId>
      <ApplicationRelativeFilePath>Templates/HtmlFileTemplatePartial/HtmlFileTemplatePartialTemplate.cs</ApplicationRelativeFilePath>
      <ProjectRelativeFilePath>Templates/HtmlFileTemplatePartial/HtmlFileTemplatePartialTemplate.cs</ProjectRelativeFilePath>
    </FileLog>
    <FileLog>
      <ProjectId>59b4ba79-7979-4102-ac26-426a9de6eb12</ProjectId>
      <ApplicationRelativeFilePath>Templates/HtmlFileTemplatePartial/HtmlFileTemplatePartialTemplate.tt</ApplicationRelativeFilePath>
      <ProjectRelativeFilePath>Templates/HtmlFileTemplatePartial/HtmlFileTemplatePartialTemplate.tt</ProjectRelativeFilePath>
    </FileLog>
    <FileLog>
      <ProjectId>59b4ba79-7979-4102-ac26-426a9de6eb12</ProjectId>
      <ApplicationRelativeFilePath>Templates/HtmlFileTemplatePartial/HtmlFileTemplatePartialTemplatePartial.cs</ApplicationRelativeFilePath>
      <ProjectRelativeFilePath>Templates/HtmlFileTemplatePartial/HtmlFileTemplatePartialTemplatePartial.cs</ProjectRelativeFilePath>
    </FileLog>
    <FileLog>
      <ProjectId>59b4ba79-7979-4102-ac26-426a9de6eb12</ProjectId>
      <ApplicationRelativeFilePath>Templates/HtmlFileTemplatePartial/HtmlFileTemplatePartialTemplateRegistration.cs</ApplicationRelativeFilePath>
      <ProjectRelativeFilePath>Templates/HtmlFileTemplatePartial/HtmlFileTemplatePartialTemplateRegistration.cs</ProjectRelativeFilePath>
    </FileLog>
  </FileLogs>
</outputLog>