<?xml version="1.0" encoding="utf-8"?>
<outputLog>
  <ApplicationId>33d8ae8a-b8df-47c3-8c54-bf86b4221af7</ApplicationId>
  <FileLogs>
    <FileLog>
      <CorrelationId>Intent.VisualStudio.Projects.VisualStudio2015Solution#42f87ef7-65ef-4aaa-991d-0517b8cdca0d</CorrelationId>
      <OverwriteBehaviour>always</OverwriteBehaviour>
      <ApplicationRelativeFilePath>../Intent.Modules.sln</ApplicationRelativeFilePath>
      <IsIgnored>false</IsIgnored>
    </FileLog>
    <FileLog>
      <ProjectId>e9ae8815-393e-46e5-a534-8e1800c3f43d</ProjectId>
      <CorrelationId>Intent.ModuleBuilder.Templates.Api.ApiElementModel#120e59b2-b044-4262-88f6-6244e12e0679</CorrelationId>
      <OverwriteBehaviour>always</OverwriteBehaviour>
      <ApplicationRelativeFilePath>Api/ActionModel.cs</ApplicationRelativeFilePath>
      <ProjectRelativeFilePath>ActionModel.cs</ProjectRelativeFilePath>
      <IsIgnored>false</IsIgnored>
    </FileLog>
    <FileLog>
      <ProjectId>e9ae8815-393e-46e5-a534-8e1800c3f43d</ProjectId>
      <CorrelationId>Intent.ModuleBuilder.Templates.Api.ApiElementExtensionModel#3a3c1a75-c9be-4c57-8bea-0d9d259ef00c</CorrelationId>
      <OverwriteBehaviour>always</OverwriteBehaviour>
      <ApplicationRelativeFilePath>Api/AWSFolderExtensionsModel.cs</ApplicationRelativeFilePath>
      <ProjectRelativeFilePath>AWSFolderExtensionsModel.cs</ProjectRelativeFilePath>
      <IsIgnored>false</IsIgnored>
    </FileLog>
    <FileLog>
      <ProjectId>e9ae8815-393e-46e5-a534-8e1800c3f43d</ProjectId>
      <CorrelationId>Intent.ModuleBuilder.Templates.Api.ApiPackageModel#a95a0fde-f67b-4e4a-b9a8-745021efbdb6</CorrelationId>
      <OverwriteBehaviour>always</OverwriteBehaviour>
      <ApplicationRelativeFilePath>Api/AWSPackageModel.cs</ApplicationRelativeFilePath>
      <ProjectRelativeFilePath>AWSPackageModel.cs</ProjectRelativeFilePath>
      <IsIgnored>false</IsIgnored>
    </FileLog>
    <FileLog>
      <ProjectId>e9ae8815-393e-46e5-a534-8e1800c3f43d</ProjectId>
      <CorrelationId>Intent.ModuleBuilder.Templates.Api.ApiAssociationModel#5264c135-e856-468d-8bd7-154b75842256</CorrelationId>
      <OverwriteBehaviour>always</OverwriteBehaviour>
      <ApplicationRelativeFilePath>Api/CommentAssociationModel.cs</ApplicationRelativeFilePath>
      <ProjectRelativeFilePath>CommentAssociationModel.cs</ProjectRelativeFilePath>
      <IsIgnored>false</IsIgnored>
    </FileLog>
    <FileLog>
      <ProjectId>e9ae8815-393e-46e5-a534-8e1800c3f43d</ProjectId>
      <CorrelationId>Intent.ModuleBuilder.Templates.Api.ApiAssociationModelExtensions#5264c135-e856-468d-8bd7-154b75842256</CorrelationId>
      <OverwriteBehaviour>always</OverwriteBehaviour>
      <ApplicationRelativeFilePath>Api/CommentAssociationModelAssociationExtensions.cs</ApplicationRelativeFilePath>
      <ProjectRelativeFilePath>CommentAssociationModelAssociationExtensions.cs</ProjectRelativeFilePath>
      <IsIgnored>false</IsIgnored>
    </FileLog>
    <FileLog>
      <ProjectId>e9ae8815-393e-46e5-a534-8e1800c3f43d</ProjectId>
      <CorrelationId>Intent.ModuleBuilder.Templates.Api.ApiElementModel#c4c0c77f-720b-4e91-9c48-b58d2164d30a</CorrelationId>
      <OverwriteBehaviour>always</OverwriteBehaviour>
      <ApplicationRelativeFilePath>Api/CommentModel.cs</ApplicationRelativeFilePath>
      <ProjectRelativeFilePath>CommentModel.cs</ProjectRelativeFilePath>
      <IsIgnored>false</IsIgnored>
    </FileLog>
    <FileLog>
      <ProjectId>e9ae8815-393e-46e5-a534-8e1800c3f43d</ProjectId>
      <CorrelationId>Intent.ModuleBuilder.Templates.Api.ApiElementModel#de1b0aac-1dcf-41e4-9d11-4bbf9a8cacc5</CorrelationId>
      <OverwriteBehaviour>always</OverwriteBehaviour>
      <ApplicationRelativeFilePath>Api/DiagramModel.cs</ApplicationRelativeFilePath>
      <ProjectRelativeFilePath>DiagramModel.cs</ProjectRelativeFilePath>
      <IsIgnored>false</IsIgnored>
    </FileLog>
    <FileLog>
      <ProjectId>e9ae8815-393e-46e5-a534-8e1800c3f43d</ProjectId>
      <CorrelationId>Intent.ModuleBuilder.Templates.Api.ApiElementModel#9e1a18f3-c6b1-495e-81be-cea88f37706f</CorrelationId>
      <OverwriteBehaviour>always</OverwriteBehaviour>
      <ApplicationRelativeFilePath>Api/DTOFieldModel.cs</ApplicationRelativeFilePath>
      <ProjectRelativeFilePath>DTOFieldModel.cs</ProjectRelativeFilePath>
      <IsIgnored>false</IsIgnored>
    </FileLog>
    <FileLog>
      <ProjectId>e9ae8815-393e-46e5-a534-8e1800c3f43d</ProjectId>
      <CorrelationId>Intent.ModuleBuilder.Templates.Api.ApiElementModel#648405f0-9f21-4349-b112-542bf1d5ede4</CorrelationId>
      <OverwriteBehaviour>always</OverwriteBehaviour>
      <ApplicationRelativeFilePath>Api/DTOModel.cs</ApplicationRelativeFilePath>
      <ProjectRelativeFilePath>DTOModel.cs</ProjectRelativeFilePath>
      <IsIgnored>false</IsIgnored>
    </FileLog>
    <FileLog>
      <ProjectId>e9ae8815-393e-46e5-a534-8e1800c3f43d</ProjectId>
      <CorrelationId>Intent.ModuleBuilder.Templates.Api.ApiAssociationModel#055db259-36fc-495f-935c-89c847c34c32</CorrelationId>
      <OverwriteBehaviour>always</OverwriteBehaviour>
      <ApplicationRelativeFilePath>Api/EventStreamModel.cs</ApplicationRelativeFilePath>
      <ProjectRelativeFilePath>EventStreamModel.cs</ProjectRelativeFilePath>
      <IsIgnored>false</IsIgnored>
    </FileLog>
    <FileLog>
      <ProjectId>e9ae8815-393e-46e5-a534-8e1800c3f43d</ProjectId>
      <CorrelationId>Intent.ModuleBuilder.Templates.Api.ApiAssociationModelExtensions#055db259-36fc-495f-935c-89c847c34c32</CorrelationId>
      <OverwriteBehaviour>always</OverwriteBehaviour>
      <ApplicationRelativeFilePath>Api/EventStreamModelAssociationExtensions.cs</ApplicationRelativeFilePath>
      <ProjectRelativeFilePath>EventStreamModelAssociationExtensions.cs</ProjectRelativeFilePath>
      <IsIgnored>false</IsIgnored>
    </FileLog>
    <FileLog>
      <ProjectId>e9ae8815-393e-46e5-a534-8e1800c3f43d</ProjectId>
      <CorrelationId>Intent.ModuleBuilder.Templates.Api.ApiElementModel#b38ebd65-3594-40d9-a688-314cd791ecdf</CorrelationId>
      <OverwriteBehaviour>always</OverwriteBehaviour>
      <ApplicationRelativeFilePath>Api/IAMPolicyStatementModel.cs</ApplicationRelativeFilePath>
      <ProjectRelativeFilePath>IAMPolicyStatementModel.cs</ProjectRelativeFilePath>
      <IsIgnored>false</IsIgnored>
    </FileLog>
    <FileLog>
      <ProjectId>e9ae8815-393e-46e5-a534-8e1800c3f43d</ProjectId>
      <CorrelationId>Intent.ModuleBuilder.Templates.Api.ApiElementModel#b7d9b3e8-3dda-4b76-a86d-0f99aea0091a</CorrelationId>
      <OverwriteBehaviour>always</OverwriteBehaviour>
      <ApplicationRelativeFilePath>Api/IAMPolicyStatementReferenceModel.cs</ApplicationRelativeFilePath>
      <ProjectRelativeFilePath>IAMPolicyStatementReferenceModel.cs</ProjectRelativeFilePath>
      <IsIgnored>false</IsIgnored>
    </FileLog>
    <FileLog>
      <ProjectId>e9ae8815-393e-46e5-a534-8e1800c3f43d</ProjectId>
      <CorrelationId>Intent.ModuleBuilder.Templates.Api.ApiElementModel#db3d97ac-baed-48eb-8f05-01656b30f635</CorrelationId>
      <OverwriteBehaviour>always</OverwriteBehaviour>
      <ApplicationRelativeFilePath>Api/PlaceholderModel.cs</ApplicationRelativeFilePath>
      <ProjectRelativeFilePath>PlaceholderModel.cs</ProjectRelativeFilePath>
      <IsIgnored>false</IsIgnored>
    </FileLog>
    <FileLog>
      <ProjectId>e9ae8815-393e-46e5-a534-8e1800c3f43d</ProjectId>
      <CorrelationId>Intent.ModuleBuilder.Templates.Api.ApiAssociationModel#d3fe616a-e00b-4553-aaa2-41b626e58faa</CorrelationId>
      <OverwriteBehaviour>always</OverwriteBehaviour>
      <ApplicationRelativeFilePath>Api/ResourceAccessModel.cs</ApplicationRelativeFilePath>
      <ProjectRelativeFilePath>ResourceAccessModel.cs</ProjectRelativeFilePath>
      <IsIgnored>false</IsIgnored>
    </FileLog>
    <FileLog>
      <ProjectId>e9ae8815-393e-46e5-a534-8e1800c3f43d</ProjectId>
      <CorrelationId>Intent.ModuleBuilder.Templates.Api.ApiAssociationModelExtensions#d3fe616a-e00b-4553-aaa2-41b626e58faa</CorrelationId>
      <OverwriteBehaviour>always</OverwriteBehaviour>
      <ApplicationRelativeFilePath>Api/ResourceAccessModelAssociationExtensions.cs</ApplicationRelativeFilePath>
      <ProjectRelativeFilePath>ResourceAccessModelAssociationExtensions.cs</ProjectRelativeFilePath>
      <IsIgnored>false</IsIgnored>
    </FileLog>
    <FileLog>
      <ProjectId>e9ae8815-393e-46e5-a534-8e1800c3f43d</ProjectId>
      <CorrelationId>Intent.ModuleBuilder.Templates.Api.ApiElementModel#dca1ab24-80eb-42d2-9c8b-67803ba85ca2</CorrelationId>
      <OverwriteBehaviour>always</OverwriteBehaviour>
      <ApplicationRelativeFilePath>Api/ResourceModel.cs</ApplicationRelativeFilePath>
      <ProjectRelativeFilePath>ResourceModel.cs</ProjectRelativeFilePath>
      <IsIgnored>false</IsIgnored>
    </FileLog>
    <FileLog>
      <ProjectId>5fb83c5e-d7b9-4052-ba7e-f46a2a67a271</ProjectId>
      <CorrelationId>Intent.ModuleBuilder.Templates.Api.ApiMetadataPackageExtensions</CorrelationId>
      <OverwriteBehaviour>always</OverwriteBehaviour>
      <ApplicationRelativeFilePath>ApiMetadataPackageExtensions.cs</ApplicationRelativeFilePath>
      <ProjectRelativeFilePath>ApiMetadataPackageExtensions.cs</ProjectRelativeFilePath>
      <IsIgnored>false</IsIgnored>
    </FileLog>
    <FileLog>
      <ProjectId>5fb83c5e-d7b9-4052-ba7e-f46a2a67a271</ProjectId>
      <CorrelationId>Intent.ModuleBuilder.Templates.Api.ApiMetadataProviderExtensions</CorrelationId>
      <OverwriteBehaviour>always</OverwriteBehaviour>
      <ApplicationRelativeFilePath>ApiMetadataProviderExtensions.cs</ApplicationRelativeFilePath>
      <ProjectRelativeFilePath>ApiMetadataProviderExtensions.cs</ProjectRelativeFilePath>
      <IsIgnored>false</IsIgnored>
    </FileLog>
    <FileLog>
      <ProjectId>5fb83c5e-d7b9-4052-ba7e-f46a2a67a271</ProjectId>
      <CorrelationId>Intent.ModuleBuilder.IModSpecFile</CorrelationId>
      <OverwriteBehaviour>always</OverwriteBehaviour>
      <ApplicationRelativeFilePath>Intent.Modelers.AWS.imodspec</ApplicationRelativeFilePath>
      <ProjectRelativeFilePath>Intent.Modelers.AWS.imodspec</ProjectRelativeFilePath>
      <IsIgnored>false</IsIgnored>
    </FileLog>
    <FileLog>
      <ProjectId>5fb83c5e-d7b9-4052-ba7e-f46a2a67a271</ProjectId>
      <CorrelationId>Intent.VisualStudio.Projects.CoreLibrary.CSProject#5fb83c5e-d7b9-4052-ba7e-f46a2a67a271</CorrelationId>
      <OverwriteBehaviour>always</OverwriteBehaviour>
      <ApplicationRelativeFilePath>Intent.Modules.Modelers.AWS.csproj</ApplicationRelativeFilePath>
      <ProjectRelativeFilePath>Intent.Modules.Modelers.AWS.csproj</ProjectRelativeFilePath>
      <IsIgnored>false</IsIgnored>
    </FileLog>
    <FileLog>
      <ProjectId>21f1007f-0109-4484-9660-4bc8a533f505</ProjectId>
      <CorrelationId>Intent.ModuleBuilder.DesignerSettings#561d0013-3b1a-404c-ba80-80d99690c746</CorrelationId>
      <OverwriteBehaviour>always</OverwriteBehaviour>
      <ApplicationRelativeFilePath>modelers/AWS Extensions.designer.settings</ApplicationRelativeFilePath>
      <ProjectRelativeFilePath>AWS Extensions.designer.settings</ProjectRelativeFilePath>
      <IsIgnored>false</IsIgnored>
    </FileLog>
    <FileLog>
      <ProjectId>5fb83c5e-d7b9-4052-ba7e-f46a2a67a271</ProjectId>
      <CorrelationId>Intent.ModuleBuilder.ReadMe</CorrelationId>
      <OverwriteBehaviour>always</OverwriteBehaviour>
      <ApplicationRelativeFilePath>README.txt</ApplicationRelativeFilePath>
      <ProjectRelativeFilePath>README.txt</ProjectRelativeFilePath>
      <IsIgnored>false</IsIgnored>
    </FileLog>
  </FileLogs>
</outputLog>