<?xml version="1.0" encoding="utf-8"?>
<outputLog>
  <ApplicationId>f7f12dd9-7193-4407-be08-2f7b7d232af3</ApplicationId>
  <FileLogs>
    <FileLog>
      <CorrelationId>Intent.VisualStudio.Projects.VisualStudio2015Solution#b8a18b98-fe91-4375-95cd-ef8ba7d0497c</CorrelationId>
      <OverwriteBehaviour>always</OverwriteBehaviour>
      <ApplicationRelativeFilePath>../Intent.Modules.sln</ApplicationRelativeFilePath>
      <IsIgnored>false</IsIgnored>
    </FileLog>
    <FileLog>
      <ProjectId>49382137-ba32-4334-b006-6895f555b7a0</ProjectId>
      <CorrelationId>Intent.ModuleBuilder.Templates.Api.ApiElementModel#f40a4942-5d2d-4174-8ec1-af66cbd464db</CorrelationId>
      <OverwriteBehaviour>always</OverwriteBehaviour>
      <ApplicationRelativeFilePath>Api/ApplicationModel.cs</ApplicationRelativeFilePath>
      <ProjectRelativeFilePath>ApplicationModel.cs</ProjectRelativeFilePath>
      <IsIgnored>false</IsIgnored>
    </FileLog>
    <FileLog>
      <ProjectId>49382137-ba32-4334-b006-6895f555b7a0</ProjectId>
      <CorrelationId>Intent.ModuleBuilder.Templates.Api.ApiElementModel#93eea5d7-a6a6-4fb8-9c87-d2e4c913fbe7</CorrelationId>
      <OverwriteBehaviour>always</OverwriteBehaviour>
      <ApplicationRelativeFilePath>Api/EventingDTOFieldModel.cs</ApplicationRelativeFilePath>
      <ProjectRelativeFilePath>EventingDTOFieldModel.cs</ProjectRelativeFilePath>
      <IsIgnored>false</IsIgnored>
    </FileLog>
    <FileLog>
      <ProjectId>49382137-ba32-4334-b006-6895f555b7a0</ProjectId>
      <CorrelationId>Intent.ModuleBuilder.Templates.Api.ApiElementModel#544f1d57-27ce-4985-a4ec-cc01568d72b0</CorrelationId>
      <OverwriteBehaviour>always</OverwriteBehaviour>
      <ApplicationRelativeFilePath>Api/EventingDTOModel.cs</ApplicationRelativeFilePath>
      <ProjectRelativeFilePath>EventingDTOModel.cs</ProjectRelativeFilePath>
      <IsIgnored>false</IsIgnored>
    </FileLog>
    <FileLog>
      <ProjectId>49382137-ba32-4334-b006-6895f555b7a0</ProjectId>
      <CorrelationId>Intent.ModuleBuilder.Templates.Api.ApiPackageModel#df96d537-7bb5-4c49-811f-973fa6e95beb</CorrelationId>
      <OverwriteBehaviour>always</OverwriteBehaviour>
      <ApplicationRelativeFilePath>Api/EventingPackageModel.cs</ApplicationRelativeFilePath>
      <ProjectRelativeFilePath>EventingPackageModel.cs</ProjectRelativeFilePath>
      <IsIgnored>false</IsIgnored>
    </FileLog>
    <FileLog>
      <ProjectId>49382137-ba32-4334-b006-6895f555b7a0</ProjectId>
      <CorrelationId>Intent.ModuleBuilder.Templates.Api.ApiElementExtensionModel#1a3ec0dd-bbfc-4922-ae61-607b00610ffd</CorrelationId>
      <OverwriteBehaviour>always</OverwriteBehaviour>
      <ApplicationRelativeFilePath>Api/FolderExtensionModel.cs</ApplicationRelativeFilePath>
      <ProjectRelativeFilePath>FolderExtensionModel.cs</ProjectRelativeFilePath>
      <IsIgnored>false</IsIgnored>
    </FileLog>
    <FileLog>
      <ProjectId>49382137-ba32-4334-b006-6895f555b7a0</ProjectId>
      <CorrelationId>Intent.ModuleBuilder.Templates.Api.ApiAssociationModel#ccf59371-009d-44dd-9417-a907b463b223</CorrelationId>
      <OverwriteBehaviour>always</OverwriteBehaviour>
      <ApplicationRelativeFilePath>Api/GeneralizationModel.cs</ApplicationRelativeFilePath>
      <ProjectRelativeFilePath>GeneralizationModel.cs</ProjectRelativeFilePath>
      <IsIgnored>false</IsIgnored>
    </FileLog>
    <FileLog>
      <ProjectId>49382137-ba32-4334-b006-6895f555b7a0</ProjectId>
      <CorrelationId>Intent.ModuleBuilder.Templates.Api.ApiAssociationModelExtensions#ccf59371-009d-44dd-9417-a907b463b223</CorrelationId>
      <OverwriteBehaviour>always</OverwriteBehaviour>
      <ApplicationRelativeFilePath>Api/GeneralizationModelAssociationExtensions.cs</ApplicationRelativeFilePath>
      <ProjectRelativeFilePath>GeneralizationModelAssociationExtensions.cs</ProjectRelativeFilePath>
      <IsIgnored>false</IsIgnored>
    </FileLog>
    <FileLog>
      <ProjectId>49382137-ba32-4334-b006-6895f555b7a0</ProjectId>
      <CorrelationId>Intent.ModuleBuilder.Templates.Api.ApiElementModel#cbe970af-5bad-4d92-a3ed-a24b9fdaa23e</CorrelationId>
      <OverwriteBehaviour>always</OverwriteBehaviour>
      <ApplicationRelativeFilePath>Api/MessageModel.cs</ApplicationRelativeFilePath>
      <ProjectRelativeFilePath>MessageModel.cs</ProjectRelativeFilePath>
      <IsIgnored>false</IsIgnored>
    </FileLog>
    <FileLog>
      <ProjectId>49382137-ba32-4334-b006-6895f555b7a0</ProjectId>
      <CorrelationId>Intent.ModuleBuilder.Templates.Api.ApiAssociationModel#022d4c90-e1b6-4747-a15f-640c19503a8f</CorrelationId>
      <OverwriteBehaviour>always</OverwriteBehaviour>
      <ApplicationRelativeFilePath>Api/MessagePublishAssocationModel.cs</ApplicationRelativeFilePath>
      <ProjectRelativeFilePath>MessagePublishAssocationModel.cs</ProjectRelativeFilePath>
      <IsIgnored>false</IsIgnored>
    </FileLog>
    <FileLog>
      <ProjectId>49382137-ba32-4334-b006-6895f555b7a0</ProjectId>
      <CorrelationId>Intent.ModuleBuilder.Templates.Api.ApiAssociationModelExtensions#022d4c90-e1b6-4747-a15f-640c19503a8f</CorrelationId>
      <OverwriteBehaviour>always</OverwriteBehaviour>
      <ApplicationRelativeFilePath>Api/MessagePublishAssocationModelAssociationExtensions.cs</ApplicationRelativeFilePath>
      <ProjectRelativeFilePath>MessagePublishAssocationModelAssociationExtensions.cs</ProjectRelativeFilePath>
      <IsIgnored>false</IsIgnored>
    </FileLog>
    <FileLog>
      <ProjectId>49382137-ba32-4334-b006-6895f555b7a0</ProjectId>
      <CorrelationId>Intent.ModuleBuilder.Templates.Api.ApiAssociationModel#50e0bed1-1387-4d67-8f66-1194763296b1</CorrelationId>
      <OverwriteBehaviour>always</OverwriteBehaviour>
      <ApplicationRelativeFilePath>Api/MessageSubscribeAssocationModel.cs</ApplicationRelativeFilePath>
      <ProjectRelativeFilePath>MessageSubscribeAssocationModel.cs</ProjectRelativeFilePath>
      <IsIgnored>false</IsIgnored>
    </FileLog>
    <FileLog>
      <ProjectId>49382137-ba32-4334-b006-6895f555b7a0</ProjectId>
      <CorrelationId>Intent.ModuleBuilder.Templates.Api.ApiAssociationModelExtensions#50e0bed1-1387-4d67-8f66-1194763296b1</CorrelationId>
      <OverwriteBehaviour>always</OverwriteBehaviour>
      <ApplicationRelativeFilePath>Api/MessageSubscribeAssocationModelAssociationExtensions.cs</ApplicationRelativeFilePath>
      <ProjectRelativeFilePath>MessageSubscribeAssocationModelAssociationExtensions.cs</ProjectRelativeFilePath>
      <IsIgnored>false</IsIgnored>
    </FileLog>
    <FileLog>
      <ProjectId>49382137-ba32-4334-b006-6895f555b7a0</ProjectId>
      <CorrelationId>Intent.ModuleBuilder.Templates.Api.ApiElementModel#bde29850-5fb9-4f47-9941-b9e182fd9bdc</CorrelationId>
      <OverwriteBehaviour>always</OverwriteBehaviour>
      <ApplicationRelativeFilePath>Api/PropertyModel.cs</ApplicationRelativeFilePath>
      <ProjectRelativeFilePath>PropertyModel.cs</ProjectRelativeFilePath>
      <IsIgnored>false</IsIgnored>
    </FileLog>
    <FileLog>
      <ProjectId>556e7bcc-4e9b-45ee-8a05-6022c1084a2c</ProjectId>
      <CorrelationId>Intent.ModuleBuilder.Templates.Api.ApiMetadataDesignerExtensions</CorrelationId>
      <OverwriteBehaviour>always</OverwriteBehaviour>
      <ApplicationRelativeFilePath>ApiMetadataDesignerExtensions.cs</ApplicationRelativeFilePath>
      <ProjectRelativeFilePath>ApiMetadataDesignerExtensions.cs</ProjectRelativeFilePath>
      <IsIgnored>false</IsIgnored>
    </FileLog>
    <FileLog>
      <ProjectId>556e7bcc-4e9b-45ee-8a05-6022c1084a2c</ProjectId>
      <CorrelationId>Intent.ModuleBuilder.Templates.Api.ApiMetadataPackageExtensions</CorrelationId>
      <OverwriteBehaviour>always</OverwriteBehaviour>
      <ApplicationRelativeFilePath>ApiMetadataPackageExtensions.cs</ApplicationRelativeFilePath>
      <ProjectRelativeFilePath>ApiMetadataPackageExtensions.cs</ProjectRelativeFilePath>
      <IsIgnored>false</IsIgnored>
    </FileLog>
    <FileLog>
      <ProjectId>556e7bcc-4e9b-45ee-8a05-6022c1084a2c</ProjectId>
      <CorrelationId>Intent.ModuleBuilder.Templates.Api.ApiMetadataProviderExtensions</CorrelationId>
      <OverwriteBehaviour>always</OverwriteBehaviour>
      <ApplicationRelativeFilePath>ApiMetadataProviderExtensions.cs</ApplicationRelativeFilePath>
      <ProjectRelativeFilePath>ApiMetadataProviderExtensions.cs</ProjectRelativeFilePath>
      <IsIgnored>false</IsIgnored>
    </FileLog>
    <FileLog>
      <ProjectId>556e7bcc-4e9b-45ee-8a05-6022c1084a2c</ProjectId>
      <CorrelationId>Intent.ModuleBuilder.IModSpecFile</CorrelationId>
      <OverwriteBehaviour>always</OverwriteBehaviour>
      <ApplicationRelativeFilePath>Intent.Modelers.Eventing.imodspec</ApplicationRelativeFilePath>
      <ProjectRelativeFilePath>Intent.Modelers.Eventing.imodspec</ProjectRelativeFilePath>
      <IsIgnored>false</IsIgnored>
    </FileLog>
    <FileLog>
      <ProjectId>556e7bcc-4e9b-45ee-8a05-6022c1084a2c</ProjectId>
      <CorrelationId>Intent.VisualStudio.Projects.CoreLibrary.CSProject#556e7bcc-4e9b-45ee-8a05-6022c1084a2c</CorrelationId>
      <OverwriteBehaviour>once-off</OverwriteBehaviour>
      <ApplicationRelativeFilePath>Intent.Modules.Modelers.Eventing.csproj</ApplicationRelativeFilePath>
      <ProjectRelativeFilePath>Intent.Modules.Modelers.Eventing.csproj</ProjectRelativeFilePath>
      <IsIgnored>false</IsIgnored>
    </FileLog>
    <FileLog>
      <ProjectId>fda0a824-c6ee-41d3-b86b-b477bbc9537c</ProjectId>
      <CorrelationId>Intent.ModuleBuilder.DesignerSettings#f49d67ab-c0ef-4f48-a69d-db7a7a287260</CorrelationId>
      <OverwriteBehaviour>always</OverwriteBehaviour>
      <ApplicationRelativeFilePath>modelers/Core Eventing Types.designer.settings</ApplicationRelativeFilePath>
      <ProjectRelativeFilePath>Core Eventing Types.designer.settings</ProjectRelativeFilePath>
      <IsIgnored>false</IsIgnored>
    </FileLog>
    <FileLog>
      <ProjectId>fda0a824-c6ee-41d3-b86b-b477bbc9537c</ProjectId>
      <CorrelationId>Intent.ModuleBuilder.DesignerConfig#822e4254-9ced-4dd1-ad56-500b861f7e4d</CorrelationId>
      <OverwriteBehaviour>always</OverwriteBehaviour>
      <ApplicationRelativeFilePath>modelers/Eventing.designer.config</ApplicationRelativeFilePath>
      <ProjectRelativeFilePath>Eventing.designer.config</ProjectRelativeFilePath>
      <IsIgnored>false</IsIgnored>
    </FileLog>
    <FileLog>
      <ProjectId>556e7bcc-4e9b-45ee-8a05-6022c1084a2c</ProjectId>
      <CorrelationId>Intent.ModuleBuilder.ReadMe</CorrelationId>
      <OverwriteBehaviour>always</OverwriteBehaviour>
      <ApplicationRelativeFilePath>README.txt</ApplicationRelativeFilePath>
      <ProjectRelativeFilePath>README.txt</ProjectRelativeFilePath>
      <IsIgnored>false</IsIgnored>
    </FileLog>
  </FileLogs>
</outputLog>