<?xml version="1.0" encoding="utf-8"?>
<outputLog>
  <ApplicationId>f7e143e9-b91c-4747-9e70-2d1e1fa5e660</ApplicationId>
  <FileLogs>
    <FileLog>
      <CorrelationId>Intent.VisualStudio.Projects.VisualStudio2015Solution#8aaee3ab-68d3-4c71-9960-485fa31e78ab</CorrelationId>
      <OverwriteBehaviour>always</OverwriteBehaviour>
      <ApplicationRelativeFilePath>../Intent.Modules.sln</ApplicationRelativeFilePath>
      <IsIgnored>false</IsIgnored>
    </FileLog>
    <FileLog>
      <ProjectId>11a5e4ed-1500-4179-a629-45e824b81308</ProjectId>
      <CorrelationId>Intent.ModuleBuilder.Templates.Api.ApiElementExtensionModel#87b55580-b8a7-463b-a59f-ed370680015e</CorrelationId>
      <OverwriteBehaviour>always</OverwriteBehaviour>
      <ApplicationRelativeFilePath>Api/GraphQLEndpointDiagramExtensionsModel.cs</ApplicationRelativeFilePath>
      <ProjectRelativeFilePath>GraphQLEndpointDiagramExtensionsModel.cs</ProjectRelativeFilePath>
      <IsIgnored>false</IsIgnored>
    </FileLog>
    <FileLog>
      <ProjectId>11a5e4ed-1500-4179-a629-45e824b81308</ProjectId>
      <CorrelationId>Intent.ModuleBuilder.Templates.Api.ApiElementExtensionModel#b1815045-a5ee-48c1-b1da-9b7c503eb4d8</CorrelationId>
      <OverwriteBehaviour>always</OverwriteBehaviour>
      <ApplicationRelativeFilePath>Api/GraphQLEndpointFolderExtensionsModel.cs</ApplicationRelativeFilePath>
      <ProjectRelativeFilePath>GraphQLEndpointFolderExtensionsModel.cs</ProjectRelativeFilePath>
      <IsIgnored>false</IsIgnored>
    </FileLog>
    <FileLog>
      <ProjectId>11a5e4ed-1500-4179-a629-45e824b81308</ProjectId>
      <CorrelationId>Intent.ModuleBuilder.Templates.Api.ApiElementModel#fe7c2882-9fc6-4a35-bde4-26195d7900eb</CorrelationId>
      <OverwriteBehaviour>always</OverwriteBehaviour>
      <ApplicationRelativeFilePath>Api/GraphQLEndpointModel.cs</ApplicationRelativeFilePath>
      <ProjectRelativeFilePath>GraphQLEndpointModel.cs</ProjectRelativeFilePath>
      <IsIgnored>false</IsIgnored>
    </FileLog>
    <FileLog>
      <ProjectId>11a5e4ed-1500-4179-a629-45e824b81308</ProjectId>
      <CorrelationId>Intent.ModuleBuilder.Templates.Api.ApiPackageExtensionModel#cee52aec-24a3-4ce7-886f-a521aaaee195</CorrelationId>
      <OverwriteBehaviour>always</OverwriteBehaviour>
      <ApplicationRelativeFilePath>Api/GraphQLEndpointPackageExtensionsModel.cs</ApplicationRelativeFilePath>
      <ProjectRelativeFilePath>GraphQLEndpointPackageExtensionsModel.cs</ProjectRelativeFilePath>
      <IsIgnored>false</IsIgnored>
    </FileLog>
    <FileLog>
      <ProjectId>11a5e4ed-1500-4179-a629-45e824b81308</ProjectId>
      <CorrelationId>Intent.ModuleBuilder.Templates.Api.ApiElementModel#66cca984-b1dc-445c-9685-e3abb4e5795a</CorrelationId>
      <OverwriteBehaviour>always</OverwriteBehaviour>
      <ApplicationRelativeFilePath>Api/GraphQLMutationModel.cs</ApplicationRelativeFilePath>
      <ProjectRelativeFilePath>GraphQLMutationModel.cs</ProjectRelativeFilePath>
      <IsIgnored>false</IsIgnored>
    </FileLog>
    <FileLog>
      <ProjectId>11a5e4ed-1500-4179-a629-45e824b81308</ProjectId>
      <CorrelationId>Intent.ModuleBuilder.Templates.Api.ApiElementModel#02864de4-afe0-42a1-a655-1eeb68c8a098</CorrelationId>
      <OverwriteBehaviour>always</OverwriteBehaviour>
      <ApplicationRelativeFilePath>Api/GraphQLMutationTypeModel.cs</ApplicationRelativeFilePath>
      <ProjectRelativeFilePath>GraphQLMutationTypeModel.cs</ProjectRelativeFilePath>
      <IsIgnored>false</IsIgnored>
    </FileLog>
    <FileLog>
      <ProjectId>11a5e4ed-1500-4179-a629-45e824b81308</ProjectId>
      <CorrelationId>Intent.ModuleBuilder.Templates.Api.ApiElementModel#22565fd3-564a-4406-a502-81d2b6b0691f</CorrelationId>
      <OverwriteBehaviour>always</OverwriteBehaviour>
      <ApplicationRelativeFilePath>Api/GraphQLParameterModel.cs</ApplicationRelativeFilePath>
      <ProjectRelativeFilePath>GraphQLParameterModel.cs</ProjectRelativeFilePath>
      <IsIgnored>false</IsIgnored>
    </FileLog>
    <FileLog>
      <ProjectId>11a5e4ed-1500-4179-a629-45e824b81308</ProjectId>
      <CorrelationId>Intent.ModuleBuilder.Templates.Api.ApiElementModel#4504e87f-d092-46d6-bbb9-2b39c7307d41</CorrelationId>
      <OverwriteBehaviour>always</OverwriteBehaviour>
      <ApplicationRelativeFilePath>Api/GraphQLQueryTypeModel.cs</ApplicationRelativeFilePath>
      <ProjectRelativeFilePath>GraphQLQueryTypeModel.cs</ProjectRelativeFilePath>
      <IsIgnored>false</IsIgnored>
    </FileLog>
    <FileLog>
      <ProjectId>11a5e4ed-1500-4179-a629-45e824b81308</ProjectId>
      <CorrelationId>Intent.ModuleBuilder.Templates.Api.ApiElementModel#150aa241-479b-442e-9962-21b79de85648</CorrelationId>
      <OverwriteBehaviour>always</OverwriteBehaviour>
      <ApplicationRelativeFilePath>Api/GraphQLSchemaFieldModel.cs</ApplicationRelativeFilePath>
      <ProjectRelativeFilePath>GraphQLSchemaFieldModel.cs</ProjectRelativeFilePath>
      <IsIgnored>false</IsIgnored>
    </FileLog>
    <FileLog>
      <ProjectId>11a5e4ed-1500-4179-a629-45e824b81308</ProjectId>
      <CorrelationId>Intent.ModuleBuilder.Templates.Api.ApiElementModel#3f2d13dd-738f-453c-8c30-50953a9b3781</CorrelationId>
      <OverwriteBehaviour>always</OverwriteBehaviour>
      <ApplicationRelativeFilePath>Api/GraphQLSchemaTypeModel.cs</ApplicationRelativeFilePath>
      <ProjectRelativeFilePath>GraphQLSchemaTypeModel.cs</ProjectRelativeFilePath>
      <IsIgnored>false</IsIgnored>
    </FileLog>
    <FileLog>
      <ProjectId>aa786693-420b-49f1-870d-52ef130b2f5d</ProjectId>
      <CorrelationId>Intent.ModuleBuilder.Templates.Api.ApiMetadataProviderExtensions</CorrelationId>
      <OverwriteBehaviour>always</OverwriteBehaviour>
      <ApplicationRelativeFilePath>ApiMetadataProviderExtensions.cs</ApplicationRelativeFilePath>
      <ProjectRelativeFilePath>ApiMetadataProviderExtensions.cs</ProjectRelativeFilePath>
      <IsIgnored>false</IsIgnored>
    </FileLog>
    <FileLog>
      <ProjectId>aa786693-420b-49f1-870d-52ef130b2f5d</ProjectId>
      <CorrelationId>Intent.ModuleBuilder.IModSpecFile</CorrelationId>
      <OverwriteBehaviour>always</OverwriteBehaviour>
      <ApplicationRelativeFilePath>Intent.Modelers.AWS.AppSync.imodspec</ApplicationRelativeFilePath>
      <ProjectRelativeFilePath>Intent.Modelers.AWS.AppSync.imodspec</ProjectRelativeFilePath>
      <IsIgnored>false</IsIgnored>
    </FileLog>
    <FileLog>
      <ProjectId>aa786693-420b-49f1-870d-52ef130b2f5d</ProjectId>
      <CorrelationId>Intent.VisualStudio.Projects.CoreLibrary.CSProject#aa786693-420b-49f1-870d-52ef130b2f5d</CorrelationId>
      <OverwriteBehaviour>always</OverwriteBehaviour>
      <ApplicationRelativeFilePath>Intent.Modules.Modelers.AWS.AppSync.csproj</ApplicationRelativeFilePath>
      <ProjectRelativeFilePath>Intent.Modules.Modelers.AWS.AppSync.csproj</ProjectRelativeFilePath>
      <IsIgnored>false</IsIgnored>
    </FileLog>
    <FileLog>
      <ProjectId>11ce142e-5d01-4a1b-ae41-d16647629e72</ProjectId>
      <CorrelationId>Intent.ModuleBuilder.DesignerSettings#8287ec8b-13e3-4e54-8ad9-d823e9779e87</CorrelationId>
      <OverwriteBehaviour>always</OverwriteBehaviour>
      <ApplicationRelativeFilePath>modelers/AWS GraphQL Endpoint Extensions.designer.settings</ApplicationRelativeFilePath>
      <ProjectRelativeFilePath>AWS GraphQL Endpoint Extensions.designer.settings</ProjectRelativeFilePath>
      <IsIgnored>false</IsIgnored>
    </FileLog>
    <FileLog>
      <ProjectId>aa786693-420b-49f1-870d-52ef130b2f5d</ProjectId>
      <CorrelationId>Intent.ModuleBuilder.ReadMe</CorrelationId>
      <OverwriteBehaviour>always</OverwriteBehaviour>
      <ApplicationRelativeFilePath>README.txt</ApplicationRelativeFilePath>
      <ProjectRelativeFilePath>README.txt</ProjectRelativeFilePath>
      <IsIgnored>false</IsIgnored>
    </FileLog>
  </FileLogs>
</outputLog>