<?xml version="1.0" encoding="utf-8"?>
<outputLog>
  <ApplicationId>b12d90e1-8c8f-4fd8-9c47-0e165ce28161</ApplicationId>
  <FileLogs>
    <FileLog>
      <CorrelationId>Intent.VisualStudio.Projects.VisualStudio2015Solution#71f05109-84c4-4c25-bc0a-522a07028bba</CorrelationId>
      <OverwriteBehaviour>always</OverwriteBehaviour>
      <ApplicationRelativeFilePath>../Intent.Modules.sln</ApplicationRelativeFilePath>
      <IsIgnored>false</IsIgnored>
    </FileLog>
    <FileLog>
      <ProjectId>3259a0db-6077-4d70-a7f2-fa1b77d73aaf</ProjectId>
      <CorrelationId>Intent.ModuleBuilder.Templates.Api.ApiElementExtensionModel#09c5ee6b-6d9c-4bd4-922e-811614cd4cb0</CorrelationId>
      <OverwriteBehaviour>always</OverwriteBehaviour>
      <ApplicationRelativeFilePath>Api/CommandExtensionModel.cs</ApplicationRelativeFilePath>
      <ProjectRelativeFilePath>CommandExtensionModel.cs</ProjectRelativeFilePath>
      <IsIgnored>true</IsIgnored>
    </FileLog>
    <FileLog>
      <ProjectId>3259a0db-6077-4d70-a7f2-fa1b77d73aaf</ProjectId>
      <CorrelationId>Intent.ModuleBuilder.Templates.Api.ApiElementModel#ccf14eb6-3a55-4d81-b5b9-d27311c70cb9</CorrelationId>
      <OverwriteBehaviour>always</OverwriteBehaviour>
      <ApplicationRelativeFilePath>Api/CommandModel.cs</ApplicationRelativeFilePath>
      <ProjectRelativeFilePath>CommandModel.cs</ProjectRelativeFilePath>
      <IsIgnored>false</IsIgnored>
    </FileLog>
    <FileLog>
      <ProjectId>3259a0db-6077-4d70-a7f2-fa1b77d73aaf</ProjectId>
      <CorrelationId>Intent.ModuleBuilder.Templates.Api.ApiAssociationModel#70bf1bcd-bdcd-4f85-a975-4b266a1bdc0c</CorrelationId>
      <OverwriteBehaviour>always</OverwriteBehaviour>
      <ApplicationRelativeFilePath>Api/CQRSSubscriptionModel.cs</ApplicationRelativeFilePath>
      <ProjectRelativeFilePath>CQRSSubscriptionModel.cs</ProjectRelativeFilePath>
      <IsIgnored>false</IsIgnored>
    </FileLog>
    <FileLog>
      <ProjectId>3259a0db-6077-4d70-a7f2-fa1b77d73aaf</ProjectId>
      <CorrelationId>Intent.ModuleBuilder.Templates.Api.ApiAssociationModel#1f0777dc-4647-408c-b313-ab1bb0a659cf</CorrelationId>
      <OverwriteBehaviour>always</OverwriteBehaviour>
      <ApplicationRelativeFilePath>Api/CreateActionMappingModel.cs</ApplicationRelativeFilePath>
      <ProjectRelativeFilePath>CreateActionMappingModel.cs</ProjectRelativeFilePath>
      <IsIgnored>false</IsIgnored>
    </FileLog>
    <FileLog>
      <ProjectId>3259a0db-6077-4d70-a7f2-fa1b77d73aaf</ProjectId>
      <CorrelationId>Intent.ModuleBuilder.Templates.Api.ApiElementModel#73a2f34b-0d45-4a9a-b4d6-096f6c34b9e9</CorrelationId>
      <OverwriteBehaviour>always</OverwriteBehaviour>
      <ApplicationRelativeFilePath>Api/DiagramModel.cs</ApplicationRelativeFilePath>
      <ProjectRelativeFilePath>DiagramModel.cs</ProjectRelativeFilePath>
      <IsIgnored>false</IsIgnored>
    </FileLog>
    <FileLog>
      <ProjectId>6b293dea-1143-48cc-bb48-c162a5d0cd6c</ProjectId>
      <CorrelationId>Intent.ModuleBuilder.Templates.Api.ApiAssociationModelExtensions#70bf1bcd-bdcd-4f85-a975-4b266a1bdc0c</CorrelationId>
      <OverwriteBehaviour>always</OverwriteBehaviour>
      <ApplicationRelativeFilePath>Api/Extensions/CQRSSubscriptionModelAssociationExtensions.cs</ApplicationRelativeFilePath>
      <ProjectRelativeFilePath>CQRSSubscriptionModelAssociationExtensions.cs</ProjectRelativeFilePath>
      <IsIgnored>true</IsIgnored>
    </FileLog>
    <FileLog>
      <ProjectId>6b293dea-1143-48cc-bb48-c162a5d0cd6c</ProjectId>
      <CorrelationId>Intent.ModuleBuilder.Templates.Api.ApiAssociationModelExtensions#1f0777dc-4647-408c-b313-ab1bb0a659cf</CorrelationId>
      <OverwriteBehaviour>always</OverwriteBehaviour>
      <ApplicationRelativeFilePath>Api/Extensions/CreateActionMappingModelAssociationExtensions.cs</ApplicationRelativeFilePath>
      <ProjectRelativeFilePath>CreateActionMappingModelAssociationExtensions.cs</ProjectRelativeFilePath>
      <IsIgnored>true</IsIgnored>
    </FileLog>
    <FileLog>
      <ProjectId>6b293dea-1143-48cc-bb48-c162a5d0cd6c</ProjectId>
      <CorrelationId>Intent.ModuleBuilder.Templates.Api.ApiAssociationModelExtensions#efbe6193-5d1e-40a9-b98d-fb15ca9e547b</CorrelationId>
      <OverwriteBehaviour>always</OverwriteBehaviour>
      <ApplicationRelativeFilePath>Api/Extensions/UpdateActionMappingModelAssociationExtensions.cs</ApplicationRelativeFilePath>
      <ProjectRelativeFilePath>UpdateActionMappingModelAssociationExtensions.cs</ProjectRelativeFilePath>
      <IsIgnored>true</IsIgnored>
    </FileLog>
    <FileLog>
      <ProjectId>3259a0db-6077-4d70-a7f2-fa1b77d73aaf</ProjectId>
      <CorrelationId>Intent.ModuleBuilder.Templates.Api.ApiElementExtensionModel#efbd1131-2db2-4eb7-8ef6-3b5a32f5267d</CorrelationId>
      <OverwriteBehaviour>always</OverwriteBehaviour>
      <ApplicationRelativeFilePath>Api/FolderExtensionModel.cs</ApplicationRelativeFilePath>
      <ProjectRelativeFilePath>FolderExtensionModel.cs</ProjectRelativeFilePath>
      <IsIgnored>false</IsIgnored>
    </FileLog>
    <FileLog>
      <ProjectId>3259a0db-6077-4d70-a7f2-fa1b77d73aaf</ProjectId>
      <CorrelationId>Intent.ModuleBuilder.Templates.Api.ApiElementModel#0e3b0956-ba2e-47a2-9fe7-a26bfe7061cb</CorrelationId>
      <OverwriteBehaviour>always</OverwriteBehaviour>
      <ApplicationRelativeFilePath>Api/MessageSubscriptionModel.cs</ApplicationRelativeFilePath>
      <ProjectRelativeFilePath>MessageSubscriptionModel.cs</ProjectRelativeFilePath>
      <IsIgnored>true</IsIgnored>
    </FileLog>
    <FileLog>
      <ProjectId>3259a0db-6077-4d70-a7f2-fa1b77d73aaf</ProjectId>
      <CorrelationId>Intent.ModuleBuilder.Templates.Api.ApiElementExtensionModel#9f9f5163-1953-45c9-9bba-d54387ffb552</CorrelationId>
      <OverwriteBehaviour>always</OverwriteBehaviour>
      <ApplicationRelativeFilePath>Api/OperationExtensionModel.cs</ApplicationRelativeFilePath>
      <ProjectRelativeFilePath>OperationExtensionModel.cs</ProjectRelativeFilePath>
      <IsIgnored>false</IsIgnored>
    </FileLog>
    <FileLog>
      <ProjectId>3259a0db-6077-4d70-a7f2-fa1b77d73aaf</ProjectId>
      <CorrelationId>Intent.ModuleBuilder.Templates.Api.ApiElementExtensionModel#77f8e83b-789e-4ec0-8742-509e028a08e0</CorrelationId>
      <OverwriteBehaviour>always</OverwriteBehaviour>
      <ApplicationRelativeFilePath>Api/ParameterExtensionModel.cs</ApplicationRelativeFilePath>
      <ProjectRelativeFilePath>ParameterExtensionModel.cs</ProjectRelativeFilePath>
      <IsIgnored>false</IsIgnored>
    </FileLog>
    <FileLog>
      <ProjectId>3259a0db-6077-4d70-a7f2-fa1b77d73aaf</ProjectId>
      <CorrelationId>Intent.ModuleBuilder.Templates.Api.ApiElementExtensionModel#5e361fe9-bf04-478f-8a36-8c6c5704049a</CorrelationId>
      <OverwriteBehaviour>always</OverwriteBehaviour>
      <ApplicationRelativeFilePath>Api/QueryExtensionModel.cs</ApplicationRelativeFilePath>
      <ProjectRelativeFilePath>QueryExtensionModel.cs</ProjectRelativeFilePath>
      <IsIgnored>true</IsIgnored>
    </FileLog>
    <FileLog>
      <ProjectId>3259a0db-6077-4d70-a7f2-fa1b77d73aaf</ProjectId>
      <CorrelationId>Intent.ModuleBuilder.Templates.Api.ApiElementModel#e71b0662-e29d-4db2-868b-8a12464b25d0</CorrelationId>
      <OverwriteBehaviour>always</OverwriteBehaviour>
      <ApplicationRelativeFilePath>Api/QueryModel.cs</ApplicationRelativeFilePath>
      <ProjectRelativeFilePath>QueryModel.cs</ProjectRelativeFilePath>
      <IsIgnored>false</IsIgnored>
    </FileLog>
    <FileLog>
      <ProjectId>3259a0db-6077-4d70-a7f2-fa1b77d73aaf</ProjectId>
      <CorrelationId>Intent.ModuleBuilder.Templates.Api.ApiElementExtensionModel#b18f069e-0a19-4f1d-8be3-693239d2438b</CorrelationId>
      <OverwriteBehaviour>always</OverwriteBehaviour>
      <ApplicationRelativeFilePath>Api/ServiceExtensionModel.cs</ApplicationRelativeFilePath>
      <ProjectRelativeFilePath>ServiceExtensionModel.cs</ProjectRelativeFilePath>
      <IsIgnored>false</IsIgnored>
    </FileLog>
    <FileLog>
      <ProjectId>3259a0db-6077-4d70-a7f2-fa1b77d73aaf</ProjectId>
      <CorrelationId>Intent.ModuleBuilder.Templates.Api.ApiAssociationModel#efbe6193-5d1e-40a9-b98d-fb15ca9e547b</CorrelationId>
      <OverwriteBehaviour>always</OverwriteBehaviour>
      <ApplicationRelativeFilePath>Api/UpdateActionMappingModel.cs</ApplicationRelativeFilePath>
      <ProjectRelativeFilePath>UpdateActionMappingModel.cs</ProjectRelativeFilePath>
      <IsIgnored>false</IsIgnored>
    </FileLog>
    <FileLog>
      <ProjectId>ffbf27c5-a296-4dbc-9af5-acf0bff187a2</ProjectId>
      <CorrelationId>Intent.ModuleBuilder.Templates.Api.ApiMetadataProviderExtensions</CorrelationId>
      <OverwriteBehaviour>always</OverwriteBehaviour>
      <ApplicationRelativeFilePath>ApiMetadataProviderExtensions.cs</ApplicationRelativeFilePath>
      <ProjectRelativeFilePath>ApiMetadataProviderExtensions.cs</ProjectRelativeFilePath>
      <IsIgnored>true</IsIgnored>
    </FileLog>
    <FileLog>
      <ProjectId>ffbf27c5-a296-4dbc-9af5-acf0bff187a2</ProjectId>
      <CorrelationId>Intent.ModuleBuilder.IModSpecFile</CorrelationId>
      <OverwriteBehaviour>always</OverwriteBehaviour>
      <ApplicationRelativeFilePath>Intent.Modelers.Services.CQRS.imodspec</ApplicationRelativeFilePath>
      <ProjectRelativeFilePath>Intent.Modelers.Services.CQRS.imodspec</ProjectRelativeFilePath>
      <IsIgnored>false</IsIgnored>
    </FileLog>
    <FileLog>
      <ProjectId>ffbf27c5-a296-4dbc-9af5-acf0bff187a2</ProjectId>
      <CorrelationId>Intent.VisualStudio.Projects.CoreLibrary.CSProject#ffbf27c5-a296-4dbc-9af5-acf0bff187a2</CorrelationId>
      <OverwriteBehaviour>always</OverwriteBehaviour>
      <ApplicationRelativeFilePath>Intent.Modules.Modelers.Services.CQRS.csproj</ApplicationRelativeFilePath>
      <ProjectRelativeFilePath>Intent.Modules.Modelers.Services.CQRS.csproj</ProjectRelativeFilePath>
      <IsIgnored>true</IsIgnored>
    </FileLog>
    <FileLog>
      <ProjectId>e6b22230-24fd-4b6c-8ad3-acb527181cd3</ProjectId>
      <CorrelationId>Intent.ModuleBuilder.DesignerSettings#6ac83417-e6d5-4699-b88c-aa1d7f894326</CorrelationId>
      <OverwriteBehaviour>always</OverwriteBehaviour>
      <ApplicationRelativeFilePath>modelers/Services CQRS Extension.designer.settings</ApplicationRelativeFilePath>
      <ProjectRelativeFilePath>Services CQRS Extension.designer.settings</ProjectRelativeFilePath>
      <IsIgnored>false</IsIgnored>
    </FileLog>
    <FileLog>
      <ProjectId>e6b22230-24fd-4b6c-8ad3-acb527181cd3</ProjectId>
      <CorrelationId>Intent.ModuleBuilder.DesignerSettings#a542c9e9-9e5d-42a3-9bc7-3e9a5837222a</CorrelationId>
      <OverwriteBehaviour>always</OverwriteBehaviour>
      <ApplicationRelativeFilePath>modelers/Testing Mapping Systems CQRS Extension.designer.settings</ApplicationRelativeFilePath>
      <ProjectRelativeFilePath>Testing Mapping Systems CQRS Extension.designer.settings</ProjectRelativeFilePath>
      <IsIgnored>false</IsIgnored>
    </FileLog>
    <FileLog>
      <ProjectId>ffbf27c5-a296-4dbc-9af5-acf0bff187a2</ProjectId>
      <CorrelationId>Intent.ModuleBuilder.ReadMe</CorrelationId>
      <OverwriteBehaviour>always</OverwriteBehaviour>
      <ApplicationRelativeFilePath>README.txt</ApplicationRelativeFilePath>
      <ProjectRelativeFilePath>README.txt</ProjectRelativeFilePath>
      <IsIgnored>false</IsIgnored>
    </FileLog>
    <FileLog>
      <ProjectId>ffbf27c5-a296-4dbc-9af5-acf0bff187a2</ProjectId>
      <CorrelationId>Intent.ModuleBuilder.Templates.Api.ApiPackageExtensionModel#8c627874-b482-44ca-879c-634a6ff817e4</CorrelationId>
      <OverwriteBehaviour>always</OverwriteBehaviour>
      <ApplicationRelativeFilePath>ServicesPackageExtensionModel.cs</ApplicationRelativeFilePath>
      <ProjectRelativeFilePath>ServicesPackageExtensionModel.cs</ProjectRelativeFilePath>
      <IsIgnored>false</IsIgnored>
    </FileLog>
    <FileLog>
      <ProjectId>ffbf27c5-a296-4dbc-9af5-acf0bff187a2</ProjectId>
      <CorrelationId>Intent.ModuleBuilder.Templates.Api.ApiPackageExtensionModel#cd6d241d-e745-457c-baaf-a5a373b6c0cc</CorrelationId>
      <OverwriteBehaviour>always</OverwriteBehaviour>
      <ApplicationRelativeFilePath>TestServicesPackageExtensionModel.cs</ApplicationRelativeFilePath>
      <ProjectRelativeFilePath>TestServicesPackageExtensionModel.cs</ProjectRelativeFilePath>
      <IsIgnored>true</IsIgnored>
    </FileLog>
  </FileLogs>
</outputLog>