<?xml version="1.0" encoding="utf-8"?>
<outputLog xmlns:xsi="http://www.w3.org/2001/XMLSchema-instance" xmlns:xsd="http://www.w3.org/2001/XMLSchema">
  <ApplicationId>6c53239e-354a-4005-baa3-1fabf4a5dc11</ApplicationId>
  <FileLogs>
    <FileLog>
      <ProjectId>940db473-d0e0-4dfb-b19c-270a53025376</ProjectId>
      <ApplicationRelativeFilePath>Api/FolderExtensionModel.cs</ApplicationRelativeFilePath>
      <ProjectRelativeFilePath>FolderExtensionModel.cs</ProjectRelativeFilePath>
    </FileLog>
    <FileLog>
      <ProjectId>940db473-d0e0-4dfb-b19c-270a53025376</ProjectId>
      <ApplicationRelativeFilePath>Api/RoleModel.cs</ApplicationRelativeFilePath>
      <ProjectRelativeFilePath>RoleModel.cs</ProjectRelativeFilePath>
    </FileLog>
    <FileLog>
      <ProjectId>940db473-d0e0-4dfb-b19c-270a53025376</ProjectId>
      <ApplicationRelativeFilePath>Api/RootLocationPackageModel.cs</ApplicationRelativeFilePath>
      <ProjectRelativeFilePath>RootLocationPackageModel.cs</ProjectRelativeFilePath>
    </FileLog>
    <FileLog>
      <ProjectId>940db473-d0e0-4dfb-b19c-270a53025376</ProjectId>
      <ApplicationRelativeFilePath>Api/TemplateOutputModel.cs</ApplicationRelativeFilePath>
      <ProjectRelativeFilePath>TemplateOutputModel.cs</ProjectRelativeFilePath>
    </FileLog>
    <FileLog>
      <ProjectId>576b0748-e723-411b-a944-7cfedbeb9498</ProjectId>
      <ApplicationRelativeFilePath>ApiMetadataDesignerExtensions.cs</ApplicationRelativeFilePath>
      <ProjectRelativeFilePath>ApiMetadataDesignerExtensions.cs</ProjectRelativeFilePath>
    </FileLog>
    <FileLog>
      <ProjectId>576b0748-e723-411b-a944-7cfedbeb9498</ProjectId>
      <ApplicationRelativeFilePath>ApiMetadataPackageExtensions.cs</ApplicationRelativeFilePath>
      <ProjectRelativeFilePath>ApiMetadataPackageExtensions.cs</ProjectRelativeFilePath>
    </FileLog>
    <FileLog>
      <ProjectId>576b0748-e723-411b-a944-7cfedbeb9498</ProjectId>
      <ApplicationRelativeFilePath>Intent.Modules.OutputTargets.Folders.csproj</ApplicationRelativeFilePath>
      <ProjectRelativeFilePath>Intent.Modules.OutputTargets.Folders.csproj</ProjectRelativeFilePath>
    </FileLog>
    <FileLog>
      <ProjectId>576b0748-e723-411b-a944-7cfedbeb9498</ProjectId>
      <ApplicationRelativeFilePath>Intent.OutputTargets.Folders.imodspec</ApplicationRelativeFilePath>
      <ProjectRelativeFilePath>Intent.OutputTargets.Folders.imodspec</ProjectRelativeFilePath>
    </FileLog>
    <FileLog>
      <ProjectId>19da46e6-b338-40d0-a02a-e8f3e43e76aa</ProjectId>
      <ApplicationRelativeFilePath>modelers/Folder Structure.designer.config</ApplicationRelativeFilePath>
      <ProjectRelativeFilePath>Folder Structure.designer.config</ProjectRelativeFilePath>
    </FileLog>
    <FileLog>
      <ProjectId>19da46e6-b338-40d0-a02a-e8f3e43e76aa</ProjectId>
      <ApplicationRelativeFilePath>modelers/Output Folder Types.designer.settings</ApplicationRelativeFilePath>
      <ProjectRelativeFilePath>Output Folder Types.designer.settings</ProjectRelativeFilePath>
    </FileLog>
    <FileLog>
      <ProjectId>576b0748-e723-411b-a944-7cfedbeb9498</ProjectId>
      <ApplicationRelativeFilePath>README.txt</ApplicationRelativeFilePath>
      <ProjectRelativeFilePath>README.txt</ProjectRelativeFilePath>
    </FileLog>
  </FileLogs>
</outputLog>