<?xml version="1.0" encoding="utf-8"?>
<outputLog>
  <ApplicationId>7cd27b49-d1d3-4c20-85b8-5090b0805098</ApplicationId>
  <FileLogs>
    <FileLog>
      <CorrelationId>Intent.VisualStudio.Projects.VisualStudioSolution#f7a28819-512e-42c2-90c7-9fd845997fd2</CorrelationId>
      <OverwriteBehaviour>always</OverwriteBehaviour>
      <ApplicationRelativeFilePath>../Intent.Modules.sln</ApplicationRelativeFilePath>
      <IsIgnored>false</IsIgnored>
    </FileLog>
    <FileLog>
      <ProjectId>560f719a-8e8c-4886-8e9a-abd10b25c61d</ProjectId>
      <CorrelationId>Intent.VisualStudio.Projects.CSharpProject#560f719a-8e8c-4886-8e9a-abd10b25c61d</CorrelationId>
      <OverwriteBehaviour>always</OverwriteBehaviour>
      <ApplicationRelativeFilePath>Intent.Modules.TypeScript.Weaving.Decorators.csproj</ApplicationRelativeFilePath>
      <ProjectRelativeFilePath>Intent.Modules.TypeScript.Weaving.Decorators.csproj</ProjectRelativeFilePath>
      <IsIgnored>false</IsIgnored>
    </FileLog>
    <FileLog>
      <ProjectId>560f719a-8e8c-4886-8e9a-abd10b25c61d</ProjectId>
      <CorrelationId>Intent.ModuleBuilder.IModSpecFile#4fe4dd7a-3e61-4823-8637-09b194bb551c</CorrelationId>
      <OverwriteBehaviour>always</OverwriteBehaviour>
      <ApplicationRelativeFilePath>Intent.TypeScript.Weaving.Decorators.imodspec</ApplicationRelativeFilePath>
      <ProjectRelativeFilePath>Intent.TypeScript.Weaving.Decorators.imodspec</ProjectRelativeFilePath>
      <IsIgnored>false</IsIgnored>
    </FileLog>
    <FileLog>
      <ProjectId>2c5f4eff-0292-4aad-9cef-186981febccc</ProjectId>
      <CorrelationId>ModuleBuilder.Typescript.Templates.TypescriptTemplate.PreProcessT4#739ac9eb-cc95-4aa2-9a64-fcf89a8e0888</CorrelationId>
      <OverwriteBehaviour>always</OverwriteBehaviour>
      <ApplicationRelativeFilePath>Templates/IntentDecorators/IntentDecoratorsTemplate.cs</ApplicationRelativeFilePath>
      <ProjectRelativeFilePath>IntentDecorators/IntentDecoratorsTemplate.cs</ProjectRelativeFilePath>
      <IsIgnored>false</IsIgnored>
    </FileLog>
    <FileLog>
      <ProjectId>2c5f4eff-0292-4aad-9cef-186981febccc</ProjectId>
      <CorrelationId>Intent.ModuleBuilder.TypeScript.Templates.TypescriptTemplateT4#739ac9eb-cc95-4aa2-9a64-fcf89a8e0888</CorrelationId>
      <OverwriteBehaviour>always</OverwriteBehaviour>
      <ApplicationRelativeFilePath>Templates/IntentDecorators/IntentDecoratorsTemplate.tt</ApplicationRelativeFilePath>
      <ProjectRelativeFilePath>IntentDecorators/IntentDecoratorsTemplate.tt</ProjectRelativeFilePath>
      <IsIgnored>false</IsIgnored>
    </FileLog>
    <FileLog>
      <ProjectId>2c5f4eff-0292-4aad-9cef-186981febccc</ProjectId>
      <CorrelationId>Intent.ModuleBuilder.TypeScript.Templates.TypescriptTemplatePartial#739ac9eb-cc95-4aa2-9a64-fcf89a8e0888</CorrelationId>
      <OverwriteBehaviour>always</OverwriteBehaviour>
      <ApplicationRelativeFilePath>Templates/IntentDecorators/IntentDecoratorsTemplatePartial.cs</ApplicationRelativeFilePath>
      <ProjectRelativeFilePath>IntentDecorators/IntentDecoratorsTemplatePartial.cs</ProjectRelativeFilePath>
      <IsIgnored>false</IsIgnored>
    </FileLog>
    <FileLog>
      <ProjectId>2c5f4eff-0292-4aad-9cef-186981febccc</ProjectId>
      <CorrelationId>Intent.ModuleBuilder.TemplateRegistration.SingleFileNoModel#739ac9eb-cc95-4aa2-9a64-fcf89a8e0888</CorrelationId>
      <OverwriteBehaviour>always</OverwriteBehaviour>
      <ApplicationRelativeFilePath>Templates/IntentDecorators/IntentDecoratorsTemplateRegistration.cs</ApplicationRelativeFilePath>
      <ProjectRelativeFilePath>IntentDecorators/IntentDecoratorsTemplateRegistration.cs</ProjectRelativeFilePath>
      <IsIgnored>false</IsIgnored>
    </FileLog>
    <FileLog>
      <ProjectId>2c5f4eff-0292-4aad-9cef-186981febccc</ProjectId>
      <CorrelationId>Intent.ModuleBuilder.Templates.TemplateExtensions#5edf7939-3f58-44bc-8222-2e4c6d75786c</CorrelationId>
      <OverwriteBehaviour>always</OverwriteBehaviour>
      <ApplicationRelativeFilePath>Templates/TemplateExtensions.cs</ApplicationRelativeFilePath>
      <ProjectRelativeFilePath>TemplateExtensions.cs</ProjectRelativeFilePath>
      <IsIgnored>false</IsIgnored>
    </FileLog>
  </FileLogs>
</outputLog>