<?xml version="1.0" encoding="utf-8"?>
<outputLog>
  <ApplicationId>45b6cbb2-bbe2-4a28-a65b-1100ec6a550c</ApplicationId>
  <FileLogs>
    <FileLog>
      <CorrelationId>Intent.VisualStudio.Projects.VisualStudio2015Solution#c023bb5c-7fb8-4e2d-9fd5-ae504020e5bb</CorrelationId>
      <ApplicationRelativeFilePath>../Intent.Modules.sln</ApplicationRelativeFilePath>
      <IsIgnored>false</IsIgnored>
    </FileLog>
    <FileLog>
      <ProjectId>e97eac7b-5f1b-4aed-aeeb-e9d882944801</ProjectId>
      <CorrelationId>Intent.ModuleBuilder.Templates.Api.ApiElementModelExtensions#85fba0e9-9161-4c85-a603-a229ef312beb</CorrelationId>
      <ApplicationRelativeFilePath>Api/Extensions/EnumModelStereotypeExtensions.cs</ApplicationRelativeFilePath>
      <ProjectRelativeFilePath>EnumModelStereotypeExtensions.cs</ProjectRelativeFilePath>
      <IsIgnored>false</IsIgnored>
    </FileLog>
    <FileLog>
      <ProjectId>e97eac7b-5f1b-4aed-aeeb-e9d882944801</ProjectId>
      <CorrelationId>Intent.ModuleBuilder.Templates.Api.ApiElementModelExtensions#d4e577cd-ad05-4180-9a2e-fff4ddea0e1e</CorrelationId>
      <ApplicationRelativeFilePath>Api/Extensions/TypeDefinitionModelStereotypeExtensions.cs</ApplicationRelativeFilePath>
      <ProjectRelativeFilePath>TypeDefinitionModelStereotypeExtensions.cs</ProjectRelativeFilePath>
      <IsIgnored>false</IsIgnored>
    </FileLog>
    <FileLog>
      <ProjectId>601e229b-c0be-440e-8a38-4553f62d54b9</ProjectId>
      <CorrelationId>Intent.ModuleBuilder.IModSpecFile</CorrelationId>
      <ApplicationRelativeFilePath>Intent.Common.TypeScript.imodspec</ApplicationRelativeFilePath>
      <ProjectRelativeFilePath>Intent.Common.TypeScript.imodspec</ProjectRelativeFilePath>
      <IsIgnored>false</IsIgnored>
    </FileLog>
    <FileLog>
      <ProjectId>601e229b-c0be-440e-8a38-4553f62d54b9</ProjectId>
      <CorrelationId>Intent.VisualStudio.Projects.CoreLibrary.CSProject#601e229b-c0be-440e-8a38-4553f62d54b9</CorrelationId>
      <ApplicationRelativeFilePath>Intent.Modules.Common.TypeScript.csproj</ApplicationRelativeFilePath>
      <ProjectRelativeFilePath>Intent.Modules.Common.TypeScript.csproj</ProjectRelativeFilePath>
      <IsIgnored>false</IsIgnored>
    </FileLog>
  </FileLogs>
</outputLog>