<?xml version="1.0" encoding="utf-8"?>
<outputLog>
  <ApplicationId>7f521a90-df6d-409e-b3a4-ff4dc8ef9c45</ApplicationId>
  <FileLogs>
    <FileLog>
      <CorrelationId>Intent.VisualStudio.Projects.VisualStudioSolution#a968b249-6d7a-487a-95b4-0b68dbd933be</CorrelationId>
      <OverwriteBehaviour>always</OverwriteBehaviour>
      <ApplicationRelativeFilePath>../Intent.Modules.sln</ApplicationRelativeFilePath>
      <IsIgnored>false</IsIgnored>
    </FileLog>
    <FileLog>
      <ProjectId>c4d5666b-0c6c-494e-9614-239cc7f4aba9</ProjectId>
      <CorrelationId>Intent.ModuleBuilder.Templates.FactoryExtension#e2167dd4-7302-418d-be65-bec84384cf3e</CorrelationId>
      <OverwriteBehaviour>always</OverwriteBehaviour>
      <ApplicationRelativeFilePath>FactoryExtensions/AutoCompileFactoryExtension.cs</ApplicationRelativeFilePath>
      <ProjectRelativeFilePath>AutoCompileFactoryExtension.cs</ProjectRelativeFilePath>
      <IsIgnored>false</IsIgnored>
    </FileLog>
    <FileLog>
      <ProjectId>dec6ff7a-9304-4bbe-9dcc-b8b49b420d0f</ProjectId>
      <CorrelationId>Intent.ModuleBuilder.IModSpecFile</CorrelationId>
      <OverwriteBehaviour>always</OverwriteBehaviour>
      <ApplicationRelativeFilePath>Intent.ModuleBuilder.AutoCompile.imodspec</ApplicationRelativeFilePath>
      <ProjectRelativeFilePath>Intent.ModuleBuilder.AutoCompile.imodspec</ProjectRelativeFilePath>
      <IsIgnored>false</IsIgnored>
    </FileLog>
    <FileLog>
      <ProjectId>dec6ff7a-9304-4bbe-9dcc-b8b49b420d0f</ProjectId>
      <CorrelationId>Intent.VisualStudio.Projects.CoreLibrary.CSProject#dec6ff7a-9304-4bbe-9dcc-b8b49b420d0f</CorrelationId>
      <OverwriteBehaviour>always</OverwriteBehaviour>
      <ApplicationRelativeFilePath>Intent.Modules.ModuleBuilder.AutoCompile.csproj</ApplicationRelativeFilePath>
      <ProjectRelativeFilePath>Intent.Modules.ModuleBuilder.AutoCompile.csproj</ProjectRelativeFilePath>
      <IsIgnored>false</IsIgnored>
    </FileLog>
  </FileLogs>
</outputLog>